[2025-02-19T12:58:25.496+0000] {taskinstance.py:1979} INFO - Dependencies all met for dep_context=non-requeueable deps ti=<TaskInstance: scraping_news_dag.scrapping_nytimes manual__2025-02-19T12:58:23.721217+00:00 [queued]>
[2025-02-19T12:58:25.514+0000] {taskinstance.py:1979} INFO - Dependencies all met for dep_context=requeueable deps ti=<TaskInstance: scraping_news_dag.scrapping_nytimes manual__2025-02-19T12:58:23.721217+00:00 [queued]>
[2025-02-19T12:58:25.515+0000] {taskinstance.py:2193} INFO - Starting attempt 1 of 1
[2025-02-19T12:58:25.553+0000] {taskinstance.py:2214} INFO - Executing <Task(_PythonDecoratedOperator): scrapping_nytimes> on 2025-02-19 12:58:23.721217+00:00
[2025-02-19T12:58:25.561+0000] {standard_task_runner.py:60} INFO - Started process 231 to run task
[2025-02-19T12:58:25.566+0000] {standard_task_runner.py:87} INFO - Running: ['airflow', 'tasks', 'run', 'scraping_news_dag', 'scrapping_nytimes', 'manual__2025-02-19T12:58:23.721217+00:00', '--job-id', '150', '--raw', '--subdir', 'DAGS_FOLDER/scraping-news-dag.py', '--cfg-path', '/tmp/tmps3hxpcoz']
[2025-02-19T12:58:25.570+0000] {standard_task_runner.py:88} INFO - Job 150: Subtask scrapping_nytimes
[2025-02-19T12:58:25.605+0000] {logging_mixin.py:188} WARNING - /home/airflow/.local/lib/python3.9/site-packages/airflow/settings.py:194 DeprecationWarning: The sql_alchemy_conn option in [core] has been moved to the sql_alchemy_conn option in [database] - the old setting has been used, but please update your config.
[2025-02-19T12:58:25.697+0000] {task_command.py:423} INFO - Running <TaskInstance: scraping_news_dag.scrapping_nytimes manual__2025-02-19T12:58:23.721217+00:00 [running]> on host deproject-airflow-scheduler
[2025-02-19T12:58:25.868+0000] {taskinstance.py:2510} INFO - Exporting env vars: AIRFLOW_CTX_DAG_OWNER='airflow' AIRFLOW_CTX_DAG_ID='scraping_news_dag' AIRFLOW_CTX_TASK_ID='scrapping_nytimes' AIRFLOW_CTX_EXECUTION_DATE='2025-02-19T12:58:23.721217+00:00' AIRFLOW_CTX_TRY_NUMBER='1' AIRFLOW_CTX_DAG_RUN_ID='manual__2025-02-19T12:58:23.721217+00:00'
[2025-02-19T12:58:26.963+0000] {logger.py:11} INFO - ====== WebDriver manager ======
[2025-02-19T12:58:27.366+0000] {logger.py:11} INFO - Get LATEST chromedriver version for google-chrome
[2025-02-19T12:58:27.537+0000] {logger.py:11} INFO - Get LATEST chromedriver version for google-chrome
[2025-02-19T12:58:27.692+0000] {logger.py:11} INFO - Driver [/home/airflow/.wdm/drivers/chromedriver/linux64/133.0.6943.126/chromedriver-linux64/chromedriver] found in cache
[2025-02-19T12:59:24.943+0000] {logging_mixin.py:188} INFO - Total scraped: 110
[2025-02-19T13:01:26.471+0000] {logging_mixin.py:188} INFO - Total scraped: 110
[2025-02-19T13:03:30.172+0000] {logging_mixin.py:188} INFO - Total scraped: 100
[2025-02-19T13:05:03.824+0000] {logging_mixin.py:188} INFO - Total scraped: 100
[2025-02-19T13:05:49.893+0000] {logging_mixin.py:188} INFO -                                                    url  ...          source
0    https://www.nytimes.com/2025/02/15/business/ec...  ...  New York Times
1    https://www.nytimes.com/2025/02/12/business/st...  ...  New York Times
2    https://www.nytimes.com/2025/02/14/business/ec...  ...  New York Times
3    https://www.nytimes.com/2025/02/12/business/in...  ...  New York Times
4    https://www.nytimes.com/2025/02/13/business/de...  ...  New York Times
..                                                 ...  ...             ...
209  https://www.nytimes.com/2025/02/19/opinion/con...  ...  New York Times
210  https://www.nytimes.com/2025/02/13/opinion/can...  ...  New York Times
211  https://www.nytimes.com/2025/02/15/opinion/tru...  ...  New York Times
212  https://www.nytimes.com/2025/02/12/opinion/usa...  ...  New York Times
213  https://www.nytimes.com/2025/02/13/opinion/val...  ...  New York Times

[214 rows x 5 columns]
[2025-02-19T13:05:50.357+0000] {python.py:202} INFO - Done. Returned value was: None
[2025-02-19T13:05:50.375+0000] {taskinstance.py:1149} INFO - Marking task as SUCCESS. dag_id=scraping_news_dag, task_id=scrapping_nytimes, execution_date=20250219T125823, start_date=20250219T125825, end_date=20250219T130550
[2025-02-19T13:05:50.471+0000] {local_task_job_runner.py:234} INFO - Task exited with return code 0
[2025-02-19T13:05:50.527+0000] {taskinstance.py:3309} INFO - 1 downstream tasks scheduled from follow-on schedule check
