[2025-02-20T09:08:15.308+0000] {taskinstance.py:1979} INFO - Dependencies all met for dep_context=non-requeueable deps ti=<TaskInstance: scraping_news_dag.load_bigquery_cnn manual__2025-02-20T09:01:56.475875+00:00 [queued]>
[2025-02-20T09:08:15.329+0000] {taskinstance.py:1979} INFO - Dependencies all met for dep_context=requeueable deps ti=<TaskInstance: scraping_news_dag.load_bigquery_cnn manual__2025-02-20T09:01:56.475875+00:00 [queued]>
[2025-02-20T09:08:15.330+0000] {taskinstance.py:2193} INFO - Starting attempt 1 of 1
[2025-02-20T09:08:15.359+0000] {taskinstance.py:2214} INFO - Executing <Task(_PythonDecoratedOperator): load_bigquery_cnn> on 2025-02-20 09:01:56.475875+00:00
[2025-02-20T09:08:15.368+0000] {standard_task_runner.py:60} INFO - Started process 19008 to run task
[2025-02-20T09:08:15.373+0000] {standard_task_runner.py:87} INFO - Running: ['airflow', 'tasks', 'run', 'scraping_news_dag', 'load_bigquery_cnn', 'manual__2025-02-20T09:01:56.475875+00:00', '--job-id', '184', '--raw', '--subdir', 'DAGS_FOLDER/scraping-news-dag.py', '--cfg-path', '/tmp/tmpeoc6jtca']
[2025-02-20T09:08:15.377+0000] {standard_task_runner.py:88} INFO - Job 184: Subtask load_bigquery_cnn
[2025-02-20T09:08:15.404+0000] {logging_mixin.py:188} WARNING - /home/airflow/.local/lib/python3.9/site-packages/airflow/settings.py:194 DeprecationWarning: The sql_alchemy_conn option in [core] has been moved to the sql_alchemy_conn option in [database] - the old setting has been used, but please update your config.
[2025-02-20T09:08:15.478+0000] {task_command.py:423} INFO - Running <TaskInstance: scraping_news_dag.load_bigquery_cnn manual__2025-02-20T09:01:56.475875+00:00 [running]> on host deproject-airflow-scheduler
[2025-02-20T09:08:15.646+0000] {taskinstance.py:2510} INFO - Exporting env vars: AIRFLOW_CTX_DAG_OWNER='airflow' AIRFLOW_CTX_DAG_ID='scraping_news_dag' AIRFLOW_CTX_TASK_ID='load_bigquery_cnn' AIRFLOW_CTX_EXECUTION_DATE='2025-02-20T09:01:56.475875+00:00' AIRFLOW_CTX_TRY_NUMBER='1' AIRFLOW_CTX_DAG_RUN_ID='manual__2025-02-20T09:01:56.475875+00:00'
[2025-02-20T09:08:16.130+0000] {logging_mixin.py:188} INFO -                                                                    datetime  ...     score
url                                                                          ...          
https://www.nytimes.com/2025/02/13/business/bri...  2025-02-13 00:00:00.000  ...  0.981856
https://www.nytimes.com/2025/02/13/business/dc-...  2025-02-13 00:00:00.000  ...  0.999194
https://www.nytimes.com/2025/02/13/business/dea...  2025-02-13 00:00:00.000  ...  0.993478
https://www.nytimes.com/2025/02/13/business/foo...  2025-02-13 00:00:00.000  ...  0.862653
https://www.nytimes.com/2025/02/13/business/hon...  2025-02-13 00:00:00.000  ...  0.996977
...                                                                     ...  ...       ...
https://www.nytimes.com/2025/02/20/nyregion/con...  2025-02-20 00:00:00.000  ...  0.994628
https://www.nytimes.com/2025/02/20/opinion/trum...  2025-02-20 00:00:00.000  ...  0.969348
https://www.nytimes.com/2025/02/20/us/politics/...  2025-02-20 00:00:00.000  ...  0.992060
https://www.nytimes.com/interactive/2025/02/16/...  2025-02-16 00:00:00.000  ...  0.959983
https://www.nytimes.com/video/us/politics/10000...  2025-02-16 10:01:32.754  ...  0.994702

[190 rows x 6 columns]
[2025-02-20T09:08:16.133+0000] {logging_mixin.py:188} INFO - Index(['datetime', 'title', 'text', 'source', 'label', 'score'], dtype='object')
[2025-02-20T09:08:24.181+0000] {logging_mixin.py:188} WARNING -   0%|          | 0/1 [00:00<?, ?it/s]
[2025-02-20T09:08:24.183+0000] {gbq.py:515} INFO - 190 out of 190 rows loaded.
[2025-02-20T09:08:24.184+0000] {logging_mixin.py:188} WARNING - 100%|##########| 1/1 [00:00<00:00, 813.48it/s]
[2025-02-20T09:08:24.185+0000] {python.py:202} INFO - Done. Returned value was: None
[2025-02-20T09:08:24.211+0000] {taskinstance.py:1149} INFO - Marking task as SUCCESS. dag_id=scraping_news_dag, task_id=load_bigquery_cnn, execution_date=20250220T090156, start_date=20250220T090815, end_date=20250220T090824
[2025-02-20T09:08:24.304+0000] {local_task_job_runner.py:234} INFO - Task exited with return code 0
[2025-02-20T09:08:24.366+0000] {taskinstance.py:3309} INFO - 0 downstream tasks scheduled from follow-on schedule check
