[2025-02-20T08:59:24.344+0000] {taskinstance.py:1979} INFO - Dependencies all met for dep_context=non-requeueable deps ti=<TaskInstance: scraping_news_dag.spark_load_task_cnn manual__2025-02-20T08:55:23.701278+00:00 [queued]>
[2025-02-20T08:59:24.365+0000] {taskinstance.py:1979} INFO - Dependencies all met for dep_context=requeueable deps ti=<TaskInstance: scraping_news_dag.spark_load_task_cnn manual__2025-02-20T08:55:23.701278+00:00 [queued]>
[2025-02-20T08:59:24.366+0000] {taskinstance.py:2193} INFO - Starting attempt 1 of 1
[2025-02-20T08:59:24.403+0000] {taskinstance.py:2214} INFO - Executing <Task(SparkSubmitOperator): spark_load_task_cnn> on 2025-02-20 08:55:23.701278+00:00
[2025-02-20T08:59:24.413+0000] {standard_task_runner.py:60} INFO - Started process 13893 to run task
[2025-02-20T08:59:24.418+0000] {standard_task_runner.py:87} INFO - Running: ['airflow', 'tasks', 'run', 'scraping_news_dag', 'spark_load_task_cnn', 'manual__2025-02-20T08:55:23.701278+00:00', '--job-id', '180', '--raw', '--subdir', 'DAGS_FOLDER/scraping-news-dag.py', '--cfg-path', '/tmp/tmpayup7_x3']
[2025-02-20T08:59:24.422+0000] {standard_task_runner.py:88} INFO - Job 180: Subtask spark_load_task_cnn
[2025-02-20T08:59:24.448+0000] {logging_mixin.py:188} WARNING - /home/airflow/.local/lib/python3.9/site-packages/airflow/settings.py:194 DeprecationWarning: The sql_alchemy_conn option in [core] has been moved to the sql_alchemy_conn option in [database] - the old setting has been used, but please update your config.
[2025-02-20T08:59:24.522+0000] {task_command.py:423} INFO - Running <TaskInstance: scraping_news_dag.spark_load_task_cnn manual__2025-02-20T08:55:23.701278+00:00 [running]> on host deproject-airflow-scheduler
[2025-02-20T08:59:24.762+0000] {taskinstance.py:2510} INFO - Exporting env vars: AIRFLOW_CTX_DAG_OWNER='airflow' AIRFLOW_CTX_DAG_ID='scraping_news_dag' AIRFLOW_CTX_TASK_ID='spark_load_task_cnn' AIRFLOW_CTX_EXECUTION_DATE='2025-02-20T08:55:23.701278+00:00' AIRFLOW_CTX_TRY_NUMBER='1' AIRFLOW_CTX_DAG_RUN_ID='manual__2025-02-20T08:55:23.701278+00:00'
[2025-02-20T08:59:24.780+0000] {base.py:83} INFO - Using connection ID 'spark_main' for task execution.
[2025-02-20T08:59:24.784+0000] {spark_submit.py:344} INFO - Spark-Submit cmd: spark-submit --master spark://deproject-spark-master:7077 --name arrow-spark /spark-scripts/spark-cnn.py
[2025-02-20T08:59:30.934+0000] {spark_submit.py:495} INFO - 25/02/20 08:59:30 INFO SparkContext: Running Spark version 3.3.2
[2025-02-20T08:59:31.044+0000] {spark_submit.py:495} INFO - 25/02/20 08:59:31 WARN NativeCodeLoader: Unable to load native-hadoop library for your platform... using builtin-java classes where applicable
[2025-02-20T08:59:31.210+0000] {spark_submit.py:495} INFO - 25/02/20 08:59:31 INFO ResourceUtils: ==============================================================
[2025-02-20T08:59:31.213+0000] {spark_submit.py:495} INFO - 25/02/20 08:59:31 INFO ResourceUtils: No custom resources configured for spark.driver.
[2025-02-20T08:59:31.215+0000] {spark_submit.py:495} INFO - 25/02/20 08:59:31 INFO ResourceUtils: ==============================================================
[2025-02-20T08:59:31.218+0000] {spark_submit.py:495} INFO - 25/02/20 08:59:31 INFO SparkContext: Submitted application: FinalProject
[2025-02-20T08:59:31.257+0000] {spark_submit.py:495} INFO - 25/02/20 08:59:31 INFO ResourceProfile: Default ResourceProfile created, executor resources: Map(cores -> name: cores, amount: 1, script: , vendor: , memory -> name: memory, amount: 1024, script: , vendor: , offHeap -> name: offHeap, amount: 0, script: , vendor: ), task resources: Map(cpus -> name: cpus, amount: 1.0)
[2025-02-20T08:59:31.272+0000] {spark_submit.py:495} INFO - 25/02/20 08:59:31 INFO ResourceProfile: Limiting resource is cpu
[2025-02-20T08:59:31.274+0000] {spark_submit.py:495} INFO - 25/02/20 08:59:31 INFO ResourceProfileManager: Added ResourceProfile id: 0
[2025-02-20T08:59:31.350+0000] {spark_submit.py:495} INFO - 25/02/20 08:59:31 INFO SecurityManager: Changing view acls to: airflow
[2025-02-20T08:59:31.351+0000] {spark_submit.py:495} INFO - 25/02/20 08:59:31 INFO SecurityManager: Changing modify acls to: airflow
[2025-02-20T08:59:31.352+0000] {spark_submit.py:495} INFO - 25/02/20 08:59:31 INFO SecurityManager: Changing view acls groups to:
[2025-02-20T08:59:31.353+0000] {spark_submit.py:495} INFO - 25/02/20 08:59:31 INFO SecurityManager: Changing modify acls groups to:
[2025-02-20T08:59:31.353+0000] {spark_submit.py:495} INFO - 25/02/20 08:59:31 INFO SecurityManager: SecurityManager: authentication disabled; ui acls disabled; users  with view permissions: Set(airflow); groups with view permissions: Set(); users  with modify permissions: Set(airflow); groups with modify permissions: Set()
[2025-02-20T08:59:31.746+0000] {spark_submit.py:495} INFO - 25/02/20 08:59:31 INFO Utils: Successfully started service 'sparkDriver' on port 36041.
[2025-02-20T08:59:31.800+0000] {spark_submit.py:495} INFO - 25/02/20 08:59:31 INFO SparkEnv: Registering MapOutputTracker
[2025-02-20T08:59:31.865+0000] {spark_submit.py:495} INFO - 25/02/20 08:59:31 INFO SparkEnv: Registering BlockManagerMaster
[2025-02-20T08:59:31.905+0000] {spark_submit.py:495} INFO - 25/02/20 08:59:31 INFO BlockManagerMasterEndpoint: Using org.apache.spark.storage.DefaultTopologyMapper for getting topology information
[2025-02-20T08:59:31.906+0000] {spark_submit.py:495} INFO - 25/02/20 08:59:31 INFO BlockManagerMasterEndpoint: BlockManagerMasterEndpoint up
[2025-02-20T08:59:31.914+0000] {spark_submit.py:495} INFO - 25/02/20 08:59:31 INFO SparkEnv: Registering BlockManagerMasterHeartbeat
[2025-02-20T08:59:31.976+0000] {spark_submit.py:495} INFO - 25/02/20 08:59:31 INFO DiskBlockManager: Created local directory at /tmp/blockmgr-6f07b252-bade-4fc6-9a2c-0bcd2d45a080
[2025-02-20T08:59:32.002+0000] {spark_submit.py:495} INFO - 25/02/20 08:59:32 INFO MemoryStore: MemoryStore started with capacity 434.4 MiB
[2025-02-20T08:59:32.028+0000] {spark_submit.py:495} INFO - 25/02/20 08:59:32 INFO SparkEnv: Registering OutputCommitCoordinator
[2025-02-20T08:59:32.365+0000] {spark_submit.py:495} INFO - 25/02/20 08:59:32 INFO Utils: Successfully started service 'SparkUI' on port 4040.
[2025-02-20T08:59:32.603+0000] {spark_submit.py:495} INFO - 25/02/20 08:59:32 INFO StandaloneAppClient$ClientEndpoint: Connecting to master spark://deproject-spark-master:7077...
[2025-02-20T08:59:32.676+0000] {spark_submit.py:495} INFO - 25/02/20 08:59:32 INFO TransportClientFactory: Successfully created connection to deproject-spark-master/172.28.0.3:7077 after 40 ms (0 ms spent in bootstraps)
[2025-02-20T08:59:32.868+0000] {spark_submit.py:495} INFO - 25/02/20 08:59:32 INFO StandaloneSchedulerBackend: Connected to Spark cluster with app ID app-20250220085932-0004
[2025-02-20T08:59:32.871+0000] {spark_submit.py:495} INFO - 25/02/20 08:59:32 INFO StandaloneAppClient$ClientEndpoint: Executor added: app-20250220085932-0004/0 on worker-20250220082311-172.28.0.4-44751 (172.28.0.4:44751) with 1 core(s)
[2025-02-20T08:59:32.875+0000] {spark_submit.py:495} INFO - 25/02/20 08:59:32 INFO StandaloneSchedulerBackend: Granted executor ID app-20250220085932-0004/0 on hostPort 172.28.0.4:44751 with 1 core(s), 1024.0 MiB RAM
[2025-02-20T08:59:32.879+0000] {spark_submit.py:495} INFO - 25/02/20 08:59:32 INFO Utils: Successfully started service 'org.apache.spark.network.netty.NettyBlockTransferService' on port 37531.
[2025-02-20T08:59:32.880+0000] {spark_submit.py:495} INFO - 25/02/20 08:59:32 INFO NettyBlockTransferService: Server created on deproject-airflow-scheduler:37531
[2025-02-20T08:59:32.883+0000] {spark_submit.py:495} INFO - 25/02/20 08:59:32 INFO BlockManager: Using org.apache.spark.storage.RandomBlockReplicationPolicy for block replication policy
[2025-02-20T08:59:32.897+0000] {spark_submit.py:495} INFO - 25/02/20 08:59:32 INFO BlockManagerMaster: Registering BlockManager BlockManagerId(driver, deproject-airflow-scheduler, 37531, None)
[2025-02-20T08:59:32.903+0000] {spark_submit.py:495} INFO - 25/02/20 08:59:32 INFO BlockManagerMasterEndpoint: Registering block manager deproject-airflow-scheduler:37531 with 434.4 MiB RAM, BlockManagerId(driver, deproject-airflow-scheduler, 37531, None)
[2025-02-20T08:59:32.907+0000] {spark_submit.py:495} INFO - 25/02/20 08:59:32 INFO BlockManagerMaster: Registered BlockManager BlockManagerId(driver, deproject-airflow-scheduler, 37531, None)
[2025-02-20T08:59:32.910+0000] {spark_submit.py:495} INFO - 25/02/20 08:59:32 INFO BlockManager: Initialized BlockManager: BlockManagerId(driver, deproject-airflow-scheduler, 37531, None)
[2025-02-20T08:59:32.997+0000] {spark_submit.py:495} INFO - 25/02/20 08:59:32 INFO StandaloneAppClient$ClientEndpoint: Executor updated: app-20250220085932-0004/0 is now RUNNING
[2025-02-20T08:59:33.264+0000] {spark_submit.py:495} INFO - 25/02/20 08:59:33 INFO StandaloneSchedulerBackend: SchedulerBackend is ready for scheduling beginning after reached minRegisteredResourcesRatio: 0.0
[2025-02-20T08:59:45.099+0000] {spark_submit.py:495} INFO - 89
[2025-02-20T08:59:51.731+0000] {spark_submit.py:495} INFO - +--------------------+-------------------+--------------------+--------------------+------+
[2025-02-20T08:59:51.732+0000] {spark_submit.py:495} INFO - |                 url|           datetime|               title|                text|source|
[2025-02-20T08:59:51.733+0000] {spark_submit.py:495} INFO - +--------------------+-------------------+--------------------+--------------------+------+
[2025-02-20T08:59:51.734+0000] {spark_submit.py:495} INFO - |https://edition.c...|2025-02-13 18:19:00|Trump says tariff...|1. How relevant i...|   cnn|
[2025-02-20T08:59:51.735+0000] {spark_submit.py:495} INFO - |https://edition.c...|2025-02-13 16:58:00|Video: Vanessa Yu...|1. How relevant i...|   cnn|
[2025-02-20T08:59:51.736+0000] {spark_submit.py:495} INFO - |https://edition.c...|2025-02-13 15:56:00|Carmakers Nissan ...|Hong Kong/Tokyo J...|   cnn|
[2025-02-20T08:59:51.737+0000] {spark_submit.py:495} INFO - |https://edition.c...|2025-02-13 17:30:00|CFPB: Elizabeth W...|New York About a ...|   cnn|
[2025-02-20T08:59:51.738+0000] {spark_submit.py:495} INFO - |https://edition.c...|2025-02-13 21:50:00|Americans voted f...|A version of this...|   cnn|
[2025-02-20T08:59:51.739+0000] {spark_submit.py:495} INFO - +--------------------+-------------------+--------------------+--------------------+------+
[2025-02-20T08:59:51.740+0000] {spark_submit.py:495} INFO - only showing top 5 rows
[2025-02-20T08:59:51.740+0000] {spark_submit.py:495} INFO - 
[2025-02-20T08:59:51.741+0000] {spark_submit.py:495} INFO - root
[2025-02-20T08:59:51.742+0000] {spark_submit.py:495} INFO - |-- url: string (nullable = true)
[2025-02-20T08:59:51.743+0000] {spark_submit.py:495} INFO - |-- datetime: timestamp (nullable = true)
[2025-02-20T08:59:51.744+0000] {spark_submit.py:495} INFO - |-- title: string (nullable = true)
[2025-02-20T08:59:51.745+0000] {spark_submit.py:495} INFO - |-- text: string (nullable = true)
[2025-02-20T08:59:51.746+0000] {spark_submit.py:495} INFO - |-- source: string (nullable = true)
[2025-02-20T08:59:51.747+0000] {spark_submit.py:495} INFO - 
[2025-02-20T08:59:56.874+0000] {spark_submit.py:495} INFO - 85
[2025-02-20T09:00:01.857+0000] {spark_submit.py:495} INFO - +--------------------+-------------------+--------------------+--------------------+------+
[2025-02-20T09:00:01.858+0000] {spark_submit.py:495} INFO - |                 url|           datetime|               title|                text|source|
[2025-02-20T09:00:01.859+0000] {spark_submit.py:495} INFO - +--------------------+-------------------+--------------------+--------------------+------+
[2025-02-20T09:00:01.860+0000] {spark_submit.py:495} INFO - |https://edition.c...|2025-02-13 15:56:00|Carmakers Nissan ...|Hong Kong/Tokyo J...|   cnn|
[2025-02-20T09:00:01.861+0000] {spark_submit.py:495} INFO - |https://edition.c...|2025-02-13 17:30:00|CFPB: Elizabeth W...|New York About a ...|   cnn|
[2025-02-20T09:00:01.861+0000] {spark_submit.py:495} INFO - |https://edition.c...|2025-02-13 21:50:00|Americans voted f...|A version of this...|   cnn|
[2025-02-20T09:00:01.862+0000] {spark_submit.py:495} INFO - |https://edition.c...|2025-02-14 16:42:00|Drama over Adams ...|Call it the Thurs...|   cnn|
[2025-02-20T09:00:01.863+0000] {spark_submit.py:495} INFO - |https://edition.c...|2025-02-14 16:24:00|Fact check: Musk,...|Washington Presid...|   cnn|
[2025-02-20T09:00:01.864+0000] {spark_submit.py:495} INFO - +--------------------+-------------------+--------------------+--------------------+------+
[2025-02-20T09:00:01.865+0000] {spark_submit.py:495} INFO - only showing top 5 rows
[2025-02-20T09:00:01.868+0000] {spark_submit.py:495} INFO - 
[2025-02-20T09:00:07.225+0000] {spark_submit.py:495} INFO - 75
[2025-02-20T09:00:18.179+0000] {spark_submit.py:495} INFO - No model was supplied, defaulted to distilbert/distilbert-base-uncased-finetuned-sst-2-english and revision 714eb0f (https://huggingface.co/distilbert/distilbert-base-uncased-finetuned-sst-2-english).
[2025-02-20T09:00:18.180+0000] {spark_submit.py:495} INFO - Using a pipeline without specifying a model name and revision in production is not recommended.
[2025-02-20T09:00:19.329+0000] {spark_submit.py:495} INFO - Device set to use cpu
[2025-02-20T09:00:56.223+0000] {spark_submit.py:495} INFO - label     score
[2025-02-20T09:00:56.225+0000] {spark_submit.py:495} INFO - 0   NEGATIVE  0.996718
[2025-02-20T09:00:56.227+0000] {spark_submit.py:495} INFO - 1   NEGATIVE  0.997758
[2025-02-20T09:00:56.228+0000] {spark_submit.py:495} INFO - 2   NEGATIVE  0.886296
[2025-02-20T09:00:56.229+0000] {spark_submit.py:495} INFO - 3   NEGATIVE  0.824643
[2025-02-20T09:00:56.231+0000] {spark_submit.py:495} INFO - 4   NEGATIVE  0.998791
[2025-02-20T09:00:56.232+0000] {spark_submit.py:495} INFO - ..       ...       ...
[2025-02-20T09:00:56.233+0000] {spark_submit.py:495} INFO - 70  NEGATIVE  0.978392
[2025-02-20T09:00:56.233+0000] {spark_submit.py:495} INFO - 71  NEGATIVE  0.997790
[2025-02-20T09:00:56.235+0000] {spark_submit.py:495} INFO - 72  NEGATIVE  0.988427
[2025-02-20T09:00:56.239+0000] {spark_submit.py:495} INFO - 73  POSITIVE  0.995676
[2025-02-20T09:00:56.240+0000] {spark_submit.py:495} INFO - 74  POSITIVE  0.868728
[2025-02-20T09:00:56.241+0000] {spark_submit.py:495} INFO - 
[2025-02-20T09:00:56.241+0000] {spark_submit.py:495} INFO - [75 rows x 2 columns]
[2025-02-20T09:01:00.665+0000] {spark_submit.py:495} INFO - url  ... source
[2025-02-20T09:01:00.666+0000] {spark_submit.py:495} INFO - 0   https://edition.cnn.com/2025/02/13/cars/japan-...  ...    cnn
[2025-02-20T09:01:00.667+0000] {spark_submit.py:495} INFO - 1   https://edition.cnn.com/2025/02/13/economy/elo...  ...    cnn
[2025-02-20T09:01:00.668+0000] {spark_submit.py:495} INFO - 2   https://edition.cnn.com/2025/02/13/politics/am...  ...    cnn
[2025-02-20T09:01:00.668+0000] {spark_submit.py:495} INFO - 3   https://edition.cnn.com/2025/02/13/politics/er...  ...    cnn
[2025-02-20T09:01:00.669+0000] {spark_submit.py:495} INFO - 4   https://edition.cnn.com/2025/02/13/politics/mu...  ...    cnn
[2025-02-20T09:01:00.670+0000] {spark_submit.py:495} INFO - ..                                                ...  ...    ...
[2025-02-20T09:01:00.671+0000] {spark_submit.py:495} INFO - 70  https://edition.cnn.com/2025/02/19/tech/trump-...  ...    cnn
[2025-02-20T09:01:00.672+0000] {spark_submit.py:495} INFO - 71  https://edition.cnn.com/2025/02/20/economy/chi...  ...    cnn
[2025-02-20T09:01:00.673+0000] {spark_submit.py:495} INFO - 72  https://edition.cnn.com/2025/02/20/politics/tr...  ...    cnn
[2025-02-20T09:01:00.673+0000] {spark_submit.py:495} INFO - 73  https://edition.cnn.com/politics/tracking-trum...  ...    cnn
[2025-02-20T09:01:00.674+0000] {spark_submit.py:495} INFO - 74  https://edition.cnn.com/politics/trump-cabinet...  ...    cnn
[2025-02-20T09:01:00.675+0000] {spark_submit.py:495} INFO - 
[2025-02-20T09:01:00.675+0000] {spark_submit.py:495} INFO - [75 rows x 5 columns]
[2025-02-20T09:01:00.699+0000] {spark_submit.py:495} INFO - url  ...     score
[2025-02-20T09:01:00.701+0000] {spark_submit.py:495} INFO - 0   https://edition.cnn.com/2025/02/13/cars/japan-...  ...  0.996718
[2025-02-20T09:01:00.702+0000] {spark_submit.py:495} INFO - 1   https://edition.cnn.com/2025/02/13/economy/elo...  ...  0.997758
[2025-02-20T09:01:00.703+0000] {spark_submit.py:495} INFO - 2   https://edition.cnn.com/2025/02/13/politics/am...  ...  0.886296
[2025-02-20T09:01:00.703+0000] {spark_submit.py:495} INFO - 3   https://edition.cnn.com/2025/02/13/politics/er...  ...  0.824643
[2025-02-20T09:01:00.704+0000] {spark_submit.py:495} INFO - 4   https://edition.cnn.com/2025/02/13/politics/mu...  ...  0.998791
[2025-02-20T09:01:00.705+0000] {spark_submit.py:495} INFO - ..                                                ...  ...       ...
[2025-02-20T09:01:00.706+0000] {spark_submit.py:495} INFO - 70  https://edition.cnn.com/2025/02/19/tech/trump-...  ...  0.978392
[2025-02-20T09:01:00.707+0000] {spark_submit.py:495} INFO - 71  https://edition.cnn.com/2025/02/20/economy/chi...  ...  0.997790
[2025-02-20T09:01:00.708+0000] {spark_submit.py:495} INFO - 72  https://edition.cnn.com/2025/02/20/politics/tr...  ...  0.988427
[2025-02-20T09:01:00.709+0000] {spark_submit.py:495} INFO - 73  https://edition.cnn.com/politics/tracking-trum...  ...  0.995676
[2025-02-20T09:01:00.709+0000] {spark_submit.py:495} INFO - 74  https://edition.cnn.com/politics/trump-cabinet...  ...  0.868728
[2025-02-20T09:01:00.710+0000] {spark_submit.py:495} INFO - 
[2025-02-20T09:01:00.711+0000] {spark_submit.py:495} INFO - [75 rows x 7 columns]
[2025-02-20T09:01:00.831+0000] {local_task_job_runner.py:302} WARNING - State of this instance has been externally set to failed. Terminating instance.
[2025-02-20T09:01:00.840+0000] {process_utils.py:131} INFO - Sending 15 to group 13893. PIDs of all processes in the group: [13903, 13995, 13893]
[2025-02-20T09:01:00.842+0000] {process_utils.py:86} INFO - Sending the signal 15 to group 13893
[2025-02-20T09:01:00.844+0000] {taskinstance.py:2480} ERROR - Received SIGTERM. Terminating subprocesses.
[2025-02-20T09:01:00.845+0000] {spark_submit.py:620} INFO - Sending kill signal to spark-submit
[2025-02-20T09:01:00.978+0000] {process_utils.py:79} INFO - Process psutil.Process(pid=13995, status='terminated', started='08:59:27') (13995) terminated with exit code None
[2025-02-20T09:01:00.981+0000] {process_utils.py:79} INFO - Process psutil.Process(pid=13903, status='terminated', started='08:59:24') (13903) terminated with exit code None
[2025-02-20T09:01:00.983+0000] {process_utils.py:79} INFO - Process psutil.Process(pid=13893, status='terminated', exitcode=0, started='08:59:24') (13893) terminated with exit code 0
