[2025-02-16T03:27:56.050+0000] {taskinstance.py:1979} INFO - Dependencies all met for dep_context=non-requeueable deps ti=<TaskInstance: scraping_news_dag.scrapping_cnn manual__2025-02-16T03:27:53.385352+00:00 [queued]>
[2025-02-16T03:27:56.069+0000] {taskinstance.py:1979} INFO - Dependencies all met for dep_context=requeueable deps ti=<TaskInstance: scraping_news_dag.scrapping_cnn manual__2025-02-16T03:27:53.385352+00:00 [queued]>
[2025-02-16T03:27:56.071+0000] {taskinstance.py:2193} INFO - Starting attempt 1 of 1
[2025-02-16T03:27:56.104+0000] {taskinstance.py:2214} INFO - Executing <Task(_PythonDecoratedOperator): scrapping_cnn> on 2025-02-16 03:27:53.385352+00:00
[2025-02-16T03:27:56.111+0000] {standard_task_runner.py:60} INFO - Started process 271 to run task
[2025-02-16T03:27:56.118+0000] {standard_task_runner.py:87} INFO - Running: ['airflow', 'tasks', 'run', 'scraping_news_dag', 'scrapping_cnn', 'manual__2025-02-16T03:27:53.385352+00:00', '--job-id', '70', '--raw', '--subdir', 'DAGS_FOLDER/scraping-news-dag.py', '--cfg-path', '/tmp/tmpe1w28zpl']
[2025-02-16T03:27:56.123+0000] {standard_task_runner.py:88} INFO - Job 70: Subtask scrapping_cnn
[2025-02-16T03:27:56.155+0000] {logging_mixin.py:188} WARNING - /home/airflow/.local/lib/python3.9/site-packages/airflow/settings.py:194 DeprecationWarning: The sql_alchemy_conn option in [core] has been moved to the sql_alchemy_conn option in [database] - the old setting has been used, but please update your config.
[2025-02-16T03:27:56.238+0000] {task_command.py:423} INFO - Running <TaskInstance: scraping_news_dag.scrapping_cnn manual__2025-02-16T03:27:53.385352+00:00 [running]> on host deproject-airflow-scheduler
[2025-02-16T03:27:56.437+0000] {taskinstance.py:2510} INFO - Exporting env vars: AIRFLOW_CTX_DAG_OWNER='airflow' AIRFLOW_CTX_DAG_ID='scraping_news_dag' AIRFLOW_CTX_TASK_ID='scrapping_cnn' AIRFLOW_CTX_EXECUTION_DATE='2025-02-16T03:27:53.385352+00:00' AIRFLOW_CTX_TRY_NUMBER='1' AIRFLOW_CTX_DAG_RUN_ID='manual__2025-02-16T03:27:53.385352+00:00'
[2025-02-16T03:27:56.441+0000] {logging_mixin.py:188} INFO - ['/home/airflow/.local/bin', '/usr/local/lib/python39.zip', '/usr/local/lib/python3.9', '/usr/local/lib/python3.9/lib-dynload', '/home/airflow/.local/lib/python3.9/site-packages', '/usr/local/lib/python3.9/site-packages', '/opt/airflow/dags', '/opt/airflow/config', '/opt/airflow/plugins', '/source']
[2025-02-16T03:27:56.449+0000] {taskinstance.py:2728} ERROR - Task failed with exception
Traceback (most recent call last):
  File "/home/airflow/.local/lib/python3.9/site-packages/airflow/models/taskinstance.py", line 444, in _execute_task
    result = _execute_callable(context=context, **execute_callable_kwargs)
  File "/home/airflow/.local/lib/python3.9/site-packages/airflow/models/taskinstance.py", line 414, in _execute_callable
    return execute_callable(context=context, **execute_callable_kwargs)
  File "/home/airflow/.local/lib/python3.9/site-packages/airflow/decorators/base.py", line 241, in execute
    return_value = super().execute(context)
  File "/home/airflow/.local/lib/python3.9/site-packages/airflow/operators/python.py", line 200, in execute
    return_value = self.execute_callable()
  File "/home/airflow/.local/lib/python3.9/site-packages/airflow/operators/python.py", line 217, in execute_callable
    return self.python_callable(*self.op_args, **self.op_kwargs)
  File "/opt/airflow/dags/scraping-news-dag.py", line 17, in scrapping_cnn
    from source import cnn
ModuleNotFoundError: No module named 'source'
[2025-02-16T03:27:56.474+0000] {taskinstance.py:1149} INFO - Marking task as FAILED. dag_id=scraping_news_dag, task_id=scrapping_cnn, execution_date=20250216T032753, start_date=20250216T032756, end_date=20250216T032756
[2025-02-16T03:27:56.499+0000] {standard_task_runner.py:107} ERROR - Failed to execute job 70 for task scrapping_cnn (No module named 'source'; 271)
[2025-02-16T03:27:56.534+0000] {local_task_job_runner.py:234} INFO - Task exited with return code 1
[2025-02-16T03:27:56.584+0000] {taskinstance.py:3309} INFO - 0 downstream tasks scheduled from follow-on schedule check
