[2025-02-10T08:27:52.390+0000] {taskinstance.py:1979} INFO - Dependencies all met for dep_context=non-requeueable deps ti=<TaskInstance: spark_airflow_dag.spark_submit_task manual__2025-02-10T08:27:51.344493+00:00 [queued]>
[2025-02-10T08:27:52.411+0000] {taskinstance.py:1979} INFO - Dependencies all met for dep_context=requeueable deps ti=<TaskInstance: spark_airflow_dag.spark_submit_task manual__2025-02-10T08:27:51.344493+00:00 [queued]>
[2025-02-10T08:27:52.413+0000] {taskinstance.py:2193} INFO - Starting attempt 1 of 1
[2025-02-10T08:27:52.447+0000] {taskinstance.py:2214} INFO - Executing <Task(SparkSubmitOperator): spark_submit_task> on 2025-02-10 08:27:51.344493+00:00
[2025-02-10T08:27:52.456+0000] {standard_task_runner.py:60} INFO - Started process 4225 to run task
[2025-02-10T08:27:52.461+0000] {standard_task_runner.py:87} INFO - Running: ['airflow', 'tasks', 'run', 'spark_airflow_dag', 'spark_submit_task', 'manual__2025-02-10T08:27:51.344493+00:00', '--job-id', '16', '--raw', '--subdir', 'DAGS_FOLDER/spark-dag-example.py', '--cfg-path', '/tmp/tmpk20v2bk7']
[2025-02-10T08:27:52.465+0000] {standard_task_runner.py:88} INFO - Job 16: Subtask spark_submit_task
[2025-02-10T08:27:52.492+0000] {logging_mixin.py:188} WARNING - /home/airflow/.local/lib/python3.9/site-packages/airflow/settings.py:194 DeprecationWarning: The sql_alchemy_conn option in [core] has been moved to the sql_alchemy_conn option in [database] - the old setting has been used, but please update your config.
[2025-02-10T08:27:52.571+0000] {task_command.py:423} INFO - Running <TaskInstance: spark_airflow_dag.spark_submit_task manual__2025-02-10T08:27:51.344493+00:00 [running]> on host deproject-airflow-scheduler
[2025-02-10T08:27:52.744+0000] {taskinstance.py:2510} INFO - Exporting env vars: AIRFLOW_CTX_DAG_OWNER='dibimbing' AIRFLOW_CTX_DAG_ID='spark_airflow_dag' AIRFLOW_CTX_TASK_ID='spark_submit_task' AIRFLOW_CTX_EXECUTION_DATE='2025-02-10T08:27:51.344493+00:00' AIRFLOW_CTX_TRY_NUMBER='1' AIRFLOW_CTX_DAG_RUN_ID='manual__2025-02-10T08:27:51.344493+00:00'
[2025-02-10T08:27:52.764+0000] {base.py:83} INFO - Using connection ID 'spark_main' for task execution.
[2025-02-10T08:27:52.767+0000] {spark_submit.py:344} INFO - Spark-Submit cmd: spark-submit --master spark://deproject-spark-master:7077 --name arrow-spark /spark-scripts/spark-example.py
[2025-02-10T08:27:57.071+0000] {spark_submit.py:495} INFO - 25/02/10 08:27:57 INFO SparkContext: Running Spark version 3.3.2
[2025-02-10T08:27:57.167+0000] {spark_submit.py:495} INFO - 25/02/10 08:27:57 WARN NativeCodeLoader: Unable to load native-hadoop library for your platform... using builtin-java classes where applicable
[2025-02-10T08:27:57.333+0000] {spark_submit.py:495} INFO - 25/02/10 08:27:57 INFO ResourceUtils: ==============================================================
[2025-02-10T08:27:57.334+0000] {spark_submit.py:495} INFO - 25/02/10 08:27:57 INFO ResourceUtils: No custom resources configured for spark.driver.
[2025-02-10T08:27:57.335+0000] {spark_submit.py:495} INFO - 25/02/10 08:27:57 INFO ResourceUtils: ==============================================================
[2025-02-10T08:27:57.336+0000] {spark_submit.py:495} INFO - 25/02/10 08:27:57 INFO SparkContext: Submitted application: Dibimbing
[2025-02-10T08:27:57.368+0000] {spark_submit.py:495} INFO - 25/02/10 08:27:57 INFO ResourceProfile: Default ResourceProfile created, executor resources: Map(cores -> name: cores, amount: 1, script: , vendor: , memory -> name: memory, amount: 1024, script: , vendor: , offHeap -> name: offHeap, amount: 0, script: , vendor: ), task resources: Map(cpus -> name: cpus, amount: 1.0)
[2025-02-10T08:27:57.383+0000] {spark_submit.py:495} INFO - 25/02/10 08:27:57 INFO ResourceProfile: Limiting resource is cpu
[2025-02-10T08:27:57.385+0000] {spark_submit.py:495} INFO - 25/02/10 08:27:57 INFO ResourceProfileManager: Added ResourceProfile id: 0
[2025-02-10T08:27:57.457+0000] {spark_submit.py:495} INFO - 25/02/10 08:27:57 INFO SecurityManager: Changing view acls to: airflow
[2025-02-10T08:27:57.458+0000] {spark_submit.py:495} INFO - 25/02/10 08:27:57 INFO SecurityManager: Changing modify acls to: airflow
[2025-02-10T08:27:57.459+0000] {spark_submit.py:495} INFO - 25/02/10 08:27:57 INFO SecurityManager: Changing view acls groups to:
[2025-02-10T08:27:57.460+0000] {spark_submit.py:495} INFO - 25/02/10 08:27:57 INFO SecurityManager: Changing modify acls groups to:
[2025-02-10T08:27:57.461+0000] {spark_submit.py:495} INFO - 25/02/10 08:27:57 INFO SecurityManager: SecurityManager: authentication disabled; ui acls disabled; users  with view permissions: Set(airflow); groups with view permissions: Set(); users  with modify permissions: Set(airflow); groups with modify permissions: Set()
[2025-02-10T08:27:57.859+0000] {spark_submit.py:495} INFO - 25/02/10 08:27:57 INFO Utils: Successfully started service 'sparkDriver' on port 38693.
[2025-02-10T08:27:57.905+0000] {spark_submit.py:495} INFO - 25/02/10 08:27:57 INFO SparkEnv: Registering MapOutputTracker
[2025-02-10T08:27:57.961+0000] {spark_submit.py:495} INFO - 25/02/10 08:27:57 INFO SparkEnv: Registering BlockManagerMaster
[2025-02-10T08:27:57.987+0000] {spark_submit.py:495} INFO - 25/02/10 08:27:57 INFO BlockManagerMasterEndpoint: Using org.apache.spark.storage.DefaultTopologyMapper for getting topology information
[2025-02-10T08:27:57.988+0000] {spark_submit.py:495} INFO - 25/02/10 08:27:57 INFO BlockManagerMasterEndpoint: BlockManagerMasterEndpoint up
[2025-02-10T08:27:57.995+0000] {spark_submit.py:495} INFO - 25/02/10 08:27:57 INFO SparkEnv: Registering BlockManagerMasterHeartbeat
[2025-02-10T08:27:58.027+0000] {spark_submit.py:495} INFO - 25/02/10 08:27:58 INFO DiskBlockManager: Created local directory at /tmp/blockmgr-14608818-9dfc-4785-ac96-39906672b4bd
[2025-02-10T08:27:58.052+0000] {spark_submit.py:495} INFO - 25/02/10 08:27:58 INFO MemoryStore: MemoryStore started with capacity 434.4 MiB
[2025-02-10T08:27:58.077+0000] {spark_submit.py:495} INFO - 25/02/10 08:27:58 INFO SparkEnv: Registering OutputCommitCoordinator
[2025-02-10T08:27:58.373+0000] {spark_submit.py:495} INFO - 25/02/10 08:27:58 INFO Utils: Successfully started service 'SparkUI' on port 4040.
[2025-02-10T08:27:58.582+0000] {spark_submit.py:495} INFO - 25/02/10 08:27:58 INFO StandaloneAppClient$ClientEndpoint: Connecting to master spark://deproject-spark-master:7077...
[2025-02-10T08:27:58.651+0000] {spark_submit.py:495} INFO - 25/02/10 08:27:58 INFO TransportClientFactory: Successfully created connection to deproject-spark-master/172.28.0.2:7077 after 41 ms (0 ms spent in bootstraps)
[2025-02-10T08:27:58.796+0000] {spark_submit.py:495} INFO - 25/02/10 08:27:58 INFO StandaloneSchedulerBackend: Connected to Spark cluster with app ID app-20250210082758-0008
[2025-02-10T08:27:58.800+0000] {spark_submit.py:495} INFO - 25/02/10 08:27:58 INFO StandaloneAppClient$ClientEndpoint: Executor added: app-20250210082758-0008/0 on worker-20250210071411-172.28.0.3-37185 (172.28.0.3:37185) with 1 core(s)
[2025-02-10T08:27:58.804+0000] {spark_submit.py:495} INFO - 25/02/10 08:27:58 INFO StandaloneSchedulerBackend: Granted executor ID app-20250210082758-0008/0 on hostPort 172.28.0.3:37185 with 1 core(s), 1024.0 MiB RAM
[2025-02-10T08:27:58.808+0000] {spark_submit.py:495} INFO - 25/02/10 08:27:58 INFO Utils: Successfully started service 'org.apache.spark.network.netty.NettyBlockTransferService' on port 34235.
[2025-02-10T08:27:58.809+0000] {spark_submit.py:495} INFO - 25/02/10 08:27:58 INFO NettyBlockTransferService: Server created on deproject-airflow-scheduler:34235
[2025-02-10T08:27:58.812+0000] {spark_submit.py:495} INFO - 25/02/10 08:27:58 INFO BlockManager: Using org.apache.spark.storage.RandomBlockReplicationPolicy for block replication policy
[2025-02-10T08:27:58.822+0000] {spark_submit.py:495} INFO - 25/02/10 08:27:58 INFO BlockManagerMaster: Registering BlockManager BlockManagerId(driver, deproject-airflow-scheduler, 34235, None)
[2025-02-10T08:27:58.828+0000] {spark_submit.py:495} INFO - 25/02/10 08:27:58 INFO BlockManagerMasterEndpoint: Registering block manager deproject-airflow-scheduler:34235 with 434.4 MiB RAM, BlockManagerId(driver, deproject-airflow-scheduler, 34235, None)
[2025-02-10T08:27:58.831+0000] {spark_submit.py:495} INFO - 25/02/10 08:27:58 INFO BlockManagerMaster: Registered BlockManager BlockManagerId(driver, deproject-airflow-scheduler, 34235, None)
[2025-02-10T08:27:58.834+0000] {spark_submit.py:495} INFO - 25/02/10 08:27:58 INFO BlockManager: Initialized BlockManager: BlockManagerId(driver, deproject-airflow-scheduler, 34235, None)
[2025-02-10T08:27:58.934+0000] {spark_submit.py:495} INFO - 25/02/10 08:27:58 INFO StandaloneAppClient$ClientEndpoint: Executor updated: app-20250210082758-0008/0 is now RUNNING
[2025-02-10T08:27:59.166+0000] {spark_submit.py:495} INFO - 25/02/10 08:27:59 INFO StandaloneSchedulerBackend: SchedulerBackend is ready for scheduling beginning after reached minRegisteredResourcesRatio: 0.0
[2025-02-10T08:28:35.100+0000] {spark_submit.py:495} INFO - +----------+-----------+--------+--------+-----+-----------+--------------------+---------+-----+
[2025-02-10T08:28:35.102+0000] {spark_submit.py:495} INFO - |product_id|customer_id|order_id|quantity|price|       name|               email|     name|price|
[2025-02-10T08:28:35.102+0000] {spark_submit.py:495} INFO - +----------+-----------+--------+--------+-----+-----------+--------------------+---------+-----+
[2025-02-10T08:28:35.103+0000] {spark_submit.py:495} INFO - |         1|          1|     101|       2|19.99|   John Doe| johndoe@example.com|Product A|19.99|
[2025-02-10T08:28:35.104+0000] {spark_submit.py:495} INFO - |         2|          2|     102|       1| 9.99| Jane Smith|janesmith@example...|Product B| 9.99|
[2025-02-10T08:28:35.105+0000] {spark_submit.py:495} INFO - |         3|          3|     103|       1|15.99|Bob Johnson|bobjohnson@exampl...|Product C|15.99|
[2025-02-10T08:28:35.106+0000] {spark_submit.py:495} INFO - |         4|          1|     104|       1| 5.99|   John Doe| johndoe@example.com|Product D| 5.99|
[2025-02-10T08:28:35.108+0000] {spark_submit.py:495} INFO - |         5|          2|     105|       3|12.99| Jane Smith|janesmith@example...|Product E|12.99|
[2025-02-10T08:28:35.108+0000] {spark_submit.py:495} INFO - |         6|          3|     106|       2| 9.99|Bob Johnson|bobjohnson@exampl...|Product F| 9.99|
[2025-02-10T08:28:35.109+0000] {spark_submit.py:495} INFO - |         7|          4|     107|       1|11.99|    Sue Lee|  suelee@example.com|Product G|11.99|
[2025-02-10T08:28:35.110+0000] {spark_submit.py:495} INFO - |         8|          1|     108|       2|14.99|   John Doe| johndoe@example.com|Product H|14.99|
[2025-02-10T08:28:35.111+0000] {spark_submit.py:495} INFO - |         9|          2|     109|       1| 9.99| Jane Smith|janesmith@example...|Product I| 9.99|
[2025-02-10T08:28:35.112+0000] {spark_submit.py:495} INFO - |        10|          3|     110|       1|19.99|Bob Johnson|bobjohnson@exampl...|Product J|19.99|
[2025-02-10T08:28:35.113+0000] {spark_submit.py:495} INFO - +----------+-----------+--------+--------+-----+-----------+--------------------+---------+-----+
[2025-02-10T08:28:35.114+0000] {spark_submit.py:495} INFO - 
[2025-02-10T08:29:03.014+0000] {spark_submit.py:495} INFO - Traceback (most recent call last):
[2025-02-10T08:29:03.016+0000] {spark_submit.py:495} INFO - File "/spark-scripts/spark-example.py", line 73, in <module>
[2025-02-10T08:29:03.020+0000] {spark_submit.py:495} INFO - f.write(result)
[2025-02-10T08:29:03.021+0000] {spark_submit.py:495} INFO - TypeError: write() argument must be str, not list
[2025-02-10T08:29:03.475+0000] {taskinstance.py:2728} ERROR - Task failed with exception
Traceback (most recent call last):
  File "/home/airflow/.local/lib/python3.9/site-packages/airflow/models/taskinstance.py", line 444, in _execute_task
    result = _execute_callable(context=context, **execute_callable_kwargs)
  File "/home/airflow/.local/lib/python3.9/site-packages/airflow/models/taskinstance.py", line 414, in _execute_callable
    return execute_callable(context=context, **execute_callable_kwargs)
  File "/home/airflow/.local/lib/python3.9/site-packages/airflow/providers/apache/spark/operators/spark_submit.py", line 157, in execute
    self._hook.submit(self._application)
  File "/home/airflow/.local/lib/python3.9/site-packages/airflow/providers/apache/spark/hooks/spark_submit.py", line 426, in submit
    raise AirflowException(
airflow.exceptions.AirflowException: Cannot execute: spark-submit --master spark://deproject-spark-master:7077 --name arrow-spark /spark-scripts/spark-example.py. Error code is: 1.
[2025-02-10T08:29:03.484+0000] {taskinstance.py:1149} INFO - Marking task as FAILED. dag_id=spark_airflow_dag, task_id=spark_submit_task, execution_date=20250210T082751, start_date=20250210T082752, end_date=20250210T082903
[2025-02-10T08:29:03.515+0000] {standard_task_runner.py:107} ERROR - Failed to execute job 16 for task spark_submit_task (Cannot execute: spark-submit --master spark://deproject-spark-master:7077 --name arrow-spark /spark-scripts/spark-example.py. Error code is: 1.; 4225)
[2025-02-10T08:29:03.536+0000] {local_task_job_runner.py:234} INFO - Task exited with return code 1
[2025-02-10T08:29:03.571+0000] {taskinstance.py:3309} INFO - 0 downstream tasks scheduled from follow-on schedule check
