[2025-02-16T13:48:55.792+0000] {taskinstance.py:1979} INFO - Dependencies all met for dep_context=non-requeueable deps ti=<TaskInstance: scraping_news_dag.scrapping_cnn manual__2025-02-16T13:48:52.257464+00:00 [queued]>
[2025-02-16T13:48:55.811+0000] {taskinstance.py:1979} INFO - Dependencies all met for dep_context=requeueable deps ti=<TaskInstance: scraping_news_dag.scrapping_cnn manual__2025-02-16T13:48:52.257464+00:00 [queued]>
[2025-02-16T13:48:55.812+0000] {taskinstance.py:2193} INFO - Starting attempt 1 of 1
[2025-02-16T13:48:55.849+0000] {taskinstance.py:2214} INFO - Executing <Task(_PythonDecoratedOperator): scrapping_cnn> on 2025-02-16 13:48:52.257464+00:00
[2025-02-16T13:48:55.865+0000] {standard_task_runner.py:60} INFO - Started process 271 to run task
[2025-02-16T13:48:55.874+0000] {standard_task_runner.py:87} INFO - Running: ['airflow', 'tasks', 'run', 'scraping_news_dag', 'scrapping_cnn', 'manual__2025-02-16T13:48:52.257464+00:00', '--job-id', '91', '--raw', '--subdir', 'DAGS_FOLDER/scraping-news-dag.py', '--cfg-path', '/tmp/tmpjh3ffj4p']
[2025-02-16T13:48:55.883+0000] {standard_task_runner.py:88} INFO - Job 91: Subtask scrapping_cnn
[2025-02-16T13:48:55.944+0000] {logging_mixin.py:188} WARNING - /home/airflow/.local/lib/python3.9/site-packages/airflow/settings.py:194 DeprecationWarning: The sql_alchemy_conn option in [core] has been moved to the sql_alchemy_conn option in [database] - the old setting has been used, but please update your config.
[2025-02-16T13:48:56.033+0000] {task_command.py:423} INFO - Running <TaskInstance: scraping_news_dag.scrapping_cnn manual__2025-02-16T13:48:52.257464+00:00 [running]> on host deproject-airflow-scheduler
[2025-02-16T13:48:56.236+0000] {taskinstance.py:2510} INFO - Exporting env vars: AIRFLOW_CTX_DAG_OWNER='airflow' AIRFLOW_CTX_DAG_ID='scraping_news_dag' AIRFLOW_CTX_TASK_ID='scrapping_cnn' AIRFLOW_CTX_EXECUTION_DATE='2025-02-16T13:48:52.257464+00:00' AIRFLOW_CTX_TRY_NUMBER='1' AIRFLOW_CTX_DAG_RUN_ID='manual__2025-02-16T13:48:52.257464+00:00'
[2025-02-16T13:50:37.930+0000] {logging_mixin.py:188} WARNING - /home/airflow/.local/lib/python3.9/site-packages/dateutil/parser/_parser.py:1207 UnknownTimezoneWarning: tzname WIB identified but not understood.  Pass `tzinfos` argument in order to correctly return a timezone-aware datetime.  In a future version, this will raise an exception.
[2025-02-16T13:52:52.873+0000] {logging_mixin.py:188} INFO -                                                   url  ... source
0   https://edition.cnn.com/2025/02/13/politics/er...  ...    cnn
1   https://edition.cnn.com/2025/02/13/politics/am...  ...    cnn
2   https://edition.cnn.com/2025/02/15/politics/qu...  ...    cnn
3   https://edition.cnn.com/2025/02/14/politics/pr...  ...    cnn
4   https://edition.cnn.com/2025/02/15/politics/vi...  ...    cnn
..                                                ...  ...    ...
89  https://edition.cnn.com/2025/02/11/business/vi...  ...    cnn
90  https://edition.cnn.com/2025/02/16/business/co...  ...    cnn
91  https://edition.cnn.com/2025/02/15/business/am...  ...    cnn
92  https://edition.cnn.com/2025/01/31/investing/t...  ...    cnn
93  https://edition.cnn.com/2025/02/15/business/am...  ...    cnn

[94 rows x 5 columns]
[2025-02-16T13:52:52.877+0000] {logging_mixin.py:188} INFO - 0    2025-02-14 16:42:00
1    2025-02-13 21:50:00
2    2025-02-15 22:00:00
3    2025-02-14 17:30:00
4    2025-02-16 18:19:00
             ...        
89   2025-02-11 18:41:00
90   2025-02-16 19:00:00
91   2025-02-15 17:58:00
92   2025-02-11 14:01:00
93   2025-02-15 13:49:00
Name: date, Length: 94, dtype: datetime64[ns]
[2025-02-16T13:52:52.880+0000] {logging_mixin.py:188} INFO - 0     Call it the Thursday afternoon massacre.The Ju...
1     A version of this story appeared in CNN’s What...
2     A version of this story appeared in CNN’s What...
3     The Trump administration broadened its effort ...
4     1. How relevant is this ad to you?Video player...
                            ...                        
89    1. How relevant is this ad to you?Video player...
90    New York When James Quincey became CEO of Coca...
91    Amazon workers at a warehouse near Raleigh, No...
92    New York Trump Media & Technology Group this w...
93    American malls were never dead. The decades-ol...
Name: text, Length: 94, dtype: object
[2025-02-16T13:52:52.955+0000] {python.py:202} INFO - Done. Returned value was: None
[2025-02-16T13:52:53.202+0000] {taskinstance.py:1149} INFO - Marking task as SUCCESS. dag_id=scraping_news_dag, task_id=scrapping_cnn, execution_date=20250216T134852, start_date=20250216T134855, end_date=20250216T135253
[2025-02-16T13:52:53.268+0000] {local_task_job_runner.py:234} INFO - Task exited with return code 0
[2025-02-16T13:52:53.319+0000] {taskinstance.py:3309} INFO - 1 downstream tasks scheduled from follow-on schedule check
