[2025-02-20T09:01:58.994+0000] {taskinstance.py:1979} INFO - Dependencies all met for dep_context=non-requeueable deps ti=<TaskInstance: scraping_news_dag.scraping_nyt manual__2025-02-20T09:01:56.475875+00:00 [queued]>
[2025-02-20T09:01:59.012+0000] {taskinstance.py:1979} INFO - Dependencies all met for dep_context=requeueable deps ti=<TaskInstance: scraping_news_dag.scraping_nyt manual__2025-02-20T09:01:56.475875+00:00 [queued]>
[2025-02-20T09:01:59.013+0000] {taskinstance.py:2193} INFO - Starting attempt 1 of 1
[2025-02-20T09:01:59.042+0000] {taskinstance.py:2214} INFO - Executing <Task(_PythonDecoratedOperator): scraping_nyt> on 2025-02-20 09:01:56.475875+00:00
[2025-02-20T09:01:59.050+0000] {standard_task_runner.py:60} INFO - Started process 14863 to run task
[2025-02-20T09:01:59.056+0000] {standard_task_runner.py:87} INFO - Running: ['airflow', 'tasks', 'run', 'scraping_news_dag', 'scraping_nyt', 'manual__2025-02-20T09:01:56.475875+00:00', '--job-id', '182', '--raw', '--subdir', 'DAGS_FOLDER/scraping-news-dag.py', '--cfg-path', '/tmp/tmp9lmhm46b']
[2025-02-20T09:01:59.060+0000] {standard_task_runner.py:88} INFO - Job 182: Subtask scraping_nyt
[2025-02-20T09:01:59.095+0000] {logging_mixin.py:188} WARNING - /home/airflow/.local/lib/python3.9/site-packages/airflow/settings.py:194 DeprecationWarning: The sql_alchemy_conn option in [core] has been moved to the sql_alchemy_conn option in [database] - the old setting has been used, but please update your config.
[2025-02-20T09:01:59.166+0000] {task_command.py:423} INFO - Running <TaskInstance: scraping_news_dag.scraping_nyt manual__2025-02-20T09:01:56.475875+00:00 [running]> on host deproject-airflow-scheduler
[2025-02-20T09:01:59.394+0000] {taskinstance.py:2510} INFO - Exporting env vars: AIRFLOW_CTX_DAG_OWNER='airflow' AIRFLOW_CTX_DAG_ID='scraping_news_dag' AIRFLOW_CTX_TASK_ID='scraping_nyt' AIRFLOW_CTX_EXECUTION_DATE='2025-02-20T09:01:56.475875+00:00' AIRFLOW_CTX_TRY_NUMBER='1' AIRFLOW_CTX_DAG_RUN_ID='manual__2025-02-20T09:01:56.475875+00:00'
[2025-02-20T09:02:01.463+0000] {logger.py:11} INFO - ====== WebDriver manager ======
[2025-02-20T09:02:01.872+0000] {logger.py:11} INFO - Get LATEST chromedriver version for google-chrome
[2025-02-20T09:02:02.044+0000] {logger.py:11} INFO - Get LATEST chromedriver version for google-chrome
[2025-02-20T09:02:02.221+0000] {logger.py:11} INFO - Driver [/home/airflow/.wdm/drivers/chromedriver/linux64/133.0.6943.126/chromedriver-linux64/chromedriver] found in cache
[2025-02-20T09:02:53.631+0000] {logging_mixin.py:188} INFO - Total scraped: 110
[2025-02-20T09:04:46.257+0000] {logging_mixin.py:188} INFO - Total scraped: 110
[2025-02-20T09:06:43.899+0000] {logging_mixin.py:188} INFO - Total scraped: 110
[2025-02-20T09:08:40.493+0000] {logging_mixin.py:188} INFO - Total scraped: 110
[2025-02-20T09:09:35.345+0000] {logging_mixin.py:188} INFO -                                                    url  ...          source
0    https://www.nytimes.com/2025/02/13/business/de...  ...  New York Times
1    https://www.nytimes.com/2025/02/14/business/ec...  ...  New York Times
2    https://www.nytimes.com/2025/02/15/business/ec...  ...  New York Times
3    https://www.nytimes.com/2025/02/17/business/en...  ...  New York Times
4    https://www.nytimes.com/2025/02/19/us/politics...  ...  New York Times
..                                                 ...  ...             ...
201  https://www.nytimes.com/2025/02/14/opinion/tru...  ...  New York Times
202  https://www.nytimes.com/2025/02/18/opinion/gaz...  ...  New York Times
203  https://www.nytimes.com/2025/02/20/opinion/tru...  ...  New York Times
204  https://www.nytimes.com/2025/02/18/opinion/chi...  ...  New York Times
205  https://www.nytimes.com/2025/02/15/opinion/tru...  ...  New York Times

[206 rows x 5 columns]
[2025-02-20T09:09:35.782+0000] {python.py:202} INFO - Done. Returned value was: None
[2025-02-20T09:09:35.805+0000] {taskinstance.py:1149} INFO - Marking task as SUCCESS. dag_id=scraping_news_dag, task_id=scraping_nyt, execution_date=20250220T090156, start_date=20250220T090158, end_date=20250220T090935
[2025-02-20T09:09:35.884+0000] {local_task_job_runner.py:234} INFO - Task exited with return code 0
[2025-02-20T09:09:35.936+0000] {taskinstance.py:3309} INFO - 1 downstream tasks scheduled from follow-on schedule check
