[2025-02-10T08:57:59.458+0000] {taskinstance.py:1979} INFO - Dependencies all met for dep_context=non-requeueable deps ti=<TaskInstance: spark_airflow_dag.spark_submit_task manual__2025-02-10T08:57:57.596412+00:00 [queued]>
[2025-02-10T08:57:59.477+0000] {taskinstance.py:1979} INFO - Dependencies all met for dep_context=requeueable deps ti=<TaskInstance: spark_airflow_dag.spark_submit_task manual__2025-02-10T08:57:57.596412+00:00 [queued]>
[2025-02-10T08:57:59.479+0000] {taskinstance.py:2193} INFO - Starting attempt 1 of 1
[2025-02-10T08:57:59.510+0000] {taskinstance.py:2214} INFO - Executing <Task(SparkSubmitOperator): spark_submit_task> on 2025-02-10 08:57:57.596412+00:00
[2025-02-10T08:57:59.517+0000] {standard_task_runner.py:60} INFO - Started process 259 to run task
[2025-02-10T08:57:59.524+0000] {standard_task_runner.py:87} INFO - Running: ['airflow', 'tasks', 'run', 'spark_airflow_dag', 'spark_submit_task', 'manual__2025-02-10T08:57:57.596412+00:00', '--job-id', '22', '--raw', '--subdir', 'DAGS_FOLDER/spark-dag-example.py', '--cfg-path', '/tmp/tmp644sixh_']
[2025-02-10T08:57:59.529+0000] {standard_task_runner.py:88} INFO - Job 22: Subtask spark_submit_task
[2025-02-10T08:57:59.561+0000] {logging_mixin.py:188} WARNING - /home/airflow/.local/lib/python3.9/site-packages/airflow/settings.py:194 DeprecationWarning: The sql_alchemy_conn option in [core] has been moved to the sql_alchemy_conn option in [database] - the old setting has been used, but please update your config.
[2025-02-10T08:57:59.635+0000] {task_command.py:423} INFO - Running <TaskInstance: spark_airflow_dag.spark_submit_task manual__2025-02-10T08:57:57.596412+00:00 [running]> on host deproject-airflow-scheduler
[2025-02-10T08:57:59.846+0000] {taskinstance.py:2510} INFO - Exporting env vars: AIRFLOW_CTX_DAG_OWNER='dibimbing' AIRFLOW_CTX_DAG_ID='spark_airflow_dag' AIRFLOW_CTX_TASK_ID='spark_submit_task' AIRFLOW_CTX_EXECUTION_DATE='2025-02-10T08:57:57.596412+00:00' AIRFLOW_CTX_TRY_NUMBER='1' AIRFLOW_CTX_DAG_RUN_ID='manual__2025-02-10T08:57:57.596412+00:00'
[2025-02-10T08:57:59.864+0000] {base.py:83} INFO - Using connection ID 'spark_main' for task execution.
[2025-02-10T08:57:59.866+0000] {spark_submit.py:344} INFO - Spark-Submit cmd: spark-submit --master spark://deproject-spark-master:7077 --name arrow-spark /spark-scripts/spark-example.py
[2025-02-10T08:58:04.531+0000] {spark_submit.py:495} INFO - 25/02/10 08:58:04 INFO SparkContext: Running Spark version 3.3.2
[2025-02-10T08:58:04.634+0000] {spark_submit.py:495} INFO - 25/02/10 08:58:04 WARN NativeCodeLoader: Unable to load native-hadoop library for your platform... using builtin-java classes where applicable
[2025-02-10T08:58:04.815+0000] {spark_submit.py:495} INFO - 25/02/10 08:58:04 INFO ResourceUtils: ==============================================================
[2025-02-10T08:58:04.817+0000] {spark_submit.py:495} INFO - 25/02/10 08:58:04 INFO ResourceUtils: No custom resources configured for spark.driver.
[2025-02-10T08:58:04.818+0000] {spark_submit.py:495} INFO - 25/02/10 08:58:04 INFO ResourceUtils: ==============================================================
[2025-02-10T08:58:04.819+0000] {spark_submit.py:495} INFO - 25/02/10 08:58:04 INFO SparkContext: Submitted application: Dibimbing
[2025-02-10T08:58:04.860+0000] {spark_submit.py:495} INFO - 25/02/10 08:58:04 INFO ResourceProfile: Default ResourceProfile created, executor resources: Map(cores -> name: cores, amount: 1, script: , vendor: , memory -> name: memory, amount: 1024, script: , vendor: , offHeap -> name: offHeap, amount: 0, script: , vendor: ), task resources: Map(cpus -> name: cpus, amount: 1.0)
[2025-02-10T08:58:04.876+0000] {spark_submit.py:495} INFO - 25/02/10 08:58:04 INFO ResourceProfile: Limiting resource is cpu
[2025-02-10T08:58:04.878+0000] {spark_submit.py:495} INFO - 25/02/10 08:58:04 INFO ResourceProfileManager: Added ResourceProfile id: 0
[2025-02-10T08:58:04.958+0000] {spark_submit.py:495} INFO - 25/02/10 08:58:04 INFO SecurityManager: Changing view acls to: airflow
[2025-02-10T08:58:04.960+0000] {spark_submit.py:495} INFO - 25/02/10 08:58:04 INFO SecurityManager: Changing modify acls to: airflow
[2025-02-10T08:58:04.961+0000] {spark_submit.py:495} INFO - 25/02/10 08:58:04 INFO SecurityManager: Changing view acls groups to:
[2025-02-10T08:58:04.962+0000] {spark_submit.py:495} INFO - 25/02/10 08:58:04 INFO SecurityManager: Changing modify acls groups to:
[2025-02-10T08:58:04.963+0000] {spark_submit.py:495} INFO - 25/02/10 08:58:04 INFO SecurityManager: SecurityManager: authentication disabled; ui acls disabled; users  with view permissions: Set(airflow); groups with view permissions: Set(); users  with modify permissions: Set(airflow); groups with modify permissions: Set()
[2025-02-10T08:58:05.392+0000] {spark_submit.py:495} INFO - 25/02/10 08:58:05 INFO Utils: Successfully started service 'sparkDriver' on port 42147.
[2025-02-10T08:58:05.448+0000] {spark_submit.py:495} INFO - 25/02/10 08:58:05 INFO SparkEnv: Registering MapOutputTracker
[2025-02-10T08:58:05.521+0000] {spark_submit.py:495} INFO - 25/02/10 08:58:05 INFO SparkEnv: Registering BlockManagerMaster
[2025-02-10T08:58:05.552+0000] {spark_submit.py:495} INFO - 25/02/10 08:58:05 INFO BlockManagerMasterEndpoint: Using org.apache.spark.storage.DefaultTopologyMapper for getting topology information
[2025-02-10T08:58:05.553+0000] {spark_submit.py:495} INFO - 25/02/10 08:58:05 INFO BlockManagerMasterEndpoint: BlockManagerMasterEndpoint up
[2025-02-10T08:58:05.559+0000] {spark_submit.py:495} INFO - 25/02/10 08:58:05 INFO SparkEnv: Registering BlockManagerMasterHeartbeat
[2025-02-10T08:58:05.595+0000] {spark_submit.py:495} INFO - 25/02/10 08:58:05 INFO DiskBlockManager: Created local directory at /tmp/blockmgr-dada04d7-95a4-4186-8be7-be1108d925d0
[2025-02-10T08:58:05.622+0000] {spark_submit.py:495} INFO - 25/02/10 08:58:05 INFO MemoryStore: MemoryStore started with capacity 434.4 MiB
[2025-02-10T08:58:05.647+0000] {spark_submit.py:495} INFO - 25/02/10 08:58:05 INFO SparkEnv: Registering OutputCommitCoordinator
[2025-02-10T08:58:05.990+0000] {spark_submit.py:495} INFO - 25/02/10 08:58:05 INFO Utils: Successfully started service 'SparkUI' on port 4040.
[2025-02-10T08:58:06.205+0000] {spark_submit.py:495} INFO - 25/02/10 08:58:06 INFO StandaloneAppClient$ClientEndpoint: Connecting to master spark://deproject-spark-master:7077...
[2025-02-10T08:58:06.280+0000] {spark_submit.py:495} INFO - 25/02/10 08:58:06 INFO TransportClientFactory: Successfully created connection to deproject-spark-master/172.28.0.3:7077 after 44 ms (0 ms spent in bootstraps)
[2025-02-10T08:58:06.489+0000] {spark_submit.py:495} INFO - 25/02/10 08:58:06 INFO StandaloneSchedulerBackend: Connected to Spark cluster with app ID app-20250210085806-0000
[2025-02-10T08:58:06.503+0000] {spark_submit.py:495} INFO - 25/02/10 08:58:06 INFO Utils: Successfully started service 'org.apache.spark.network.netty.NettyBlockTransferService' on port 42729.
[2025-02-10T08:58:06.506+0000] {spark_submit.py:495} INFO - 25/02/10 08:58:06 INFO NettyBlockTransferService: Server created on deproject-airflow-scheduler:42729
[2025-02-10T08:58:06.508+0000] {spark_submit.py:495} INFO - 25/02/10 08:58:06 INFO BlockManager: Using org.apache.spark.storage.RandomBlockReplicationPolicy for block replication policy
[2025-02-10T08:58:06.518+0000] {spark_submit.py:495} INFO - 25/02/10 08:58:06 INFO BlockManagerMaster: Registering BlockManager BlockManagerId(driver, deproject-airflow-scheduler, 42729, None)
[2025-02-10T08:58:06.525+0000] {spark_submit.py:495} INFO - 25/02/10 08:58:06 INFO BlockManagerMasterEndpoint: Registering block manager deproject-airflow-scheduler:42729 with 434.4 MiB RAM, BlockManagerId(driver, deproject-airflow-scheduler, 42729, None)
[2025-02-10T08:58:06.529+0000] {spark_submit.py:495} INFO - 25/02/10 08:58:06 INFO BlockManagerMaster: Registered BlockManager BlockManagerId(driver, deproject-airflow-scheduler, 42729, None)
[2025-02-10T08:58:06.532+0000] {spark_submit.py:495} INFO - 25/02/10 08:58:06 INFO BlockManager: Initialized BlockManager: BlockManagerId(driver, deproject-airflow-scheduler, 42729, None)
[2025-02-10T08:58:06.540+0000] {spark_submit.py:495} INFO - 25/02/10 08:58:06 INFO StandaloneAppClient$ClientEndpoint: Executor added: app-20250210085806-0000/0 on worker-20250210085442-172.28.0.4-40261 (172.28.0.4:40261) with 1 core(s)
[2025-02-10T08:58:06.545+0000] {spark_submit.py:495} INFO - 25/02/10 08:58:06 INFO StandaloneSchedulerBackend: Granted executor ID app-20250210085806-0000/0 on hostPort 172.28.0.4:40261 with 1 core(s), 1024.0 MiB RAM
[2025-02-10T08:58:06.893+0000] {spark_submit.py:495} INFO - 25/02/10 08:58:06 INFO StandaloneAppClient$ClientEndpoint: Executor updated: app-20250210085806-0000/0 is now RUNNING
[2025-02-10T08:58:06.992+0000] {spark_submit.py:495} INFO - 25/02/10 08:58:06 INFO StandaloneSchedulerBackend: SchedulerBackend is ready for scheduling beginning after reached minRegisteredResourcesRatio: 0.0
[2025-02-10T08:58:43.935+0000] {spark_submit.py:495} INFO - +----------+-----------+--------+--------+-----+-----------+--------------------+---------+-----+
[2025-02-10T08:58:43.937+0000] {spark_submit.py:495} INFO - |product_id|customer_id|order_id|quantity|price|       name|               email|     name|price|
[2025-02-10T08:58:43.938+0000] {spark_submit.py:495} INFO - +----------+-----------+--------+--------+-----+-----------+--------------------+---------+-----+
[2025-02-10T08:58:43.940+0000] {spark_submit.py:495} INFO - |         1|          1|     101|       2|19.99|   John Doe| johndoe@example.com|Product A|19.99|
[2025-02-10T08:58:43.941+0000] {spark_submit.py:495} INFO - |         2|          2|     102|       1| 9.99| Jane Smith|janesmith@example...|Product B| 9.99|
[2025-02-10T08:58:43.942+0000] {spark_submit.py:495} INFO - |         3|          3|     103|       1|15.99|Bob Johnson|bobjohnson@exampl...|Product C|15.99|
[2025-02-10T08:58:43.942+0000] {spark_submit.py:495} INFO - |         4|          1|     104|       1| 5.99|   John Doe| johndoe@example.com|Product D| 5.99|
[2025-02-10T08:58:43.943+0000] {spark_submit.py:495} INFO - |         5|          2|     105|       3|12.99| Jane Smith|janesmith@example...|Product E|12.99|
[2025-02-10T08:58:43.944+0000] {spark_submit.py:495} INFO - |         6|          3|     106|       2| 9.99|Bob Johnson|bobjohnson@exampl...|Product F| 9.99|
[2025-02-10T08:58:43.945+0000] {spark_submit.py:495} INFO - |         7|          4|     107|       1|11.99|    Sue Lee|  suelee@example.com|Product G|11.99|
[2025-02-10T08:58:43.946+0000] {spark_submit.py:495} INFO - |         8|          1|     108|       2|14.99|   John Doe| johndoe@example.com|Product H|14.99|
[2025-02-10T08:58:43.947+0000] {spark_submit.py:495} INFO - |         9|          2|     109|       1| 9.99| Jane Smith|janesmith@example...|Product I| 9.99|
[2025-02-10T08:58:43.948+0000] {spark_submit.py:495} INFO - |        10|          3|     110|       1|19.99|Bob Johnson|bobjohnson@exampl...|Product J|19.99|
[2025-02-10T08:58:43.948+0000] {spark_submit.py:495} INFO - +----------+-----------+--------+--------+-----+-----------+--------------------+---------+-----+
[2025-02-10T08:58:43.950+0000] {spark_submit.py:495} INFO - 
[2025-02-10T08:59:07.797+0000] {spark_submit.py:495} INFO - Traceback (most recent call last):
[2025-02-10T08:59:07.798+0000] {spark_submit.py:495} INFO - File "/spark-scripts/spark-example.py", line 70, in <module>
[2025-02-10T08:59:07.803+0000] {spark_submit.py:495} INFO - merged_df.toPandas().to_csv('opt/airflow/data/test_ouput')
[2025-02-10T08:59:07.804+0000] {spark_submit.py:495} INFO - File "/home/airflow/.local/lib/python3.9/site-packages/pandas/core/generic.py", line 3387, in to_csv
[2025-02-10T08:59:07.805+0000] {spark_submit.py:495} INFO - return DataFrameRenderer(formatter).to_csv(
[2025-02-10T08:59:07.806+0000] {spark_submit.py:495} INFO - File "/home/airflow/.local/lib/python3.9/site-packages/pandas/io/formats/format.py", line 1083, in to_csv
[2025-02-10T08:59:07.807+0000] {spark_submit.py:495} INFO - csv_formatter.save()
[2025-02-10T08:59:07.808+0000] {spark_submit.py:495} INFO - File "/home/airflow/.local/lib/python3.9/site-packages/pandas/io/formats/csvs.py", line 228, in save
[2025-02-10T08:59:07.808+0000] {spark_submit.py:495} INFO - with get_handle(
[2025-02-10T08:59:07.809+0000] {spark_submit.py:495} INFO - File "/home/airflow/.local/lib/python3.9/site-packages/pandas/io/common.py", line 642, in get_handle
[2025-02-10T08:59:07.810+0000] {spark_submit.py:495} INFO - handle = open(
[2025-02-10T08:59:07.811+0000] {spark_submit.py:495} INFO - FileNotFoundError: [Errno 2] No such file or directory: 'opt/airflow/data/test_ouput'
[2025-02-10T08:59:08.281+0000] {taskinstance.py:2728} ERROR - Task failed with exception
Traceback (most recent call last):
  File "/home/airflow/.local/lib/python3.9/site-packages/airflow/models/taskinstance.py", line 444, in _execute_task
    result = _execute_callable(context=context, **execute_callable_kwargs)
  File "/home/airflow/.local/lib/python3.9/site-packages/airflow/models/taskinstance.py", line 414, in _execute_callable
    return execute_callable(context=context, **execute_callable_kwargs)
  File "/home/airflow/.local/lib/python3.9/site-packages/airflow/providers/apache/spark/operators/spark_submit.py", line 157, in execute
    self._hook.submit(self._application)
  File "/home/airflow/.local/lib/python3.9/site-packages/airflow/providers/apache/spark/hooks/spark_submit.py", line 426, in submit
    raise AirflowException(
airflow.exceptions.AirflowException: Cannot execute: spark-submit --master spark://deproject-spark-master:7077 --name arrow-spark /spark-scripts/spark-example.py. Error code is: 1.
[2025-02-10T08:59:08.289+0000] {taskinstance.py:1149} INFO - Marking task as FAILED. dag_id=spark_airflow_dag, task_id=spark_submit_task, execution_date=20250210T085757, start_date=20250210T085759, end_date=20250210T085908
[2025-02-10T08:59:08.322+0000] {standard_task_runner.py:107} ERROR - Failed to execute job 22 for task spark_submit_task (Cannot execute: spark-submit --master spark://deproject-spark-master:7077 --name arrow-spark /spark-scripts/spark-example.py. Error code is: 1.; 259)
[2025-02-10T08:59:08.348+0000] {local_task_job_runner.py:234} INFO - Task exited with return code 1
[2025-02-10T08:59:08.382+0000] {taskinstance.py:3309} INFO - 0 downstream tasks scheduled from follow-on schedule check
