[2025-02-19T12:48:12.739+0000] {taskinstance.py:1979} INFO - Dependencies all met for dep_context=non-requeueable deps ti=<TaskInstance: scraping_news_dag.spark_load_task manual__2025-02-19T12:39:40.687637+00:00 [queued]>
[2025-02-19T12:48:12.762+0000] {taskinstance.py:1979} INFO - Dependencies all met for dep_context=requeueable deps ti=<TaskInstance: scraping_news_dag.spark_load_task manual__2025-02-19T12:39:40.687637+00:00 [queued]>
[2025-02-19T12:48:12.764+0000] {taskinstance.py:2193} INFO - Starting attempt 1 of 1
[2025-02-19T12:48:12.799+0000] {taskinstance.py:2214} INFO - Executing <Task(SparkSubmitOperator): spark_load_task> on 2025-02-19 12:39:40.687637+00:00
[2025-02-19T12:48:12.806+0000] {standard_task_runner.py:60} INFO - Started process 4567 to run task
[2025-02-19T12:48:12.815+0000] {standard_task_runner.py:87} INFO - Running: ['airflow', 'tasks', 'run', 'scraping_news_dag', 'spark_load_task', 'manual__2025-02-19T12:39:40.687637+00:00', '--job-id', '146', '--raw', '--subdir', 'DAGS_FOLDER/scraping-news-dag.py', '--cfg-path', '/tmp/tmpp9hxmzbw']
[2025-02-19T12:48:12.820+0000] {standard_task_runner.py:88} INFO - Job 146: Subtask spark_load_task
[2025-02-19T12:48:12.865+0000] {logging_mixin.py:188} WARNING - /home/airflow/.local/lib/python3.9/site-packages/airflow/settings.py:194 DeprecationWarning: The sql_alchemy_conn option in [core] has been moved to the sql_alchemy_conn option in [database] - the old setting has been used, but please update your config.
[2025-02-19T12:48:12.944+0000] {task_command.py:423} INFO - Running <TaskInstance: scraping_news_dag.spark_load_task manual__2025-02-19T12:39:40.687637+00:00 [running]> on host deproject-airflow-scheduler
[2025-02-19T12:48:13.139+0000] {taskinstance.py:2510} INFO - Exporting env vars: AIRFLOW_CTX_DAG_OWNER='airflow' AIRFLOW_CTX_DAG_ID='scraping_news_dag' AIRFLOW_CTX_TASK_ID='spark_load_task' AIRFLOW_CTX_EXECUTION_DATE='2025-02-19T12:39:40.687637+00:00' AIRFLOW_CTX_TRY_NUMBER='1' AIRFLOW_CTX_DAG_RUN_ID='manual__2025-02-19T12:39:40.687637+00:00'
[2025-02-19T12:48:13.161+0000] {base.py:83} INFO - Using connection ID 'spark_main' for task execution.
[2025-02-19T12:48:13.165+0000] {spark_submit.py:344} INFO - Spark-Submit cmd: spark-submit --master spark://deproject-spark-master:7077 --name arrow-spark /spark-scripts/spark-news.py
[2025-02-19T12:48:19.568+0000] {spark_submit.py:495} INFO - 25/02/19 12:48:19 INFO SparkContext: Running Spark version 3.3.2
[2025-02-19T12:48:19.700+0000] {spark_submit.py:495} INFO - 25/02/19 12:48:19 WARN NativeCodeLoader: Unable to load native-hadoop library for your platform... using builtin-java classes where applicable
[2025-02-19T12:48:19.925+0000] {spark_submit.py:495} INFO - 25/02/19 12:48:19 INFO ResourceUtils: ==============================================================
[2025-02-19T12:48:19.926+0000] {spark_submit.py:495} INFO - 25/02/19 12:48:19 INFO ResourceUtils: No custom resources configured for spark.driver.
[2025-02-19T12:48:19.928+0000] {spark_submit.py:495} INFO - 25/02/19 12:48:19 INFO ResourceUtils: ==============================================================
[2025-02-19T12:48:19.929+0000] {spark_submit.py:495} INFO - 25/02/19 12:48:19 INFO SparkContext: Submitted application: FinalProject
[2025-02-19T12:48:19.976+0000] {spark_submit.py:495} INFO - 25/02/19 12:48:19 INFO ResourceProfile: Default ResourceProfile created, executor resources: Map(cores -> name: cores, amount: 1, script: , vendor: , memory -> name: memory, amount: 1024, script: , vendor: , offHeap -> name: offHeap, amount: 0, script: , vendor: ), task resources: Map(cpus -> name: cpus, amount: 1.0)
[2025-02-19T12:48:19.990+0000] {spark_submit.py:495} INFO - 25/02/19 12:48:19 INFO ResourceProfile: Limiting resource is cpu
[2025-02-19T12:48:19.992+0000] {spark_submit.py:495} INFO - 25/02/19 12:48:19 INFO ResourceProfileManager: Added ResourceProfile id: 0
[2025-02-19T12:48:20.105+0000] {spark_submit.py:495} INFO - 25/02/19 12:48:20 INFO SecurityManager: Changing view acls to: airflow
[2025-02-19T12:48:20.106+0000] {spark_submit.py:495} INFO - 25/02/19 12:48:20 INFO SecurityManager: Changing modify acls to: airflow
[2025-02-19T12:48:20.107+0000] {spark_submit.py:495} INFO - 25/02/19 12:48:20 INFO SecurityManager: Changing view acls groups to:
[2025-02-19T12:48:20.108+0000] {spark_submit.py:495} INFO - 25/02/19 12:48:20 INFO SecurityManager: Changing modify acls groups to:
[2025-02-19T12:48:20.109+0000] {spark_submit.py:495} INFO - 25/02/19 12:48:20 INFO SecurityManager: SecurityManager: authentication disabled; ui acls disabled; users  with view permissions: Set(airflow); groups with view permissions: Set(); users  with modify permissions: Set(airflow); groups with modify permissions: Set()
[2025-02-19T12:48:20.627+0000] {spark_submit.py:495} INFO - 25/02/19 12:48:20 INFO Utils: Successfully started service 'sparkDriver' on port 42023.
[2025-02-19T12:48:20.697+0000] {spark_submit.py:495} INFO - 25/02/19 12:48:20 INFO SparkEnv: Registering MapOutputTracker
[2025-02-19T12:48:20.773+0000] {spark_submit.py:495} INFO - 25/02/19 12:48:20 INFO SparkEnv: Registering BlockManagerMaster
[2025-02-19T12:48:20.812+0000] {spark_submit.py:495} INFO - 25/02/19 12:48:20 INFO BlockManagerMasterEndpoint: Using org.apache.spark.storage.DefaultTopologyMapper for getting topology information
[2025-02-19T12:48:20.813+0000] {spark_submit.py:495} INFO - 25/02/19 12:48:20 INFO BlockManagerMasterEndpoint: BlockManagerMasterEndpoint up
[2025-02-19T12:48:20.823+0000] {spark_submit.py:495} INFO - 25/02/19 12:48:20 INFO SparkEnv: Registering BlockManagerMasterHeartbeat
[2025-02-19T12:48:20.872+0000] {spark_submit.py:495} INFO - 25/02/19 12:48:20 INFO DiskBlockManager: Created local directory at /tmp/blockmgr-6cdfb2cc-4cd2-421d-9a17-d424abd3652d
[2025-02-19T12:48:20.907+0000] {spark_submit.py:495} INFO - 25/02/19 12:48:20 INFO MemoryStore: MemoryStore started with capacity 434.4 MiB
[2025-02-19T12:48:20.936+0000] {spark_submit.py:495} INFO - 25/02/19 12:48:20 INFO SparkEnv: Registering OutputCommitCoordinator
[2025-02-19T12:48:21.362+0000] {spark_submit.py:495} INFO - 25/02/19 12:48:21 INFO Utils: Successfully started service 'SparkUI' on port 4040.
[2025-02-19T12:48:21.598+0000] {spark_submit.py:495} INFO - 25/02/19 12:48:21 INFO StandaloneAppClient$ClientEndpoint: Connecting to master spark://deproject-spark-master:7077...
[2025-02-19T12:48:21.681+0000] {spark_submit.py:495} INFO - 25/02/19 12:48:21 INFO TransportClientFactory: Successfully created connection to deproject-spark-master/172.28.0.3:7077 after 47 ms (0 ms spent in bootstraps)
[2025-02-19T12:48:21.998+0000] {spark_submit.py:495} INFO - 25/02/19 12:48:21 INFO StandaloneSchedulerBackend: Connected to Spark cluster with app ID app-20250219124821-0000
[2025-02-19T12:48:22.010+0000] {spark_submit.py:495} INFO - 25/02/19 12:48:22 INFO Utils: Successfully started service 'org.apache.spark.network.netty.NettyBlockTransferService' on port 41135.
[2025-02-19T12:48:22.011+0000] {spark_submit.py:495} INFO - 25/02/19 12:48:22 INFO NettyBlockTransferService: Server created on deproject-airflow-scheduler:41135
[2025-02-19T12:48:22.013+0000] {spark_submit.py:495} INFO - 25/02/19 12:48:22 INFO BlockManager: Using org.apache.spark.storage.RandomBlockReplicationPolicy for block replication policy
[2025-02-19T12:48:22.025+0000] {spark_submit.py:495} INFO - 25/02/19 12:48:22 INFO BlockManagerMaster: Registering BlockManager BlockManagerId(driver, deproject-airflow-scheduler, 41135, None)
[2025-02-19T12:48:22.031+0000] {spark_submit.py:495} INFO - 25/02/19 12:48:22 INFO BlockManagerMasterEndpoint: Registering block manager deproject-airflow-scheduler:41135 with 434.4 MiB RAM, BlockManagerId(driver, deproject-airflow-scheduler, 41135, None)
[2025-02-19T12:48:22.034+0000] {spark_submit.py:495} INFO - 25/02/19 12:48:22 INFO BlockManagerMaster: Registered BlockManager BlockManagerId(driver, deproject-airflow-scheduler, 41135, None)
[2025-02-19T12:48:22.036+0000] {spark_submit.py:495} INFO - 25/02/19 12:48:22 INFO BlockManager: Initialized BlockManager: BlockManagerId(driver, deproject-airflow-scheduler, 41135, None)
[2025-02-19T12:48:22.068+0000] {spark_submit.py:495} INFO - 25/02/19 12:48:22 INFO StandaloneAppClient$ClientEndpoint: Executor added: app-20250219124821-0000/0 on worker-20250219123803-172.28.0.4-44745 (172.28.0.4:44745) with 1 core(s)
[2025-02-19T12:48:22.072+0000] {spark_submit.py:495} INFO - 25/02/19 12:48:22 INFO StandaloneSchedulerBackend: Granted executor ID app-20250219124821-0000/0 on hostPort 172.28.0.4:44745 with 1 core(s), 1024.0 MiB RAM
[2025-02-19T12:48:22.475+0000] {spark_submit.py:495} INFO - 25/02/19 12:48:22 INFO StandaloneSchedulerBackend: SchedulerBackend is ready for scheduling beginning after reached minRegisteredResourcesRatio: 0.0
[2025-02-19T12:48:33.970+0000] {spark_submit.py:495} INFO - +---+--------------------+-------------------+--------------------+--------------------+------+
[2025-02-19T12:48:33.972+0000] {spark_submit.py:495} INFO - | id|                 url|           datetime|               title|                text|source|
[2025-02-19T12:48:33.972+0000] {spark_submit.py:495} INFO - +---+--------------------+-------------------+--------------------+--------------------+------+
[2025-02-19T12:48:33.974+0000] {spark_submit.py:495} INFO - |  0|https://edition.c...|2025-02-17 17:44:00|Trump offers key ...|Vladimir Putin is...|   cnn|
[2025-02-19T12:48:33.975+0000] {spark_submit.py:495} INFO - |  1|https://edition.c...|2025-02-13 21:50:00|Americans voted f...|A version of this...|   cnn|
[2025-02-19T12:48:33.976+0000] {spark_submit.py:495} INFO - |  2|https://edition.c...|2025-02-19 00:14:00|‘Good luck with t...|The Trump adminis...|   cnn|
[2025-02-19T12:48:33.977+0000] {spark_submit.py:495} INFO - |  3|https://edition.c...|2025-02-18 22:02:00|Trump delivers an...|It looked like th...|   cnn|
[2025-02-19T12:48:33.977+0000] {spark_submit.py:495} INFO - |  4|https://edition.c...|2025-02-18 21:17:00|Trump’s rush for ...|A dangerous fault...|   cnn|
[2025-02-19T12:48:33.978+0000] {spark_submit.py:495} INFO - +---+--------------------+-------------------+--------------------+--------------------+------+
[2025-02-19T12:48:33.979+0000] {spark_submit.py:495} INFO - only showing top 5 rows
[2025-02-19T12:48:33.980+0000] {spark_submit.py:495} INFO - 
[2025-02-19T12:48:33.981+0000] {spark_submit.py:495} INFO - root
[2025-02-19T12:48:33.981+0000] {spark_submit.py:495} INFO - |-- id: integer (nullable = true)
[2025-02-19T12:48:33.982+0000] {spark_submit.py:495} INFO - |-- url: string (nullable = true)
[2025-02-19T12:48:33.983+0000] {spark_submit.py:495} INFO - |-- datetime: timestamp (nullable = true)
[2025-02-19T12:48:33.985+0000] {spark_submit.py:495} INFO - |-- title: string (nullable = true)
[2025-02-19T12:48:33.986+0000] {spark_submit.py:495} INFO - |-- text: string (nullable = true)
[2025-02-19T12:48:33.987+0000] {spark_submit.py:495} INFO - |-- source: string (nullable = true)
[2025-02-19T12:48:33.988+0000] {spark_submit.py:495} INFO - 
[2025-02-19T12:48:36.072+0000] {spark_submit.py:495} INFO - 91
[2025-02-19T12:48:37.070+0000] {spark_submit.py:495} INFO - +---+--------------------+-------------------+--------------------+--------------------+------+
[2025-02-19T12:48:37.072+0000] {spark_submit.py:495} INFO - | id|                 url|           datetime|               title|                text|source|
[2025-02-19T12:48:37.073+0000] {spark_submit.py:495} INFO - +---+--------------------+-------------------+--------------------+--------------------+------+
[2025-02-19T12:48:37.074+0000] {spark_submit.py:495} INFO - |  0|https://edition.c...|2025-02-17 17:44:00|Trump offers key ...|Vladimir Putin is...|   cnn|
[2025-02-19T12:48:37.075+0000] {spark_submit.py:495} INFO - |  1|https://edition.c...|2025-02-13 21:50:00|Americans voted f...|A version of this...|   cnn|
[2025-02-19T12:48:37.076+0000] {spark_submit.py:495} INFO - |  2|https://edition.c...|2025-02-19 00:14:00|‘Good luck with t...|The Trump adminis...|   cnn|
[2025-02-19T12:48:37.077+0000] {spark_submit.py:495} INFO - |  3|https://edition.c...|2025-02-18 22:02:00|Trump delivers an...|It looked like th...|   cnn|
[2025-02-19T12:48:37.078+0000] {spark_submit.py:495} INFO - |  4|https://edition.c...|2025-02-18 21:17:00|Trump’s rush for ...|A dangerous fault...|   cnn|
[2025-02-19T12:48:37.079+0000] {spark_submit.py:495} INFO - +---+--------------------+-------------------+--------------------+--------------------+------+
[2025-02-19T12:48:37.080+0000] {spark_submit.py:495} INFO - only showing top 5 rows
[2025-02-19T12:48:37.081+0000] {spark_submit.py:495} INFO - 
[2025-02-19T12:48:37.952+0000] {spark_submit.py:495} INFO - 83
[2025-02-19T12:48:40.320+0000] {taskinstance.py:1149} INFO - Marking task as SUCCESS. dag_id=scraping_news_dag, task_id=spark_load_task, execution_date=20250219T123940, start_date=20250219T124812, end_date=20250219T124840
[2025-02-19T12:48:40.379+0000] {local_task_job_runner.py:234} INFO - Task exited with return code 0
[2025-02-19T12:48:40.431+0000] {taskinstance.py:3309} INFO - 2 downstream tasks scheduled from follow-on schedule check
