[2025-02-20T08:44:08.150+0000] {taskinstance.py:1979} INFO - Dependencies all met for dep_context=non-requeueable deps ti=<TaskInstance: scraping_news_dag.spark_load_task_cnn manual__2025-02-20T08:40:12.154804+00:00 [queued]>
[2025-02-20T08:44:08.173+0000] {taskinstance.py:1979} INFO - Dependencies all met for dep_context=requeueable deps ti=<TaskInstance: scraping_news_dag.spark_load_task_cnn manual__2025-02-20T08:40:12.154804+00:00 [queued]>
[2025-02-20T08:44:08.174+0000] {taskinstance.py:2193} INFO - Starting attempt 1 of 1
[2025-02-20T08:44:08.206+0000] {taskinstance.py:2214} INFO - Executing <Task(SparkSubmitOperator): spark_load_task_cnn> on 2025-02-20 08:40:12.154804+00:00
[2025-02-20T08:44:08.214+0000] {standard_task_runner.py:60} INFO - Started process 7394 to run task
[2025-02-20T08:44:08.218+0000] {standard_task_runner.py:87} INFO - Running: ['airflow', 'tasks', 'run', 'scraping_news_dag', 'spark_load_task_cnn', 'manual__2025-02-20T08:40:12.154804+00:00', '--job-id', '174', '--raw', '--subdir', 'DAGS_FOLDER/scraping-news-dag.py', '--cfg-path', '/tmp/tmpplxrof7g']
[2025-02-20T08:44:08.222+0000] {standard_task_runner.py:88} INFO - Job 174: Subtask spark_load_task_cnn
[2025-02-20T08:44:08.250+0000] {logging_mixin.py:188} WARNING - /home/airflow/.local/lib/python3.9/site-packages/airflow/settings.py:194 DeprecationWarning: The sql_alchemy_conn option in [core] has been moved to the sql_alchemy_conn option in [database] - the old setting has been used, but please update your config.
[2025-02-20T08:44:08.321+0000] {task_command.py:423} INFO - Running <TaskInstance: scraping_news_dag.spark_load_task_cnn manual__2025-02-20T08:40:12.154804+00:00 [running]> on host deproject-airflow-scheduler
[2025-02-20T08:44:08.509+0000] {taskinstance.py:2510} INFO - Exporting env vars: AIRFLOW_CTX_DAG_OWNER='airflow' AIRFLOW_CTX_DAG_ID='scraping_news_dag' AIRFLOW_CTX_TASK_ID='spark_load_task_cnn' AIRFLOW_CTX_EXECUTION_DATE='2025-02-20T08:40:12.154804+00:00' AIRFLOW_CTX_TRY_NUMBER='1' AIRFLOW_CTX_DAG_RUN_ID='manual__2025-02-20T08:40:12.154804+00:00'
[2025-02-20T08:44:08.528+0000] {base.py:83} INFO - Using connection ID 'spark_main' for task execution.
[2025-02-20T08:44:08.530+0000] {spark_submit.py:344} INFO - Spark-Submit cmd: spark-submit --master spark://deproject-spark-master:7077 --name arrow-spark /spark-scripts/spark-cnn.py
[2025-02-20T08:44:14.441+0000] {spark_submit.py:495} INFO - 25/02/20 08:44:14 INFO SparkContext: Running Spark version 3.3.2
[2025-02-20T08:44:14.553+0000] {spark_submit.py:495} INFO - 25/02/20 08:44:14 WARN NativeCodeLoader: Unable to load native-hadoop library for your platform... using builtin-java classes where applicable
[2025-02-20T08:44:14.713+0000] {spark_submit.py:495} INFO - 25/02/20 08:44:14 INFO ResourceUtils: ==============================================================
[2025-02-20T08:44:14.714+0000] {spark_submit.py:495} INFO - 25/02/20 08:44:14 INFO ResourceUtils: No custom resources configured for spark.driver.
[2025-02-20T08:44:14.715+0000] {spark_submit.py:495} INFO - 25/02/20 08:44:14 INFO ResourceUtils: ==============================================================
[2025-02-20T08:44:14.715+0000] {spark_submit.py:495} INFO - 25/02/20 08:44:14 INFO SparkContext: Submitted application: FinalProject
[2025-02-20T08:44:14.752+0000] {spark_submit.py:495} INFO - 25/02/20 08:44:14 INFO ResourceProfile: Default ResourceProfile created, executor resources: Map(cores -> name: cores, amount: 1, script: , vendor: , memory -> name: memory, amount: 1024, script: , vendor: , offHeap -> name: offHeap, amount: 0, script: , vendor: ), task resources: Map(cpus -> name: cpus, amount: 1.0)
[2025-02-20T08:44:14.770+0000] {spark_submit.py:495} INFO - 25/02/20 08:44:14 INFO ResourceProfile: Limiting resource is cpu
[2025-02-20T08:44:14.772+0000] {spark_submit.py:495} INFO - 25/02/20 08:44:14 INFO ResourceProfileManager: Added ResourceProfile id: 0
[2025-02-20T08:44:14.859+0000] {spark_submit.py:495} INFO - 25/02/20 08:44:14 INFO SecurityManager: Changing view acls to: airflow
[2025-02-20T08:44:14.860+0000] {spark_submit.py:495} INFO - 25/02/20 08:44:14 INFO SecurityManager: Changing modify acls to: airflow
[2025-02-20T08:44:14.861+0000] {spark_submit.py:495} INFO - 25/02/20 08:44:14 INFO SecurityManager: Changing view acls groups to:
[2025-02-20T08:44:14.862+0000] {spark_submit.py:495} INFO - 25/02/20 08:44:14 INFO SecurityManager: Changing modify acls groups to:
[2025-02-20T08:44:14.863+0000] {spark_submit.py:495} INFO - 25/02/20 08:44:14 INFO SecurityManager: SecurityManager: authentication disabled; ui acls disabled; users  with view permissions: Set(airflow); groups with view permissions: Set(); users  with modify permissions: Set(airflow); groups with modify permissions: Set()
[2025-02-20T08:44:15.270+0000] {spark_submit.py:495} INFO - 25/02/20 08:44:15 INFO Utils: Successfully started service 'sparkDriver' on port 44799.
[2025-02-20T08:44:15.318+0000] {spark_submit.py:495} INFO - 25/02/20 08:44:15 INFO SparkEnv: Registering MapOutputTracker
[2025-02-20T08:44:15.380+0000] {spark_submit.py:495} INFO - 25/02/20 08:44:15 INFO SparkEnv: Registering BlockManagerMaster
[2025-02-20T08:44:15.413+0000] {spark_submit.py:495} INFO - 25/02/20 08:44:15 INFO BlockManagerMasterEndpoint: Using org.apache.spark.storage.DefaultTopologyMapper for getting topology information
[2025-02-20T08:44:15.415+0000] {spark_submit.py:495} INFO - 25/02/20 08:44:15 INFO BlockManagerMasterEndpoint: BlockManagerMasterEndpoint up
[2025-02-20T08:44:15.424+0000] {spark_submit.py:495} INFO - 25/02/20 08:44:15 INFO SparkEnv: Registering BlockManagerMasterHeartbeat
[2025-02-20T08:44:15.461+0000] {spark_submit.py:495} INFO - 25/02/20 08:44:15 INFO DiskBlockManager: Created local directory at /tmp/blockmgr-c083593d-0de9-43a3-a230-f13d5c29bb5a
[2025-02-20T08:44:15.492+0000] {spark_submit.py:495} INFO - 25/02/20 08:44:15 INFO MemoryStore: MemoryStore started with capacity 434.4 MiB
[2025-02-20T08:44:15.522+0000] {spark_submit.py:495} INFO - 25/02/20 08:44:15 INFO SparkEnv: Registering OutputCommitCoordinator
[2025-02-20T08:44:15.869+0000] {spark_submit.py:495} INFO - 25/02/20 08:44:15 INFO Utils: Successfully started service 'SparkUI' on port 4040.
[2025-02-20T08:44:16.121+0000] {spark_submit.py:495} INFO - 25/02/20 08:44:16 INFO StandaloneAppClient$ClientEndpoint: Connecting to master spark://deproject-spark-master:7077...
[2025-02-20T08:44:16.198+0000] {spark_submit.py:495} INFO - 25/02/20 08:44:16 INFO TransportClientFactory: Successfully created connection to deproject-spark-master/172.28.0.3:7077 after 43 ms (0 ms spent in bootstraps)
[2025-02-20T08:44:16.386+0000] {spark_submit.py:495} INFO - 25/02/20 08:44:16 INFO StandaloneSchedulerBackend: Connected to Spark cluster with app ID app-20250220084416-0002
[2025-02-20T08:44:16.389+0000] {spark_submit.py:495} INFO - 25/02/20 08:44:16 INFO StandaloneAppClient$ClientEndpoint: Executor added: app-20250220084416-0002/0 on worker-20250220082311-172.28.0.4-44751 (172.28.0.4:44751) with 1 core(s)
[2025-02-20T08:44:16.394+0000] {spark_submit.py:495} INFO - 25/02/20 08:44:16 INFO StandaloneSchedulerBackend: Granted executor ID app-20250220084416-0002/0 on hostPort 172.28.0.4:44751 with 1 core(s), 1024.0 MiB RAM
[2025-02-20T08:44:16.398+0000] {spark_submit.py:495} INFO - 25/02/20 08:44:16 INFO Utils: Successfully started service 'org.apache.spark.network.netty.NettyBlockTransferService' on port 41777.
[2025-02-20T08:44:16.399+0000] {spark_submit.py:495} INFO - 25/02/20 08:44:16 INFO NettyBlockTransferService: Server created on deproject-airflow-scheduler:41777
[2025-02-20T08:44:16.402+0000] {spark_submit.py:495} INFO - 25/02/20 08:44:16 INFO BlockManager: Using org.apache.spark.storage.RandomBlockReplicationPolicy for block replication policy
[2025-02-20T08:44:16.412+0000] {spark_submit.py:495} INFO - 25/02/20 08:44:16 INFO BlockManagerMaster: Registering BlockManager BlockManagerId(driver, deproject-airflow-scheduler, 41777, None)
[2025-02-20T08:44:16.417+0000] {spark_submit.py:495} INFO - 25/02/20 08:44:16 INFO BlockManagerMasterEndpoint: Registering block manager deproject-airflow-scheduler:41777 with 434.4 MiB RAM, BlockManagerId(driver, deproject-airflow-scheduler, 41777, None)
[2025-02-20T08:44:16.421+0000] {spark_submit.py:495} INFO - 25/02/20 08:44:16 INFO BlockManagerMaster: Registered BlockManager BlockManagerId(driver, deproject-airflow-scheduler, 41777, None)
[2025-02-20T08:44:16.424+0000] {spark_submit.py:495} INFO - 25/02/20 08:44:16 INFO BlockManager: Initialized BlockManager: BlockManagerId(driver, deproject-airflow-scheduler, 41777, None)
[2025-02-20T08:44:16.529+0000] {spark_submit.py:495} INFO - 25/02/20 08:44:16 INFO StandaloneAppClient$ClientEndpoint: Executor updated: app-20250220084416-0002/0 is now RUNNING
[2025-02-20T08:44:16.817+0000] {spark_submit.py:495} INFO - 25/02/20 08:44:16 INFO StandaloneSchedulerBackend: SchedulerBackend is ready for scheduling beginning after reached minRegisteredResourcesRatio: 0.0
[2025-02-20T08:44:29.172+0000] {spark_submit.py:495} INFO - 89
[2025-02-20T08:44:35.894+0000] {spark_submit.py:495} INFO - +--------------------+-------------------+--------------------+--------------------+------+
[2025-02-20T08:44:35.895+0000] {spark_submit.py:495} INFO - |                 url|           datetime|               title|                text|source|
[2025-02-20T08:44:35.896+0000] {spark_submit.py:495} INFO - +--------------------+-------------------+--------------------+--------------------+------+
[2025-02-20T08:44:35.897+0000] {spark_submit.py:495} INFO - |https://edition.c...|2025-02-13 18:19:00|Trump says tariff...|1. How relevant i...|   cnn|
[2025-02-20T08:44:35.897+0000] {spark_submit.py:495} INFO - |https://edition.c...|2025-02-13 16:58:00|Video: Vanessa Yu...|1. How relevant i...|   cnn|
[2025-02-20T08:44:35.898+0000] {spark_submit.py:495} INFO - |https://edition.c...|2025-02-13 15:56:00|Carmakers Nissan ...|Hong Kong/Tokyo J...|   cnn|
[2025-02-20T08:44:35.899+0000] {spark_submit.py:495} INFO - |https://edition.c...|2025-02-13 17:30:00|CFPB: Elizabeth W...|New York About a ...|   cnn|
[2025-02-20T08:44:35.899+0000] {spark_submit.py:495} INFO - |https://edition.c...|2025-02-13 21:50:00|Americans voted f...|A version of this...|   cnn|
[2025-02-20T08:44:35.900+0000] {spark_submit.py:495} INFO - +--------------------+-------------------+--------------------+--------------------+------+
[2025-02-20T08:44:35.901+0000] {spark_submit.py:495} INFO - only showing top 5 rows
[2025-02-20T08:44:35.902+0000] {spark_submit.py:495} INFO - 
[2025-02-20T08:44:35.904+0000] {spark_submit.py:495} INFO - root
[2025-02-20T08:44:35.905+0000] {spark_submit.py:495} INFO - |-- url: string (nullable = true)
[2025-02-20T08:44:35.905+0000] {spark_submit.py:495} INFO - |-- datetime: timestamp (nullable = true)
[2025-02-20T08:44:35.906+0000] {spark_submit.py:495} INFO - |-- title: string (nullable = true)
[2025-02-20T08:44:35.907+0000] {spark_submit.py:495} INFO - |-- text: string (nullable = true)
[2025-02-20T08:44:35.908+0000] {spark_submit.py:495} INFO - |-- source: string (nullable = true)
[2025-02-20T08:44:35.909+0000] {spark_submit.py:495} INFO - 
[2025-02-20T08:44:40.909+0000] {spark_submit.py:495} INFO - 85
[2025-02-20T08:44:45.902+0000] {spark_submit.py:495} INFO - +--------------------+-------------------+--------------------+--------------------+------+
[2025-02-20T08:44:45.903+0000] {spark_submit.py:495} INFO - |                 url|           datetime|               title|                text|source|
[2025-02-20T08:44:45.904+0000] {spark_submit.py:495} INFO - +--------------------+-------------------+--------------------+--------------------+------+
[2025-02-20T08:44:45.905+0000] {spark_submit.py:495} INFO - |https://edition.c...|2025-02-13 15:56:00|Carmakers Nissan ...|Hong Kong/Tokyo J...|   cnn|
[2025-02-20T08:44:45.906+0000] {spark_submit.py:495} INFO - |https://edition.c...|2025-02-13 17:30:00|CFPB: Elizabeth W...|New York About a ...|   cnn|
[2025-02-20T08:44:45.906+0000] {spark_submit.py:495} INFO - |https://edition.c...|2025-02-13 21:50:00|Americans voted f...|A version of this...|   cnn|
[2025-02-20T08:44:45.907+0000] {spark_submit.py:495} INFO - |https://edition.c...|2025-02-14 16:42:00|Drama over Adams ...|Call it the Thurs...|   cnn|
[2025-02-20T08:44:45.908+0000] {spark_submit.py:495} INFO - |https://edition.c...|2025-02-14 16:24:00|Fact check: Musk,...|Washington Presid...|   cnn|
[2025-02-20T08:44:45.909+0000] {spark_submit.py:495} INFO - +--------------------+-------------------+--------------------+--------------------+------+
[2025-02-20T08:44:45.909+0000] {spark_submit.py:495} INFO - only showing top 5 rows
[2025-02-20T08:44:45.910+0000] {spark_submit.py:495} INFO - 
[2025-02-20T08:44:50.693+0000] {spark_submit.py:495} INFO - 75
[2025-02-20T08:45:03.159+0000] {spark_submit.py:495} INFO - No model was supplied, defaulted to distilbert/distilbert-base-uncased-finetuned-sst-2-english and revision 714eb0f (https://huggingface.co/distilbert/distilbert-base-uncased-finetuned-sst-2-english).
[2025-02-20T08:45:03.161+0000] {spark_submit.py:495} INFO - Using a pipeline without specifying a model name and revision in production is not recommended.
[2025-02-20T08:45:04.322+0000] {spark_submit.py:495} INFO - Device set to use cpu
[2025-02-20T08:45:39.178+0000] {spark_submit.py:495} INFO - label     score
[2025-02-20T08:45:39.179+0000] {spark_submit.py:495} INFO - 0   NEGATIVE  0.996718
[2025-02-20T08:45:39.180+0000] {spark_submit.py:495} INFO - 1   NEGATIVE  0.997758
[2025-02-20T08:45:39.181+0000] {spark_submit.py:495} INFO - 2   NEGATIVE  0.886296
[2025-02-20T08:45:39.181+0000] {spark_submit.py:495} INFO - 3   NEGATIVE  0.824643
[2025-02-20T08:45:39.182+0000] {spark_submit.py:495} INFO - 4   NEGATIVE  0.998791
[2025-02-20T08:45:39.183+0000] {spark_submit.py:495} INFO - ..       ...       ...
[2025-02-20T08:45:39.183+0000] {spark_submit.py:495} INFO - 70  NEGATIVE  0.978392
[2025-02-20T08:45:39.184+0000] {spark_submit.py:495} INFO - 71  NEGATIVE  0.997790
[2025-02-20T08:45:39.185+0000] {spark_submit.py:495} INFO - 72  NEGATIVE  0.988427
[2025-02-20T08:45:39.186+0000] {spark_submit.py:495} INFO - 73  POSITIVE  0.995676
[2025-02-20T08:45:39.187+0000] {spark_submit.py:495} INFO - 74  POSITIVE  0.868728
[2025-02-20T08:45:39.188+0000] {spark_submit.py:495} INFO - 
[2025-02-20T08:45:39.188+0000] {spark_submit.py:495} INFO - [75 rows x 2 columns]
[2025-02-20T08:45:43.876+0000] {spark_submit.py:495} INFO - url  ... source
[2025-02-20T08:45:43.877+0000] {spark_submit.py:495} INFO - 0   https://edition.cnn.com/2025/02/13/cars/japan-...  ...    cnn
[2025-02-20T08:45:43.878+0000] {spark_submit.py:495} INFO - 1   https://edition.cnn.com/2025/02/13/economy/elo...  ...    cnn
[2025-02-20T08:45:43.879+0000] {spark_submit.py:495} INFO - 2   https://edition.cnn.com/2025/02/13/politics/am...  ...    cnn
[2025-02-20T08:45:43.880+0000] {spark_submit.py:495} INFO - 3   https://edition.cnn.com/2025/02/13/politics/er...  ...    cnn
[2025-02-20T08:45:43.881+0000] {spark_submit.py:495} INFO - 4   https://edition.cnn.com/2025/02/13/politics/mu...  ...    cnn
[2025-02-20T08:45:43.882+0000] {spark_submit.py:495} INFO - ..                                                ...  ...    ...
[2025-02-20T08:45:43.883+0000] {spark_submit.py:495} INFO - 70  https://edition.cnn.com/2025/02/19/tech/trump-...  ...    cnn
[2025-02-20T08:45:43.884+0000] {spark_submit.py:495} INFO - 71  https://edition.cnn.com/2025/02/20/economy/chi...  ...    cnn
[2025-02-20T08:45:43.885+0000] {spark_submit.py:495} INFO - 72  https://edition.cnn.com/2025/02/20/politics/tr...  ...    cnn
[2025-02-20T08:45:43.886+0000] {spark_submit.py:495} INFO - 73  https://edition.cnn.com/politics/tracking-trum...  ...    cnn
[2025-02-20T08:45:43.887+0000] {spark_submit.py:495} INFO - 74  https://edition.cnn.com/politics/trump-cabinet...  ...    cnn
[2025-02-20T08:45:43.888+0000] {spark_submit.py:495} INFO - 
[2025-02-20T08:45:43.889+0000] {spark_submit.py:495} INFO - [75 rows x 5 columns]
[2025-02-20T08:45:43.910+0000] {spark_submit.py:495} INFO - url  ...     score
[2025-02-20T08:45:43.911+0000] {spark_submit.py:495} INFO - 0   https://edition.cnn.com/2025/02/13/cars/japan-...  ...  0.996718
[2025-02-20T08:45:43.912+0000] {spark_submit.py:495} INFO - 1   https://edition.cnn.com/2025/02/13/economy/elo...  ...  0.997758
[2025-02-20T08:45:43.913+0000] {spark_submit.py:495} INFO - 2   https://edition.cnn.com/2025/02/13/politics/am...  ...  0.886296
[2025-02-20T08:45:43.914+0000] {spark_submit.py:495} INFO - 3   https://edition.cnn.com/2025/02/13/politics/er...  ...  0.824643
[2025-02-20T08:45:43.915+0000] {spark_submit.py:495} INFO - 4   https://edition.cnn.com/2025/02/13/politics/mu...  ...  0.998791
[2025-02-20T08:45:43.915+0000] {spark_submit.py:495} INFO - ..                                                ...  ...       ...
[2025-02-20T08:45:43.916+0000] {spark_submit.py:495} INFO - 70  https://edition.cnn.com/2025/02/19/tech/trump-...  ...  0.978392
[2025-02-20T08:45:43.917+0000] {spark_submit.py:495} INFO - 71  https://edition.cnn.com/2025/02/20/economy/chi...  ...  0.997790
[2025-02-20T08:45:43.918+0000] {spark_submit.py:495} INFO - 72  https://edition.cnn.com/2025/02/20/politics/tr...  ...  0.988427
[2025-02-20T08:45:43.919+0000] {spark_submit.py:495} INFO - 73  https://edition.cnn.com/politics/tracking-trum...  ...  0.995676
[2025-02-20T08:45:43.920+0000] {spark_submit.py:495} INFO - 74  https://edition.cnn.com/politics/trump-cabinet...  ...  0.868728
[2025-02-20T08:45:43.921+0000] {spark_submit.py:495} INFO - 
[2025-02-20T08:45:43.922+0000] {spark_submit.py:495} INFO - [75 rows x 7 columns]
[2025-02-20T08:45:45.660+0000] {taskinstance.py:1149} INFO - Marking task as SUCCESS. dag_id=scraping_news_dag, task_id=spark_load_task_cnn, execution_date=20250220T084012, start_date=20250220T084408, end_date=20250220T084545
[2025-02-20T08:45:45.729+0000] {local_task_job_runner.py:234} INFO - Task exited with return code 0
[2025-02-20T08:45:45.814+0000] {taskinstance.py:3309} INFO - 1 downstream tasks scheduled from follow-on schedule check
