[2025-02-20T07:48:22.919+0000] {taskinstance.py:1979} INFO - Dependencies all met for dep_context=non-requeueable deps ti=<TaskInstance: scraping_news_dag.scrapping_cnn manual__2025-02-20T07:48:21.033880+00:00 [queued]>
[2025-02-20T07:48:22.927+0000] {taskinstance.py:1979} INFO - Dependencies all met for dep_context=requeueable deps ti=<TaskInstance: scraping_news_dag.scrapping_cnn manual__2025-02-20T07:48:21.033880+00:00 [queued]>
[2025-02-20T07:48:22.927+0000] {taskinstance.py:2193} INFO - Starting attempt 1 of 1
[2025-02-20T07:48:22.938+0000] {taskinstance.py:2214} INFO - Executing <Task(_PythonDecoratedOperator): scrapping_cnn> on 2025-02-20 07:48:21.033880+00:00
[2025-02-20T07:48:22.942+0000] {standard_task_runner.py:60} INFO - Started process 6104 to run task
[2025-02-20T07:48:22.946+0000] {standard_task_runner.py:87} INFO - Running: ['airflow', 'tasks', 'run', 'scraping_news_dag', 'scrapping_cnn', 'manual__2025-02-20T07:48:21.033880+00:00', '--job-id', '160', '--raw', '--subdir', 'DAGS_FOLDER/scraping-news-dag.py', '--cfg-path', '/tmp/tmpfwgpg_an']
[2025-02-20T07:48:22.949+0000] {standard_task_runner.py:88} INFO - Job 160: Subtask scrapping_cnn
[2025-02-20T07:48:22.961+0000] {logging_mixin.py:188} WARNING - /home/airflow/.local/lib/python3.9/site-packages/airflow/settings.py:194 DeprecationWarning: The sql_alchemy_conn option in [core] has been moved to the sql_alchemy_conn option in [database] - the old setting has been used, but please update your config.
[2025-02-20T07:48:22.991+0000] {task_command.py:423} INFO - Running <TaskInstance: scraping_news_dag.scrapping_cnn manual__2025-02-20T07:48:21.033880+00:00 [running]> on host deproject-airflow-scheduler
[2025-02-20T07:48:23.062+0000] {taskinstance.py:2510} INFO - Exporting env vars: AIRFLOW_CTX_DAG_OWNER='airflow' AIRFLOW_CTX_DAG_ID='scraping_news_dag' AIRFLOW_CTX_TASK_ID='scrapping_cnn' AIRFLOW_CTX_EXECUTION_DATE='2025-02-20T07:48:21.033880+00:00' AIRFLOW_CTX_TRY_NUMBER='1' AIRFLOW_CTX_DAG_RUN_ID='manual__2025-02-20T07:48:21.033880+00:00'
[2025-02-20T07:49:29.338+0000] {logging_mixin.py:188} WARNING - /home/airflow/.local/lib/python3.9/site-packages/dateutil/parser/_parser.py:1207 UnknownTimezoneWarning: tzname WIB identified but not understood.  Pass `tzinfos` argument in order to correctly return a timezone-aware datetime.  In a future version, this will raise an exception.
[2025-02-20T07:50:55.358+0000] {logging_mixin.py:188} INFO -                                                   url  ... source
0   https://edition.cnn.com/2025/02/18/politics/er...  ...    cnn
1   https://edition.cnn.com/2025/02/18/politics/do...  ...    cnn
2   https://edition.cnn.com/2025/02/17/politics/wh...  ...    cnn
3   https://edition.cnn.com/2025/02/18/politics/jf...  ...    cnn
4   https://edition.cnn.com/2025/02/19/politics/ed...  ...    cnn
..                                                ...  ...    ...
84  https://edition.cnn.com/2025/02/19/business/vi...  ...    cnn
85  https://edition.cnn.com/2025/02/20/economy/chi...  ...    cnn
86  https://edition.cnn.com/2025/02/19/business/tr...  ...    cnn
87  https://edition.cnn.com/2025/02/19/tech/trump-...  ...    cnn
88  https://edition.cnn.com/2025/02/20/economy/chi...  ...    cnn

[89 rows x 5 columns]
[2025-02-20T07:50:55.360+0000] {logging_mixin.py:188} INFO - 0    2025-02-18 13:44:00
1    2025-02-19 19:30:00
2    2025-02-18 21:54:00
3    2025-02-19 21:39:00
4    2025-02-19 23:55:00
             ...        
84   2025-02-19 18:14:00
85   2025-02-20 14:21:00
86   2025-02-19 18:21:00
87   2025-02-19 18:23:00
88   2025-02-20 14:21:00
Name: datetime, Length: 89, dtype: datetime64[ns]
[2025-02-20T07:50:55.361+0000] {logging_mixin.py:188} INFO - 0     The federal judge overseeing the corruption ca...
1     A federal judge declined on Tuesday to tempora...
2     President Donald Trump is heading to the Supre...
3     The John F. Kennedy Presidential Library and M...
4     While Trump administration officials were prep...
                            ...                        
84    1. How relevant is this ad to you?Video player...
85    Hong Kong Inbound investment in China plummete...
86    New York The Trump administration is moving ah...
87    President Donald Trump’s media company is suin...
88    Hong Kong Inbound investment in China plummete...
Name: text, Length: 89, dtype: object
[2025-02-20T07:50:55.387+0000] {python.py:202} INFO - Done. Returned value was: None
[2025-02-20T07:50:55.395+0000] {taskinstance.py:1149} INFO - Marking task as SUCCESS. dag_id=scraping_news_dag, task_id=scrapping_cnn, execution_date=20250220T074821, start_date=20250220T074822, end_date=20250220T075055
[2025-02-20T07:50:55.436+0000] {local_task_job_runner.py:234} INFO - Task exited with return code 0
[2025-02-20T07:50:55.457+0000] {taskinstance.py:3309} INFO - 0 downstream tasks scheduled from follow-on schedule check
