[2025-02-10T07:55:15.719+0000] {taskinstance.py:1979} INFO - Dependencies all met for dep_context=non-requeueable deps ti=<TaskInstance: spark_airflow_dag.spark_submit_task manual__2025-02-10T07:55:14.176794+00:00 [queued]>
[2025-02-10T07:55:15.748+0000] {taskinstance.py:1979} INFO - Dependencies all met for dep_context=requeueable deps ti=<TaskInstance: spark_airflow_dag.spark_submit_task manual__2025-02-10T07:55:14.176794+00:00 [queued]>
[2025-02-10T07:55:15.750+0000] {taskinstance.py:2193} INFO - Starting attempt 1 of 1
[2025-02-10T07:55:15.784+0000] {taskinstance.py:2214} INFO - Executing <Task(SparkSubmitOperator): spark_submit_task> on 2025-02-10 07:55:14.176794+00:00
[2025-02-10T07:55:15.791+0000] {standard_task_runner.py:60} INFO - Started process 1799 to run task
[2025-02-10T07:55:15.796+0000] {standard_task_runner.py:87} INFO - Running: ['airflow', 'tasks', 'run', 'spark_airflow_dag', 'spark_submit_task', 'manual__2025-02-10T07:55:14.176794+00:00', '--job-id', '6', '--raw', '--subdir', 'DAGS_FOLDER/spark-dag-example.py', '--cfg-path', '/tmp/tmpgp1scvb6']
[2025-02-10T07:55:15.800+0000] {standard_task_runner.py:88} INFO - Job 6: Subtask spark_submit_task
[2025-02-10T07:55:15.830+0000] {logging_mixin.py:188} WARNING - /home/airflow/.local/lib/python3.9/site-packages/airflow/settings.py:194 DeprecationWarning: The sql_alchemy_conn option in [core] has been moved to the sql_alchemy_conn option in [database] - the old setting has been used, but please update your config.
[2025-02-10T07:55:15.920+0000] {task_command.py:423} INFO - Running <TaskInstance: spark_airflow_dag.spark_submit_task manual__2025-02-10T07:55:14.176794+00:00 [running]> on host deproject-airflow-scheduler
[2025-02-10T07:55:16.146+0000] {taskinstance.py:2510} INFO - Exporting env vars: AIRFLOW_CTX_DAG_OWNER='dibimbing' AIRFLOW_CTX_DAG_ID='spark_airflow_dag' AIRFLOW_CTX_TASK_ID='spark_submit_task' AIRFLOW_CTX_EXECUTION_DATE='2025-02-10T07:55:14.176794+00:00' AIRFLOW_CTX_TRY_NUMBER='1' AIRFLOW_CTX_DAG_RUN_ID='manual__2025-02-10T07:55:14.176794+00:00'
[2025-02-10T07:55:16.165+0000] {base.py:83} INFO - Using connection ID 'spark_main' for task execution.
[2025-02-10T07:55:16.168+0000] {spark_submit.py:344} INFO - Spark-Submit cmd: spark-submit --master spark://deproject-spark-master:7077 --name arrow-spark /spark-scripts/spark-example.py
[2025-02-10T07:55:21.386+0000] {spark_submit.py:495} INFO - 25/02/10 07:55:21 INFO SparkContext: Running Spark version 3.3.2
[2025-02-10T07:55:21.479+0000] {spark_submit.py:495} INFO - 25/02/10 07:55:21 WARN NativeCodeLoader: Unable to load native-hadoop library for your platform... using builtin-java classes where applicable
[2025-02-10T07:55:21.643+0000] {spark_submit.py:495} INFO - 25/02/10 07:55:21 INFO ResourceUtils: ==============================================================
[2025-02-10T07:55:21.644+0000] {spark_submit.py:495} INFO - 25/02/10 07:55:21 INFO ResourceUtils: No custom resources configured for spark.driver.
[2025-02-10T07:55:21.645+0000] {spark_submit.py:495} INFO - 25/02/10 07:55:21 INFO ResourceUtils: ==============================================================
[2025-02-10T07:55:21.646+0000] {spark_submit.py:495} INFO - 25/02/10 07:55:21 INFO SparkContext: Submitted application: Dibimbing
[2025-02-10T07:55:21.680+0000] {spark_submit.py:495} INFO - 25/02/10 07:55:21 INFO ResourceProfile: Default ResourceProfile created, executor resources: Map(cores -> name: cores, amount: 1, script: , vendor: , memory -> name: memory, amount: 1024, script: , vendor: , offHeap -> name: offHeap, amount: 0, script: , vendor: ), task resources: Map(cpus -> name: cpus, amount: 1.0)
[2025-02-10T07:55:21.697+0000] {spark_submit.py:495} INFO - 25/02/10 07:55:21 INFO ResourceProfile: Limiting resource is cpu
[2025-02-10T07:55:21.698+0000] {spark_submit.py:495} INFO - 25/02/10 07:55:21 INFO ResourceProfileManager: Added ResourceProfile id: 0
[2025-02-10T07:55:21.777+0000] {spark_submit.py:495} INFO - 25/02/10 07:55:21 INFO SecurityManager: Changing view acls to: airflow
[2025-02-10T07:55:21.778+0000] {spark_submit.py:495} INFO - 25/02/10 07:55:21 INFO SecurityManager: Changing modify acls to: airflow
[2025-02-10T07:55:21.779+0000] {spark_submit.py:495} INFO - 25/02/10 07:55:21 INFO SecurityManager: Changing view acls groups to:
[2025-02-10T07:55:21.780+0000] {spark_submit.py:495} INFO - 25/02/10 07:55:21 INFO SecurityManager: Changing modify acls groups to:
[2025-02-10T07:55:21.781+0000] {spark_submit.py:495} INFO - 25/02/10 07:55:21 INFO SecurityManager: SecurityManager: authentication disabled; ui acls disabled; users  with view permissions: Set(airflow); groups with view permissions: Set(); users  with modify permissions: Set(airflow); groups with modify permissions: Set()
[2025-02-10T07:55:22.291+0000] {spark_submit.py:495} INFO - 25/02/10 07:55:22 INFO Utils: Successfully started service 'sparkDriver' on port 38131.
[2025-02-10T07:55:22.340+0000] {spark_submit.py:495} INFO - 25/02/10 07:55:22 INFO SparkEnv: Registering MapOutputTracker
[2025-02-10T07:55:22.405+0000] {spark_submit.py:495} INFO - 25/02/10 07:55:22 INFO SparkEnv: Registering BlockManagerMaster
[2025-02-10T07:55:22.437+0000] {spark_submit.py:495} INFO - 25/02/10 07:55:22 INFO BlockManagerMasterEndpoint: Using org.apache.spark.storage.DefaultTopologyMapper for getting topology information
[2025-02-10T07:55:22.440+0000] {spark_submit.py:495} INFO - 25/02/10 07:55:22 INFO BlockManagerMasterEndpoint: BlockManagerMasterEndpoint up
[2025-02-10T07:55:22.453+0000] {spark_submit.py:495} INFO - 25/02/10 07:55:22 INFO SparkEnv: Registering BlockManagerMasterHeartbeat
[2025-02-10T07:55:22.492+0000] {spark_submit.py:495} INFO - 25/02/10 07:55:22 INFO DiskBlockManager: Created local directory at /tmp/blockmgr-1c66ebeb-c83d-4dd3-bf42-c67afc16d102
[2025-02-10T07:55:22.521+0000] {spark_submit.py:495} INFO - 25/02/10 07:55:22 INFO MemoryStore: MemoryStore started with capacity 434.4 MiB
[2025-02-10T07:55:22.551+0000] {spark_submit.py:495} INFO - 25/02/10 07:55:22 INFO SparkEnv: Registering OutputCommitCoordinator
[2025-02-10T07:55:22.881+0000] {spark_submit.py:495} INFO - 25/02/10 07:55:22 INFO Utils: Successfully started service 'SparkUI' on port 4040.
[2025-02-10T07:55:23.096+0000] {spark_submit.py:495} INFO - 25/02/10 07:55:23 INFO StandaloneAppClient$ClientEndpoint: Connecting to master spark://deproject-spark-master:7077...
[2025-02-10T07:55:23.172+0000] {spark_submit.py:495} INFO - 25/02/10 07:55:23 INFO TransportClientFactory: Successfully created connection to deproject-spark-master/172.28.0.2:7077 after 44 ms (0 ms spent in bootstraps)
[2025-02-10T07:55:23.350+0000] {spark_submit.py:495} INFO - 25/02/10 07:55:23 INFO StandaloneSchedulerBackend: Connected to Spark cluster with app ID app-20250210075523-0002
[2025-02-10T07:55:23.355+0000] {spark_submit.py:495} INFO - 25/02/10 07:55:23 INFO StandaloneAppClient$ClientEndpoint: Executor added: app-20250210075523-0002/0 on worker-20250210071411-172.28.0.3-37185 (172.28.0.3:37185) with 1 core(s)
[2025-02-10T07:55:23.359+0000] {spark_submit.py:495} INFO - 25/02/10 07:55:23 INFO StandaloneSchedulerBackend: Granted executor ID app-20250210075523-0002/0 on hostPort 172.28.0.3:37185 with 1 core(s), 1024.0 MiB RAM
[2025-02-10T07:55:23.363+0000] {spark_submit.py:495} INFO - 25/02/10 07:55:23 INFO Utils: Successfully started service 'org.apache.spark.network.netty.NettyBlockTransferService' on port 41211.
[2025-02-10T07:55:23.364+0000] {spark_submit.py:495} INFO - 25/02/10 07:55:23 INFO NettyBlockTransferService: Server created on deproject-airflow-scheduler:41211
[2025-02-10T07:55:23.368+0000] {spark_submit.py:495} INFO - 25/02/10 07:55:23 INFO BlockManager: Using org.apache.spark.storage.RandomBlockReplicationPolicy for block replication policy
[2025-02-10T07:55:23.381+0000] {spark_submit.py:495} INFO - 25/02/10 07:55:23 INFO BlockManagerMaster: Registering BlockManager BlockManagerId(driver, deproject-airflow-scheduler, 41211, None)
[2025-02-10T07:55:23.387+0000] {spark_submit.py:495} INFO - 25/02/10 07:55:23 INFO BlockManagerMasterEndpoint: Registering block manager deproject-airflow-scheduler:41211 with 434.4 MiB RAM, BlockManagerId(driver, deproject-airflow-scheduler, 41211, None)
[2025-02-10T07:55:23.391+0000] {spark_submit.py:495} INFO - 25/02/10 07:55:23 INFO BlockManagerMaster: Registered BlockManager BlockManagerId(driver, deproject-airflow-scheduler, 41211, None)
[2025-02-10T07:55:23.394+0000] {spark_submit.py:495} INFO - 25/02/10 07:55:23 INFO BlockManager: Initialized BlockManager: BlockManagerId(driver, deproject-airflow-scheduler, 41211, None)
[2025-02-10T07:55:23.523+0000] {spark_submit.py:495} INFO - 25/02/10 07:55:23 INFO StandaloneAppClient$ClientEndpoint: Executor updated: app-20250210075523-0002/0 is now RUNNING
[2025-02-10T07:55:23.780+0000] {spark_submit.py:495} INFO - 25/02/10 07:55:23 INFO StandaloneSchedulerBackend: SchedulerBackend is ready for scheduling beginning after reached minRegisteredResourcesRatio: 0.0
[2025-02-10T07:56:01.864+0000] {spark_submit.py:495} INFO - +----------+-----------+--------+--------+-----+-----------+--------------------+---------+-----+
[2025-02-10T07:56:01.866+0000] {spark_submit.py:495} INFO - |product_id|customer_id|order_id|quantity|price|       name|               email|     name|price|
[2025-02-10T07:56:01.867+0000] {spark_submit.py:495} INFO - +----------+-----------+--------+--------+-----+-----------+--------------------+---------+-----+
[2025-02-10T07:56:01.868+0000] {spark_submit.py:495} INFO - |         1|          1|     101|       2|19.99|   John Doe| johndoe@example.com|Product A|19.99|
[2025-02-10T07:56:01.869+0000] {spark_submit.py:495} INFO - |         2|          2|     102|       1| 9.99| Jane Smith|janesmith@example...|Product B| 9.99|
[2025-02-10T07:56:01.870+0000] {spark_submit.py:495} INFO - |         3|          3|     103|       1|15.99|Bob Johnson|bobjohnson@exampl...|Product C|15.99|
[2025-02-10T07:56:01.871+0000] {spark_submit.py:495} INFO - |         4|          1|     104|       1| 5.99|   John Doe| johndoe@example.com|Product D| 5.99|
[2025-02-10T07:56:01.871+0000] {spark_submit.py:495} INFO - |         5|          2|     105|       3|12.99| Jane Smith|janesmith@example...|Product E|12.99|
[2025-02-10T07:56:01.872+0000] {spark_submit.py:495} INFO - |         6|          3|     106|       2| 9.99|Bob Johnson|bobjohnson@exampl...|Product F| 9.99|
[2025-02-10T07:56:01.873+0000] {spark_submit.py:495} INFO - |         7|          4|     107|       1|11.99|    Sue Lee|  suelee@example.com|Product G|11.99|
[2025-02-10T07:56:01.874+0000] {spark_submit.py:495} INFO - |         8|          1|     108|       2|14.99|   John Doe| johndoe@example.com|Product H|14.99|
[2025-02-10T07:56:01.875+0000] {spark_submit.py:495} INFO - |         9|          2|     109|       1| 9.99| Jane Smith|janesmith@example...|Product I| 9.99|
[2025-02-10T07:56:01.876+0000] {spark_submit.py:495} INFO - |        10|          3|     110|       1|19.99|Bob Johnson|bobjohnson@exampl...|Product J|19.99|
[2025-02-10T07:56:01.877+0000] {spark_submit.py:495} INFO - +----------+-----------+--------+--------+-----+-----------+--------------------+---------+-----+
[2025-02-10T07:56:01.878+0000] {spark_submit.py:495} INFO - 
[2025-02-10T07:56:24.758+0000] {spark_submit.py:495} INFO - /spark-scripts/spark-example.py:71: UserWarning: DataFrame columns are not unique, some columns will be omitted.
[2025-02-10T07:56:24.759+0000] {spark_submit.py:495} INFO - result_dict = merged_df.toPandas().to_dict(orient='records')
[2025-02-10T07:56:24.760+0000] {spark_submit.py:495} INFO - [{'product_id': 1, 'customer_id': 1, 'order_id': 101, 'quantity': 2, 'price': 19.989999771118164, 'name': 'Product A', 'email': 'johndoe@example.com'}, {'product_id': 2, 'customer_id': 2, 'order_id': 102, 'quantity': 1, 'price': 9.989999771118164, 'name': 'Product B', 'email': 'janesmith@example.com'}, {'product_id': 3, 'customer_id': 3, 'order_id': 103, 'quantity': 1, 'price': 15.989999771118164, 'name': 'Product C', 'email': 'bobjohnson@example.com'}, {'product_id': 4, 'customer_id': 1, 'order_id': 104, 'quantity': 1, 'price': 5.989999771118164, 'name': 'Product D', 'email': 'johndoe@example.com'}, {'product_id': 5, 'customer_id': 2, 'order_id': 105, 'quantity': 3, 'price': 12.989999771118164, 'name': 'Product E', 'email': 'janesmith@example.com'}, {'product_id': 6, 'customer_id': 3, 'order_id': 106, 'quantity': 2, 'price': 9.989999771118164, 'name': 'Product F', 'email': 'bobjohnson@example.com'}, {'product_id': 7, 'customer_id': 4, 'order_id': 107, 'quantity': 1, 'price': 11.989999771118164, 'name': 'Product G', 'email': 'suelee@example.com'}, {'product_id': 8, 'customer_id': 1, 'order_id': 108, 'quantity': 2, 'price': 14.989999771118164, 'name': 'Product H', 'email': 'johndoe@example.com'}, {'product_id': 9, 'customer_id': 2, 'order_id': 109, 'quantity': 1, 'price': 9.989999771118164, 'name': 'Product I', 'email': 'janesmith@example.com'}, {'product_id': 10, 'customer_id': 3, 'order_id': 110, 'quantity': 1, 'price': 19.989999771118164, 'name': 'Product J', 'email': 'bobjohnson@example.com'}]
[2025-02-10T07:56:25.253+0000] {taskinstance.py:1149} INFO - Marking task as SUCCESS. dag_id=spark_airflow_dag, task_id=spark_submit_task, execution_date=20250210T075514, start_date=20250210T075515, end_date=20250210T075625
[2025-02-10T07:56:25.343+0000] {local_task_job_runner.py:234} INFO - Task exited with return code 0
[2025-02-10T07:56:25.380+0000] {taskinstance.py:3309} INFO - 0 downstream tasks scheduled from follow-on schedule check
