[2025-02-20T09:20:14.338+0000] {taskinstance.py:1979} INFO - Dependencies all met for dep_context=non-requeueable deps ti=<TaskInstance: scraping_news_dag.spark_load_task_cnn manual__2025-02-20T09:16:09.798668+00:00 [queued]>
[2025-02-20T09:20:14.360+0000] {taskinstance.py:1979} INFO - Dependencies all met for dep_context=requeueable deps ti=<TaskInstance: scraping_news_dag.spark_load_task_cnn manual__2025-02-20T09:16:09.798668+00:00 [queued]>
[2025-02-20T09:20:14.361+0000] {taskinstance.py:2193} INFO - Starting attempt 1 of 1
[2025-02-20T09:20:14.400+0000] {taskinstance.py:2214} INFO - Executing <Task(SparkSubmitOperator): spark_load_task_cnn> on 2025-02-20 09:16:09.798668+00:00
[2025-02-20T09:20:14.410+0000] {standard_task_runner.py:60} INFO - Started process 24581 to run task
[2025-02-20T09:20:14.415+0000] {standard_task_runner.py:87} INFO - Running: ['airflow', 'tasks', 'run', 'scraping_news_dag', 'spark_load_task_cnn', 'manual__2025-02-20T09:16:09.798668+00:00', '--job-id', '191', '--raw', '--subdir', 'DAGS_FOLDER/scraping-news-dag.py', '--cfg-path', '/tmp/tmpon_l91q9']
[2025-02-20T09:20:14.418+0000] {standard_task_runner.py:88} INFO - Job 191: Subtask spark_load_task_cnn
[2025-02-20T09:20:14.448+0000] {logging_mixin.py:188} WARNING - /home/airflow/.local/lib/python3.9/site-packages/airflow/settings.py:194 DeprecationWarning: The sql_alchemy_conn option in [core] has been moved to the sql_alchemy_conn option in [database] - the old setting has been used, but please update your config.
[2025-02-20T09:20:14.530+0000] {task_command.py:423} INFO - Running <TaskInstance: scraping_news_dag.spark_load_task_cnn manual__2025-02-20T09:16:09.798668+00:00 [running]> on host deproject-airflow-scheduler
[2025-02-20T09:20:14.706+0000] {taskinstance.py:2510} INFO - Exporting env vars: AIRFLOW_CTX_DAG_OWNER='airflow' AIRFLOW_CTX_DAG_ID='scraping_news_dag' AIRFLOW_CTX_TASK_ID='spark_load_task_cnn' AIRFLOW_CTX_EXECUTION_DATE='2025-02-20T09:16:09.798668+00:00' AIRFLOW_CTX_TRY_NUMBER='1' AIRFLOW_CTX_DAG_RUN_ID='manual__2025-02-20T09:16:09.798668+00:00'
[2025-02-20T09:20:14.726+0000] {base.py:83} INFO - Using connection ID 'spark_main' for task execution.
[2025-02-20T09:20:14.729+0000] {spark_submit.py:344} INFO - Spark-Submit cmd: spark-submit --master spark://deproject-spark-master:7077 --name arrow-spark /spark-scripts/spark-cnn.py
[2025-02-20T09:20:20.679+0000] {spark_submit.py:495} INFO - 25/02/20 09:20:20 INFO SparkContext: Running Spark version 3.3.2
[2025-02-20T09:20:20.794+0000] {spark_submit.py:495} INFO - 25/02/20 09:20:20 WARN NativeCodeLoader: Unable to load native-hadoop library for your platform... using builtin-java classes where applicable
[2025-02-20T09:20:21.003+0000] {spark_submit.py:495} INFO - 25/02/20 09:20:21 INFO ResourceUtils: ==============================================================
[2025-02-20T09:20:21.004+0000] {spark_submit.py:495} INFO - 25/02/20 09:20:21 INFO ResourceUtils: No custom resources configured for spark.driver.
[2025-02-20T09:20:21.005+0000] {spark_submit.py:495} INFO - 25/02/20 09:20:21 INFO ResourceUtils: ==============================================================
[2025-02-20T09:20:21.006+0000] {spark_submit.py:495} INFO - 25/02/20 09:20:21 INFO SparkContext: Submitted application: FinalProject
[2025-02-20T09:20:21.061+0000] {spark_submit.py:495} INFO - 25/02/20 09:20:21 INFO ResourceProfile: Default ResourceProfile created, executor resources: Map(cores -> name: cores, amount: 1, script: , vendor: , memory -> name: memory, amount: 1024, script: , vendor: , offHeap -> name: offHeap, amount: 0, script: , vendor: ), task resources: Map(cpus -> name: cpus, amount: 1.0)
[2025-02-20T09:20:21.084+0000] {spark_submit.py:495} INFO - 25/02/20 09:20:21 INFO ResourceProfile: Limiting resource is cpu
[2025-02-20T09:20:21.088+0000] {spark_submit.py:495} INFO - 25/02/20 09:20:21 INFO ResourceProfileManager: Added ResourceProfile id: 0
[2025-02-20T09:20:21.183+0000] {spark_submit.py:495} INFO - 25/02/20 09:20:21 INFO SecurityManager: Changing view acls to: airflow
[2025-02-20T09:20:21.184+0000] {spark_submit.py:495} INFO - 25/02/20 09:20:21 INFO SecurityManager: Changing modify acls to: airflow
[2025-02-20T09:20:21.185+0000] {spark_submit.py:495} INFO - 25/02/20 09:20:21 INFO SecurityManager: Changing view acls groups to:
[2025-02-20T09:20:21.187+0000] {spark_submit.py:495} INFO - 25/02/20 09:20:21 INFO SecurityManager: Changing modify acls groups to:
[2025-02-20T09:20:21.188+0000] {spark_submit.py:495} INFO - 25/02/20 09:20:21 INFO SecurityManager: SecurityManager: authentication disabled; ui acls disabled; users  with view permissions: Set(airflow); groups with view permissions: Set(); users  with modify permissions: Set(airflow); groups with modify permissions: Set()
[2025-02-20T09:20:21.690+0000] {spark_submit.py:495} INFO - 25/02/20 09:20:21 INFO Utils: Successfully started service 'sparkDriver' on port 37677.
[2025-02-20T09:20:21.739+0000] {spark_submit.py:495} INFO - 25/02/20 09:20:21 INFO SparkEnv: Registering MapOutputTracker
[2025-02-20T09:20:21.807+0000] {spark_submit.py:495} INFO - 25/02/20 09:20:21 INFO SparkEnv: Registering BlockManagerMaster
[2025-02-20T09:20:21.851+0000] {spark_submit.py:495} INFO - 25/02/20 09:20:21 INFO BlockManagerMasterEndpoint: Using org.apache.spark.storage.DefaultTopologyMapper for getting topology information
[2025-02-20T09:20:21.852+0000] {spark_submit.py:495} INFO - 25/02/20 09:20:21 INFO BlockManagerMasterEndpoint: BlockManagerMasterEndpoint up
[2025-02-20T09:20:21.860+0000] {spark_submit.py:495} INFO - 25/02/20 09:20:21 INFO SparkEnv: Registering BlockManagerMasterHeartbeat
[2025-02-20T09:20:21.909+0000] {spark_submit.py:495} INFO - 25/02/20 09:20:21 INFO DiskBlockManager: Created local directory at /tmp/blockmgr-ae0a4a86-733b-4b26-b875-76cc1bdbeeb2
[2025-02-20T09:20:21.941+0000] {spark_submit.py:495} INFO - 25/02/20 09:20:21 INFO MemoryStore: MemoryStore started with capacity 434.4 MiB
[2025-02-20T09:20:21.969+0000] {spark_submit.py:495} INFO - 25/02/20 09:20:21 INFO SparkEnv: Registering OutputCommitCoordinator
[2025-02-20T09:20:22.349+0000] {spark_submit.py:495} INFO - 25/02/20 09:20:22 INFO Utils: Successfully started service 'SparkUI' on port 4040.
[2025-02-20T09:20:22.563+0000] {spark_submit.py:495} INFO - 25/02/20 09:20:22 INFO StandaloneAppClient$ClientEndpoint: Connecting to master spark://deproject-spark-master:7077...
[2025-02-20T09:20:22.663+0000] {spark_submit.py:495} INFO - 25/02/20 09:20:22 INFO TransportClientFactory: Successfully created connection to deproject-spark-master/172.28.0.3:7077 after 57 ms (0 ms spent in bootstraps)
[2025-02-20T09:20:22.826+0000] {spark_submit.py:495} INFO - 25/02/20 09:20:22 INFO StandaloneSchedulerBackend: Connected to Spark cluster with app ID app-20250220092022-0007
[2025-02-20T09:20:22.830+0000] {spark_submit.py:495} INFO - 25/02/20 09:20:22 INFO StandaloneAppClient$ClientEndpoint: Executor added: app-20250220092022-0007/0 on worker-20250220082311-172.28.0.4-44751 (172.28.0.4:44751) with 1 core(s)
[2025-02-20T09:20:22.835+0000] {spark_submit.py:495} INFO - 25/02/20 09:20:22 INFO StandaloneSchedulerBackend: Granted executor ID app-20250220092022-0007/0 on hostPort 172.28.0.4:44751 with 1 core(s), 1024.0 MiB RAM
[2025-02-20T09:20:22.840+0000] {spark_submit.py:495} INFO - 25/02/20 09:20:22 INFO Utils: Successfully started service 'org.apache.spark.network.netty.NettyBlockTransferService' on port 46745.
[2025-02-20T09:20:22.841+0000] {spark_submit.py:495} INFO - 25/02/20 09:20:22 INFO NettyBlockTransferService: Server created on deproject-airflow-scheduler:46745
[2025-02-20T09:20:22.847+0000] {spark_submit.py:495} INFO - 25/02/20 09:20:22 INFO BlockManager: Using org.apache.spark.storage.RandomBlockReplicationPolicy for block replication policy
[2025-02-20T09:20:22.865+0000] {spark_submit.py:495} INFO - 25/02/20 09:20:22 INFO BlockManagerMaster: Registering BlockManager BlockManagerId(driver, deproject-airflow-scheduler, 46745, None)
[2025-02-20T09:20:22.872+0000] {spark_submit.py:495} INFO - 25/02/20 09:20:22 INFO BlockManagerMasterEndpoint: Registering block manager deproject-airflow-scheduler:46745 with 434.4 MiB RAM, BlockManagerId(driver, deproject-airflow-scheduler, 46745, None)
[2025-02-20T09:20:22.878+0000] {spark_submit.py:495} INFO - 25/02/20 09:20:22 INFO BlockManagerMaster: Registered BlockManager BlockManagerId(driver, deproject-airflow-scheduler, 46745, None)
[2025-02-20T09:20:22.882+0000] {spark_submit.py:495} INFO - 25/02/20 09:20:22 INFO BlockManager: Initialized BlockManager: BlockManagerId(driver, deproject-airflow-scheduler, 46745, None)
[2025-02-20T09:20:23.067+0000] {spark_submit.py:495} INFO - 25/02/20 09:20:23 INFO StandaloneAppClient$ClientEndpoint: Executor updated: app-20250220092022-0007/0 is now RUNNING
[2025-02-20T09:20:23.384+0000] {spark_submit.py:495} INFO - 25/02/20 09:20:23 INFO StandaloneSchedulerBackend: SchedulerBackend is ready for scheduling beginning after reached minRegisteredResourcesRatio: 0.0
[2025-02-20T09:20:35.770+0000] {spark_submit.py:495} INFO - 89
[2025-02-20T09:20:42.719+0000] {spark_submit.py:495} INFO - +--------------------+-------------------+--------------------+--------------------+------+
[2025-02-20T09:20:42.721+0000] {spark_submit.py:495} INFO - |                 url|           datetime|               title|                text|source|
[2025-02-20T09:20:42.722+0000] {spark_submit.py:495} INFO - +--------------------+-------------------+--------------------+--------------------+------+
[2025-02-20T09:20:42.722+0000] {spark_submit.py:495} INFO - |https://edition.c...|2025-02-13 18:19:00|Trump says tariff...|1. How relevant i...|   cnn|
[2025-02-20T09:20:42.723+0000] {spark_submit.py:495} INFO - |https://edition.c...|2025-02-13 16:58:00|Video: Vanessa Yu...|1. How relevant i...|   cnn|
[2025-02-20T09:20:42.723+0000] {spark_submit.py:495} INFO - |https://edition.c...|2025-02-13 15:56:00|Carmakers Nissan ...|Hong Kong/Tokyo J...|   cnn|
[2025-02-20T09:20:42.724+0000] {spark_submit.py:495} INFO - |https://edition.c...|2025-02-13 17:30:00|CFPB: Elizabeth W...|New York About a ...|   cnn|
[2025-02-20T09:20:42.725+0000] {spark_submit.py:495} INFO - |https://edition.c...|2025-02-13 21:50:00|Americans voted f...|A version of this...|   cnn|
[2025-02-20T09:20:42.725+0000] {spark_submit.py:495} INFO - +--------------------+-------------------+--------------------+--------------------+------+
[2025-02-20T09:20:42.726+0000] {spark_submit.py:495} INFO - only showing top 5 rows
[2025-02-20T09:20:42.727+0000] {spark_submit.py:495} INFO - 
[2025-02-20T09:20:42.728+0000] {spark_submit.py:495} INFO - root
[2025-02-20T09:20:42.728+0000] {spark_submit.py:495} INFO - |-- url: string (nullable = true)
[2025-02-20T09:20:42.729+0000] {spark_submit.py:495} INFO - |-- datetime: timestamp (nullable = true)
[2025-02-20T09:20:42.730+0000] {spark_submit.py:495} INFO - |-- title: string (nullable = true)
[2025-02-20T09:20:42.731+0000] {spark_submit.py:495} INFO - |-- text: string (nullable = true)
[2025-02-20T09:20:42.733+0000] {spark_submit.py:495} INFO - |-- source: string (nullable = true)
[2025-02-20T09:20:42.734+0000] {spark_submit.py:495} INFO - 
[2025-02-20T09:20:47.666+0000] {spark_submit.py:495} INFO - 85
[2025-02-20T09:20:52.844+0000] {spark_submit.py:495} INFO - +--------------------+-------------------+--------------------+--------------------+------+
[2025-02-20T09:20:52.845+0000] {spark_submit.py:495} INFO - |                 url|           datetime|               title|                text|source|
[2025-02-20T09:20:52.846+0000] {spark_submit.py:495} INFO - +--------------------+-------------------+--------------------+--------------------+------+
[2025-02-20T09:20:52.847+0000] {spark_submit.py:495} INFO - |https://edition.c...|2025-02-13 15:56:00|Carmakers Nissan ...|Hong Kong/Tokyo J...|   cnn|
[2025-02-20T09:20:52.848+0000] {spark_submit.py:495} INFO - |https://edition.c...|2025-02-13 17:30:00|CFPB: Elizabeth W...|New York About a ...|   cnn|
[2025-02-20T09:20:52.849+0000] {spark_submit.py:495} INFO - |https://edition.c...|2025-02-13 21:50:00|Americans voted f...|A version of this...|   cnn|
[2025-02-20T09:20:52.850+0000] {spark_submit.py:495} INFO - |https://edition.c...|2025-02-14 16:42:00|Drama over Adams ...|Call it the Thurs...|   cnn|
[2025-02-20T09:20:52.851+0000] {spark_submit.py:495} INFO - |https://edition.c...|2025-02-14 16:24:00|Fact check: Musk,...|Washington Presid...|   cnn|
[2025-02-20T09:20:52.852+0000] {spark_submit.py:495} INFO - +--------------------+-------------------+--------------------+--------------------+------+
[2025-02-20T09:20:52.853+0000] {spark_submit.py:495} INFO - only showing top 5 rows
[2025-02-20T09:20:52.854+0000] {spark_submit.py:495} INFO - 
[2025-02-20T09:20:57.909+0000] {spark_submit.py:495} INFO - 75
[2025-02-20T09:21:07.550+0000] {spark_submit.py:495} INFO - No model was supplied, defaulted to distilbert/distilbert-base-uncased-finetuned-sst-2-english and revision 714eb0f (https://huggingface.co/distilbert/distilbert-base-uncased-finetuned-sst-2-english).
[2025-02-20T09:21:07.552+0000] {spark_submit.py:495} INFO - Using a pipeline without specifying a model name and revision in production is not recommended.
[2025-02-20T09:21:08.807+0000] {spark_submit.py:495} INFO - Device set to use cpu
[2025-02-20T09:21:43.560+0000] {spark_submit.py:495} INFO - label     score
[2025-02-20T09:21:43.562+0000] {spark_submit.py:495} INFO - 0   NEGATIVE  0.996718
[2025-02-20T09:21:43.562+0000] {spark_submit.py:495} INFO - 1   NEGATIVE  0.997758
[2025-02-20T09:21:43.563+0000] {spark_submit.py:495} INFO - 2   NEGATIVE  0.886296
[2025-02-20T09:21:43.564+0000] {spark_submit.py:495} INFO - 3   NEGATIVE  0.824643
[2025-02-20T09:21:43.565+0000] {spark_submit.py:495} INFO - 4   NEGATIVE  0.998791
[2025-02-20T09:21:43.566+0000] {spark_submit.py:495} INFO - ..       ...       ...
[2025-02-20T09:21:43.567+0000] {spark_submit.py:495} INFO - 70  NEGATIVE  0.978392
[2025-02-20T09:21:43.568+0000] {spark_submit.py:495} INFO - 71  NEGATIVE  0.997790
[2025-02-20T09:21:43.569+0000] {spark_submit.py:495} INFO - 72  NEGATIVE  0.988427
[2025-02-20T09:21:43.570+0000] {spark_submit.py:495} INFO - 73  POSITIVE  0.995676
[2025-02-20T09:21:43.570+0000] {spark_submit.py:495} INFO - 74  POSITIVE  0.868728
[2025-02-20T09:21:43.571+0000] {spark_submit.py:495} INFO - 
[2025-02-20T09:21:43.572+0000] {spark_submit.py:495} INFO - [75 rows x 2 columns]
[2025-02-20T09:21:48.429+0000] {spark_submit.py:495} INFO - url  ... source
[2025-02-20T09:21:48.431+0000] {spark_submit.py:495} INFO - 0   https://edition.cnn.com/2025/02/13/cars/japan-...  ...    cnn
[2025-02-20T09:21:48.432+0000] {spark_submit.py:495} INFO - 1   https://edition.cnn.com/2025/02/13/economy/elo...  ...    cnn
[2025-02-20T09:21:48.433+0000] {spark_submit.py:495} INFO - 2   https://edition.cnn.com/2025/02/13/politics/am...  ...    cnn
[2025-02-20T09:21:48.433+0000] {spark_submit.py:495} INFO - 3   https://edition.cnn.com/2025/02/13/politics/er...  ...    cnn
[2025-02-20T09:21:48.434+0000] {spark_submit.py:495} INFO - 4   https://edition.cnn.com/2025/02/13/politics/mu...  ...    cnn
[2025-02-20T09:21:48.435+0000] {spark_submit.py:495} INFO - ..                                                ...  ...    ...
[2025-02-20T09:21:48.436+0000] {spark_submit.py:495} INFO - 70  https://edition.cnn.com/2025/02/19/tech/trump-...  ...    cnn
[2025-02-20T09:21:48.436+0000] {spark_submit.py:495} INFO - 71  https://edition.cnn.com/2025/02/20/economy/chi...  ...    cnn
[2025-02-20T09:21:48.437+0000] {spark_submit.py:495} INFO - 72  https://edition.cnn.com/2025/02/20/politics/tr...  ...    cnn
[2025-02-20T09:21:48.438+0000] {spark_submit.py:495} INFO - 73  https://edition.cnn.com/politics/tracking-trum...  ...    cnn
[2025-02-20T09:21:48.438+0000] {spark_submit.py:495} INFO - 74  https://edition.cnn.com/politics/trump-cabinet...  ...    cnn
[2025-02-20T09:21:48.439+0000] {spark_submit.py:495} INFO - 
[2025-02-20T09:21:48.440+0000] {spark_submit.py:495} INFO - [75 rows x 5 columns]
[2025-02-20T09:21:48.467+0000] {spark_submit.py:495} INFO - url  ...     score
[2025-02-20T09:21:48.468+0000] {spark_submit.py:495} INFO - 0   https://edition.cnn.com/2025/02/13/cars/japan-...  ...  0.996718
[2025-02-20T09:21:48.469+0000] {spark_submit.py:495} INFO - 1   https://edition.cnn.com/2025/02/13/economy/elo...  ...  0.997758
[2025-02-20T09:21:48.470+0000] {spark_submit.py:495} INFO - 2   https://edition.cnn.com/2025/02/13/politics/am...  ...  0.886296
[2025-02-20T09:21:48.471+0000] {spark_submit.py:495} INFO - 3   https://edition.cnn.com/2025/02/13/politics/er...  ...  0.824643
[2025-02-20T09:21:48.472+0000] {spark_submit.py:495} INFO - 4   https://edition.cnn.com/2025/02/13/politics/mu...  ...  0.998791
[2025-02-20T09:21:48.472+0000] {spark_submit.py:495} INFO - ..                                                ...  ...       ...
[2025-02-20T09:21:48.473+0000] {spark_submit.py:495} INFO - 70  https://edition.cnn.com/2025/02/19/tech/trump-...  ...  0.978392
[2025-02-20T09:21:48.474+0000] {spark_submit.py:495} INFO - 71  https://edition.cnn.com/2025/02/20/economy/chi...  ...  0.997790
[2025-02-20T09:21:48.475+0000] {spark_submit.py:495} INFO - 72  https://edition.cnn.com/2025/02/20/politics/tr...  ...  0.988427
[2025-02-20T09:21:48.476+0000] {spark_submit.py:495} INFO - 73  https://edition.cnn.com/politics/tracking-trum...  ...  0.995676
[2025-02-20T09:21:48.477+0000] {spark_submit.py:495} INFO - 74  https://edition.cnn.com/politics/trump-cabinet...  ...  0.868728
[2025-02-20T09:21:48.477+0000] {spark_submit.py:495} INFO - 
[2025-02-20T09:21:48.478+0000] {spark_submit.py:495} INFO - [75 rows x 7 columns]
[2025-02-20T09:21:50.277+0000] {taskinstance.py:1149} INFO - Marking task as SUCCESS. dag_id=scraping_news_dag, task_id=spark_load_task_cnn, execution_date=20250220T091609, start_date=20250220T092014, end_date=20250220T092150
[2025-02-20T09:21:50.348+0000] {local_task_job_runner.py:234} INFO - Task exited with return code 0
[2025-02-20T09:21:50.414+0000] {taskinstance.py:3309} INFO - 1 downstream tasks scheduled from follow-on schedule check
