[2025-02-20T08:30:32.332+0000] {taskinstance.py:1979} INFO - Dependencies all met for dep_context=non-requeueable deps ti=<TaskInstance: scraping_news_dag.spark_load_task_cnn manual__2025-02-20T08:27:36.086218+00:00 [queued]>
[2025-02-20T08:30:32.340+0000] {taskinstance.py:1979} INFO - Dependencies all met for dep_context=requeueable deps ti=<TaskInstance: scraping_news_dag.spark_load_task_cnn manual__2025-02-20T08:27:36.086218+00:00 [queued]>
[2025-02-20T08:30:32.340+0000] {taskinstance.py:2193} INFO - Starting attempt 1 of 1
[2025-02-20T08:30:32.353+0000] {taskinstance.py:2214} INFO - Executing <Task(SparkSubmitOperator): spark_load_task_cnn> on 2025-02-20 08:27:36.086218+00:00
[2025-02-20T08:30:32.357+0000] {standard_task_runner.py:60} INFO - Started process 3455 to run task
[2025-02-20T08:30:32.359+0000] {standard_task_runner.py:87} INFO - Running: ['airflow', 'tasks', 'run', 'scraping_news_dag', 'spark_load_task_cnn', 'manual__2025-02-20T08:27:36.086218+00:00', '--job-id', '168', '--raw', '--subdir', 'DAGS_FOLDER/scraping-news-dag.py', '--cfg-path', '/tmp/tmpe2opnm2f']
[2025-02-20T08:30:32.360+0000] {standard_task_runner.py:88} INFO - Job 168: Subtask spark_load_task_cnn
[2025-02-20T08:30:32.373+0000] {logging_mixin.py:188} WARNING - /home/airflow/.local/lib/python3.9/site-packages/airflow/settings.py:194 DeprecationWarning: The sql_alchemy_conn option in [core] has been moved to the sql_alchemy_conn option in [database] - the old setting has been used, but please update your config.
[2025-02-20T08:30:32.404+0000] {task_command.py:423} INFO - Running <TaskInstance: scraping_news_dag.spark_load_task_cnn manual__2025-02-20T08:27:36.086218+00:00 [running]> on host deproject-airflow-scheduler
[2025-02-20T08:30:32.496+0000] {taskinstance.py:2510} INFO - Exporting env vars: AIRFLOW_CTX_DAG_OWNER='airflow' AIRFLOW_CTX_DAG_ID='scraping_news_dag' AIRFLOW_CTX_TASK_ID='spark_load_task_cnn' AIRFLOW_CTX_EXECUTION_DATE='2025-02-20T08:27:36.086218+00:00' AIRFLOW_CTX_TRY_NUMBER='1' AIRFLOW_CTX_DAG_RUN_ID='manual__2025-02-20T08:27:36.086218+00:00'
[2025-02-20T08:30:32.505+0000] {base.py:83} INFO - Using connection ID 'spark_main' for task execution.
[2025-02-20T08:30:32.507+0000] {spark_submit.py:344} INFO - Spark-Submit cmd: spark-submit --master spark://deproject-spark-master:7077 --name arrow-spark /spark-scripts/spark-cnn.py
[2025-02-20T08:30:35.613+0000] {spark_submit.py:495} INFO - 25/02/20 08:30:35 INFO SparkContext: Running Spark version 3.3.2
[2025-02-20T08:30:35.675+0000] {spark_submit.py:495} INFO - 25/02/20 08:30:35 WARN NativeCodeLoader: Unable to load native-hadoop library for your platform... using builtin-java classes where applicable
[2025-02-20T08:30:35.772+0000] {spark_submit.py:495} INFO - 25/02/20 08:30:35 INFO ResourceUtils: ==============================================================
[2025-02-20T08:30:35.773+0000] {spark_submit.py:495} INFO - 25/02/20 08:30:35 INFO ResourceUtils: No custom resources configured for spark.driver.
[2025-02-20T08:30:35.773+0000] {spark_submit.py:495} INFO - 25/02/20 08:30:35 INFO ResourceUtils: ==============================================================
[2025-02-20T08:30:35.773+0000] {spark_submit.py:495} INFO - 25/02/20 08:30:35 INFO SparkContext: Submitted application: FinalProject
[2025-02-20T08:30:35.795+0000] {spark_submit.py:495} INFO - 25/02/20 08:30:35 INFO ResourceProfile: Default ResourceProfile created, executor resources: Map(cores -> name: cores, amount: 1, script: , vendor: , memory -> name: memory, amount: 1024, script: , vendor: , offHeap -> name: offHeap, amount: 0, script: , vendor: ), task resources: Map(cpus -> name: cpus, amount: 1.0)
[2025-02-20T08:30:35.802+0000] {spark_submit.py:495} INFO - 25/02/20 08:30:35 INFO ResourceProfile: Limiting resource is cpu
[2025-02-20T08:30:35.803+0000] {spark_submit.py:495} INFO - 25/02/20 08:30:35 INFO ResourceProfileManager: Added ResourceProfile id: 0
[2025-02-20T08:30:35.851+0000] {spark_submit.py:495} INFO - 25/02/20 08:30:35 INFO SecurityManager: Changing view acls to: airflow
[2025-02-20T08:30:35.852+0000] {spark_submit.py:495} INFO - 25/02/20 08:30:35 INFO SecurityManager: Changing modify acls to: airflow
[2025-02-20T08:30:35.853+0000] {spark_submit.py:495} INFO - 25/02/20 08:30:35 INFO SecurityManager: Changing view acls groups to:
[2025-02-20T08:30:35.853+0000] {spark_submit.py:495} INFO - 25/02/20 08:30:35 INFO SecurityManager: Changing modify acls groups to:
[2025-02-20T08:30:35.854+0000] {spark_submit.py:495} INFO - 25/02/20 08:30:35 INFO SecurityManager: SecurityManager: authentication disabled; ui acls disabled; users  with view permissions: Set(airflow); groups with view permissions: Set(); users  with modify permissions: Set(airflow); groups with modify permissions: Set()
[2025-02-20T08:30:36.096+0000] {spark_submit.py:495} INFO - 25/02/20 08:30:36 INFO Utils: Successfully started service 'sparkDriver' on port 41425.
[2025-02-20T08:30:36.137+0000] {spark_submit.py:495} INFO - 25/02/20 08:30:36 INFO SparkEnv: Registering MapOutputTracker
[2025-02-20T08:30:36.180+0000] {spark_submit.py:495} INFO - 25/02/20 08:30:36 INFO SparkEnv: Registering BlockManagerMaster
[2025-02-20T08:30:36.203+0000] {spark_submit.py:495} INFO - 25/02/20 08:30:36 INFO BlockManagerMasterEndpoint: Using org.apache.spark.storage.DefaultTopologyMapper for getting topology information
[2025-02-20T08:30:36.204+0000] {spark_submit.py:495} INFO - 25/02/20 08:30:36 INFO BlockManagerMasterEndpoint: BlockManagerMasterEndpoint up
[2025-02-20T08:30:36.210+0000] {spark_submit.py:495} INFO - 25/02/20 08:30:36 INFO SparkEnv: Registering BlockManagerMasterHeartbeat
[2025-02-20T08:30:36.238+0000] {spark_submit.py:495} INFO - 25/02/20 08:30:36 INFO DiskBlockManager: Created local directory at /tmp/blockmgr-79212218-0cea-4cb4-a7bf-8f7c3a191707
[2025-02-20T08:30:36.261+0000] {spark_submit.py:495} INFO - 25/02/20 08:30:36 INFO MemoryStore: MemoryStore started with capacity 434.4 MiB
[2025-02-20T08:30:36.279+0000] {spark_submit.py:495} INFO - 25/02/20 08:30:36 INFO SparkEnv: Registering OutputCommitCoordinator
[2025-02-20T08:30:36.471+0000] {spark_submit.py:495} INFO - 25/02/20 08:30:36 INFO Utils: Successfully started service 'SparkUI' on port 4040.
[2025-02-20T08:30:36.577+0000] {spark_submit.py:495} INFO - 25/02/20 08:30:36 INFO StandaloneAppClient$ClientEndpoint: Connecting to master spark://deproject-spark-master:7077...
[2025-02-20T08:30:36.616+0000] {spark_submit.py:495} INFO - 25/02/20 08:30:36 INFO TransportClientFactory: Successfully created connection to deproject-spark-master/172.28.0.3:7077 after 22 ms (0 ms spent in bootstraps)
[2025-02-20T08:30:36.734+0000] {spark_submit.py:495} INFO - 25/02/20 08:30:36 INFO StandaloneSchedulerBackend: Connected to Spark cluster with app ID app-20250220083036-0000
[2025-02-20T08:30:36.740+0000] {spark_submit.py:495} INFO - 25/02/20 08:30:36 INFO Utils: Successfully started service 'org.apache.spark.network.netty.NettyBlockTransferService' on port 36137.
[2025-02-20T08:30:36.741+0000] {spark_submit.py:495} INFO - 25/02/20 08:30:36 INFO NettyBlockTransferService: Server created on deproject-airflow-scheduler:36137
[2025-02-20T08:30:36.743+0000] {spark_submit.py:495} INFO - 25/02/20 08:30:36 INFO BlockManager: Using org.apache.spark.storage.RandomBlockReplicationPolicy for block replication policy
[2025-02-20T08:30:36.750+0000] {spark_submit.py:495} INFO - 25/02/20 08:30:36 INFO BlockManagerMaster: Registering BlockManager BlockManagerId(driver, deproject-airflow-scheduler, 36137, None)
[2025-02-20T08:30:36.753+0000] {spark_submit.py:495} INFO - 25/02/20 08:30:36 INFO BlockManagerMasterEndpoint: Registering block manager deproject-airflow-scheduler:36137 with 434.4 MiB RAM, BlockManagerId(driver, deproject-airflow-scheduler, 36137, None)
[2025-02-20T08:30:36.755+0000] {spark_submit.py:495} INFO - 25/02/20 08:30:36 INFO BlockManagerMaster: Registered BlockManager BlockManagerId(driver, deproject-airflow-scheduler, 36137, None)
[2025-02-20T08:30:36.756+0000] {spark_submit.py:495} INFO - 25/02/20 08:30:36 INFO BlockManager: Initialized BlockManager: BlockManagerId(driver, deproject-airflow-scheduler, 36137, None)
[2025-02-20T08:30:36.757+0000] {spark_submit.py:495} INFO - 25/02/20 08:30:36 INFO StandaloneAppClient$ClientEndpoint: Executor added: app-20250220083036-0000/0 on worker-20250220082311-172.28.0.4-44751 (172.28.0.4:44751) with 1 core(s)
[2025-02-20T08:30:36.759+0000] {spark_submit.py:495} INFO - 25/02/20 08:30:36 INFO StandaloneSchedulerBackend: Granted executor ID app-20250220083036-0000/0 on hostPort 172.28.0.4:44751 with 1 core(s), 1024.0 MiB RAM
[2025-02-20T08:30:36.944+0000] {spark_submit.py:495} INFO - 25/02/20 08:30:36 INFO StandaloneAppClient$ClientEndpoint: Executor updated: app-20250220083036-0000/0 is now RUNNING
[2025-02-20T08:30:36.983+0000] {spark_submit.py:495} INFO - 25/02/20 08:30:36 INFO StandaloneSchedulerBackend: SchedulerBackend is ready for scheduling beginning after reached minRegisteredResourcesRatio: 0.0
[2025-02-20T08:30:42.803+0000] {spark_submit.py:495} INFO - 89
[2025-02-20T08:30:45.202+0000] {spark_submit.py:495} INFO - +--------------------+-------------------+--------------------+--------------------+------+
[2025-02-20T08:30:45.203+0000] {spark_submit.py:495} INFO - |                 url|           datetime|               title|                text|source|
[2025-02-20T08:30:45.203+0000] {spark_submit.py:495} INFO - +--------------------+-------------------+--------------------+--------------------+------+
[2025-02-20T08:30:45.204+0000] {spark_submit.py:495} INFO - |https://edition.c...|2025-02-13 18:19:00|Trump says tariff...|1. How relevant i...|   cnn|
[2025-02-20T08:30:45.204+0000] {spark_submit.py:495} INFO - |https://edition.c...|2025-02-13 16:58:00|Video: Vanessa Yu...|1. How relevant i...|   cnn|
[2025-02-20T08:30:45.205+0000] {spark_submit.py:495} INFO - |https://edition.c...|2025-02-13 15:56:00|Carmakers Nissan ...|Hong Kong/Tokyo J...|   cnn|
[2025-02-20T08:30:45.205+0000] {spark_submit.py:495} INFO - |https://edition.c...|2025-02-13 17:30:00|CFPB: Elizabeth W...|New York About a ...|   cnn|
[2025-02-20T08:30:45.205+0000] {spark_submit.py:495} INFO - |https://edition.c...|2025-02-13 21:50:00|Americans voted f...|A version of this...|   cnn|
[2025-02-20T08:30:45.206+0000] {spark_submit.py:495} INFO - +--------------------+-------------------+--------------------+--------------------+------+
[2025-02-20T08:30:45.206+0000] {spark_submit.py:495} INFO - only showing top 5 rows
[2025-02-20T08:30:45.206+0000] {spark_submit.py:495} INFO - 
[2025-02-20T08:30:45.207+0000] {spark_submit.py:495} INFO - root
[2025-02-20T08:30:45.207+0000] {spark_submit.py:495} INFO - |-- url: string (nullable = true)
[2025-02-20T08:30:45.207+0000] {spark_submit.py:495} INFO - |-- datetime: timestamp (nullable = true)
[2025-02-20T08:30:45.208+0000] {spark_submit.py:495} INFO - |-- title: string (nullable = true)
[2025-02-20T08:30:45.209+0000] {spark_submit.py:495} INFO - |-- text: string (nullable = true)
[2025-02-20T08:30:45.209+0000] {spark_submit.py:495} INFO - |-- source: string (nullable = true)
[2025-02-20T08:30:45.210+0000] {spark_submit.py:495} INFO - 
[2025-02-20T08:30:46.897+0000] {spark_submit.py:495} INFO - 85
[2025-02-20T08:30:48.535+0000] {spark_submit.py:495} INFO - +--------------------+-------------------+--------------------+--------------------+------+
[2025-02-20T08:30:48.536+0000] {spark_submit.py:495} INFO - |                 url|           datetime|               title|                text|source|
[2025-02-20T08:30:48.536+0000] {spark_submit.py:495} INFO - +--------------------+-------------------+--------------------+--------------------+------+
[2025-02-20T08:30:48.537+0000] {spark_submit.py:495} INFO - |https://edition.c...|2025-02-13 15:56:00|Carmakers Nissan ...|Hong Kong/Tokyo J...|   cnn|
[2025-02-20T08:30:48.537+0000] {spark_submit.py:495} INFO - |https://edition.c...|2025-02-13 17:30:00|CFPB: Elizabeth W...|New York About a ...|   cnn|
[2025-02-20T08:30:48.538+0000] {spark_submit.py:495} INFO - |https://edition.c...|2025-02-13 21:50:00|Americans voted f...|A version of this...|   cnn|
[2025-02-20T08:30:48.538+0000] {spark_submit.py:495} INFO - |https://edition.c...|2025-02-14 16:42:00|Drama over Adams ...|Call it the Thurs...|   cnn|
[2025-02-20T08:30:48.539+0000] {spark_submit.py:495} INFO - |https://edition.c...|2025-02-14 16:24:00|Fact check: Musk,...|Washington Presid...|   cnn|
[2025-02-20T08:30:48.539+0000] {spark_submit.py:495} INFO - +--------------------+-------------------+--------------------+--------------------+------+
[2025-02-20T08:30:48.540+0000] {spark_submit.py:495} INFO - only showing top 5 rows
[2025-02-20T08:30:48.540+0000] {spark_submit.py:495} INFO - 
[2025-02-20T08:30:50.383+0000] {spark_submit.py:495} INFO - 75
[2025-02-20T08:31:00.855+0000] {spark_submit.py:495} INFO - No model was supplied, defaulted to distilbert/distilbert-base-uncased-finetuned-sst-2-english and revision 714eb0f (https://huggingface.co/distilbert/distilbert-base-uncased-finetuned-sst-2-english).
[2025-02-20T08:31:00.856+0000] {spark_submit.py:495} INFO - Using a pipeline without specifying a model name and revision in production is not recommended.
[2025-02-20T08:31:51.968+0000] {spark_submit.py:495} INFO - Device set to use cpu
[2025-02-20T08:32:10.543+0000] {spark_submit.py:495} INFO - label     score
[2025-02-20T08:32:10.544+0000] {spark_submit.py:495} INFO - 0   NEGATIVE  0.996718
[2025-02-20T08:32:10.545+0000] {spark_submit.py:495} INFO - 1   NEGATIVE  0.997758
[2025-02-20T08:32:10.545+0000] {spark_submit.py:495} INFO - 2   NEGATIVE  0.886296
[2025-02-20T08:32:10.546+0000] {spark_submit.py:495} INFO - 3   NEGATIVE  0.824643
[2025-02-20T08:32:10.546+0000] {spark_submit.py:495} INFO - 4   NEGATIVE  0.998791
[2025-02-20T08:32:10.546+0000] {spark_submit.py:495} INFO - ..       ...       ...
[2025-02-20T08:32:10.547+0000] {spark_submit.py:495} INFO - 70  NEGATIVE  0.978392
[2025-02-20T08:32:10.547+0000] {spark_submit.py:495} INFO - 71  NEGATIVE  0.997790
[2025-02-20T08:32:10.547+0000] {spark_submit.py:495} INFO - 72  NEGATIVE  0.988427
[2025-02-20T08:32:10.548+0000] {spark_submit.py:495} INFO - 73  POSITIVE  0.995676
[2025-02-20T08:32:10.548+0000] {spark_submit.py:495} INFO - 74  POSITIVE  0.868728
[2025-02-20T08:32:10.548+0000] {spark_submit.py:495} INFO - 
[2025-02-20T08:32:10.549+0000] {spark_submit.py:495} INFO - [75 rows x 2 columns]
[2025-02-20T08:32:12.006+0000] {spark_submit.py:495} INFO - url  ... source
[2025-02-20T08:32:12.007+0000] {spark_submit.py:495} INFO - 0   https://edition.cnn.com/2025/02/13/cars/japan-...  ...    cnn
[2025-02-20T08:32:12.007+0000] {spark_submit.py:495} INFO - 1   https://edition.cnn.com/2025/02/13/economy/elo...  ...    cnn
[2025-02-20T08:32:12.007+0000] {spark_submit.py:495} INFO - 2   https://edition.cnn.com/2025/02/13/politics/am...  ...    cnn
[2025-02-20T08:32:12.008+0000] {spark_submit.py:495} INFO - 3   https://edition.cnn.com/2025/02/13/politics/er...  ...    cnn
[2025-02-20T08:32:12.008+0000] {spark_submit.py:495} INFO - 4   https://edition.cnn.com/2025/02/13/politics/mu...  ...    cnn
[2025-02-20T08:32:12.008+0000] {spark_submit.py:495} INFO - ..                                                ...  ...    ...
[2025-02-20T08:32:12.008+0000] {spark_submit.py:495} INFO - 70  https://edition.cnn.com/2025/02/19/tech/trump-...  ...    cnn
[2025-02-20T08:32:12.009+0000] {spark_submit.py:495} INFO - 71  https://edition.cnn.com/2025/02/20/economy/chi...  ...    cnn
[2025-02-20T08:32:12.009+0000] {spark_submit.py:495} INFO - 72  https://edition.cnn.com/2025/02/20/politics/tr...  ...    cnn
[2025-02-20T08:32:12.009+0000] {spark_submit.py:495} INFO - 73  https://edition.cnn.com/politics/tracking-trum...  ...    cnn
[2025-02-20T08:32:12.010+0000] {spark_submit.py:495} INFO - 74  https://edition.cnn.com/politics/trump-cabinet...  ...    cnn
[2025-02-20T08:32:12.010+0000] {spark_submit.py:495} INFO - 
[2025-02-20T08:32:12.010+0000] {spark_submit.py:495} INFO - [75 rows x 5 columns]
[2025-02-20T08:32:12.020+0000] {spark_submit.py:495} INFO - url  ...     score
[2025-02-20T08:32:12.020+0000] {spark_submit.py:495} INFO - 0   https://edition.cnn.com/2025/02/13/cars/japan-...  ...  0.996718
[2025-02-20T08:32:12.021+0000] {spark_submit.py:495} INFO - 1   https://edition.cnn.com/2025/02/13/economy/elo...  ...  0.997758
[2025-02-20T08:32:12.021+0000] {spark_submit.py:495} INFO - 2   https://edition.cnn.com/2025/02/13/politics/am...  ...  0.886296
[2025-02-20T08:32:12.021+0000] {spark_submit.py:495} INFO - 3   https://edition.cnn.com/2025/02/13/politics/er...  ...  0.824643
[2025-02-20T08:32:12.022+0000] {spark_submit.py:495} INFO - 4   https://edition.cnn.com/2025/02/13/politics/mu...  ...  0.998791
[2025-02-20T08:32:12.022+0000] {spark_submit.py:495} INFO - ..                                                ...  ...       ...
[2025-02-20T08:32:12.022+0000] {spark_submit.py:495} INFO - 70  https://edition.cnn.com/2025/02/19/tech/trump-...  ...  0.978392
[2025-02-20T08:32:12.023+0000] {spark_submit.py:495} INFO - 71  https://edition.cnn.com/2025/02/20/economy/chi...  ...  0.997790
[2025-02-20T08:32:12.023+0000] {spark_submit.py:495} INFO - 72  https://edition.cnn.com/2025/02/20/politics/tr...  ...  0.988427
[2025-02-20T08:32:12.023+0000] {spark_submit.py:495} INFO - 73  https://edition.cnn.com/politics/tracking-trum...  ...  0.995676
[2025-02-20T08:32:12.023+0000] {spark_submit.py:495} INFO - 74  https://edition.cnn.com/politics/trump-cabinet...  ...  0.868728
[2025-02-20T08:32:12.024+0000] {spark_submit.py:495} INFO - 
[2025-02-20T08:32:12.024+0000] {spark_submit.py:495} INFO - [75 rows x 7 columns]
[2025-02-20T08:32:13.381+0000] {taskinstance.py:1149} INFO - Marking task as SUCCESS. dag_id=scraping_news_dag, task_id=spark_load_task_cnn, execution_date=20250220T082736, start_date=20250220T083032, end_date=20250220T083213
[2025-02-20T08:32:13.429+0000] {local_task_job_runner.py:234} INFO - Task exited with return code 0
[2025-02-20T08:32:13.474+0000] {taskinstance.py:3309} INFO - 1 downstream tasks scheduled from follow-on schedule check
