[2025-02-09T09:54:42.289+0000] {processor.py:161} INFO - Started process (PID=171) to work on /opt/airflow/dags/spark-dag-example.py
[2025-02-09T09:54:42.290+0000] {processor.py:830} INFO - Processing file /opt/airflow/dags/spark-dag-example.py for tasks to queue
[2025-02-09T09:54:42.290+0000] {logging_mixin.py:188} INFO - [2025-02-09T09:54:42.290+0000] {dagbag.py:540} INFO - Filling up the DagBag from /opt/airflow/dags/spark-dag-example.py
[2025-02-09T09:54:42.311+0000] {processor.py:840} INFO - DAG(s) 'spark_airflow_dag' retrieved from /opt/airflow/dags/spark-dag-example.py
[2025-02-09T09:54:42.572+0000] {logging_mixin.py:188} INFO - [2025-02-09T09:54:42.572+0000] {override.py:1769} INFO - Created Permission View: can read on DAG:spark_airflow_dag
[2025-02-09T09:54:42.581+0000] {logging_mixin.py:188} INFO - [2025-02-09T09:54:42.581+0000] {override.py:1769} INFO - Created Permission View: can edit on DAG:spark_airflow_dag
[2025-02-09T09:54:42.589+0000] {logging_mixin.py:188} INFO - [2025-02-09T09:54:42.589+0000] {override.py:1769} INFO - Created Permission View: can delete on DAG:spark_airflow_dag
[2025-02-09T09:54:42.590+0000] {logging_mixin.py:188} INFO - [2025-02-09T09:54:42.590+0000] {dag.py:3047} INFO - Sync 1 DAGs
[2025-02-09T09:54:42.602+0000] {logging_mixin.py:188} INFO - [2025-02-09T09:54:42.602+0000] {dag.py:3069} INFO - Creating ORM DAG for spark_airflow_dag
[2025-02-09T09:54:42.603+0000] {logging_mixin.py:188} INFO - [2025-02-09T09:54:42.603+0000] {dag.py:3834} INFO - Setting next_dagrun for spark_airflow_dag to None, run_after=None
[2025-02-09T09:54:42.622+0000] {processor.py:183} INFO - Processing /opt/airflow/dags/spark-dag-example.py took 0.335 seconds
[2025-02-09T09:55:12.803+0000] {processor.py:161} INFO - Started process (PID=181) to work on /opt/airflow/dags/spark-dag-example.py
[2025-02-09T09:55:12.804+0000] {processor.py:830} INFO - Processing file /opt/airflow/dags/spark-dag-example.py for tasks to queue
[2025-02-09T09:55:12.805+0000] {logging_mixin.py:188} INFO - [2025-02-09T09:55:12.805+0000] {dagbag.py:540} INFO - Filling up the DagBag from /opt/airflow/dags/spark-dag-example.py
[2025-02-09T09:55:12.823+0000] {processor.py:840} INFO - DAG(s) 'spark_airflow_dag' retrieved from /opt/airflow/dags/spark-dag-example.py
[2025-02-09T09:55:12.845+0000] {logging_mixin.py:188} INFO - [2025-02-09T09:55:12.845+0000] {dag.py:3047} INFO - Sync 1 DAGs
[2025-02-09T09:55:12.857+0000] {logging_mixin.py:188} INFO - [2025-02-09T09:55:12.856+0000] {dag.py:3834} INFO - Setting next_dagrun for spark_airflow_dag to None, run_after=None
[2025-02-09T09:55:12.875+0000] {processor.py:183} INFO - Processing /opt/airflow/dags/spark-dag-example.py took 0.075 seconds
[2025-02-09T09:55:43.013+0000] {processor.py:161} INFO - Started process (PID=330) to work on /opt/airflow/dags/spark-dag-example.py
[2025-02-09T09:55:43.015+0000] {processor.py:830} INFO - Processing file /opt/airflow/dags/spark-dag-example.py for tasks to queue
[2025-02-09T09:55:43.016+0000] {logging_mixin.py:188} INFO - [2025-02-09T09:55:43.015+0000] {dagbag.py:540} INFO - Filling up the DagBag from /opt/airflow/dags/spark-dag-example.py
[2025-02-09T09:55:43.036+0000] {processor.py:840} INFO - DAG(s) 'spark_airflow_dag' retrieved from /opt/airflow/dags/spark-dag-example.py
[2025-02-09T09:55:43.066+0000] {logging_mixin.py:188} INFO - [2025-02-09T09:55:43.065+0000] {dag.py:3047} INFO - Sync 1 DAGs
[2025-02-09T09:55:43.080+0000] {logging_mixin.py:188} INFO - [2025-02-09T09:55:43.079+0000] {dag.py:3834} INFO - Setting next_dagrun for spark_airflow_dag to None, run_after=None
[2025-02-09T09:55:43.101+0000] {processor.py:183} INFO - Processing /opt/airflow/dags/spark-dag-example.py took 0.090 seconds
[2025-02-09T09:56:13.225+0000] {processor.py:161} INFO - Started process (PID=411) to work on /opt/airflow/dags/spark-dag-example.py
[2025-02-09T09:56:13.226+0000] {processor.py:830} INFO - Processing file /opt/airflow/dags/spark-dag-example.py for tasks to queue
[2025-02-09T09:56:13.227+0000] {logging_mixin.py:188} INFO - [2025-02-09T09:56:13.226+0000] {dagbag.py:540} INFO - Filling up the DagBag from /opt/airflow/dags/spark-dag-example.py
[2025-02-09T09:56:13.242+0000] {processor.py:840} INFO - DAG(s) 'spark_airflow_dag' retrieved from /opt/airflow/dags/spark-dag-example.py
[2025-02-09T09:56:13.280+0000] {logging_mixin.py:188} INFO - [2025-02-09T09:56:13.280+0000] {dag.py:3047} INFO - Sync 1 DAGs
[2025-02-09T09:56:13.293+0000] {logging_mixin.py:188} INFO - [2025-02-09T09:56:13.292+0000] {dag.py:3834} INFO - Setting next_dagrun for spark_airflow_dag to None, run_after=None
[2025-02-09T09:56:13.314+0000] {processor.py:183} INFO - Processing /opt/airflow/dags/spark-dag-example.py took 0.092 seconds
