[2025-02-09T09:54:42.253+0000] {processor.py:161} INFO - Started process (PID=168) to work on /opt/airflow/dags/spark-dag-assignment.py
[2025-02-09T09:54:42.254+0000] {processor.py:830} INFO - Processing file /opt/airflow/dags/spark-dag-assignment.py for tasks to queue
[2025-02-09T09:54:42.255+0000] {logging_mixin.py:188} INFO - [2025-02-09T09:54:42.255+0000] {dagbag.py:540} INFO - Filling up the DagBag from /opt/airflow/dags/spark-dag-assignment.py
[2025-02-09T09:54:42.311+0000] {processor.py:840} INFO - DAG(s) 'spark_airflow_dag_assignment' retrieved from /opt/airflow/dags/spark-dag-assignment.py
[2025-02-09T09:54:42.568+0000] {logging_mixin.py:188} INFO - [2025-02-09T09:54:42.568+0000] {override.py:1617} ERROR - Add Permission: (psycopg2.errors.UniqueViolation) duplicate key value violates unique constraint "ab_permission_name_uq"
DETAIL:  Key (name)=(can_read) already exists.

[SQL: INSERT INTO ab_permission (name) VALUES (%(name)s) RETURNING ab_permission.id]
[parameters: {'name': 'can_read'}]
(Background on this error at: https://sqlalche.me/e/14/gkpj)
[2025-02-09T09:54:42.574+0000] {logging_mixin.py:188} INFO - [2025-02-09T09:54:42.573+0000] {override.py:1769} INFO - Created Permission View: None on DAG:spark_airflow_dag_assignment
[2025-02-09T09:54:42.579+0000] {logging_mixin.py:188} INFO - [2025-02-09T09:54:42.579+0000] {override.py:1617} ERROR - Add Permission: (psycopg2.errors.UniqueViolation) duplicate key value violates unique constraint "ab_permission_name_uq"
DETAIL:  Key (name)=(can_edit) already exists.

[SQL: INSERT INTO ab_permission (name) VALUES (%(name)s) RETURNING ab_permission.id]
[parameters: {'name': 'can_edit'}]
(Background on this error at: https://sqlalche.me/e/14/gkpj)
[2025-02-09T09:54:42.583+0000] {logging_mixin.py:188} INFO - [2025-02-09T09:54:42.583+0000] {override.py:1769} INFO - Created Permission View: None on DAG:spark_airflow_dag_assignment
[2025-02-09T09:54:42.588+0000] {logging_mixin.py:188} INFO - [2025-02-09T09:54:42.588+0000] {override.py:1617} ERROR - Add Permission: (psycopg2.errors.UniqueViolation) duplicate key value violates unique constraint "ab_permission_name_uq"
DETAIL:  Key (name)=(can_delete) already exists.

[SQL: INSERT INTO ab_permission (name) VALUES (%(name)s) RETURNING ab_permission.id]
[parameters: {'name': 'can_delete'}]
(Background on this error at: https://sqlalche.me/e/14/gkpj)
[2025-02-09T09:54:42.593+0000] {logging_mixin.py:188} INFO - [2025-02-09T09:54:42.593+0000] {override.py:1769} INFO - Created Permission View: None on DAG:spark_airflow_dag_assignment
[2025-02-09T09:54:42.594+0000] {logging_mixin.py:188} INFO - [2025-02-09T09:54:42.594+0000] {dag.py:3047} INFO - Sync 1 DAGs
[2025-02-09T09:54:42.606+0000] {logging_mixin.py:188} INFO - [2025-02-09T09:54:42.606+0000] {dag.py:3069} INFO - Creating ORM DAG for spark_airflow_dag_assignment
[2025-02-09T09:54:42.607+0000] {logging_mixin.py:188} INFO - [2025-02-09T09:54:42.607+0000] {dag.py:3834} INFO - Setting next_dagrun for spark_airflow_dag_assignment to None, run_after=None
[2025-02-09T09:54:42.624+0000] {processor.py:183} INFO - Processing /opt/airflow/dags/spark-dag-assignment.py took 0.374 seconds
[2025-02-09T09:55:12.795+0000] {processor.py:161} INFO - Started process (PID=178) to work on /opt/airflow/dags/spark-dag-assignment.py
[2025-02-09T09:55:12.796+0000] {processor.py:830} INFO - Processing file /opt/airflow/dags/spark-dag-assignment.py for tasks to queue
[2025-02-09T09:55:12.797+0000] {logging_mixin.py:188} INFO - [2025-02-09T09:55:12.797+0000] {dagbag.py:540} INFO - Filling up the DagBag from /opt/airflow/dags/spark-dag-assignment.py
[2025-02-09T09:55:12.817+0000] {processor.py:840} INFO - DAG(s) 'spark_airflow_dag_assignment' retrieved from /opt/airflow/dags/spark-dag-assignment.py
[2025-02-09T09:55:12.844+0000] {logging_mixin.py:188} INFO - [2025-02-09T09:55:12.843+0000] {dag.py:3047} INFO - Sync 1 DAGs
[2025-02-09T09:55:12.857+0000] {logging_mixin.py:188} INFO - [2025-02-09T09:55:12.856+0000] {dag.py:3834} INFO - Setting next_dagrun for spark_airflow_dag_assignment to None, run_after=None
[2025-02-09T09:55:12.875+0000] {processor.py:183} INFO - Processing /opt/airflow/dags/spark-dag-assignment.py took 0.083 seconds
[2025-02-09T09:55:43.011+0000] {processor.py:161} INFO - Started process (PID=327) to work on /opt/airflow/dags/spark-dag-assignment.py
[2025-02-09T09:55:43.012+0000] {processor.py:830} INFO - Processing file /opt/airflow/dags/spark-dag-assignment.py for tasks to queue
[2025-02-09T09:55:43.013+0000] {logging_mixin.py:188} INFO - [2025-02-09T09:55:43.013+0000] {dagbag.py:540} INFO - Filling up the DagBag from /opt/airflow/dags/spark-dag-assignment.py
[2025-02-09T09:55:43.036+0000] {processor.py:840} INFO - DAG(s) 'spark_airflow_dag_assignment' retrieved from /opt/airflow/dags/spark-dag-assignment.py
[2025-02-09T09:55:43.066+0000] {logging_mixin.py:188} INFO - [2025-02-09T09:55:43.065+0000] {dag.py:3047} INFO - Sync 1 DAGs
[2025-02-09T09:55:43.080+0000] {logging_mixin.py:188} INFO - [2025-02-09T09:55:43.079+0000] {dag.py:3834} INFO - Setting next_dagrun for spark_airflow_dag_assignment to None, run_after=None
[2025-02-09T09:55:43.101+0000] {processor.py:183} INFO - Processing /opt/airflow/dags/spark-dag-assignment.py took 0.095 seconds
[2025-02-09T09:56:13.215+0000] {processor.py:161} INFO - Started process (PID=408) to work on /opt/airflow/dags/spark-dag-assignment.py
[2025-02-09T09:56:13.216+0000] {processor.py:830} INFO - Processing file /opt/airflow/dags/spark-dag-assignment.py for tasks to queue
[2025-02-09T09:56:13.217+0000] {logging_mixin.py:188} INFO - [2025-02-09T09:56:13.217+0000] {dagbag.py:540} INFO - Filling up the DagBag from /opt/airflow/dags/spark-dag-assignment.py
[2025-02-09T09:56:13.241+0000] {processor.py:840} INFO - DAG(s) 'spark_airflow_dag_assignment' retrieved from /opt/airflow/dags/spark-dag-assignment.py
[2025-02-09T09:56:13.267+0000] {logging_mixin.py:188} INFO - [2025-02-09T09:56:13.267+0000] {dag.py:3047} INFO - Sync 1 DAGs
[2025-02-09T09:56:13.280+0000] {logging_mixin.py:188} INFO - [2025-02-09T09:56:13.280+0000] {dag.py:3834} INFO - Setting next_dagrun for spark_airflow_dag_assignment to None, run_after=None
[2025-02-09T09:56:13.312+0000] {processor.py:183} INFO - Processing /opt/airflow/dags/spark-dag-assignment.py took 0.100 seconds
