[2025-02-16T14:43:48.471+0000] {taskinstance.py:1979} INFO - Dependencies all met for dep_context=non-requeueable deps ti=<TaskInstance: scraping_news_dag.spark_load_task manual__2025-02-16T14:39:13.616065+00:00 [queued]>
[2025-02-16T14:43:48.479+0000] {taskinstance.py:1979} INFO - Dependencies all met for dep_context=requeueable deps ti=<TaskInstance: scraping_news_dag.spark_load_task manual__2025-02-16T14:39:13.616065+00:00 [queued]>
[2025-02-16T14:43:48.479+0000] {taskinstance.py:2193} INFO - Starting attempt 1 of 1
[2025-02-16T14:43:48.491+0000] {taskinstance.py:2214} INFO - Executing <Task(SparkSubmitOperator): spark_load_task> on 2025-02-16 14:39:13.616065+00:00
[2025-02-16T14:43:48.495+0000] {standard_task_runner.py:60} INFO - Started process 2989 to run task
[2025-02-16T14:43:48.497+0000] {standard_task_runner.py:87} INFO - Running: ['airflow', 'tasks', 'run', 'scraping_news_dag', 'spark_load_task', 'manual__2025-02-16T14:39:13.616065+00:00', '--job-id', '95', '--raw', '--subdir', 'DAGS_FOLDER/scraping-news-dag.py', '--cfg-path', '/tmp/tmpcfbjde9c']
[2025-02-16T14:43:48.499+0000] {standard_task_runner.py:88} INFO - Job 95: Subtask spark_load_task
[2025-02-16T14:43:48.511+0000] {logging_mixin.py:188} WARNING - /home/airflow/.local/lib/python3.9/site-packages/airflow/settings.py:194 DeprecationWarning: The sql_alchemy_conn option in [core] has been moved to the sql_alchemy_conn option in [database] - the old setting has been used, but please update your config.
[2025-02-16T14:43:48.537+0000] {task_command.py:423} INFO - Running <TaskInstance: scraping_news_dag.spark_load_task manual__2025-02-16T14:39:13.616065+00:00 [running]> on host deproject-airflow-scheduler
[2025-02-16T14:43:48.604+0000] {taskinstance.py:2510} INFO - Exporting env vars: AIRFLOW_CTX_DAG_OWNER='airflow' AIRFLOW_CTX_DAG_ID='scraping_news_dag' AIRFLOW_CTX_TASK_ID='spark_load_task' AIRFLOW_CTX_EXECUTION_DATE='2025-02-16T14:39:13.616065+00:00' AIRFLOW_CTX_TRY_NUMBER='1' AIRFLOW_CTX_DAG_RUN_ID='manual__2025-02-16T14:39:13.616065+00:00'
[2025-02-16T14:43:48.611+0000] {base.py:83} INFO - Using connection ID 'spark_main' for task execution.
[2025-02-16T14:43:48.613+0000] {spark_submit.py:344} INFO - Spark-Submit cmd: spark-submit --master spark://deproject-spark-master:7077 --name arrow-spark /spark-scripts/spark-news.py
[2025-02-16T14:43:51.224+0000] {spark_submit.py:495} INFO - 25/02/16 14:43:51 INFO SparkContext: Running Spark version 3.3.2
[2025-02-16T14:43:51.282+0000] {spark_submit.py:495} INFO - 25/02/16 14:43:51 WARN NativeCodeLoader: Unable to load native-hadoop library for your platform... using builtin-java classes where applicable
[2025-02-16T14:43:51.368+0000] {spark_submit.py:495} INFO - 25/02/16 14:43:51 INFO ResourceUtils: ==============================================================
[2025-02-16T14:43:51.369+0000] {spark_submit.py:495} INFO - 25/02/16 14:43:51 INFO ResourceUtils: No custom resources configured for spark.driver.
[2025-02-16T14:43:51.369+0000] {spark_submit.py:495} INFO - 25/02/16 14:43:51 INFO ResourceUtils: ==============================================================
[2025-02-16T14:43:51.369+0000] {spark_submit.py:495} INFO - 25/02/16 14:43:51 INFO SparkContext: Submitted application: FinalProject
[2025-02-16T14:43:51.389+0000] {spark_submit.py:495} INFO - 25/02/16 14:43:51 INFO ResourceProfile: Default ResourceProfile created, executor resources: Map(cores -> name: cores, amount: 1, script: , vendor: , memory -> name: memory, amount: 1024, script: , vendor: , offHeap -> name: offHeap, amount: 0, script: , vendor: ), task resources: Map(cpus -> name: cpus, amount: 1.0)
[2025-02-16T14:43:51.395+0000] {spark_submit.py:495} INFO - 25/02/16 14:43:51 INFO ResourceProfile: Limiting resource is cpu
[2025-02-16T14:43:51.396+0000] {spark_submit.py:495} INFO - 25/02/16 14:43:51 INFO ResourceProfileManager: Added ResourceProfile id: 0
[2025-02-16T14:43:51.440+0000] {spark_submit.py:495} INFO - 25/02/16 14:43:51 INFO SecurityManager: Changing view acls to: airflow
[2025-02-16T14:43:51.440+0000] {spark_submit.py:495} INFO - 25/02/16 14:43:51 INFO SecurityManager: Changing modify acls to: airflow
[2025-02-16T14:43:51.441+0000] {spark_submit.py:495} INFO - 25/02/16 14:43:51 INFO SecurityManager: Changing view acls groups to:
[2025-02-16T14:43:51.441+0000] {spark_submit.py:495} INFO - 25/02/16 14:43:51 INFO SecurityManager: Changing modify acls groups to:
[2025-02-16T14:43:51.441+0000] {spark_submit.py:495} INFO - 25/02/16 14:43:51 INFO SecurityManager: SecurityManager: authentication disabled; ui acls disabled; users  with view permissions: Set(airflow); groups with view permissions: Set(); users  with modify permissions: Set(airflow); groups with modify permissions: Set()
[2025-02-16T14:43:51.655+0000] {spark_submit.py:495} INFO - 25/02/16 14:43:51 INFO Utils: Successfully started service 'sparkDriver' on port 33153.
[2025-02-16T14:43:51.688+0000] {spark_submit.py:495} INFO - 25/02/16 14:43:51 INFO SparkEnv: Registering MapOutputTracker
[2025-02-16T14:43:51.723+0000] {spark_submit.py:495} INFO - 25/02/16 14:43:51 INFO SparkEnv: Registering BlockManagerMaster
[2025-02-16T14:43:51.738+0000] {spark_submit.py:495} INFO - 25/02/16 14:43:51 INFO BlockManagerMasterEndpoint: Using org.apache.spark.storage.DefaultTopologyMapper for getting topology information
[2025-02-16T14:43:51.739+0000] {spark_submit.py:495} INFO - 25/02/16 14:43:51 INFO BlockManagerMasterEndpoint: BlockManagerMasterEndpoint up
[2025-02-16T14:43:51.743+0000] {spark_submit.py:495} INFO - 25/02/16 14:43:51 INFO SparkEnv: Registering BlockManagerMasterHeartbeat
[2025-02-16T14:43:51.767+0000] {spark_submit.py:495} INFO - 25/02/16 14:43:51 INFO DiskBlockManager: Created local directory at /tmp/blockmgr-3b3fdcd6-00da-486b-8743-4ab4a85ee239
[2025-02-16T14:43:51.784+0000] {spark_submit.py:495} INFO - 25/02/16 14:43:51 INFO MemoryStore: MemoryStore started with capacity 434.4 MiB
[2025-02-16T14:43:51.797+0000] {spark_submit.py:495} INFO - 25/02/16 14:43:51 INFO SparkEnv: Registering OutputCommitCoordinator
[2025-02-16T14:43:52.006+0000] {spark_submit.py:495} INFO - 25/02/16 14:43:52 INFO Utils: Successfully started service 'SparkUI' on port 4040.
[2025-02-16T14:43:52.111+0000] {spark_submit.py:495} INFO - 25/02/16 14:43:52 INFO StandaloneAppClient$ClientEndpoint: Connecting to master spark://deproject-spark-master:7077...
[2025-02-16T14:43:52.144+0000] {spark_submit.py:495} INFO - 25/02/16 14:43:52 INFO TransportClientFactory: Successfully created connection to deproject-spark-master/172.28.0.3:7077 after 18 ms (0 ms spent in bootstraps)
[2025-02-16T14:43:52.346+0000] {spark_submit.py:495} INFO - 25/02/16 14:43:52 INFO StandaloneSchedulerBackend: Connected to Spark cluster with app ID app-20250216144352-0000
[2025-02-16T14:43:52.352+0000] {spark_submit.py:495} INFO - 25/02/16 14:43:52 INFO Utils: Successfully started service 'org.apache.spark.network.netty.NettyBlockTransferService' on port 34977.
[2025-02-16T14:43:52.352+0000] {spark_submit.py:495} INFO - 25/02/16 14:43:52 INFO NettyBlockTransferService: Server created on deproject-airflow-scheduler:34977
[2025-02-16T14:43:52.353+0000] {spark_submit.py:495} INFO - 25/02/16 14:43:52 INFO BlockManager: Using org.apache.spark.storage.RandomBlockReplicationPolicy for block replication policy
[2025-02-16T14:43:52.358+0000] {spark_submit.py:495} INFO - 25/02/16 14:43:52 INFO BlockManagerMaster: Registering BlockManager BlockManagerId(driver, deproject-airflow-scheduler, 34977, None)
[2025-02-16T14:43:52.361+0000] {spark_submit.py:495} INFO - 25/02/16 14:43:52 INFO BlockManagerMasterEndpoint: Registering block manager deproject-airflow-scheduler:34977 with 434.4 MiB RAM, BlockManagerId(driver, deproject-airflow-scheduler, 34977, None)
[2025-02-16T14:43:52.364+0000] {spark_submit.py:495} INFO - 25/02/16 14:43:52 INFO BlockManagerMaster: Registered BlockManager BlockManagerId(driver, deproject-airflow-scheduler, 34977, None)
[2025-02-16T14:43:52.365+0000] {spark_submit.py:495} INFO - 25/02/16 14:43:52 INFO BlockManager: Initialized BlockManager: BlockManagerId(driver, deproject-airflow-scheduler, 34977, None)
[2025-02-16T14:43:52.402+0000] {spark_submit.py:495} INFO - 25/02/16 14:43:52 INFO StandaloneAppClient$ClientEndpoint: Executor added: app-20250216144352-0000/0 on worker-20250216134636-172.28.0.4-41449 (172.28.0.4:41449) with 1 core(s)
[2025-02-16T14:43:52.404+0000] {spark_submit.py:495} INFO - 25/02/16 14:43:52 INFO StandaloneSchedulerBackend: Granted executor ID app-20250216144352-0000/0 on hostPort 172.28.0.4:41449 with 1 core(s), 1024.0 MiB RAM
[2025-02-16T14:43:52.548+0000] {spark_submit.py:495} INFO - 25/02/16 14:43:52 INFO StandaloneSchedulerBackend: SchedulerBackend is ready for scheduling beginning after reached minRegisteredResourcesRatio: 0.0
[2025-02-16T14:43:57.220+0000] {spark_submit.py:495} INFO - +---+--------------------+-------------------+--------------------+--------------------+------+
[2025-02-16T14:43:57.221+0000] {spark_submit.py:495} INFO - | id|                 url|           datetime|               title|                text|source|
[2025-02-16T14:43:57.221+0000] {spark_submit.py:495} INFO - +---+--------------------+-------------------+--------------------+--------------------+------+
[2025-02-16T14:43:57.222+0000] {spark_submit.py:495} INFO - |  0|https://edition.c...|2025-02-14 16:42:00|Drama over Adams ...|Call it the Thurs...|   cnn|
[2025-02-16T14:43:57.222+0000] {spark_submit.py:495} INFO - |  1|https://edition.c...|2025-02-13 21:50:00|Americans voted f...|A version of this...|   cnn|
[2025-02-16T14:43:57.223+0000] {spark_submit.py:495} INFO - |  2|https://edition.c...|2025-02-15 22:00:00|Your questions ab...|A version of this...|   cnn|
[2025-02-16T14:43:57.223+0000] {spark_submit.py:495} INFO - |  3|https://edition.c...|2025-02-14 17:30:00|Thousands of prob...|The Trump adminis...|   cnn|
[2025-02-16T14:43:57.223+0000] {spark_submit.py:495} INFO - |  4|https://edition.c...|2025-02-16 18:19:00|Video: Roy Wood J...|1. How relevant i...|   cnn|
[2025-02-16T14:43:57.224+0000] {spark_submit.py:495} INFO - +---+--------------------+-------------------+--------------------+--------------------+------+
[2025-02-16T14:43:57.224+0000] {spark_submit.py:495} INFO - only showing top 5 rows
[2025-02-16T14:43:57.224+0000] {spark_submit.py:495} INFO - 
[2025-02-16T14:43:57.225+0000] {spark_submit.py:495} INFO - root
[2025-02-16T14:43:57.225+0000] {spark_submit.py:495} INFO - |-- id: integer (nullable = true)
[2025-02-16T14:43:57.225+0000] {spark_submit.py:495} INFO - |-- url: string (nullable = true)
[2025-02-16T14:43:57.226+0000] {spark_submit.py:495} INFO - |-- datetime: timestamp (nullable = true)
[2025-02-16T14:43:57.226+0000] {spark_submit.py:495} INFO - |-- title: string (nullable = true)
[2025-02-16T14:43:57.226+0000] {spark_submit.py:495} INFO - |-- text: string (nullable = true)
[2025-02-16T14:43:57.227+0000] {spark_submit.py:495} INFO - |-- source: string (nullable = true)
[2025-02-16T14:43:57.227+0000] {spark_submit.py:495} INFO - 
[2025-02-16T14:43:58.166+0000] {spark_submit.py:495} INFO - 94
[2025-02-16T14:43:58.517+0000] {spark_submit.py:495} INFO - +---+--------------------+-------------------+--------------------+--------------------+------+
[2025-02-16T14:43:58.518+0000] {spark_submit.py:495} INFO - | id|                 url|           datetime|               title|                text|source|
[2025-02-16T14:43:58.518+0000] {spark_submit.py:495} INFO - +---+--------------------+-------------------+--------------------+--------------------+------+
[2025-02-16T14:43:58.519+0000] {spark_submit.py:495} INFO - |  0|https://edition.c...|2025-02-14 16:42:00|Drama over Adams ...|Call it the Thurs...|   cnn|
[2025-02-16T14:43:58.519+0000] {spark_submit.py:495} INFO - |  1|https://edition.c...|2025-02-13 21:50:00|Americans voted f...|A version of this...|   cnn|
[2025-02-16T14:43:58.520+0000] {spark_submit.py:495} INFO - |  2|https://edition.c...|2025-02-15 22:00:00|Your questions ab...|A version of this...|   cnn|
[2025-02-16T14:43:58.520+0000] {spark_submit.py:495} INFO - |  3|https://edition.c...|2025-02-14 17:30:00|Thousands of prob...|The Trump adminis...|   cnn|
[2025-02-16T14:43:58.521+0000] {spark_submit.py:495} INFO - |  5|https://edition.c...|2025-02-16 20:43:00|Federal appeals c...|A federal appeals...|   cnn|
[2025-02-16T14:43:58.521+0000] {spark_submit.py:495} INFO - +---+--------------------+-------------------+--------------------+--------------------+------+
[2025-02-16T14:43:58.521+0000] {spark_submit.py:495} INFO - only showing top 5 rows
[2025-02-16T14:43:58.522+0000] {spark_submit.py:495} INFO - 
[2025-02-16T14:43:58.934+0000] {spark_submit.py:495} INFO - 82
[2025-02-16T14:43:58.935+0000] {spark_submit.py:495} INFO - Traceback (most recent call last):
[2025-02-16T14:43:58.935+0000] {spark_submit.py:495} INFO - File "/spark-scripts/spark-news.py", line 34, in <module>
[2025-02-16T14:43:58.937+0000] {spark_submit.py:495} INFO - df.to_csv('/opt/bitnami/spark/data/cnn_spark.csv')
[2025-02-16T14:43:58.938+0000] {spark_submit.py:495} INFO - File "/home/airflow/.local/lib/python3.9/site-packages/pyspark/python/lib/pyspark.zip/pyspark/sql/dataframe.py", line 1988, in __getattr__
[2025-02-16T14:43:58.939+0000] {spark_submit.py:495} INFO - AttributeError: 'DataFrame' object has no attribute 'to_csv'
[2025-02-16T14:43:59.118+0000] {taskinstance.py:2728} ERROR - Task failed with exception
Traceback (most recent call last):
  File "/home/airflow/.local/lib/python3.9/site-packages/airflow/models/taskinstance.py", line 444, in _execute_task
    result = _execute_callable(context=context, **execute_callable_kwargs)
  File "/home/airflow/.local/lib/python3.9/site-packages/airflow/models/taskinstance.py", line 414, in _execute_callable
    return execute_callable(context=context, **execute_callable_kwargs)
  File "/home/airflow/.local/lib/python3.9/site-packages/airflow/providers/apache/spark/operators/spark_submit.py", line 157, in execute
    self._hook.submit(self._application)
  File "/home/airflow/.local/lib/python3.9/site-packages/airflow/providers/apache/spark/hooks/spark_submit.py", line 426, in submit
    raise AirflowException(
airflow.exceptions.AirflowException: Cannot execute: spark-submit --master spark://deproject-spark-master:7077 --name arrow-spark /spark-scripts/spark-news.py. Error code is: 1.
[2025-02-16T14:43:59.123+0000] {taskinstance.py:1149} INFO - Marking task as FAILED. dag_id=scraping_news_dag, task_id=spark_load_task, execution_date=20250216T143913, start_date=20250216T144348, end_date=20250216T144359
[2025-02-16T14:43:59.136+0000] {standard_task_runner.py:107} ERROR - Failed to execute job 95 for task spark_load_task (Cannot execute: spark-submit --master spark://deproject-spark-master:7077 --name arrow-spark /spark-scripts/spark-news.py. Error code is: 1.; 2989)
[2025-02-16T14:43:59.156+0000] {local_task_job_runner.py:234} INFO - Task exited with return code 1
[2025-02-16T14:43:59.178+0000] {taskinstance.py:3309} INFO - 0 downstream tasks scheduled from follow-on schedule check
