[2025-02-14T11:23:09.404+0000] {taskinstance.py:1979} INFO - Dependencies all met for dep_context=non-requeueable deps ti=<TaskInstance: load_bigquery.spark_load_task manual__2025-02-14T11:23:08.239564+00:00 [queued]>
[2025-02-14T11:23:09.412+0000] {taskinstance.py:1979} INFO - Dependencies all met for dep_context=requeueable deps ti=<TaskInstance: load_bigquery.spark_load_task manual__2025-02-14T11:23:08.239564+00:00 [queued]>
[2025-02-14T11:23:09.412+0000] {taskinstance.py:2193} INFO - Starting attempt 1 of 1
[2025-02-14T11:23:09.425+0000] {taskinstance.py:2214} INFO - Executing <Task(SparkSubmitOperator): spark_load_task> on 2025-02-14 11:23:08.239564+00:00
[2025-02-14T11:23:09.431+0000] {standard_task_runner.py:60} INFO - Started process 209 to run task
[2025-02-14T11:23:09.434+0000] {standard_task_runner.py:87} INFO - Running: ['airflow', 'tasks', 'run', 'load_bigquery', 'spark_load_task', 'manual__2025-02-14T11:23:08.239564+00:00', '--job-id', '57', '--raw', '--subdir', 'DAGS_FOLDER/load-bigquery.py', '--cfg-path', '/tmp/tmpafygs7hp']
[2025-02-14T11:23:09.435+0000] {standard_task_runner.py:88} INFO - Job 57: Subtask spark_load_task
[2025-02-14T11:23:09.450+0000] {logging_mixin.py:188} WARNING - /home/airflow/.local/lib/python3.9/site-packages/airflow/settings.py:194 DeprecationWarning: The sql_alchemy_conn option in [core] has been moved to the sql_alchemy_conn option in [database] - the old setting has been used, but please update your config.
[2025-02-14T11:23:09.482+0000] {task_command.py:423} INFO - Running <TaskInstance: load_bigquery.spark_load_task manual__2025-02-14T11:23:08.239564+00:00 [running]> on host deproject-airflow-scheduler
[2025-02-14T11:23:09.556+0000] {taskinstance.py:2510} INFO - Exporting env vars: AIRFLOW_CTX_DAG_OWNER='dibimbing' AIRFLOW_CTX_DAG_ID='load_bigquery' AIRFLOW_CTX_TASK_ID='spark_load_task' AIRFLOW_CTX_EXECUTION_DATE='2025-02-14T11:23:08.239564+00:00' AIRFLOW_CTX_TRY_NUMBER='1' AIRFLOW_CTX_DAG_RUN_ID='manual__2025-02-14T11:23:08.239564+00:00'
[2025-02-14T11:23:09.564+0000] {base.py:83} INFO - Using connection ID 'spark_main' for task execution.
[2025-02-14T11:23:09.565+0000] {spark_submit.py:344} INFO - Spark-Submit cmd: spark-submit --master spark://deproject-spark-master:7077 --name arrow-spark /spark-scripts/spark-news.py
[2025-02-14T11:23:12.090+0000] {spark_submit.py:495} INFO - ['/spark-scripts', '/home/airflow/.local/lib/python3.9/site-packages/pyspark/python/lib/pyspark.zip', '/home/airflow/.local/lib/python3.9/site-packages/pyspark/python/lib/py4j-0.10.9.5-src.zip', '/home/airflow/.local/lib/python3.9/site-packages/pyspark/jars/spark-core_2.12-3.3.2.jar', '/usr/local/lib/python39.zip', '/usr/local/lib/python3.9', '/usr/local/lib/python3.9/lib-dynload', '/home/airflow/.local/lib/python3.9/site-packages', '/usr/local/lib/python3.9/site-packages', '/scripts']
[2025-02-14T11:24:27.796+0000] {spark_submit.py:495} INFO - url  ... source
[2025-02-14T11:24:27.797+0000] {spark_submit.py:495} INFO - 0   https://edition.cnn.com/2025/02/13/politics/us...  ...    cnn
[2025-02-14T11:24:27.797+0000] {spark_submit.py:495} INFO - 2   https://edition.cnn.com/2025/02/13/politics/da...  ...    cnn
[2025-02-14T11:24:27.797+0000] {spark_submit.py:495} INFO - 5   https://edition.cnn.com/2025/02/13/politics/ro...  ...    cnn
[2025-02-14T11:24:27.798+0000] {spark_submit.py:495} INFO - 8   https://edition.cnn.com/2025/02/13/politics/mu...  ...    cnn
[2025-02-14T11:24:27.798+0000] {spark_submit.py:495} INFO - 13  https://edition.cnn.com/2025/02/13/politics/bu...  ...    cnn
[2025-02-14T11:24:27.798+0000] {spark_submit.py:495} INFO - 14  https://edition.cnn.com/2025/02/13/politics/er...  ...    cnn
[2025-02-14T11:24:27.799+0000] {spark_submit.py:495} INFO - 19  https://edition.cnn.com/2025/02/13/politics/gu...  ...    cnn
[2025-02-14T11:24:27.799+0000] {spark_submit.py:495} INFO - 20  https://edition.cnn.com/2025/02/13/politics/su...  ...    cnn
[2025-02-14T11:24:27.799+0000] {spark_submit.py:495} INFO - 21  https://edition.cnn.com/2025/02/13/politics/re...  ...    cnn
[2025-02-14T11:24:27.799+0000] {spark_submit.py:495} INFO - 26  https://edition.cnn.com/2025/02/13/politics/am...  ...    cnn
[2025-02-14T11:24:27.800+0000] {spark_submit.py:495} INFO - 28  https://edition.cnn.com/2025/02/13/politics/rf...  ...    cnn
[2025-02-14T11:24:27.800+0000] {spark_submit.py:495} INFO - 31  https://edition.cnn.com/2025/02/13/politics/us...  ...    cnn
[2025-02-14T11:24:27.800+0000] {spark_submit.py:495} INFO - 33  https://edition.cnn.com/2025/02/13/politics/da...  ...    cnn
[2025-02-14T11:24:27.801+0000] {spark_submit.py:495} INFO - 35  https://edition.cnn.com/2025/02/13/politics/fe...  ...    cnn
[2025-02-14T11:24:27.801+0000] {spark_submit.py:495} INFO - 36  https://edition.cnn.com/2025/02/13/politics/vi...  ...    cnn
[2025-02-14T11:24:27.801+0000] {spark_submit.py:495} INFO - 38  https://edition.cnn.com/2025/02/13/politics/do...  ...    cnn
[2025-02-14T11:24:27.801+0000] {spark_submit.py:495} INFO - 41  https://edition.cnn.com/2025/02/13/politics/ti...  ...    cnn
[2025-02-14T11:24:27.802+0000] {spark_submit.py:495} INFO - 44  https://edition.cnn.com/2025/02/13/politics/us...  ...    cnn
[2025-02-14T11:24:27.802+0000] {spark_submit.py:495} INFO - 
[2025-02-14T11:24:27.802+0000] {spark_submit.py:495} INFO - [18 rows x 5 columns]
[2025-02-14T11:27:54.817+0000] {spark_submit.py:495} INFO - url  ... source
[2025-02-14T11:27:54.817+0000] {spark_submit.py:495} INFO - 0   https://edition.cnn.com/2025/02/13/cars/japan-...  ...    cnn
[2025-02-14T11:27:54.818+0000] {spark_submit.py:495} INFO - 2   https://edition.cnn.com/2025/02/13/economy/elo...  ...    cnn
[2025-02-14T11:27:54.818+0000] {spark_submit.py:495} INFO - 4   https://edition.cnn.com/2025/02/13/economy/us-...  ...    cnn
[2025-02-14T11:27:54.819+0000] {spark_submit.py:495} INFO - 12  https://edition.cnn.com/2025/02/13/business/tr...  ...    cnn
[2025-02-14T11:27:54.819+0000] {spark_submit.py:495} INFO - 13  https://edition.cnn.com/2025/02/13/tech/china-...  ...    cnn
[2025-02-14T11:27:54.819+0000] {spark_submit.py:495} INFO - 28  https://edition.cnn.com/2025/02/13/food/dennys...  ...    cnn
[2025-02-14T11:27:54.819+0000] {spark_submit.py:495} INFO - 29  https://edition.cnn.com/2025/02/13/business/ch...  ...    cnn
[2025-02-14T11:27:54.820+0000] {spark_submit.py:495} INFO - 30  https://edition.cnn.com/2025/02/13/tech/elon-m...  ...    cnn
[2025-02-14T11:27:54.820+0000] {spark_submit.py:495} INFO - 36  https://edition.cnn.com/2025/02/13/economy/tar...  ...    cnn
[2025-02-14T11:27:54.820+0000] {spark_submit.py:495} INFO - 37  https://edition.cnn.com/2025/02/13/media/param...  ...    cnn
[2025-02-14T11:27:54.821+0000] {spark_submit.py:495} INFO - 39  https://edition.cnn.com/2025/02/13/media/trump...  ...    cnn
[2025-02-14T11:27:54.821+0000] {spark_submit.py:495} INFO - 40  https://edition.cnn.com/2025/02/13/economy/us-...  ...    cnn
[2025-02-14T11:27:54.821+0000] {spark_submit.py:495} INFO - 41  https://edition.cnn.com/2025/02/13/economy/new...  ...    cnn
[2025-02-14T11:27:54.821+0000] {spark_submit.py:495} INFO - 43  https://edition.cnn.com/2025/02/13/tech/tiktok...  ...    cnn
[2025-02-14T11:27:54.822+0000] {spark_submit.py:495} INFO - 55  https://edition.cnn.com/2025/02/13/business/vi...  ...    cnn
[2025-02-14T11:27:54.822+0000] {spark_submit.py:495} INFO - 57  https://edition.cnn.com/2025/02/13/business/vi...  ...    cnn
[2025-02-14T11:27:54.822+0000] {spark_submit.py:495} INFO - 
[2025-02-14T11:27:54.823+0000] {spark_submit.py:495} INFO - [16 rows x 5 columns]
[2025-02-14T11:30:15.779+0000] {spark_submit.py:495} INFO - Empty DataFrame
[2025-02-14T11:30:15.781+0000] {spark_submit.py:495} INFO - Columns: [url, date, title, text, source]
[2025-02-14T11:30:15.781+0000] {spark_submit.py:495} INFO - Index: []
[2025-02-14T11:31:27.156+0000] {spark_submit.py:495} INFO - Empty DataFrame
[2025-02-14T11:31:27.157+0000] {spark_submit.py:495} INFO - Columns: [url, date, title, text, source]
[2025-02-14T11:31:27.157+0000] {spark_submit.py:495} INFO - Index: []
[2025-02-14T11:31:27.165+0000] {spark_submit.py:495} INFO - url  ... source
[2025-02-14T11:31:27.166+0000] {spark_submit.py:495} INFO - 0   https://edition.cnn.com/2025/02/13/politics/us...  ...    cnn
[2025-02-14T11:31:27.166+0000] {spark_submit.py:495} INFO - 1   https://edition.cnn.com/2025/02/13/politics/da...  ...    cnn
[2025-02-14T11:31:27.167+0000] {spark_submit.py:495} INFO - 2   https://edition.cnn.com/2025/02/13/politics/ro...  ...    cnn
[2025-02-14T11:31:27.167+0000] {spark_submit.py:495} INFO - 3   https://edition.cnn.com/2025/02/13/politics/mu...  ...    cnn
[2025-02-14T11:31:27.167+0000] {spark_submit.py:495} INFO - 4   https://edition.cnn.com/2025/02/13/politics/bu...  ...    cnn
[2025-02-14T11:31:27.168+0000] {spark_submit.py:495} INFO - 5   https://edition.cnn.com/2025/02/13/politics/er...  ...    cnn
[2025-02-14T11:31:27.168+0000] {spark_submit.py:495} INFO - 6   https://edition.cnn.com/2025/02/13/politics/gu...  ...    cnn
[2025-02-14T11:31:27.168+0000] {spark_submit.py:495} INFO - 7   https://edition.cnn.com/2025/02/13/politics/su...  ...    cnn
[2025-02-14T11:31:27.168+0000] {spark_submit.py:495} INFO - 8   https://edition.cnn.com/2025/02/13/politics/re...  ...    cnn
[2025-02-14T11:31:27.169+0000] {spark_submit.py:495} INFO - 9   https://edition.cnn.com/2025/02/13/politics/am...  ...    cnn
[2025-02-14T11:31:27.169+0000] {spark_submit.py:495} INFO - 10  https://edition.cnn.com/2025/02/13/politics/rf...  ...    cnn
[2025-02-14T11:31:27.169+0000] {spark_submit.py:495} INFO - 11  https://edition.cnn.com/2025/02/13/politics/us...  ...    cnn
[2025-02-14T11:31:27.170+0000] {spark_submit.py:495} INFO - 12  https://edition.cnn.com/2025/02/13/politics/da...  ...    cnn
[2025-02-14T11:31:27.170+0000] {spark_submit.py:495} INFO - 13  https://edition.cnn.com/2025/02/13/politics/fe...  ...    cnn
[2025-02-14T11:31:27.170+0000] {spark_submit.py:495} INFO - 14  https://edition.cnn.com/2025/02/13/politics/vi...  ...    cnn
[2025-02-14T11:31:27.170+0000] {spark_submit.py:495} INFO - 15  https://edition.cnn.com/2025/02/13/politics/do...  ...    cnn
[2025-02-14T11:31:27.171+0000] {spark_submit.py:495} INFO - 16  https://edition.cnn.com/2025/02/13/politics/ti...  ...    cnn
[2025-02-14T11:31:27.171+0000] {spark_submit.py:495} INFO - 17  https://edition.cnn.com/2025/02/13/politics/us...  ...    cnn
[2025-02-14T11:31:27.171+0000] {spark_submit.py:495} INFO - 18  https://edition.cnn.com/2025/02/13/cars/japan-...  ...    cnn
[2025-02-14T11:31:27.171+0000] {spark_submit.py:495} INFO - 19  https://edition.cnn.com/2025/02/13/economy/elo...  ...    cnn
[2025-02-14T11:31:27.172+0000] {spark_submit.py:495} INFO - 20  https://edition.cnn.com/2025/02/13/economy/us-...  ...    cnn
[2025-02-14T11:31:27.172+0000] {spark_submit.py:495} INFO - 21  https://edition.cnn.com/2025/02/13/business/tr...  ...    cnn
[2025-02-14T11:31:27.172+0000] {spark_submit.py:495} INFO - 22  https://edition.cnn.com/2025/02/13/tech/china-...  ...    cnn
[2025-02-14T11:31:27.172+0000] {spark_submit.py:495} INFO - 23  https://edition.cnn.com/2025/02/13/food/dennys...  ...    cnn
[2025-02-14T11:31:27.173+0000] {spark_submit.py:495} INFO - 24  https://edition.cnn.com/2025/02/13/business/ch...  ...    cnn
[2025-02-14T11:31:27.173+0000] {spark_submit.py:495} INFO - 25  https://edition.cnn.com/2025/02/13/tech/elon-m...  ...    cnn
[2025-02-14T11:31:27.173+0000] {spark_submit.py:495} INFO - 26  https://edition.cnn.com/2025/02/13/economy/tar...  ...    cnn
[2025-02-14T11:31:27.174+0000] {spark_submit.py:495} INFO - 27  https://edition.cnn.com/2025/02/13/media/param...  ...    cnn
[2025-02-14T11:31:27.174+0000] {spark_submit.py:495} INFO - 28  https://edition.cnn.com/2025/02/13/media/trump...  ...    cnn
[2025-02-14T11:31:27.174+0000] {spark_submit.py:495} INFO - 29  https://edition.cnn.com/2025/02/13/economy/us-...  ...    cnn
[2025-02-14T11:31:27.174+0000] {spark_submit.py:495} INFO - 30  https://edition.cnn.com/2025/02/13/economy/new...  ...    cnn
[2025-02-14T11:31:27.175+0000] {spark_submit.py:495} INFO - 31  https://edition.cnn.com/2025/02/13/tech/tiktok...  ...    cnn
[2025-02-14T11:31:27.175+0000] {spark_submit.py:495} INFO - 32  https://edition.cnn.com/2025/02/13/business/vi...  ...    cnn
[2025-02-14T11:31:27.175+0000] {spark_submit.py:495} INFO - 33  https://edition.cnn.com/2025/02/13/business/vi...  ...    cnn
[2025-02-14T11:31:27.175+0000] {spark_submit.py:495} INFO - 
[2025-02-14T11:31:27.176+0000] {spark_submit.py:495} INFO - [34 rows x 5 columns]
[2025-02-14T11:31:27.266+0000] {spark_submit.py:495} INFO - 25/02/14 11:31:27 INFO SparkContext: Running Spark version 3.3.2
[2025-02-14T11:31:27.333+0000] {spark_submit.py:495} INFO - 25/02/14 11:31:27 WARN NativeCodeLoader: Unable to load native-hadoop library for your platform... using builtin-java classes where applicable
[2025-02-14T11:31:27.435+0000] {spark_submit.py:495} INFO - 25/02/14 11:31:27 INFO ResourceUtils: ==============================================================
[2025-02-14T11:31:27.436+0000] {spark_submit.py:495} INFO - 25/02/14 11:31:27 INFO ResourceUtils: No custom resources configured for spark.driver.
[2025-02-14T11:31:27.436+0000] {spark_submit.py:495} INFO - 25/02/14 11:31:27 INFO ResourceUtils: ==============================================================
[2025-02-14T11:31:27.436+0000] {spark_submit.py:495} INFO - 25/02/14 11:31:27 INFO SparkContext: Submitted application: FinalProject
[2025-02-14T11:31:27.458+0000] {spark_submit.py:495} INFO - 25/02/14 11:31:27 INFO ResourceProfile: Default ResourceProfile created, executor resources: Map(cores -> name: cores, amount: 1, script: , vendor: , memory -> name: memory, amount: 1024, script: , vendor: , offHeap -> name: offHeap, amount: 0, script: , vendor: ), task resources: Map(cpus -> name: cpus, amount: 1.0)
[2025-02-14T11:31:27.465+0000] {spark_submit.py:495} INFO - 25/02/14 11:31:27 INFO ResourceProfile: Limiting resource is cpu
[2025-02-14T11:31:27.465+0000] {spark_submit.py:495} INFO - 25/02/14 11:31:27 INFO ResourceProfileManager: Added ResourceProfile id: 0
[2025-02-14T11:31:27.515+0000] {spark_submit.py:495} INFO - 25/02/14 11:31:27 INFO SecurityManager: Changing view acls to: airflow
[2025-02-14T11:31:27.515+0000] {spark_submit.py:495} INFO - 25/02/14 11:31:27 INFO SecurityManager: Changing modify acls to: airflow
[2025-02-14T11:31:27.515+0000] {spark_submit.py:495} INFO - 25/02/14 11:31:27 INFO SecurityManager: Changing view acls groups to:
[2025-02-14T11:31:27.516+0000] {spark_submit.py:495} INFO - 25/02/14 11:31:27 INFO SecurityManager: Changing modify acls groups to:
[2025-02-14T11:31:27.516+0000] {spark_submit.py:495} INFO - 25/02/14 11:31:27 INFO SecurityManager: SecurityManager: authentication disabled; ui acls disabled; users  with view permissions: Set(airflow); groups with view permissions: Set(); users  with modify permissions: Set(airflow); groups with modify permissions: Set()
[2025-02-14T11:31:27.733+0000] {spark_submit.py:495} INFO - 25/02/14 11:31:27 INFO Utils: Successfully started service 'sparkDriver' on port 35431.
[2025-02-14T11:31:27.767+0000] {spark_submit.py:495} INFO - 25/02/14 11:31:27 INFO SparkEnv: Registering MapOutputTracker
[2025-02-14T11:31:27.801+0000] {spark_submit.py:495} INFO - 25/02/14 11:31:27 INFO SparkEnv: Registering BlockManagerMaster
[2025-02-14T11:31:27.819+0000] {spark_submit.py:495} INFO - 25/02/14 11:31:27 INFO BlockManagerMasterEndpoint: Using org.apache.spark.storage.DefaultTopologyMapper for getting topology information
[2025-02-14T11:31:27.821+0000] {spark_submit.py:495} INFO - 25/02/14 11:31:27 INFO BlockManagerMasterEndpoint: BlockManagerMasterEndpoint up
[2025-02-14T11:31:27.826+0000] {spark_submit.py:495} INFO - 25/02/14 11:31:27 INFO SparkEnv: Registering BlockManagerMasterHeartbeat
[2025-02-14T11:31:27.850+0000] {spark_submit.py:495} INFO - 25/02/14 11:31:27 INFO DiskBlockManager: Created local directory at /tmp/blockmgr-6cfd72cf-b701-41cb-a004-4418c6507f22
[2025-02-14T11:31:27.866+0000] {spark_submit.py:495} INFO - 25/02/14 11:31:27 INFO MemoryStore: MemoryStore started with capacity 434.4 MiB
[2025-02-14T11:31:27.879+0000] {spark_submit.py:495} INFO - 25/02/14 11:31:27 INFO SparkEnv: Registering OutputCommitCoordinator
[2025-02-14T11:31:28.089+0000] {spark_submit.py:495} INFO - 25/02/14 11:31:28 INFO Utils: Successfully started service 'SparkUI' on port 4040.
[2025-02-14T11:31:28.220+0000] {spark_submit.py:495} INFO - 25/02/14 11:31:28 INFO StandaloneAppClient$ClientEndpoint: Connecting to master spark://deproject-spark-master:7077...
[2025-02-14T11:31:28.263+0000] {spark_submit.py:495} INFO - 25/02/14 11:31:28 INFO TransportClientFactory: Successfully created connection to deproject-spark-master/172.28.0.3:7077 after 23 ms (0 ms spent in bootstraps)
[2025-02-14T11:31:28.385+0000] {spark_submit.py:495} INFO - 25/02/14 11:31:28 INFO StandaloneSchedulerBackend: Connected to Spark cluster with app ID app-20250214113128-0000
[2025-02-14T11:31:28.394+0000] {spark_submit.py:495} INFO - 25/02/14 11:31:28 INFO Utils: Successfully started service 'org.apache.spark.network.netty.NettyBlockTransferService' on port 37877.
[2025-02-14T11:31:28.395+0000] {spark_submit.py:495} INFO - 25/02/14 11:31:28 INFO NettyBlockTransferService: Server created on deproject-airflow-scheduler:37877
[2025-02-14T11:31:28.397+0000] {spark_submit.py:495} INFO - 25/02/14 11:31:28 INFO BlockManager: Using org.apache.spark.storage.RandomBlockReplicationPolicy for block replication policy
[2025-02-14T11:31:28.410+0000] {spark_submit.py:495} INFO - 25/02/14 11:31:28 INFO BlockManagerMaster: Registering BlockManager BlockManagerId(driver, deproject-airflow-scheduler, 37877, None)
[2025-02-14T11:31:28.414+0000] {spark_submit.py:495} INFO - 25/02/14 11:31:28 INFO BlockManagerMasterEndpoint: Registering block manager deproject-airflow-scheduler:37877 with 434.4 MiB RAM, BlockManagerId(driver, deproject-airflow-scheduler, 37877, None)
[2025-02-14T11:31:28.417+0000] {spark_submit.py:495} INFO - 25/02/14 11:31:28 INFO BlockManagerMaster: Registered BlockManager BlockManagerId(driver, deproject-airflow-scheduler, 37877, None)
[2025-02-14T11:31:28.419+0000] {spark_submit.py:495} INFO - 25/02/14 11:31:28 INFO BlockManager: Initialized BlockManager: BlockManagerId(driver, deproject-airflow-scheduler, 37877, None)
[2025-02-14T11:31:28.424+0000] {spark_submit.py:495} INFO - 25/02/14 11:31:28 INFO StandaloneAppClient$ClientEndpoint: Executor added: app-20250214113128-0000/0 on worker-20250214112201-172.28.0.4-33007 (172.28.0.4:33007) with 1 core(s)
[2025-02-14T11:31:28.427+0000] {spark_submit.py:495} INFO - 25/02/14 11:31:28 INFO StandaloneSchedulerBackend: Granted executor ID app-20250214113128-0000/0 on hostPort 172.28.0.4:33007 with 1 core(s), 1024.0 MiB RAM
[2025-02-14T11:31:28.601+0000] {spark_submit.py:495} INFO - 25/02/14 11:31:28 INFO StandaloneAppClient$ClientEndpoint: Executor updated: app-20250214113128-0000/0 is now RUNNING
[2025-02-14T11:31:28.647+0000] {spark_submit.py:495} INFO - 25/02/14 11:31:28 INFO StandaloneSchedulerBackend: SchedulerBackend is ready for scheduling beginning after reached minRegisteredResourcesRatio: 0.0
[2025-02-14T11:31:28.883+0000] {spark_submit.py:495} INFO - Traceback (most recent call last):
[2025-02-14T11:31:28.883+0000] {spark_submit.py:495} INFO - File "/spark-scripts/spark-news.py", line 17, in <module>
[2025-02-14T11:31:28.885+0000] {spark_submit.py:495} INFO - real_df.to_csv('/opt/bitnami/spark/data/cnn_news.csv')
[2025-02-14T11:31:28.886+0000] {spark_submit.py:495} INFO - File "/home/airflow/.local/lib/python3.9/site-packages/pandas/core/generic.py", line 3387, in to_csv
[2025-02-14T11:31:28.887+0000] {spark_submit.py:495} INFO - return DataFrameRenderer(formatter).to_csv(
[2025-02-14T11:31:28.887+0000] {spark_submit.py:495} INFO - File "/home/airflow/.local/lib/python3.9/site-packages/pandas/io/formats/format.py", line 1083, in to_csv
[2025-02-14T11:31:28.888+0000] {spark_submit.py:495} INFO - csv_formatter.save()
[2025-02-14T11:31:28.888+0000] {spark_submit.py:495} INFO - File "/home/airflow/.local/lib/python3.9/site-packages/pandas/io/formats/csvs.py", line 228, in save
[2025-02-14T11:31:28.888+0000] {spark_submit.py:495} INFO - with get_handle(
[2025-02-14T11:31:28.888+0000] {spark_submit.py:495} INFO - File "/home/airflow/.local/lib/python3.9/site-packages/pandas/io/common.py", line 642, in get_handle
[2025-02-14T11:31:28.889+0000] {spark_submit.py:495} INFO - handle = open(
[2025-02-14T11:31:28.889+0000] {spark_submit.py:495} INFO - PermissionError: [Errno 13] Permission denied: '/opt/bitnami/spark/data/cnn_news.csv'
[2025-02-14T11:31:29.221+0000] {taskinstance.py:2728} ERROR - Task failed with exception
Traceback (most recent call last):
  File "/home/airflow/.local/lib/python3.9/site-packages/airflow/models/taskinstance.py", line 444, in _execute_task
    result = _execute_callable(context=context, **execute_callable_kwargs)
  File "/home/airflow/.local/lib/python3.9/site-packages/airflow/models/taskinstance.py", line 414, in _execute_callable
    return execute_callable(context=context, **execute_callable_kwargs)
  File "/home/airflow/.local/lib/python3.9/site-packages/airflow/providers/apache/spark/operators/spark_submit.py", line 157, in execute
    self._hook.submit(self._application)
  File "/home/airflow/.local/lib/python3.9/site-packages/airflow/providers/apache/spark/hooks/spark_submit.py", line 426, in submit
    raise AirflowException(
airflow.exceptions.AirflowException: Cannot execute: spark-submit --master spark://deproject-spark-master:7077 --name arrow-spark /spark-scripts/spark-news.py. Error code is: 1.
[2025-02-14T11:31:29.227+0000] {taskinstance.py:1149} INFO - Marking task as FAILED. dag_id=load_bigquery, task_id=spark_load_task, execution_date=20250214T112308, start_date=20250214T112309, end_date=20250214T113129
[2025-02-14T11:31:29.247+0000] {standard_task_runner.py:107} ERROR - Failed to execute job 57 for task spark_load_task (Cannot execute: spark-submit --master spark://deproject-spark-master:7077 --name arrow-spark /spark-scripts/spark-news.py. Error code is: 1.; 209)
[2025-02-14T11:31:29.264+0000] {local_task_job_runner.py:234} INFO - Task exited with return code 1
[2025-02-14T11:31:29.284+0000] {taskinstance.py:3309} INFO - 0 downstream tasks scheduled from follow-on schedule check
