[2025-02-09T09:55:35.016+0000] {taskinstance.py:1979} INFO - Dependencies all met for dep_context=non-requeueable deps ti=<TaskInstance: spark_airflow_dag.spark_submit_task manual__2025-02-09T09:55:33.662268+00:00 [queued]>
[2025-02-09T09:55:35.026+0000] {taskinstance.py:1979} INFO - Dependencies all met for dep_context=requeueable deps ti=<TaskInstance: spark_airflow_dag.spark_submit_task manual__2025-02-09T09:55:33.662268+00:00 [queued]>
[2025-02-09T09:55:35.026+0000] {taskinstance.py:2193} INFO - Starting attempt 1 of 1
[2025-02-09T09:55:35.041+0000] {taskinstance.py:2214} INFO - Executing <Task(SparkSubmitOperator): spark_submit_task> on 2025-02-09 09:55:33.662268+00:00
[2025-02-09T09:55:35.047+0000] {standard_task_runner.py:60} INFO - Started process 189 to run task
[2025-02-09T09:55:35.051+0000] {standard_task_runner.py:87} INFO - Running: ['airflow', 'tasks', 'run', 'spark_airflow_dag', 'spark_submit_task', 'manual__2025-02-09T09:55:33.662268+00:00', '--job-id', '2', '--raw', '--subdir', 'DAGS_FOLDER/spark-dag-example.py', '--cfg-path', '/tmp/tmplrf7_b17']
[2025-02-09T09:55:35.054+0000] {standard_task_runner.py:88} INFO - Job 2: Subtask spark_submit_task
[2025-02-09T09:55:35.072+0000] {logging_mixin.py:188} WARNING - /home/airflow/.local/lib/python3.9/site-packages/airflow/settings.py:194 DeprecationWarning: The sql_alchemy_conn option in [core] has been moved to the sql_alchemy_conn option in [database] - the old setting has been used, but please update your config.
[2025-02-09T09:55:35.113+0000] {task_command.py:423} INFO - Running <TaskInstance: spark_airflow_dag.spark_submit_task manual__2025-02-09T09:55:33.662268+00:00 [running]> on host deproject-airflow-scheduler
[2025-02-09T09:55:35.199+0000] {taskinstance.py:2510} INFO - Exporting env vars: AIRFLOW_CTX_DAG_OWNER='dibimbing' AIRFLOW_CTX_DAG_ID='spark_airflow_dag' AIRFLOW_CTX_TASK_ID='spark_submit_task' AIRFLOW_CTX_EXECUTION_DATE='2025-02-09T09:55:33.662268+00:00' AIRFLOW_CTX_TRY_NUMBER='1' AIRFLOW_CTX_DAG_RUN_ID='manual__2025-02-09T09:55:33.662268+00:00'
[2025-02-09T09:55:35.208+0000] {base.py:83} INFO - Using connection ID 'spark_main' for task execution.
[2025-02-09T09:55:35.209+0000] {spark_submit.py:344} INFO - Spark-Submit cmd: spark-submit --master spark://deproject-spark-master:7077 --name arrow-spark /spark-scripts/spark-example.py
[2025-02-09T09:55:37.632+0000] {spark_submit.py:495} INFO - 25/02/09 09:55:37 INFO SparkContext: Running Spark version 3.3.2
[2025-02-09T09:55:37.676+0000] {spark_submit.py:495} INFO - 25/02/09 09:55:37 WARN NativeCodeLoader: Unable to load native-hadoop library for your platform... using builtin-java classes where applicable
[2025-02-09T09:55:37.754+0000] {spark_submit.py:495} INFO - 25/02/09 09:55:37 INFO ResourceUtils: ==============================================================
[2025-02-09T09:55:37.755+0000] {spark_submit.py:495} INFO - 25/02/09 09:55:37 INFO ResourceUtils: No custom resources configured for spark.driver.
[2025-02-09T09:55:37.755+0000] {spark_submit.py:495} INFO - 25/02/09 09:55:37 INFO ResourceUtils: ==============================================================
[2025-02-09T09:55:37.756+0000] {spark_submit.py:495} INFO - 25/02/09 09:55:37 INFO SparkContext: Submitted application: Dibimbing
[2025-02-09T09:55:37.773+0000] {spark_submit.py:495} INFO - 25/02/09 09:55:37 INFO ResourceProfile: Default ResourceProfile created, executor resources: Map(cores -> name: cores, amount: 1, script: , vendor: , memory -> name: memory, amount: 1024, script: , vendor: , offHeap -> name: offHeap, amount: 0, script: , vendor: ), task resources: Map(cpus -> name: cpus, amount: 1.0)
[2025-02-09T09:55:37.781+0000] {spark_submit.py:495} INFO - 25/02/09 09:55:37 INFO ResourceProfile: Limiting resource is cpu
[2025-02-09T09:55:37.782+0000] {spark_submit.py:495} INFO - 25/02/09 09:55:37 INFO ResourceProfileManager: Added ResourceProfile id: 0
[2025-02-09T09:55:37.824+0000] {spark_submit.py:495} INFO - 25/02/09 09:55:37 INFO SecurityManager: Changing view acls to: airflow
[2025-02-09T09:55:37.825+0000] {spark_submit.py:495} INFO - 25/02/09 09:55:37 INFO SecurityManager: Changing modify acls to: airflow
[2025-02-09T09:55:37.826+0000] {spark_submit.py:495} INFO - 25/02/09 09:55:37 INFO SecurityManager: Changing view acls groups to:
[2025-02-09T09:55:37.827+0000] {spark_submit.py:495} INFO - 25/02/09 09:55:37 INFO SecurityManager: Changing modify acls groups to:
[2025-02-09T09:55:37.827+0000] {spark_submit.py:495} INFO - 25/02/09 09:55:37 INFO SecurityManager: SecurityManager: authentication disabled; ui acls disabled; users  with view permissions: Set(airflow); groups with view permissions: Set(); users  with modify permissions: Set(airflow); groups with modify permissions: Set()
[2025-02-09T09:55:38.023+0000] {spark_submit.py:495} INFO - 25/02/09 09:55:38 INFO Utils: Successfully started service 'sparkDriver' on port 42335.
[2025-02-09T09:55:38.049+0000] {spark_submit.py:495} INFO - 25/02/09 09:55:38 INFO SparkEnv: Registering MapOutputTracker
[2025-02-09T09:55:38.083+0000] {spark_submit.py:495} INFO - 25/02/09 09:55:38 INFO SparkEnv: Registering BlockManagerMaster
[2025-02-09T09:55:38.098+0000] {spark_submit.py:495} INFO - 25/02/09 09:55:38 INFO BlockManagerMasterEndpoint: Using org.apache.spark.storage.DefaultTopologyMapper for getting topology information
[2025-02-09T09:55:38.098+0000] {spark_submit.py:495} INFO - 25/02/09 09:55:38 INFO BlockManagerMasterEndpoint: BlockManagerMasterEndpoint up
[2025-02-09T09:55:38.102+0000] {spark_submit.py:495} INFO - 25/02/09 09:55:38 INFO SparkEnv: Registering BlockManagerMasterHeartbeat
[2025-02-09T09:55:38.121+0000] {spark_submit.py:495} INFO - 25/02/09 09:55:38 INFO DiskBlockManager: Created local directory at /tmp/blockmgr-a0cd0142-2d8f-4cf4-ac7b-7b96f5c792e6
[2025-02-09T09:55:38.136+0000] {spark_submit.py:495} INFO - 25/02/09 09:55:38 INFO MemoryStore: MemoryStore started with capacity 434.4 MiB
[2025-02-09T09:55:38.150+0000] {spark_submit.py:495} INFO - 25/02/09 09:55:38 INFO SparkEnv: Registering OutputCommitCoordinator
[2025-02-09T09:55:38.309+0000] {spark_submit.py:495} INFO - 25/02/09 09:55:38 INFO Utils: Successfully started service 'SparkUI' on port 4040.
[2025-02-09T09:55:38.413+0000] {spark_submit.py:495} INFO - 25/02/09 09:55:38 INFO StandaloneAppClient$ClientEndpoint: Connecting to master spark://deproject-spark-master:7077...
[2025-02-09T09:55:38.450+0000] {spark_submit.py:495} INFO - 25/02/09 09:55:38 INFO TransportClientFactory: Successfully created connection to deproject-spark-master/172.28.0.2:7077 after 21 ms (0 ms spent in bootstraps)
[2025-02-09T09:55:39.052+0000] {spark_submit.py:495} INFO - 25/02/09 09:55:39 INFO StandaloneSchedulerBackend: Connected to Spark cluster with app ID app-20250209095539-0000
[2025-02-09T09:55:39.057+0000] {spark_submit.py:495} INFO - 25/02/09 09:55:39 INFO Utils: Successfully started service 'org.apache.spark.network.netty.NettyBlockTransferService' on port 33325.
[2025-02-09T09:55:39.058+0000] {spark_submit.py:495} INFO - 25/02/09 09:55:39 INFO NettyBlockTransferService: Server created on deproject-airflow-scheduler:33325
[2025-02-09T09:55:39.059+0000] {spark_submit.py:495} INFO - 25/02/09 09:55:39 INFO BlockManager: Using org.apache.spark.storage.RandomBlockReplicationPolicy for block replication policy
[2025-02-09T09:55:39.064+0000] {spark_submit.py:495} INFO - 25/02/09 09:55:39 INFO BlockManagerMaster: Registering BlockManager BlockManagerId(driver, deproject-airflow-scheduler, 33325, None)
[2025-02-09T09:55:39.066+0000] {spark_submit.py:495} INFO - 25/02/09 09:55:39 INFO BlockManagerMasterEndpoint: Registering block manager deproject-airflow-scheduler:33325 with 434.4 MiB RAM, BlockManagerId(driver, deproject-airflow-scheduler, 33325, None)
[2025-02-09T09:55:39.068+0000] {spark_submit.py:495} INFO - 25/02/09 09:55:39 INFO BlockManagerMaster: Registered BlockManager BlockManagerId(driver, deproject-airflow-scheduler, 33325, None)
[2025-02-09T09:55:39.069+0000] {spark_submit.py:495} INFO - 25/02/09 09:55:39 INFO BlockManager: Initialized BlockManager: BlockManagerId(driver, deproject-airflow-scheduler, 33325, None)
[2025-02-09T09:55:39.144+0000] {spark_submit.py:495} INFO - 25/02/09 09:55:39 INFO StandaloneAppClient$ClientEndpoint: Executor added: app-20250209095539-0000/0 on worker-20250209095256-172.28.0.3-46441 (172.28.0.3:46441) with 1 core(s)
[2025-02-09T09:55:39.146+0000] {spark_submit.py:495} INFO - 25/02/09 09:55:39 INFO StandaloneSchedulerBackend: Granted executor ID app-20250209095539-0000/0 on hostPort 172.28.0.3:46441 with 1 core(s), 1024.0 MiB RAM
[2025-02-09T09:55:39.254+0000] {spark_submit.py:495} INFO - 25/02/09 09:55:39 INFO StandaloneSchedulerBackend: SchedulerBackend is ready for scheduling beginning after reached minRegisteredResourcesRatio: 0.0
[2025-02-09T09:55:51.986+0000] {spark_submit.py:495} INFO - +----------+-----------+--------+--------+-----+-----------+--------------------+---------+-----+
[2025-02-09T09:55:51.987+0000] {spark_submit.py:495} INFO - |product_id|customer_id|order_id|quantity|price|       name|               email|     name|price|
[2025-02-09T09:55:51.988+0000] {spark_submit.py:495} INFO - +----------+-----------+--------+--------+-----+-----------+--------------------+---------+-----+
[2025-02-09T09:55:51.988+0000] {spark_submit.py:495} INFO - |         1|          1|     101|       2|19.99|   John Doe| johndoe@example.com|Product A|19.99|
[2025-02-09T09:55:51.989+0000] {spark_submit.py:495} INFO - |         2|          2|     102|       1| 9.99| Jane Smith|janesmith@example...|Product B| 9.99|
[2025-02-09T09:55:51.989+0000] {spark_submit.py:495} INFO - |         3|          3|     103|       1|15.99|Bob Johnson|bobjohnson@exampl...|Product C|15.99|
[2025-02-09T09:55:51.989+0000] {spark_submit.py:495} INFO - |         4|          1|     104|       1| 5.99|   John Doe| johndoe@example.com|Product D| 5.99|
[2025-02-09T09:55:51.990+0000] {spark_submit.py:495} INFO - |         5|          2|     105|       3|12.99| Jane Smith|janesmith@example...|Product E|12.99|
[2025-02-09T09:55:51.990+0000] {spark_submit.py:495} INFO - |         6|          3|     106|       2| 9.99|Bob Johnson|bobjohnson@exampl...|Product F| 9.99|
[2025-02-09T09:55:51.991+0000] {spark_submit.py:495} INFO - |         7|          4|     107|       1|11.99|    Sue Lee|  suelee@example.com|Product G|11.99|
[2025-02-09T09:55:51.991+0000] {spark_submit.py:495} INFO - |         8|          1|     108|       2|14.99|   John Doe| johndoe@example.com|Product H|14.99|
[2025-02-09T09:55:51.991+0000] {spark_submit.py:495} INFO - |         9|          2|     109|       1| 9.99| Jane Smith|janesmith@example...|Product I| 9.99|
[2025-02-09T09:55:51.992+0000] {spark_submit.py:495} INFO - |        10|          3|     110|       1|19.99|Bob Johnson|bobjohnson@exampl...|Product J|19.99|
[2025-02-09T09:55:51.992+0000] {spark_submit.py:495} INFO - +----------+-----------+--------+--------+-----+-----------+--------------------+---------+-----+
[2025-02-09T09:55:51.992+0000] {spark_submit.py:495} INFO - 
[2025-02-09T09:55:52.280+0000] {taskinstance.py:1149} INFO - Marking task as SUCCESS. dag_id=spark_airflow_dag, task_id=spark_submit_task, execution_date=20250209T095533, start_date=20250209T095535, end_date=20250209T095552
[2025-02-09T09:55:52.331+0000] {local_task_job_runner.py:234} INFO - Task exited with return code 0
[2025-02-09T09:55:52.346+0000] {taskinstance.py:3309} INFO - 0 downstream tasks scheduled from follow-on schedule check
