[2025-02-20T08:27:37.178+0000] {taskinstance.py:1979} INFO - Dependencies all met for dep_context=non-requeueable deps ti=<TaskInstance: scraping_news_dag.scrapping__1 manual__2025-02-20T08:27:36.086218+00:00 [queued]>
[2025-02-20T08:27:37.189+0000] {taskinstance.py:1979} INFO - Dependencies all met for dep_context=requeueable deps ti=<TaskInstance: scraping_news_dag.scrapping__1 manual__2025-02-20T08:27:36.086218+00:00 [queued]>
[2025-02-20T08:27:37.189+0000] {taskinstance.py:2193} INFO - Starting attempt 1 of 1
[2025-02-20T08:27:37.203+0000] {taskinstance.py:2214} INFO - Executing <Task(_PythonDecoratedOperator): scrapping__1> on 2025-02-20 08:27:36.086218+00:00
[2025-02-20T08:27:37.208+0000] {standard_task_runner.py:60} INFO - Started process 360 to run task
[2025-02-20T08:27:37.215+0000] {standard_task_runner.py:87} INFO - Running: ['airflow', 'tasks', 'run', 'scraping_news_dag', 'scrapping__1', 'manual__2025-02-20T08:27:36.086218+00:00', '--job-id', '167', '--raw', '--subdir', 'DAGS_FOLDER/scraping-news-dag.py', '--cfg-path', '/tmp/tmpj8agoouq']
[2025-02-20T08:27:37.218+0000] {standard_task_runner.py:88} INFO - Job 167: Subtask scrapping__1
[2025-02-20T08:27:37.235+0000] {logging_mixin.py:188} WARNING - /home/airflow/.local/lib/python3.9/site-packages/airflow/settings.py:194 DeprecationWarning: The sql_alchemy_conn option in [core] has been moved to the sql_alchemy_conn option in [database] - the old setting has been used, but please update your config.
[2025-02-20T08:27:37.268+0000] {task_command.py:423} INFO - Running <TaskInstance: scraping_news_dag.scrapping__1 manual__2025-02-20T08:27:36.086218+00:00 [running]> on host deproject-airflow-scheduler
[2025-02-20T08:27:37.353+0000] {taskinstance.py:2510} INFO - Exporting env vars: AIRFLOW_CTX_DAG_OWNER='airflow' AIRFLOW_CTX_DAG_ID='scraping_news_dag' AIRFLOW_CTX_TASK_ID='scrapping__1' AIRFLOW_CTX_EXECUTION_DATE='2025-02-20T08:27:36.086218+00:00' AIRFLOW_CTX_TRY_NUMBER='1' AIRFLOW_CTX_DAG_RUN_ID='manual__2025-02-20T08:27:36.086218+00:00'
[2025-02-20T08:27:38.133+0000] {logger.py:11} INFO - ====== WebDriver manager ======
[2025-02-20T08:27:38.479+0000] {logger.py:11} INFO - Get LATEST chromedriver version for google-chrome
[2025-02-20T08:27:38.577+0000] {logger.py:11} INFO - Get LATEST chromedriver version for google-chrome
[2025-02-20T08:27:38.665+0000] {logger.py:11} INFO - There is no [linux64] chromedriver "133.0.6943.126" for browser google-chrome "133.0.6943" in cache
[2025-02-20T08:27:38.666+0000] {logger.py:11} INFO - Get LATEST chromedriver version for google-chrome
[2025-02-20T08:27:38.870+0000] {logger.py:11} INFO - WebDriver version 133.0.6943.126 selected
[2025-02-20T08:27:38.876+0000] {logger.py:11} INFO - Modern chrome version https://storage.googleapis.com/chrome-for-testing-public/133.0.6943.126/linux64/chromedriver-linux64.zip
[2025-02-20T08:27:38.876+0000] {logger.py:11} INFO - About to download new driver from https://storage.googleapis.com/chrome-for-testing-public/133.0.6943.126/linux64/chromedriver-linux64.zip
[2025-02-20T08:27:38.984+0000] {logger.py:11} INFO - Driver downloading response is 200
[2025-02-20T08:27:40.899+0000] {logger.py:11} INFO - Get LATEST chromedriver version for google-chrome
[2025-02-20T08:27:41.109+0000] {logger.py:11} INFO - Driver has been saved in cache [/home/airflow/.wdm/drivers/chromedriver/linux64/133.0.6943.126]
[2025-02-20T08:28:10.548+0000] {logging_mixin.py:188} INFO - Total scraped: 100
[2025-02-20T08:29:14.622+0000] {logging_mixin.py:188} INFO - Total scraped: 101
[2025-02-20T08:30:17.188+0000] {logging_mixin.py:188} INFO - Total scraped: 100
[2025-02-20T08:31:26.601+0000] {logging_mixin.py:188} INFO - Total scraped: 100
[2025-02-20T08:32:05.769+0000] {logging_mixin.py:188} INFO -                                                    url  ...          source
0    https://www.nytimes.com/2025/02/13/business/de...  ...  New York Times
1    https://www.nytimes.com/2025/02/14/business/ec...  ...  New York Times
2    https://www.nytimes.com/2025/02/15/business/ec...  ...  New York Times
3    https://www.nytimes.com/2025/02/17/business/en...  ...  New York Times
4    https://www.nytimes.com/2025/02/19/us/politics...  ...  New York Times
..                                                 ...  ...             ...
192  https://www.nytimes.com/2025/02/14/opinion/tru...  ...  New York Times
193  https://www.nytimes.com/2025/02/18/opinion/gaz...  ...  New York Times
194  https://www.nytimes.com/2025/02/20/opinion/tru...  ...  New York Times
195  https://www.nytimes.com/2025/02/18/opinion/chi...  ...  New York Times
196  https://www.nytimes.com/2025/02/15/opinion/tru...  ...  New York Times

[197 rows x 5 columns]
[2025-02-20T08:32:06.002+0000] {python.py:202} INFO - Done. Returned value was: None
[2025-02-20T08:32:06.018+0000] {taskinstance.py:1149} INFO - Marking task as SUCCESS. dag_id=scraping_news_dag, task_id=scrapping__1, execution_date=20250220T082736, start_date=20250220T082737, end_date=20250220T083206
[2025-02-20T08:32:06.094+0000] {local_task_job_runner.py:234} INFO - Task exited with return code 0
[2025-02-20T08:32:06.145+0000] {taskinstance.py:3309} INFO - 1 downstream tasks scheduled from follow-on schedule check
