[2025-02-10T09:20:25.497+0000] {taskinstance.py:1979} INFO - Dependencies all met for dep_context=non-requeueable deps ti=<TaskInstance: spark_airflow_dag.spark_submit_task manual__2025-02-10T09:20:23.939221+00:00 [queued]>
[2025-02-10T09:20:25.515+0000] {taskinstance.py:1979} INFO - Dependencies all met for dep_context=requeueable deps ti=<TaskInstance: spark_airflow_dag.spark_submit_task manual__2025-02-10T09:20:23.939221+00:00 [queued]>
[2025-02-10T09:20:25.517+0000] {taskinstance.py:2193} INFO - Starting attempt 1 of 1
[2025-02-10T09:20:25.547+0000] {taskinstance.py:2214} INFO - Executing <Task(SparkSubmitOperator): spark_submit_task> on 2025-02-10 09:20:23.939221+00:00
[2025-02-10T09:20:25.554+0000] {standard_task_runner.py:60} INFO - Started process 229 to run task
[2025-02-10T09:20:25.560+0000] {standard_task_runner.py:87} INFO - Running: ['airflow', 'tasks', 'run', 'spark_airflow_dag', 'spark_submit_task', 'manual__2025-02-10T09:20:23.939221+00:00', '--job-id', '30', '--raw', '--subdir', 'DAGS_FOLDER/spark-dag-example.py', '--cfg-path', '/tmp/tmps1ajaucz']
[2025-02-10T09:20:25.564+0000] {standard_task_runner.py:88} INFO - Job 30: Subtask spark_submit_task
[2025-02-10T09:20:25.595+0000] {logging_mixin.py:188} WARNING - /home/airflow/.local/lib/python3.9/site-packages/airflow/settings.py:194 DeprecationWarning: The sql_alchemy_conn option in [core] has been moved to the sql_alchemy_conn option in [database] - the old setting has been used, but please update your config.
[2025-02-10T09:20:25.677+0000] {task_command.py:423} INFO - Running <TaskInstance: spark_airflow_dag.spark_submit_task manual__2025-02-10T09:20:23.939221+00:00 [running]> on host deproject-airflow-scheduler
[2025-02-10T09:20:25.868+0000] {taskinstance.py:2510} INFO - Exporting env vars: AIRFLOW_CTX_DAG_OWNER='dibimbing' AIRFLOW_CTX_DAG_ID='spark_airflow_dag' AIRFLOW_CTX_TASK_ID='spark_submit_task' AIRFLOW_CTX_EXECUTION_DATE='2025-02-10T09:20:23.939221+00:00' AIRFLOW_CTX_TRY_NUMBER='1' AIRFLOW_CTX_DAG_RUN_ID='manual__2025-02-10T09:20:23.939221+00:00'
[2025-02-10T09:20:25.887+0000] {base.py:83} INFO - Using connection ID 'spark_main' for task execution.
[2025-02-10T09:20:25.890+0000] {spark_submit.py:344} INFO - Spark-Submit cmd: spark-submit --master spark://deproject-spark-master:7077 --name arrow-spark /spark-scripts/spark-example.py
[2025-02-10T09:20:30.294+0000] {spark_submit.py:495} INFO - 25/02/10 09:20:30 INFO SparkContext: Running Spark version 3.3.2
[2025-02-10T09:20:30.381+0000] {spark_submit.py:495} INFO - 25/02/10 09:20:30 WARN NativeCodeLoader: Unable to load native-hadoop library for your platform... using builtin-java classes where applicable
[2025-02-10T09:20:30.534+0000] {spark_submit.py:495} INFO - 25/02/10 09:20:30 INFO ResourceUtils: ==============================================================
[2025-02-10T09:20:30.535+0000] {spark_submit.py:495} INFO - 25/02/10 09:20:30 INFO ResourceUtils: No custom resources configured for spark.driver.
[2025-02-10T09:20:30.536+0000] {spark_submit.py:495} INFO - 25/02/10 09:20:30 INFO ResourceUtils: ==============================================================
[2025-02-10T09:20:30.536+0000] {spark_submit.py:495} INFO - 25/02/10 09:20:30 INFO SparkContext: Submitted application: Dibimbing
[2025-02-10T09:20:30.569+0000] {spark_submit.py:495} INFO - 25/02/10 09:20:30 INFO ResourceProfile: Default ResourceProfile created, executor resources: Map(cores -> name: cores, amount: 1, script: , vendor: , memory -> name: memory, amount: 1024, script: , vendor: , offHeap -> name: offHeap, amount: 0, script: , vendor: ), task resources: Map(cpus -> name: cpus, amount: 1.0)
[2025-02-10T09:20:30.586+0000] {spark_submit.py:495} INFO - 25/02/10 09:20:30 INFO ResourceProfile: Limiting resource is cpu
[2025-02-10T09:20:30.589+0000] {spark_submit.py:495} INFO - 25/02/10 09:20:30 INFO ResourceProfileManager: Added ResourceProfile id: 0
[2025-02-10T09:20:30.676+0000] {spark_submit.py:495} INFO - 25/02/10 09:20:30 INFO SecurityManager: Changing view acls to: airflow
[2025-02-10T09:20:30.678+0000] {spark_submit.py:495} INFO - 25/02/10 09:20:30 INFO SecurityManager: Changing modify acls to: airflow
[2025-02-10T09:20:30.679+0000] {spark_submit.py:495} INFO - 25/02/10 09:20:30 INFO SecurityManager: Changing view acls groups to:
[2025-02-10T09:20:30.680+0000] {spark_submit.py:495} INFO - 25/02/10 09:20:30 INFO SecurityManager: Changing modify acls groups to:
[2025-02-10T09:20:30.681+0000] {spark_submit.py:495} INFO - 25/02/10 09:20:30 INFO SecurityManager: SecurityManager: authentication disabled; ui acls disabled; users  with view permissions: Set(airflow); groups with view permissions: Set(); users  with modify permissions: Set(airflow); groups with modify permissions: Set()
[2025-02-10T09:20:31.098+0000] {spark_submit.py:495} INFO - 25/02/10 09:20:31 INFO Utils: Successfully started service 'sparkDriver' on port 46171.
[2025-02-10T09:20:31.147+0000] {spark_submit.py:495} INFO - 25/02/10 09:20:31 INFO SparkEnv: Registering MapOutputTracker
[2025-02-10T09:20:31.220+0000] {spark_submit.py:495} INFO - 25/02/10 09:20:31 INFO SparkEnv: Registering BlockManagerMaster
[2025-02-10T09:20:31.247+0000] {spark_submit.py:495} INFO - 25/02/10 09:20:31 INFO BlockManagerMasterEndpoint: Using org.apache.spark.storage.DefaultTopologyMapper for getting topology information
[2025-02-10T09:20:31.248+0000] {spark_submit.py:495} INFO - 25/02/10 09:20:31 INFO BlockManagerMasterEndpoint: BlockManagerMasterEndpoint up
[2025-02-10T09:20:31.255+0000] {spark_submit.py:495} INFO - 25/02/10 09:20:31 INFO SparkEnv: Registering BlockManagerMasterHeartbeat
[2025-02-10T09:20:31.285+0000] {spark_submit.py:495} INFO - 25/02/10 09:20:31 INFO DiskBlockManager: Created local directory at /tmp/blockmgr-624335d9-c795-49d3-9a78-9208cbf90961
[2025-02-10T09:20:31.312+0000] {spark_submit.py:495} INFO - 25/02/10 09:20:31 INFO MemoryStore: MemoryStore started with capacity 434.4 MiB
[2025-02-10T09:20:31.338+0000] {spark_submit.py:495} INFO - 25/02/10 09:20:31 INFO SparkEnv: Registering OutputCommitCoordinator
[2025-02-10T09:20:31.658+0000] {spark_submit.py:495} INFO - 25/02/10 09:20:31 INFO Utils: Successfully started service 'SparkUI' on port 4040.
[2025-02-10T09:20:31.848+0000] {spark_submit.py:495} INFO - 25/02/10 09:20:31 INFO StandaloneAppClient$ClientEndpoint: Connecting to master spark://deproject-spark-master:7077...
[2025-02-10T09:20:31.920+0000] {spark_submit.py:495} INFO - 25/02/10 09:20:31 INFO TransportClientFactory: Successfully created connection to deproject-spark-master/172.28.0.3:7077 after 41 ms (0 ms spent in bootstraps)
[2025-02-10T09:20:32.119+0000] {spark_submit.py:495} INFO - 25/02/10 09:20:32 INFO StandaloneSchedulerBackend: Connected to Spark cluster with app ID app-20250210092032-0000
[2025-02-10T09:20:32.130+0000] {spark_submit.py:495} INFO - 25/02/10 09:20:32 INFO Utils: Successfully started service 'org.apache.spark.network.netty.NettyBlockTransferService' on port 34931.
[2025-02-10T09:20:32.131+0000] {spark_submit.py:495} INFO - 25/02/10 09:20:32 INFO NettyBlockTransferService: Server created on deproject-airflow-scheduler:34931
[2025-02-10T09:20:32.133+0000] {spark_submit.py:495} INFO - 25/02/10 09:20:32 INFO BlockManager: Using org.apache.spark.storage.RandomBlockReplicationPolicy for block replication policy
[2025-02-10T09:20:32.141+0000] {spark_submit.py:495} INFO - 25/02/10 09:20:32 INFO BlockManagerMaster: Registering BlockManager BlockManagerId(driver, deproject-airflow-scheduler, 34931, None)
[2025-02-10T09:20:32.147+0000] {spark_submit.py:495} INFO - 25/02/10 09:20:32 INFO BlockManagerMasterEndpoint: Registering block manager deproject-airflow-scheduler:34931 with 434.4 MiB RAM, BlockManagerId(driver, deproject-airflow-scheduler, 34931, None)
[2025-02-10T09:20:32.150+0000] {spark_submit.py:495} INFO - 25/02/10 09:20:32 INFO BlockManagerMaster: Registered BlockManager BlockManagerId(driver, deproject-airflow-scheduler, 34931, None)
[2025-02-10T09:20:32.152+0000] {spark_submit.py:495} INFO - 25/02/10 09:20:32 INFO BlockManager: Initialized BlockManager: BlockManagerId(driver, deproject-airflow-scheduler, 34931, None)
[2025-02-10T09:20:32.164+0000] {spark_submit.py:495} INFO - 25/02/10 09:20:32 INFO StandaloneAppClient$ClientEndpoint: Executor added: app-20250210092032-0000/0 on worker-20250210091816-172.28.0.4-32891 (172.28.0.4:32891) with 1 core(s)
[2025-02-10T09:20:32.168+0000] {spark_submit.py:495} INFO - 25/02/10 09:20:32 INFO StandaloneSchedulerBackend: Granted executor ID app-20250210092032-0000/0 on hostPort 172.28.0.4:32891 with 1 core(s), 1024.0 MiB RAM
[2025-02-10T09:20:32.484+0000] {spark_submit.py:495} INFO - 25/02/10 09:20:32 INFO StandaloneAppClient$ClientEndpoint: Executor updated: app-20250210092032-0000/0 is now RUNNING
[2025-02-10T09:20:32.507+0000] {spark_submit.py:495} INFO - 25/02/10 09:20:32 INFO StandaloneSchedulerBackend: SchedulerBackend is ready for scheduling beginning after reached minRegisteredResourcesRatio: 0.0
[2025-02-10T09:21:08.060+0000] {spark_submit.py:495} INFO - +----------+-----------+--------+--------+-----+-----------+--------------------+---------+-----+
[2025-02-10T09:21:08.061+0000] {spark_submit.py:495} INFO - |product_id|customer_id|order_id|quantity|price|       name|               email|     name|price|
[2025-02-10T09:21:08.062+0000] {spark_submit.py:495} INFO - +----------+-----------+--------+--------+-----+-----------+--------------------+---------+-----+
[2025-02-10T09:21:08.064+0000] {spark_submit.py:495} INFO - |         1|          1|     101|       2|19.99|   John Doe| johndoe@example.com|Product A|19.99|
[2025-02-10T09:21:08.065+0000] {spark_submit.py:495} INFO - |         2|          2|     102|       1| 9.99| Jane Smith|janesmith@example...|Product B| 9.99|
[2025-02-10T09:21:08.066+0000] {spark_submit.py:495} INFO - |         3|          3|     103|       1|15.99|Bob Johnson|bobjohnson@exampl...|Product C|15.99|
[2025-02-10T09:21:08.067+0000] {spark_submit.py:495} INFO - |         4|          1|     104|       1| 5.99|   John Doe| johndoe@example.com|Product D| 5.99|
[2025-02-10T09:21:08.068+0000] {spark_submit.py:495} INFO - |         5|          2|     105|       3|12.99| Jane Smith|janesmith@example...|Product E|12.99|
[2025-02-10T09:21:08.069+0000] {spark_submit.py:495} INFO - |         6|          3|     106|       2| 9.99|Bob Johnson|bobjohnson@exampl...|Product F| 9.99|
[2025-02-10T09:21:08.070+0000] {spark_submit.py:495} INFO - |         7|          4|     107|       1|11.99|    Sue Lee|  suelee@example.com|Product G|11.99|
[2025-02-10T09:21:08.075+0000] {spark_submit.py:495} INFO - |         8|          1|     108|       2|14.99|   John Doe| johndoe@example.com|Product H|14.99|
[2025-02-10T09:21:08.078+0000] {spark_submit.py:495} INFO - |         9|          2|     109|       1| 9.99| Jane Smith|janesmith@example...|Product I| 9.99|
[2025-02-10T09:21:08.079+0000] {spark_submit.py:495} INFO - |        10|          3|     110|       1|19.99|Bob Johnson|bobjohnson@exampl...|Product J|19.99|
[2025-02-10T09:21:08.080+0000] {spark_submit.py:495} INFO - +----------+-----------+--------+--------+-----+-----------+--------------------+---------+-----+
[2025-02-10T09:21:08.082+0000] {spark_submit.py:495} INFO - 
[2025-02-10T09:21:32.112+0000] {taskinstance.py:1149} INFO - Marking task as SUCCESS. dag_id=spark_airflow_dag, task_id=spark_submit_task, execution_date=20250210T092023, start_date=20250210T092025, end_date=20250210T092132
[2025-02-10T09:21:32.161+0000] {local_task_job_runner.py:234} INFO - Task exited with return code 0
[2025-02-10T09:21:32.193+0000] {taskinstance.py:3309} INFO - 0 downstream tasks scheduled from follow-on schedule check
