[2025-02-19T13:05:51.590+0000] {taskinstance.py:1979} INFO - Dependencies all met for dep_context=non-requeueable deps ti=<TaskInstance: scraping_news_dag.spark_load_task manual__2025-02-19T12:58:23.721217+00:00 [queued]>
[2025-02-19T13:05:51.610+0000] {taskinstance.py:1979} INFO - Dependencies all met for dep_context=requeueable deps ti=<TaskInstance: scraping_news_dag.spark_load_task manual__2025-02-19T12:58:23.721217+00:00 [queued]>
[2025-02-19T13:05:51.611+0000] {taskinstance.py:2193} INFO - Starting attempt 1 of 1
[2025-02-19T13:05:51.642+0000] {taskinstance.py:2214} INFO - Executing <Task(SparkSubmitOperator): spark_load_task> on 2025-02-19 12:58:23.721217+00:00
[2025-02-19T13:05:51.649+0000] {standard_task_runner.py:60} INFO - Started process 4369 to run task
[2025-02-19T13:05:51.654+0000] {standard_task_runner.py:87} INFO - Running: ['airflow', 'tasks', 'run', 'scraping_news_dag', 'spark_load_task', 'manual__2025-02-19T12:58:23.721217+00:00', '--job-id', '152', '--raw', '--subdir', 'DAGS_FOLDER/scraping-news-dag.py', '--cfg-path', '/tmp/tmpzfpu1sqa']
[2025-02-19T13:05:51.658+0000] {standard_task_runner.py:88} INFO - Job 152: Subtask spark_load_task
[2025-02-19T13:05:51.684+0000] {logging_mixin.py:188} WARNING - /home/airflow/.local/lib/python3.9/site-packages/airflow/settings.py:194 DeprecationWarning: The sql_alchemy_conn option in [core] has been moved to the sql_alchemy_conn option in [database] - the old setting has been used, but please update your config.
[2025-02-19T13:05:51.750+0000] {task_command.py:423} INFO - Running <TaskInstance: scraping_news_dag.spark_load_task manual__2025-02-19T12:58:23.721217+00:00 [running]> on host deproject-airflow-scheduler
[2025-02-19T13:05:51.917+0000] {taskinstance.py:2510} INFO - Exporting env vars: AIRFLOW_CTX_DAG_OWNER='airflow' AIRFLOW_CTX_DAG_ID='scraping_news_dag' AIRFLOW_CTX_TASK_ID='spark_load_task' AIRFLOW_CTX_EXECUTION_DATE='2025-02-19T12:58:23.721217+00:00' AIRFLOW_CTX_TRY_NUMBER='1' AIRFLOW_CTX_DAG_RUN_ID='manual__2025-02-19T12:58:23.721217+00:00'
[2025-02-19T13:05:51.936+0000] {base.py:83} INFO - Using connection ID 'spark_main' for task execution.
[2025-02-19T13:05:51.939+0000] {spark_submit.py:344} INFO - Spark-Submit cmd: spark-submit --master spark://deproject-spark-master:7077 --name arrow-spark /spark-scripts/spark-news.py
[2025-02-19T13:05:56.221+0000] {spark_submit.py:495} INFO - 25/02/19 13:05:56 INFO SparkContext: Running Spark version 3.3.2
[2025-02-19T13:05:56.319+0000] {spark_submit.py:495} INFO - 25/02/19 13:05:56 WARN NativeCodeLoader: Unable to load native-hadoop library for your platform... using builtin-java classes where applicable
[2025-02-19T13:05:56.474+0000] {spark_submit.py:495} INFO - 25/02/19 13:05:56 INFO ResourceUtils: ==============================================================
[2025-02-19T13:05:56.475+0000] {spark_submit.py:495} INFO - 25/02/19 13:05:56 INFO ResourceUtils: No custom resources configured for spark.driver.
[2025-02-19T13:05:56.476+0000] {spark_submit.py:495} INFO - 25/02/19 13:05:56 INFO ResourceUtils: ==============================================================
[2025-02-19T13:05:56.477+0000] {spark_submit.py:495} INFO - 25/02/19 13:05:56 INFO SparkContext: Submitted application: FinalProject
[2025-02-19T13:05:56.510+0000] {spark_submit.py:495} INFO - 25/02/19 13:05:56 INFO ResourceProfile: Default ResourceProfile created, executor resources: Map(cores -> name: cores, amount: 1, script: , vendor: , memory -> name: memory, amount: 1024, script: , vendor: , offHeap -> name: offHeap, amount: 0, script: , vendor: ), task resources: Map(cpus -> name: cpus, amount: 1.0)
[2025-02-19T13:05:56.526+0000] {spark_submit.py:495} INFO - 25/02/19 13:05:56 INFO ResourceProfile: Limiting resource is cpu
[2025-02-19T13:05:56.529+0000] {spark_submit.py:495} INFO - 25/02/19 13:05:56 INFO ResourceProfileManager: Added ResourceProfile id: 0
[2025-02-19T13:05:56.603+0000] {spark_submit.py:495} INFO - 25/02/19 13:05:56 INFO SecurityManager: Changing view acls to: airflow
[2025-02-19T13:05:56.605+0000] {spark_submit.py:495} INFO - 25/02/19 13:05:56 INFO SecurityManager: Changing modify acls to: airflow
[2025-02-19T13:05:56.606+0000] {spark_submit.py:495} INFO - 25/02/19 13:05:56 INFO SecurityManager: Changing view acls groups to:
[2025-02-19T13:05:56.607+0000] {spark_submit.py:495} INFO - 25/02/19 13:05:56 INFO SecurityManager: Changing modify acls groups to:
[2025-02-19T13:05:56.608+0000] {spark_submit.py:495} INFO - 25/02/19 13:05:56 INFO SecurityManager: SecurityManager: authentication disabled; ui acls disabled; users  with view permissions: Set(airflow); groups with view permissions: Set(); users  with modify permissions: Set(airflow); groups with modify permissions: Set()
[2025-02-19T13:05:57.003+0000] {spark_submit.py:495} INFO - 25/02/19 13:05:57 INFO Utils: Successfully started service 'sparkDriver' on port 44733.
[2025-02-19T13:05:57.050+0000] {spark_submit.py:495} INFO - 25/02/19 13:05:57 INFO SparkEnv: Registering MapOutputTracker
[2025-02-19T13:05:57.111+0000] {spark_submit.py:495} INFO - 25/02/19 13:05:57 INFO SparkEnv: Registering BlockManagerMaster
[2025-02-19T13:05:57.138+0000] {spark_submit.py:495} INFO - 25/02/19 13:05:57 INFO BlockManagerMasterEndpoint: Using org.apache.spark.storage.DefaultTopologyMapper for getting topology information
[2025-02-19T13:05:57.140+0000] {spark_submit.py:495} INFO - 25/02/19 13:05:57 INFO BlockManagerMasterEndpoint: BlockManagerMasterEndpoint up
[2025-02-19T13:05:57.147+0000] {spark_submit.py:495} INFO - 25/02/19 13:05:57 INFO SparkEnv: Registering BlockManagerMasterHeartbeat
[2025-02-19T13:05:57.181+0000] {spark_submit.py:495} INFO - 25/02/19 13:05:57 INFO DiskBlockManager: Created local directory at /tmp/blockmgr-bc1177a6-4840-4ada-b30c-1ee7480f640e
[2025-02-19T13:05:57.211+0000] {spark_submit.py:495} INFO - 25/02/19 13:05:57 INFO MemoryStore: MemoryStore started with capacity 434.4 MiB
[2025-02-19T13:05:57.239+0000] {spark_submit.py:495} INFO - 25/02/19 13:05:57 INFO SparkEnv: Registering OutputCommitCoordinator
[2025-02-19T13:05:57.579+0000] {spark_submit.py:495} INFO - 25/02/19 13:05:57 INFO Utils: Successfully started service 'SparkUI' on port 4040.
[2025-02-19T13:05:57.772+0000] {spark_submit.py:495} INFO - 25/02/19 13:05:57 INFO StandaloneAppClient$ClientEndpoint: Connecting to master spark://deproject-spark-master:7077...
[2025-02-19T13:05:57.841+0000] {spark_submit.py:495} INFO - 25/02/19 13:05:57 INFO TransportClientFactory: Successfully created connection to deproject-spark-master/172.28.0.3:7077 after 39 ms (0 ms spent in bootstraps)
[2025-02-19T13:05:58.041+0000] {spark_submit.py:495} INFO - 25/02/19 13:05:58 INFO StandaloneSchedulerBackend: Connected to Spark cluster with app ID app-20250219130558-0000
[2025-02-19T13:05:58.052+0000] {spark_submit.py:495} INFO - 25/02/19 13:05:58 INFO Utils: Successfully started service 'org.apache.spark.network.netty.NettyBlockTransferService' on port 36935.
[2025-02-19T13:05:58.053+0000] {spark_submit.py:495} INFO - 25/02/19 13:05:58 INFO NettyBlockTransferService: Server created on deproject-airflow-scheduler:36935
[2025-02-19T13:05:58.055+0000] {spark_submit.py:495} INFO - 25/02/19 13:05:58 INFO BlockManager: Using org.apache.spark.storage.RandomBlockReplicationPolicy for block replication policy
[2025-02-19T13:05:58.067+0000] {spark_submit.py:495} INFO - 25/02/19 13:05:58 INFO BlockManagerMaster: Registering BlockManager BlockManagerId(driver, deproject-airflow-scheduler, 36935, None)
[2025-02-19T13:05:58.074+0000] {spark_submit.py:495} INFO - 25/02/19 13:05:58 INFO BlockManagerMasterEndpoint: Registering block manager deproject-airflow-scheduler:36935 with 434.4 MiB RAM, BlockManagerId(driver, deproject-airflow-scheduler, 36935, None)
[2025-02-19T13:05:58.078+0000] {spark_submit.py:495} INFO - 25/02/19 13:05:58 INFO BlockManagerMaster: Registered BlockManager BlockManagerId(driver, deproject-airflow-scheduler, 36935, None)
[2025-02-19T13:05:58.081+0000] {spark_submit.py:495} INFO - 25/02/19 13:05:58 INFO BlockManager: Initialized BlockManager: BlockManagerId(driver, deproject-airflow-scheduler, 36935, None)
[2025-02-19T13:05:58.089+0000] {spark_submit.py:495} INFO - 25/02/19 13:05:58 INFO StandaloneAppClient$ClientEndpoint: Executor added: app-20250219130558-0000/0 on worker-20250219125657-172.28.0.4-33349 (172.28.0.4:33349) with 1 core(s)
[2025-02-19T13:05:58.093+0000] {spark_submit.py:495} INFO - 25/02/19 13:05:58 INFO StandaloneSchedulerBackend: Granted executor ID app-20250219130558-0000/0 on hostPort 172.28.0.4:33349 with 1 core(s), 1024.0 MiB RAM
[2025-02-19T13:05:58.409+0000] {spark_submit.py:495} INFO - 25/02/19 13:05:58 INFO StandaloneAppClient$ClientEndpoint: Executor updated: app-20250219130558-0000/0 is now RUNNING
[2025-02-19T13:05:58.430+0000] {spark_submit.py:495} INFO - 25/02/19 13:05:58 INFO StandaloneSchedulerBackend: SchedulerBackend is ready for scheduling beginning after reached minRegisteredResourcesRatio: 0.0
[2025-02-19T13:06:07.530+0000] {spark_submit.py:495} INFO - +---+--------------------+-------------------+--------------------+--------------------+------+
[2025-02-19T13:06:07.531+0000] {spark_submit.py:495} INFO - | id|                 url|           datetime|               title|                text|source|
[2025-02-19T13:06:07.532+0000] {spark_submit.py:495} INFO - +---+--------------------+-------------------+--------------------+--------------------+------+
[2025-02-19T13:06:07.533+0000] {spark_submit.py:495} INFO - |  0|https://edition.c...|2025-02-15 22:00:00|Your questions ab...|A version of this...|   cnn|
[2025-02-19T13:06:07.534+0000] {spark_submit.py:495} INFO - |  1|https://edition.c...|2025-02-18 23:01:00|Trump administrat...|The Trump adminis...|   cnn|
[2025-02-19T13:06:07.535+0000] {spark_submit.py:495} INFO - |  2|https://edition.c...|2025-02-18 13:44:00|Eric Adams: Judge...|The federal judge...|   cnn|
[2025-02-19T13:06:07.535+0000] {spark_submit.py:495} INFO - |  3|https://edition.c...|2025-02-18 17:00:00|Trump and allies ...|President Donald ...|   cnn|
[2025-02-19T13:06:07.536+0000] {spark_submit.py:495} INFO - |  4|https://edition.c...|2025-02-19 00:14:00|‘Good luck with t...|The Trump adminis...|   cnn|
[2025-02-19T13:06:07.537+0000] {spark_submit.py:495} INFO - +---+--------------------+-------------------+--------------------+--------------------+------+
[2025-02-19T13:06:07.538+0000] {spark_submit.py:495} INFO - only showing top 5 rows
[2025-02-19T13:06:07.538+0000] {spark_submit.py:495} INFO - 
[2025-02-19T13:06:07.539+0000] {spark_submit.py:495} INFO - root
[2025-02-19T13:06:07.540+0000] {spark_submit.py:495} INFO - |-- id: integer (nullable = true)
[2025-02-19T13:06:07.541+0000] {spark_submit.py:495} INFO - |-- url: string (nullable = true)
[2025-02-19T13:06:07.542+0000] {spark_submit.py:495} INFO - |-- datetime: timestamp (nullable = true)
[2025-02-19T13:06:07.542+0000] {spark_submit.py:495} INFO - |-- title: string (nullable = true)
[2025-02-19T13:06:07.543+0000] {spark_submit.py:495} INFO - |-- text: string (nullable = true)
[2025-02-19T13:06:07.543+0000] {spark_submit.py:495} INFO - |-- source: string (nullable = true)
[2025-02-19T13:06:07.544+0000] {spark_submit.py:495} INFO - 
[2025-02-19T13:06:09.282+0000] {spark_submit.py:495} INFO - 91
[2025-02-19T13:06:09.977+0000] {spark_submit.py:495} INFO - +---+--------------------+-------------------+--------------------+--------------------+------+
[2025-02-19T13:06:09.978+0000] {spark_submit.py:495} INFO - | id|                 url|           datetime|               title|                text|source|
[2025-02-19T13:06:09.979+0000] {spark_submit.py:495} INFO - +---+--------------------+-------------------+--------------------+--------------------+------+
[2025-02-19T13:06:09.980+0000] {spark_submit.py:495} INFO - |  0|https://edition.c...|2025-02-15 22:00:00|Your questions ab...|A version of this...|   cnn|
[2025-02-19T13:06:09.981+0000] {spark_submit.py:495} INFO - |  1|https://edition.c...|2025-02-18 23:01:00|Trump administrat...|The Trump adminis...|   cnn|
[2025-02-19T13:06:09.982+0000] {spark_submit.py:495} INFO - |  2|https://edition.c...|2025-02-18 13:44:00|Eric Adams: Judge...|The federal judge...|   cnn|
[2025-02-19T13:06:09.982+0000] {spark_submit.py:495} INFO - |  3|https://edition.c...|2025-02-18 17:00:00|Trump and allies ...|President Donald ...|   cnn|
[2025-02-19T13:06:09.983+0000] {spark_submit.py:495} INFO - |  4|https://edition.c...|2025-02-19 00:14:00|‘Good luck with t...|The Trump adminis...|   cnn|
[2025-02-19T13:06:09.984+0000] {spark_submit.py:495} INFO - +---+--------------------+-------------------+--------------------+--------------------+------+
[2025-02-19T13:06:09.985+0000] {spark_submit.py:495} INFO - only showing top 5 rows
[2025-02-19T13:06:09.986+0000] {spark_submit.py:495} INFO - 
[2025-02-19T13:06:10.765+0000] {spark_submit.py:495} INFO - 83
[2025-02-19T13:06:12.866+0000] {taskinstance.py:1149} INFO - Marking task as SUCCESS. dag_id=scraping_news_dag, task_id=spark_load_task, execution_date=20250219T125823, start_date=20250219T130551, end_date=20250219T130612
[2025-02-19T13:06:12.912+0000] {local_task_job_runner.py:234} INFO - Task exited with return code 0
[2025-02-19T13:06:12.959+0000] {taskinstance.py:3309} INFO - 2 downstream tasks scheduled from follow-on schedule check
