[2025-02-14T11:22:17.886+0000] {processor.py:161} INFO - Started process (PID=168) to work on /opt/airflow/dags/load-bigquery.py
[2025-02-14T11:22:17.887+0000] {processor.py:830} INFO - Processing file /opt/airflow/dags/load-bigquery.py for tasks to queue
[2025-02-14T11:22:17.888+0000] {logging_mixin.py:188} INFO - [2025-02-14T11:22:17.888+0000] {dagbag.py:540} INFO - Filling up the DagBag from /opt/airflow/dags/load-bigquery.py
[2025-02-14T11:22:17.917+0000] {processor.py:840} INFO - DAG(s) 'load_bigquery' retrieved from /opt/airflow/dags/load-bigquery.py
[2025-02-14T11:22:17.940+0000] {logging_mixin.py:188} INFO - [2025-02-14T11:22:17.940+0000] {dag.py:3047} INFO - Sync 1 DAGs
[2025-02-14T11:22:17.953+0000] {logging_mixin.py:188} INFO - [2025-02-14T11:22:17.953+0000] {dag.py:3834} INFO - Setting next_dagrun for load_bigquery to None, run_after=None
[2025-02-14T11:22:17.972+0000] {processor.py:183} INFO - Processing /opt/airflow/dags/load-bigquery.py took 0.088 seconds
[2025-02-14T11:22:48.188+0000] {processor.py:161} INFO - Started process (PID=188) to work on /opt/airflow/dags/load-bigquery.py
[2025-02-14T11:22:48.189+0000] {processor.py:830} INFO - Processing file /opt/airflow/dags/load-bigquery.py for tasks to queue
[2025-02-14T11:22:48.190+0000] {logging_mixin.py:188} INFO - [2025-02-14T11:22:48.190+0000] {dagbag.py:540} INFO - Filling up the DagBag from /opt/airflow/dags/load-bigquery.py
[2025-02-14T11:22:48.210+0000] {processor.py:840} INFO - DAG(s) 'load_bigquery' retrieved from /opt/airflow/dags/load-bigquery.py
[2025-02-14T11:22:48.405+0000] {logging_mixin.py:188} INFO - [2025-02-14T11:22:48.404+0000] {dag.py:3047} INFO - Sync 1 DAGs
[2025-02-14T11:22:48.414+0000] {logging_mixin.py:188} INFO - [2025-02-14T11:22:48.414+0000] {dag.py:3834} INFO - Setting next_dagrun for load_bigquery to None, run_after=None
[2025-02-14T11:22:48.431+0000] {processor.py:183} INFO - Processing /opt/airflow/dags/load-bigquery.py took 0.245 seconds
[2025-02-14T11:23:18.839+0000] {processor.py:161} INFO - Started process (PID=277) to work on /opt/airflow/dags/load-bigquery.py
[2025-02-14T11:23:18.841+0000] {processor.py:830} INFO - Processing file /opt/airflow/dags/load-bigquery.py for tasks to queue
[2025-02-14T11:23:18.842+0000] {logging_mixin.py:188} INFO - [2025-02-14T11:23:18.841+0000] {dagbag.py:540} INFO - Filling up the DagBag from /opt/airflow/dags/load-bigquery.py
[2025-02-14T11:23:18.870+0000] {processor.py:840} INFO - DAG(s) 'load_bigquery' retrieved from /opt/airflow/dags/load-bigquery.py
[2025-02-14T11:23:18.912+0000] {logging_mixin.py:188} INFO - [2025-02-14T11:23:18.912+0000] {dag.py:3047} INFO - Sync 1 DAGs
[2025-02-14T11:23:18.931+0000] {logging_mixin.py:188} INFO - [2025-02-14T11:23:18.931+0000] {dag.py:3834} INFO - Setting next_dagrun for load_bigquery to None, run_after=None
[2025-02-14T11:23:18.949+0000] {processor.py:183} INFO - Processing /opt/airflow/dags/load-bigquery.py took 0.114 seconds
[2025-02-14T11:23:49.275+0000] {processor.py:161} INFO - Started process (PID=297) to work on /opt/airflow/dags/load-bigquery.py
[2025-02-14T11:23:49.276+0000] {processor.py:830} INFO - Processing file /opt/airflow/dags/load-bigquery.py for tasks to queue
[2025-02-14T11:23:49.276+0000] {logging_mixin.py:188} INFO - [2025-02-14T11:23:49.276+0000] {dagbag.py:540} INFO - Filling up the DagBag from /opt/airflow/dags/load-bigquery.py
[2025-02-14T11:23:49.291+0000] {processor.py:840} INFO - DAG(s) 'load_bigquery' retrieved from /opt/airflow/dags/load-bigquery.py
[2025-02-14T11:23:49.323+0000] {logging_mixin.py:188} INFO - [2025-02-14T11:23:49.323+0000] {dag.py:3047} INFO - Sync 1 DAGs
[2025-02-14T11:23:49.336+0000] {logging_mixin.py:188} INFO - [2025-02-14T11:23:49.335+0000] {dag.py:3834} INFO - Setting next_dagrun for load_bigquery to None, run_after=None
[2025-02-14T11:23:49.353+0000] {processor.py:183} INFO - Processing /opt/airflow/dags/load-bigquery.py took 0.081 seconds
[2025-02-14T11:24:19.707+0000] {processor.py:161} INFO - Started process (PID=317) to work on /opt/airflow/dags/load-bigquery.py
[2025-02-14T11:24:19.708+0000] {processor.py:830} INFO - Processing file /opt/airflow/dags/load-bigquery.py for tasks to queue
[2025-02-14T11:24:19.709+0000] {logging_mixin.py:188} INFO - [2025-02-14T11:24:19.709+0000] {dagbag.py:540} INFO - Filling up the DagBag from /opt/airflow/dags/load-bigquery.py
[2025-02-14T11:24:19.722+0000] {processor.py:840} INFO - DAG(s) 'load_bigquery' retrieved from /opt/airflow/dags/load-bigquery.py
[2025-02-14T11:24:19.744+0000] {logging_mixin.py:188} INFO - [2025-02-14T11:24:19.743+0000] {dag.py:3047} INFO - Sync 1 DAGs
[2025-02-14T11:24:19.755+0000] {logging_mixin.py:188} INFO - [2025-02-14T11:24:19.755+0000] {dag.py:3834} INFO - Setting next_dagrun for load_bigquery to None, run_after=None
[2025-02-14T11:24:19.778+0000] {processor.py:183} INFO - Processing /opt/airflow/dags/load-bigquery.py took 0.074 seconds
[2025-02-14T11:24:50.094+0000] {processor.py:161} INFO - Started process (PID=337) to work on /opt/airflow/dags/load-bigquery.py
[2025-02-14T11:24:50.095+0000] {processor.py:830} INFO - Processing file /opt/airflow/dags/load-bigquery.py for tasks to queue
[2025-02-14T11:24:50.096+0000] {logging_mixin.py:188} INFO - [2025-02-14T11:24:50.096+0000] {dagbag.py:540} INFO - Filling up the DagBag from /opt/airflow/dags/load-bigquery.py
[2025-02-14T11:24:50.112+0000] {processor.py:840} INFO - DAG(s) 'load_bigquery' retrieved from /opt/airflow/dags/load-bigquery.py
[2025-02-14T11:24:50.136+0000] {logging_mixin.py:188} INFO - [2025-02-14T11:24:50.136+0000] {dag.py:3047} INFO - Sync 1 DAGs
[2025-02-14T11:24:50.146+0000] {logging_mixin.py:188} INFO - [2025-02-14T11:24:50.146+0000] {dag.py:3834} INFO - Setting next_dagrun for load_bigquery to None, run_after=None
[2025-02-14T11:24:50.162+0000] {processor.py:183} INFO - Processing /opt/airflow/dags/load-bigquery.py took 0.070 seconds
[2025-02-14T11:25:20.476+0000] {processor.py:161} INFO - Started process (PID=357) to work on /opt/airflow/dags/load-bigquery.py
[2025-02-14T11:25:20.477+0000] {processor.py:830} INFO - Processing file /opt/airflow/dags/load-bigquery.py for tasks to queue
[2025-02-14T11:25:20.478+0000] {logging_mixin.py:188} INFO - [2025-02-14T11:25:20.478+0000] {dagbag.py:540} INFO - Filling up the DagBag from /opt/airflow/dags/load-bigquery.py
[2025-02-14T11:25:20.495+0000] {processor.py:840} INFO - DAG(s) 'load_bigquery' retrieved from /opt/airflow/dags/load-bigquery.py
[2025-02-14T11:25:20.520+0000] {logging_mixin.py:188} INFO - [2025-02-14T11:25:20.520+0000] {dag.py:3047} INFO - Sync 1 DAGs
[2025-02-14T11:25:20.531+0000] {logging_mixin.py:188} INFO - [2025-02-14T11:25:20.531+0000] {dag.py:3834} INFO - Setting next_dagrun for load_bigquery to None, run_after=None
[2025-02-14T11:25:20.552+0000] {processor.py:183} INFO - Processing /opt/airflow/dags/load-bigquery.py took 0.080 seconds
[2025-02-14T11:25:50.873+0000] {processor.py:161} INFO - Started process (PID=377) to work on /opt/airflow/dags/load-bigquery.py
[2025-02-14T11:25:50.874+0000] {processor.py:830} INFO - Processing file /opt/airflow/dags/load-bigquery.py for tasks to queue
[2025-02-14T11:25:50.875+0000] {logging_mixin.py:188} INFO - [2025-02-14T11:25:50.875+0000] {dagbag.py:540} INFO - Filling up the DagBag from /opt/airflow/dags/load-bigquery.py
[2025-02-14T11:25:50.888+0000] {processor.py:840} INFO - DAG(s) 'load_bigquery' retrieved from /opt/airflow/dags/load-bigquery.py
[2025-02-14T11:25:50.911+0000] {logging_mixin.py:188} INFO - [2025-02-14T11:25:50.911+0000] {dag.py:3047} INFO - Sync 1 DAGs
[2025-02-14T11:25:50.922+0000] {logging_mixin.py:188} INFO - [2025-02-14T11:25:50.922+0000] {dag.py:3834} INFO - Setting next_dagrun for load_bigquery to None, run_after=None
[2025-02-14T11:25:50.943+0000] {processor.py:183} INFO - Processing /opt/airflow/dags/load-bigquery.py took 0.072 seconds
[2025-02-14T11:26:21.261+0000] {processor.py:161} INFO - Started process (PID=397) to work on /opt/airflow/dags/load-bigquery.py
[2025-02-14T11:26:21.261+0000] {processor.py:830} INFO - Processing file /opt/airflow/dags/load-bigquery.py for tasks to queue
[2025-02-14T11:26:21.262+0000] {logging_mixin.py:188} INFO - [2025-02-14T11:26:21.262+0000] {dagbag.py:540} INFO - Filling up the DagBag from /opt/airflow/dags/load-bigquery.py
[2025-02-14T11:26:21.275+0000] {processor.py:840} INFO - DAG(s) 'load_bigquery' retrieved from /opt/airflow/dags/load-bigquery.py
[2025-02-14T11:26:21.296+0000] {logging_mixin.py:188} INFO - [2025-02-14T11:26:21.295+0000] {dag.py:3047} INFO - Sync 1 DAGs
[2025-02-14T11:26:21.306+0000] {logging_mixin.py:188} INFO - [2025-02-14T11:26:21.306+0000] {dag.py:3834} INFO - Setting next_dagrun for load_bigquery to None, run_after=None
[2025-02-14T11:26:21.322+0000] {processor.py:183} INFO - Processing /opt/airflow/dags/load-bigquery.py took 0.064 seconds
[2025-02-14T11:26:51.645+0000] {processor.py:161} INFO - Started process (PID=417) to work on /opt/airflow/dags/load-bigquery.py
[2025-02-14T11:26:51.646+0000] {processor.py:830} INFO - Processing file /opt/airflow/dags/load-bigquery.py for tasks to queue
[2025-02-14T11:26:51.647+0000] {logging_mixin.py:188} INFO - [2025-02-14T11:26:51.647+0000] {dagbag.py:540} INFO - Filling up the DagBag from /opt/airflow/dags/load-bigquery.py
[2025-02-14T11:26:51.660+0000] {processor.py:840} INFO - DAG(s) 'load_bigquery' retrieved from /opt/airflow/dags/load-bigquery.py
[2025-02-14T11:26:51.682+0000] {logging_mixin.py:188} INFO - [2025-02-14T11:26:51.682+0000] {dag.py:3047} INFO - Sync 1 DAGs
[2025-02-14T11:26:51.693+0000] {logging_mixin.py:188} INFO - [2025-02-14T11:26:51.692+0000] {dag.py:3834} INFO - Setting next_dagrun for load_bigquery to None, run_after=None
[2025-02-14T11:26:51.708+0000] {processor.py:183} INFO - Processing /opt/airflow/dags/load-bigquery.py took 0.065 seconds
[2025-02-14T11:27:22.062+0000] {processor.py:161} INFO - Started process (PID=437) to work on /opt/airflow/dags/load-bigquery.py
[2025-02-14T11:27:22.063+0000] {processor.py:830} INFO - Processing file /opt/airflow/dags/load-bigquery.py for tasks to queue
[2025-02-14T11:27:22.064+0000] {logging_mixin.py:188} INFO - [2025-02-14T11:27:22.063+0000] {dagbag.py:540} INFO - Filling up the DagBag from /opt/airflow/dags/load-bigquery.py
[2025-02-14T11:27:22.080+0000] {processor.py:840} INFO - DAG(s) 'load_bigquery' retrieved from /opt/airflow/dags/load-bigquery.py
[2025-02-14T11:27:22.101+0000] {logging_mixin.py:188} INFO - [2025-02-14T11:27:22.101+0000] {dag.py:3047} INFO - Sync 1 DAGs
[2025-02-14T11:27:22.112+0000] {logging_mixin.py:188} INFO - [2025-02-14T11:27:22.112+0000] {dag.py:3834} INFO - Setting next_dagrun for load_bigquery to None, run_after=None
[2025-02-14T11:27:22.135+0000] {processor.py:183} INFO - Processing /opt/airflow/dags/load-bigquery.py took 0.076 seconds
[2025-02-14T11:27:52.469+0000] {processor.py:161} INFO - Started process (PID=457) to work on /opt/airflow/dags/load-bigquery.py
[2025-02-14T11:27:52.470+0000] {processor.py:830} INFO - Processing file /opt/airflow/dags/load-bigquery.py for tasks to queue
[2025-02-14T11:27:52.471+0000] {logging_mixin.py:188} INFO - [2025-02-14T11:27:52.470+0000] {dagbag.py:540} INFO - Filling up the DagBag from /opt/airflow/dags/load-bigquery.py
[2025-02-14T11:27:52.484+0000] {processor.py:840} INFO - DAG(s) 'load_bigquery' retrieved from /opt/airflow/dags/load-bigquery.py
[2025-02-14T11:27:52.507+0000] {logging_mixin.py:188} INFO - [2025-02-14T11:27:52.507+0000] {dag.py:3047} INFO - Sync 1 DAGs
[2025-02-14T11:27:52.518+0000] {logging_mixin.py:188} INFO - [2025-02-14T11:27:52.518+0000] {dag.py:3834} INFO - Setting next_dagrun for load_bigquery to None, run_after=None
[2025-02-14T11:27:52.535+0000] {processor.py:183} INFO - Processing /opt/airflow/dags/load-bigquery.py took 0.069 seconds
[2025-02-14T11:28:22.874+0000] {processor.py:161} INFO - Started process (PID=477) to work on /opt/airflow/dags/load-bigquery.py
[2025-02-14T11:28:22.875+0000] {processor.py:830} INFO - Processing file /opt/airflow/dags/load-bigquery.py for tasks to queue
[2025-02-14T11:28:22.877+0000] {logging_mixin.py:188} INFO - [2025-02-14T11:28:22.876+0000] {dagbag.py:540} INFO - Filling up the DagBag from /opt/airflow/dags/load-bigquery.py
[2025-02-14T11:28:22.896+0000] {processor.py:840} INFO - DAG(s) 'load_bigquery' retrieved from /opt/airflow/dags/load-bigquery.py
[2025-02-14T11:28:22.919+0000] {logging_mixin.py:188} INFO - [2025-02-14T11:28:22.919+0000] {dag.py:3047} INFO - Sync 1 DAGs
[2025-02-14T11:28:22.931+0000] {logging_mixin.py:188} INFO - [2025-02-14T11:28:22.931+0000] {dag.py:3834} INFO - Setting next_dagrun for load_bigquery to None, run_after=None
[2025-02-14T11:28:22.950+0000] {processor.py:183} INFO - Processing /opt/airflow/dags/load-bigquery.py took 0.079 seconds
[2025-02-14T11:28:53.189+0000] {processor.py:161} INFO - Started process (PID=497) to work on /opt/airflow/dags/load-bigquery.py
[2025-02-14T11:28:53.189+0000] {processor.py:830} INFO - Processing file /opt/airflow/dags/load-bigquery.py for tasks to queue
[2025-02-14T11:28:53.190+0000] {logging_mixin.py:188} INFO - [2025-02-14T11:28:53.190+0000] {dagbag.py:540} INFO - Filling up the DagBag from /opt/airflow/dags/load-bigquery.py
[2025-02-14T11:28:53.205+0000] {processor.py:840} INFO - DAG(s) 'load_bigquery' retrieved from /opt/airflow/dags/load-bigquery.py
[2025-02-14T11:28:53.228+0000] {logging_mixin.py:188} INFO - [2025-02-14T11:28:53.228+0000] {dag.py:3047} INFO - Sync 1 DAGs
[2025-02-14T11:28:53.240+0000] {logging_mixin.py:188} INFO - [2025-02-14T11:28:53.239+0000] {dag.py:3834} INFO - Setting next_dagrun for load_bigquery to None, run_after=None
[2025-02-14T11:28:53.257+0000] {processor.py:183} INFO - Processing /opt/airflow/dags/load-bigquery.py took 0.071 seconds
[2025-02-14T11:29:23.579+0000] {processor.py:161} INFO - Started process (PID=517) to work on /opt/airflow/dags/load-bigquery.py
[2025-02-14T11:29:23.580+0000] {processor.py:830} INFO - Processing file /opt/airflow/dags/load-bigquery.py for tasks to queue
[2025-02-14T11:29:23.581+0000] {logging_mixin.py:188} INFO - [2025-02-14T11:29:23.581+0000] {dagbag.py:540} INFO - Filling up the DagBag from /opt/airflow/dags/load-bigquery.py
[2025-02-14T11:29:23.595+0000] {processor.py:840} INFO - DAG(s) 'load_bigquery' retrieved from /opt/airflow/dags/load-bigquery.py
[2025-02-14T11:29:23.617+0000] {logging_mixin.py:188} INFO - [2025-02-14T11:29:23.617+0000] {dag.py:3047} INFO - Sync 1 DAGs
[2025-02-14T11:29:23.627+0000] {logging_mixin.py:188} INFO - [2025-02-14T11:29:23.627+0000] {dag.py:3834} INFO - Setting next_dagrun for load_bigquery to None, run_after=None
[2025-02-14T11:29:23.646+0000] {processor.py:183} INFO - Processing /opt/airflow/dags/load-bigquery.py took 0.069 seconds
[2025-02-14T11:29:53.970+0000] {processor.py:161} INFO - Started process (PID=537) to work on /opt/airflow/dags/load-bigquery.py
[2025-02-14T11:29:53.971+0000] {processor.py:830} INFO - Processing file /opt/airflow/dags/load-bigquery.py for tasks to queue
[2025-02-14T11:29:53.972+0000] {logging_mixin.py:188} INFO - [2025-02-14T11:29:53.972+0000] {dagbag.py:540} INFO - Filling up the DagBag from /opt/airflow/dags/load-bigquery.py
[2025-02-14T11:29:53.988+0000] {processor.py:840} INFO - DAG(s) 'load_bigquery' retrieved from /opt/airflow/dags/load-bigquery.py
[2025-02-14T11:29:54.012+0000] {logging_mixin.py:188} INFO - [2025-02-14T11:29:54.012+0000] {dag.py:3047} INFO - Sync 1 DAGs
[2025-02-14T11:29:54.024+0000] {logging_mixin.py:188} INFO - [2025-02-14T11:29:54.023+0000] {dag.py:3834} INFO - Setting next_dagrun for load_bigquery to None, run_after=None
[2025-02-14T11:29:54.047+0000] {processor.py:183} INFO - Processing /opt/airflow/dags/load-bigquery.py took 0.080 seconds
[2025-02-14T11:30:24.364+0000] {processor.py:161} INFO - Started process (PID=557) to work on /opt/airflow/dags/load-bigquery.py
[2025-02-14T11:30:24.365+0000] {processor.py:830} INFO - Processing file /opt/airflow/dags/load-bigquery.py for tasks to queue
[2025-02-14T11:30:24.366+0000] {logging_mixin.py:188} INFO - [2025-02-14T11:30:24.365+0000] {dagbag.py:540} INFO - Filling up the DagBag from /opt/airflow/dags/load-bigquery.py
[2025-02-14T11:30:24.383+0000] {processor.py:840} INFO - DAG(s) 'load_bigquery' retrieved from /opt/airflow/dags/load-bigquery.py
[2025-02-14T11:30:24.405+0000] {logging_mixin.py:188} INFO - [2025-02-14T11:30:24.405+0000] {dag.py:3047} INFO - Sync 1 DAGs
[2025-02-14T11:30:24.416+0000] {logging_mixin.py:188} INFO - [2025-02-14T11:30:24.416+0000] {dag.py:3834} INFO - Setting next_dagrun for load_bigquery to None, run_after=None
[2025-02-14T11:30:24.501+0000] {processor.py:183} INFO - Processing /opt/airflow/dags/load-bigquery.py took 0.139 seconds
[2025-02-14T11:30:54.778+0000] {processor.py:161} INFO - Started process (PID=577) to work on /opt/airflow/dags/load-bigquery.py
[2025-02-14T11:30:54.779+0000] {processor.py:830} INFO - Processing file /opt/airflow/dags/load-bigquery.py for tasks to queue
[2025-02-14T11:30:54.780+0000] {logging_mixin.py:188} INFO - [2025-02-14T11:30:54.780+0000] {dagbag.py:540} INFO - Filling up the DagBag from /opt/airflow/dags/load-bigquery.py
[2025-02-14T11:30:54.794+0000] {processor.py:840} INFO - DAG(s) 'load_bigquery' retrieved from /opt/airflow/dags/load-bigquery.py
[2025-02-14T11:30:54.816+0000] {logging_mixin.py:188} INFO - [2025-02-14T11:30:54.815+0000] {dag.py:3047} INFO - Sync 1 DAGs
[2025-02-14T11:30:54.828+0000] {logging_mixin.py:188} INFO - [2025-02-14T11:30:54.827+0000] {dag.py:3834} INFO - Setting next_dagrun for load_bigquery to None, run_after=None
[2025-02-14T11:30:54.847+0000] {processor.py:183} INFO - Processing /opt/airflow/dags/load-bigquery.py took 0.072 seconds
[2025-02-14T11:31:25.175+0000] {processor.py:161} INFO - Started process (PID=597) to work on /opt/airflow/dags/load-bigquery.py
[2025-02-14T11:31:25.177+0000] {processor.py:830} INFO - Processing file /opt/airflow/dags/load-bigquery.py for tasks to queue
[2025-02-14T11:31:25.178+0000] {logging_mixin.py:188} INFO - [2025-02-14T11:31:25.177+0000] {dagbag.py:540} INFO - Filling up the DagBag from /opt/airflow/dags/load-bigquery.py
[2025-02-14T11:31:25.196+0000] {processor.py:840} INFO - DAG(s) 'load_bigquery' retrieved from /opt/airflow/dags/load-bigquery.py
[2025-02-14T11:31:25.226+0000] {logging_mixin.py:188} INFO - [2025-02-14T11:31:25.225+0000] {dag.py:3047} INFO - Sync 1 DAGs
[2025-02-14T11:31:25.242+0000] {logging_mixin.py:188} INFO - [2025-02-14T11:31:25.241+0000] {dag.py:3834} INFO - Setting next_dagrun for load_bigquery to None, run_after=None
[2025-02-14T11:31:25.262+0000] {processor.py:183} INFO - Processing /opt/airflow/dags/load-bigquery.py took 0.091 seconds
[2025-02-14T11:31:55.629+0000] {processor.py:161} INFO - Started process (PID=720) to work on /opt/airflow/dags/load-bigquery.py
[2025-02-14T11:31:55.630+0000] {processor.py:830} INFO - Processing file /opt/airflow/dags/load-bigquery.py for tasks to queue
[2025-02-14T11:31:55.631+0000] {logging_mixin.py:188} INFO - [2025-02-14T11:31:55.631+0000] {dagbag.py:540} INFO - Filling up the DagBag from /opt/airflow/dags/load-bigquery.py
[2025-02-14T11:31:55.647+0000] {processor.py:840} INFO - DAG(s) 'load_bigquery' retrieved from /opt/airflow/dags/load-bigquery.py
[2025-02-14T11:31:55.669+0000] {logging_mixin.py:188} INFO - [2025-02-14T11:31:55.669+0000] {dag.py:3047} INFO - Sync 1 DAGs
[2025-02-14T11:31:55.682+0000] {logging_mixin.py:188} INFO - [2025-02-14T11:31:55.682+0000] {dag.py:3834} INFO - Setting next_dagrun for load_bigquery to None, run_after=None
[2025-02-14T11:31:55.700+0000] {processor.py:183} INFO - Processing /opt/airflow/dags/load-bigquery.py took 0.073 seconds
[2025-02-14T11:32:26.032+0000] {processor.py:161} INFO - Started process (PID=740) to work on /opt/airflow/dags/load-bigquery.py
[2025-02-14T11:32:26.033+0000] {processor.py:830} INFO - Processing file /opt/airflow/dags/load-bigquery.py for tasks to queue
[2025-02-14T11:32:26.034+0000] {logging_mixin.py:188} INFO - [2025-02-14T11:32:26.034+0000] {dagbag.py:540} INFO - Filling up the DagBag from /opt/airflow/dags/load-bigquery.py
[2025-02-14T11:32:26.055+0000] {processor.py:840} INFO - DAG(s) 'load_bigquery' retrieved from /opt/airflow/dags/load-bigquery.py
[2025-02-14T11:32:26.085+0000] {logging_mixin.py:188} INFO - [2025-02-14T11:32:26.085+0000] {dag.py:3047} INFO - Sync 1 DAGs
[2025-02-14T11:32:26.097+0000] {logging_mixin.py:188} INFO - [2025-02-14T11:32:26.097+0000] {dag.py:3834} INFO - Setting next_dagrun for load_bigquery to None, run_after=None
[2025-02-14T11:32:26.135+0000] {processor.py:183} INFO - Processing /opt/airflow/dags/load-bigquery.py took 0.107 seconds
[2025-02-14T11:32:56.386+0000] {processor.py:161} INFO - Started process (PID=760) to work on /opt/airflow/dags/load-bigquery.py
[2025-02-14T11:32:56.387+0000] {processor.py:830} INFO - Processing file /opt/airflow/dags/load-bigquery.py for tasks to queue
[2025-02-14T11:32:56.388+0000] {logging_mixin.py:188} INFO - [2025-02-14T11:32:56.387+0000] {dagbag.py:540} INFO - Filling up the DagBag from /opt/airflow/dags/load-bigquery.py
[2025-02-14T11:32:56.402+0000] {processor.py:840} INFO - DAG(s) 'load_bigquery' retrieved from /opt/airflow/dags/load-bigquery.py
[2025-02-14T11:32:56.425+0000] {logging_mixin.py:188} INFO - [2025-02-14T11:32:56.425+0000] {dag.py:3047} INFO - Sync 1 DAGs
[2025-02-14T11:32:56.436+0000] {logging_mixin.py:188} INFO - [2025-02-14T11:32:56.436+0000] {dag.py:3834} INFO - Setting next_dagrun for load_bigquery to None, run_after=None
[2025-02-14T11:32:56.458+0000] {processor.py:183} INFO - Processing /opt/airflow/dags/load-bigquery.py took 0.075 seconds
[2025-02-14T11:33:26.683+0000] {processor.py:161} INFO - Started process (PID=780) to work on /opt/airflow/dags/load-bigquery.py
[2025-02-14T11:33:26.684+0000] {processor.py:830} INFO - Processing file /opt/airflow/dags/load-bigquery.py for tasks to queue
[2025-02-14T11:33:26.685+0000] {logging_mixin.py:188} INFO - [2025-02-14T11:33:26.685+0000] {dagbag.py:540} INFO - Filling up the DagBag from /opt/airflow/dags/load-bigquery.py
[2025-02-14T11:33:26.701+0000] {processor.py:840} INFO - DAG(s) 'load_bigquery' retrieved from /opt/airflow/dags/load-bigquery.py
[2025-02-14T11:33:26.731+0000] {logging_mixin.py:188} INFO - [2025-02-14T11:33:26.731+0000] {dag.py:3047} INFO - Sync 1 DAGs
[2025-02-14T11:33:26.744+0000] {logging_mixin.py:188} INFO - [2025-02-14T11:33:26.744+0000] {dag.py:3834} INFO - Setting next_dagrun for load_bigquery to None, run_after=None
[2025-02-14T11:33:26.767+0000] {processor.py:183} INFO - Processing /opt/airflow/dags/load-bigquery.py took 0.086 seconds
[2025-02-14T11:33:57.012+0000] {processor.py:161} INFO - Started process (PID=800) to work on /opt/airflow/dags/load-bigquery.py
[2025-02-14T11:33:57.013+0000] {processor.py:830} INFO - Processing file /opt/airflow/dags/load-bigquery.py for tasks to queue
[2025-02-14T11:33:57.013+0000] {logging_mixin.py:188} INFO - [2025-02-14T11:33:57.013+0000] {dagbag.py:540} INFO - Filling up the DagBag from /opt/airflow/dags/load-bigquery.py
[2025-02-14T11:33:57.029+0000] {processor.py:840} INFO - DAG(s) 'load_bigquery' retrieved from /opt/airflow/dags/load-bigquery.py
[2025-02-14T11:33:57.054+0000] {logging_mixin.py:188} INFO - [2025-02-14T11:33:57.054+0000] {dag.py:3047} INFO - Sync 1 DAGs
[2025-02-14T11:33:57.068+0000] {logging_mixin.py:188} INFO - [2025-02-14T11:33:57.067+0000] {dag.py:3834} INFO - Setting next_dagrun for load_bigquery to None, run_after=None
[2025-02-14T11:33:57.091+0000] {processor.py:183} INFO - Processing /opt/airflow/dags/load-bigquery.py took 0.082 seconds
[2025-02-14T11:34:27.417+0000] {processor.py:161} INFO - Started process (PID=820) to work on /opt/airflow/dags/load-bigquery.py
[2025-02-14T11:34:27.418+0000] {processor.py:830} INFO - Processing file /opt/airflow/dags/load-bigquery.py for tasks to queue
[2025-02-14T11:34:27.419+0000] {logging_mixin.py:188} INFO - [2025-02-14T11:34:27.419+0000] {dagbag.py:540} INFO - Filling up the DagBag from /opt/airflow/dags/load-bigquery.py
[2025-02-14T11:34:27.439+0000] {processor.py:840} INFO - DAG(s) 'load_bigquery' retrieved from /opt/airflow/dags/load-bigquery.py
[2025-02-14T11:34:27.463+0000] {logging_mixin.py:188} INFO - [2025-02-14T11:34:27.463+0000] {dag.py:3047} INFO - Sync 1 DAGs
[2025-02-14T11:34:27.474+0000] {logging_mixin.py:188} INFO - [2025-02-14T11:34:27.474+0000] {dag.py:3834} INFO - Setting next_dagrun for load_bigquery to None, run_after=None
[2025-02-14T11:34:27.490+0000] {processor.py:183} INFO - Processing /opt/airflow/dags/load-bigquery.py took 0.075 seconds
[2025-02-14T11:34:57.805+0000] {processor.py:161} INFO - Started process (PID=840) to work on /opt/airflow/dags/load-bigquery.py
[2025-02-14T11:34:57.806+0000] {processor.py:830} INFO - Processing file /opt/airflow/dags/load-bigquery.py for tasks to queue
[2025-02-14T11:34:57.807+0000] {logging_mixin.py:188} INFO - [2025-02-14T11:34:57.806+0000] {dagbag.py:540} INFO - Filling up the DagBag from /opt/airflow/dags/load-bigquery.py
[2025-02-14T11:34:57.822+0000] {processor.py:840} INFO - DAG(s) 'load_bigquery' retrieved from /opt/airflow/dags/load-bigquery.py
[2025-02-14T11:34:57.845+0000] {logging_mixin.py:188} INFO - [2025-02-14T11:34:57.845+0000] {dag.py:3047} INFO - Sync 1 DAGs
[2025-02-14T11:34:57.857+0000] {logging_mixin.py:188} INFO - [2025-02-14T11:34:57.857+0000] {dag.py:3834} INFO - Setting next_dagrun for load_bigquery to None, run_after=None
[2025-02-14T11:34:57.874+0000] {processor.py:183} INFO - Processing /opt/airflow/dags/load-bigquery.py took 0.071 seconds
[2025-02-14T11:35:28.190+0000] {processor.py:161} INFO - Started process (PID=860) to work on /opt/airflow/dags/load-bigquery.py
[2025-02-14T11:35:28.191+0000] {processor.py:830} INFO - Processing file /opt/airflow/dags/load-bigquery.py for tasks to queue
[2025-02-14T11:35:28.192+0000] {logging_mixin.py:188} INFO - [2025-02-14T11:35:28.192+0000] {dagbag.py:540} INFO - Filling up the DagBag from /opt/airflow/dags/load-bigquery.py
[2025-02-14T11:35:28.212+0000] {processor.py:840} INFO - DAG(s) 'load_bigquery' retrieved from /opt/airflow/dags/load-bigquery.py
[2025-02-14T11:35:28.242+0000] {logging_mixin.py:188} INFO - [2025-02-14T11:35:28.241+0000] {dag.py:3047} INFO - Sync 1 DAGs
[2025-02-14T11:35:28.254+0000] {logging_mixin.py:188} INFO - [2025-02-14T11:35:28.254+0000] {dag.py:3834} INFO - Setting next_dagrun for load_bigquery to None, run_after=None
[2025-02-14T11:35:28.282+0000] {processor.py:183} INFO - Processing /opt/airflow/dags/load-bigquery.py took 0.096 seconds
[2025-02-14T11:35:58.621+0000] {processor.py:161} INFO - Started process (PID=880) to work on /opt/airflow/dags/load-bigquery.py
[2025-02-14T11:35:58.622+0000] {processor.py:830} INFO - Processing file /opt/airflow/dags/load-bigquery.py for tasks to queue
[2025-02-14T11:35:58.623+0000] {logging_mixin.py:188} INFO - [2025-02-14T11:35:58.623+0000] {dagbag.py:540} INFO - Filling up the DagBag from /opt/airflow/dags/load-bigquery.py
[2025-02-14T11:35:58.640+0000] {processor.py:840} INFO - DAG(s) 'load_bigquery' retrieved from /opt/airflow/dags/load-bigquery.py
[2025-02-14T11:35:58.664+0000] {logging_mixin.py:188} INFO - [2025-02-14T11:35:58.664+0000] {dag.py:3047} INFO - Sync 1 DAGs
[2025-02-14T11:35:58.676+0000] {logging_mixin.py:188} INFO - [2025-02-14T11:35:58.676+0000] {dag.py:3834} INFO - Setting next_dagrun for load_bigquery to None, run_after=None
[2025-02-14T11:35:58.699+0000] {processor.py:183} INFO - Processing /opt/airflow/dags/load-bigquery.py took 0.081 seconds
[2025-02-14T11:36:29.023+0000] {processor.py:161} INFO - Started process (PID=900) to work on /opt/airflow/dags/load-bigquery.py
[2025-02-14T11:36:29.024+0000] {processor.py:830} INFO - Processing file /opt/airflow/dags/load-bigquery.py for tasks to queue
[2025-02-14T11:36:29.025+0000] {logging_mixin.py:188} INFO - [2025-02-14T11:36:29.025+0000] {dagbag.py:540} INFO - Filling up the DagBag from /opt/airflow/dags/load-bigquery.py
[2025-02-14T11:36:29.038+0000] {processor.py:840} INFO - DAG(s) 'load_bigquery' retrieved from /opt/airflow/dags/load-bigquery.py
[2025-02-14T11:36:29.062+0000] {logging_mixin.py:188} INFO - [2025-02-14T11:36:29.062+0000] {dag.py:3047} INFO - Sync 1 DAGs
[2025-02-14T11:36:29.076+0000] {logging_mixin.py:188} INFO - [2025-02-14T11:36:29.075+0000] {dag.py:3834} INFO - Setting next_dagrun for load_bigquery to None, run_after=None
[2025-02-14T11:36:29.096+0000] {processor.py:183} INFO - Processing /opt/airflow/dags/load-bigquery.py took 0.076 seconds
[2025-02-14T11:36:59.423+0000] {processor.py:161} INFO - Started process (PID=920) to work on /opt/airflow/dags/load-bigquery.py
[2025-02-14T11:36:59.424+0000] {processor.py:830} INFO - Processing file /opt/airflow/dags/load-bigquery.py for tasks to queue
[2025-02-14T11:36:59.425+0000] {logging_mixin.py:188} INFO - [2025-02-14T11:36:59.425+0000] {dagbag.py:540} INFO - Filling up the DagBag from /opt/airflow/dags/load-bigquery.py
[2025-02-14T11:36:59.438+0000] {processor.py:840} INFO - DAG(s) 'load_bigquery' retrieved from /opt/airflow/dags/load-bigquery.py
[2025-02-14T11:36:59.463+0000] {logging_mixin.py:188} INFO - [2025-02-14T11:36:59.463+0000] {dag.py:3047} INFO - Sync 1 DAGs
[2025-02-14T11:36:59.474+0000] {logging_mixin.py:188} INFO - [2025-02-14T11:36:59.474+0000] {dag.py:3834} INFO - Setting next_dagrun for load_bigquery to None, run_after=None
[2025-02-14T11:36:59.495+0000] {processor.py:183} INFO - Processing /opt/airflow/dags/load-bigquery.py took 0.075 seconds
[2025-02-14T11:37:29.769+0000] {processor.py:161} INFO - Started process (PID=940) to work on /opt/airflow/dags/load-bigquery.py
[2025-02-14T11:37:29.770+0000] {processor.py:830} INFO - Processing file /opt/airflow/dags/load-bigquery.py for tasks to queue
[2025-02-14T11:37:29.771+0000] {logging_mixin.py:188} INFO - [2025-02-14T11:37:29.771+0000] {dagbag.py:540} INFO - Filling up the DagBag from /opt/airflow/dags/load-bigquery.py
[2025-02-14T11:37:29.786+0000] {processor.py:840} INFO - DAG(s) 'load_bigquery' retrieved from /opt/airflow/dags/load-bigquery.py
[2025-02-14T11:37:29.807+0000] {logging_mixin.py:188} INFO - [2025-02-14T11:37:29.807+0000] {dag.py:3047} INFO - Sync 1 DAGs
[2025-02-14T11:37:29.818+0000] {logging_mixin.py:188} INFO - [2025-02-14T11:37:29.818+0000] {dag.py:3834} INFO - Setting next_dagrun for load_bigquery to None, run_after=None
[2025-02-14T11:37:29.840+0000] {processor.py:183} INFO - Processing /opt/airflow/dags/load-bigquery.py took 0.073 seconds
[2025-02-14T11:38:00.156+0000] {processor.py:161} INFO - Started process (PID=960) to work on /opt/airflow/dags/load-bigquery.py
[2025-02-14T11:38:00.157+0000] {processor.py:830} INFO - Processing file /opt/airflow/dags/load-bigquery.py for tasks to queue
[2025-02-14T11:38:00.158+0000] {logging_mixin.py:188} INFO - [2025-02-14T11:38:00.158+0000] {dagbag.py:540} INFO - Filling up the DagBag from /opt/airflow/dags/load-bigquery.py
[2025-02-14T11:38:00.174+0000] {processor.py:840} INFO - DAG(s) 'load_bigquery' retrieved from /opt/airflow/dags/load-bigquery.py
[2025-02-14T11:38:00.201+0000] {logging_mixin.py:188} INFO - [2025-02-14T11:38:00.201+0000] {dag.py:3047} INFO - Sync 1 DAGs
[2025-02-14T11:38:00.213+0000] {logging_mixin.py:188} INFO - [2025-02-14T11:38:00.212+0000] {dag.py:3834} INFO - Setting next_dagrun for load_bigquery to None, run_after=None
[2025-02-14T11:38:00.229+0000] {processor.py:183} INFO - Processing /opt/airflow/dags/load-bigquery.py took 0.075 seconds
[2025-02-14T11:38:30.555+0000] {processor.py:161} INFO - Started process (PID=980) to work on /opt/airflow/dags/load-bigquery.py
[2025-02-14T11:38:30.556+0000] {processor.py:830} INFO - Processing file /opt/airflow/dags/load-bigquery.py for tasks to queue
[2025-02-14T11:38:30.557+0000] {logging_mixin.py:188} INFO - [2025-02-14T11:38:30.557+0000] {dagbag.py:540} INFO - Filling up the DagBag from /opt/airflow/dags/load-bigquery.py
[2025-02-14T11:38:30.572+0000] {processor.py:840} INFO - DAG(s) 'load_bigquery' retrieved from /opt/airflow/dags/load-bigquery.py
[2025-02-14T11:38:30.595+0000] {logging_mixin.py:188} INFO - [2025-02-14T11:38:30.594+0000] {dag.py:3047} INFO - Sync 1 DAGs
[2025-02-14T11:38:30.606+0000] {logging_mixin.py:188} INFO - [2025-02-14T11:38:30.606+0000] {dag.py:3834} INFO - Setting next_dagrun for load_bigquery to None, run_after=None
[2025-02-14T11:38:30.622+0000] {processor.py:183} INFO - Processing /opt/airflow/dags/load-bigquery.py took 0.071 seconds
[2025-02-14T11:39:00.946+0000] {processor.py:161} INFO - Started process (PID=1000) to work on /opt/airflow/dags/load-bigquery.py
[2025-02-14T11:39:00.947+0000] {processor.py:830} INFO - Processing file /opt/airflow/dags/load-bigquery.py for tasks to queue
[2025-02-14T11:39:00.947+0000] {logging_mixin.py:188} INFO - [2025-02-14T11:39:00.947+0000] {dagbag.py:540} INFO - Filling up the DagBag from /opt/airflow/dags/load-bigquery.py
[2025-02-14T11:39:00.961+0000] {processor.py:840} INFO - DAG(s) 'load_bigquery' retrieved from /opt/airflow/dags/load-bigquery.py
[2025-02-14T11:39:00.984+0000] {logging_mixin.py:188} INFO - [2025-02-14T11:39:00.984+0000] {dag.py:3047} INFO - Sync 1 DAGs
[2025-02-14T11:39:00.996+0000] {logging_mixin.py:188} INFO - [2025-02-14T11:39:00.996+0000] {dag.py:3834} INFO - Setting next_dagrun for load_bigquery to None, run_after=None
[2025-02-14T11:39:01.020+0000] {processor.py:183} INFO - Processing /opt/airflow/dags/load-bigquery.py took 0.077 seconds
[2025-02-14T11:39:31.364+0000] {processor.py:161} INFO - Started process (PID=1020) to work on /opt/airflow/dags/load-bigquery.py
[2025-02-14T11:39:31.365+0000] {processor.py:830} INFO - Processing file /opt/airflow/dags/load-bigquery.py for tasks to queue
[2025-02-14T11:39:31.365+0000] {logging_mixin.py:188} INFO - [2025-02-14T11:39:31.365+0000] {dagbag.py:540} INFO - Filling up the DagBag from /opt/airflow/dags/load-bigquery.py
[2025-02-14T11:39:31.380+0000] {processor.py:840} INFO - DAG(s) 'load_bigquery' retrieved from /opt/airflow/dags/load-bigquery.py
[2025-02-14T11:39:31.402+0000] {logging_mixin.py:188} INFO - [2025-02-14T11:39:31.402+0000] {dag.py:3047} INFO - Sync 1 DAGs
[2025-02-14T11:39:31.413+0000] {logging_mixin.py:188} INFO - [2025-02-14T11:39:31.413+0000] {dag.py:3834} INFO - Setting next_dagrun for load_bigquery to None, run_after=None
[2025-02-14T11:39:31.429+0000] {processor.py:183} INFO - Processing /opt/airflow/dags/load-bigquery.py took 0.068 seconds
[2025-02-14T11:40:01.761+0000] {processor.py:161} INFO - Started process (PID=1040) to work on /opt/airflow/dags/load-bigquery.py
[2025-02-14T11:40:01.762+0000] {processor.py:830} INFO - Processing file /opt/airflow/dags/load-bigquery.py for tasks to queue
[2025-02-14T11:40:01.763+0000] {logging_mixin.py:188} INFO - [2025-02-14T11:40:01.763+0000] {dagbag.py:540} INFO - Filling up the DagBag from /opt/airflow/dags/load-bigquery.py
[2025-02-14T11:40:01.778+0000] {processor.py:840} INFO - DAG(s) 'load_bigquery' retrieved from /opt/airflow/dags/load-bigquery.py
[2025-02-14T11:40:01.802+0000] {logging_mixin.py:188} INFO - [2025-02-14T11:40:01.802+0000] {dag.py:3047} INFO - Sync 1 DAGs
[2025-02-14T11:40:01.813+0000] {logging_mixin.py:188} INFO - [2025-02-14T11:40:01.813+0000] {dag.py:3834} INFO - Setting next_dagrun for load_bigquery to None, run_after=None
[2025-02-14T11:40:01.830+0000] {processor.py:183} INFO - Processing /opt/airflow/dags/load-bigquery.py took 0.072 seconds
[2025-02-14T11:40:32.159+0000] {processor.py:161} INFO - Started process (PID=1060) to work on /opt/airflow/dags/load-bigquery.py
[2025-02-14T11:40:32.160+0000] {processor.py:830} INFO - Processing file /opt/airflow/dags/load-bigquery.py for tasks to queue
[2025-02-14T11:40:32.161+0000] {logging_mixin.py:188} INFO - [2025-02-14T11:40:32.160+0000] {dagbag.py:540} INFO - Filling up the DagBag from /opt/airflow/dags/load-bigquery.py
[2025-02-14T11:40:32.176+0000] {processor.py:840} INFO - DAG(s) 'load_bigquery' retrieved from /opt/airflow/dags/load-bigquery.py
[2025-02-14T11:40:32.202+0000] {logging_mixin.py:188} INFO - [2025-02-14T11:40:32.202+0000] {dag.py:3047} INFO - Sync 1 DAGs
[2025-02-14T11:40:32.216+0000] {logging_mixin.py:188} INFO - [2025-02-14T11:40:32.215+0000] {dag.py:3834} INFO - Setting next_dagrun for load_bigquery to None, run_after=None
[2025-02-14T11:40:32.248+0000] {processor.py:183} INFO - Processing /opt/airflow/dags/load-bigquery.py took 0.093 seconds
[2025-02-14T11:41:02.599+0000] {processor.py:161} INFO - Started process (PID=1080) to work on /opt/airflow/dags/load-bigquery.py
[2025-02-14T11:41:02.600+0000] {processor.py:830} INFO - Processing file /opt/airflow/dags/load-bigquery.py for tasks to queue
[2025-02-14T11:41:02.601+0000] {logging_mixin.py:188} INFO - [2025-02-14T11:41:02.600+0000] {dagbag.py:540} INFO - Filling up the DagBag from /opt/airflow/dags/load-bigquery.py
[2025-02-14T11:41:02.613+0000] {processor.py:840} INFO - DAG(s) 'load_bigquery' retrieved from /opt/airflow/dags/load-bigquery.py
[2025-02-14T11:41:02.636+0000] {logging_mixin.py:188} INFO - [2025-02-14T11:41:02.636+0000] {dag.py:3047} INFO - Sync 1 DAGs
[2025-02-14T11:41:02.646+0000] {logging_mixin.py:188} INFO - [2025-02-14T11:41:02.646+0000] {dag.py:3834} INFO - Setting next_dagrun for load_bigquery to None, run_after=None
[2025-02-14T11:41:02.662+0000] {processor.py:183} INFO - Processing /opt/airflow/dags/load-bigquery.py took 0.066 seconds
[2025-02-14T11:41:32.992+0000] {processor.py:161} INFO - Started process (PID=1100) to work on /opt/airflow/dags/load-bigquery.py
[2025-02-14T11:41:32.993+0000] {processor.py:830} INFO - Processing file /opt/airflow/dags/load-bigquery.py for tasks to queue
[2025-02-14T11:41:32.994+0000] {logging_mixin.py:188} INFO - [2025-02-14T11:41:32.994+0000] {dagbag.py:540} INFO - Filling up the DagBag from /opt/airflow/dags/load-bigquery.py
[2025-02-14T11:41:33.007+0000] {processor.py:840} INFO - DAG(s) 'load_bigquery' retrieved from /opt/airflow/dags/load-bigquery.py
[2025-02-14T11:41:33.028+0000] {logging_mixin.py:188} INFO - [2025-02-14T11:41:33.028+0000] {dag.py:3047} INFO - Sync 1 DAGs
[2025-02-14T11:41:33.040+0000] {logging_mixin.py:188} INFO - [2025-02-14T11:41:33.040+0000] {dag.py:3834} INFO - Setting next_dagrun for load_bigquery to None, run_after=None
[2025-02-14T11:41:33.055+0000] {processor.py:183} INFO - Processing /opt/airflow/dags/load-bigquery.py took 0.065 seconds
[2025-02-14T11:42:03.380+0000] {processor.py:161} INFO - Started process (PID=1120) to work on /opt/airflow/dags/load-bigquery.py
[2025-02-14T11:42:03.381+0000] {processor.py:830} INFO - Processing file /opt/airflow/dags/load-bigquery.py for tasks to queue
[2025-02-14T11:42:03.382+0000] {logging_mixin.py:188} INFO - [2025-02-14T11:42:03.381+0000] {dagbag.py:540} INFO - Filling up the DagBag from /opt/airflow/dags/load-bigquery.py
[2025-02-14T11:42:03.397+0000] {processor.py:840} INFO - DAG(s) 'load_bigquery' retrieved from /opt/airflow/dags/load-bigquery.py
[2025-02-14T11:42:03.422+0000] {logging_mixin.py:188} INFO - [2025-02-14T11:42:03.422+0000] {dag.py:3047} INFO - Sync 1 DAGs
[2025-02-14T11:42:03.434+0000] {logging_mixin.py:188} INFO - [2025-02-14T11:42:03.434+0000] {dag.py:3834} INFO - Setting next_dagrun for load_bigquery to None, run_after=None
[2025-02-14T11:42:03.457+0000] {processor.py:183} INFO - Processing /opt/airflow/dags/load-bigquery.py took 0.079 seconds
[2025-02-14T11:42:33.826+0000] {processor.py:161} INFO - Started process (PID=1326) to work on /opt/airflow/dags/load-bigquery.py
[2025-02-14T11:42:33.828+0000] {processor.py:830} INFO - Processing file /opt/airflow/dags/load-bigquery.py for tasks to queue
[2025-02-14T11:42:33.828+0000] {logging_mixin.py:188} INFO - [2025-02-14T11:42:33.828+0000] {dagbag.py:540} INFO - Filling up the DagBag from /opt/airflow/dags/load-bigquery.py
[2025-02-14T11:42:33.847+0000] {processor.py:840} INFO - DAG(s) 'load_bigquery' retrieved from /opt/airflow/dags/load-bigquery.py
[2025-02-14T11:42:33.874+0000] {logging_mixin.py:188} INFO - [2025-02-14T11:42:33.874+0000] {dag.py:3047} INFO - Sync 1 DAGs
[2025-02-14T11:42:33.886+0000] {logging_mixin.py:188} INFO - [2025-02-14T11:42:33.886+0000] {dag.py:3834} INFO - Setting next_dagrun for load_bigquery to None, run_after=None
[2025-02-14T11:42:33.909+0000] {processor.py:183} INFO - Processing /opt/airflow/dags/load-bigquery.py took 0.087 seconds
[2025-02-14T11:43:04.149+0000] {processor.py:161} INFO - Started process (PID=1398) to work on /opt/airflow/dags/load-bigquery.py
[2025-02-14T11:43:04.150+0000] {processor.py:830} INFO - Processing file /opt/airflow/dags/load-bigquery.py for tasks to queue
[2025-02-14T11:43:04.151+0000] {logging_mixin.py:188} INFO - [2025-02-14T11:43:04.151+0000] {dagbag.py:540} INFO - Filling up the DagBag from /opt/airflow/dags/load-bigquery.py
[2025-02-14T11:43:04.164+0000] {processor.py:840} INFO - DAG(s) 'load_bigquery' retrieved from /opt/airflow/dags/load-bigquery.py
[2025-02-14T11:43:04.187+0000] {logging_mixin.py:188} INFO - [2025-02-14T11:43:04.186+0000] {dag.py:3047} INFO - Sync 1 DAGs
[2025-02-14T11:43:04.197+0000] {logging_mixin.py:188} INFO - [2025-02-14T11:43:04.197+0000] {dag.py:3834} INFO - Setting next_dagrun for load_bigquery to None, run_after=None
[2025-02-14T11:43:04.218+0000] {processor.py:183} INFO - Processing /opt/airflow/dags/load-bigquery.py took 0.072 seconds
[2025-02-14T11:43:34.474+0000] {processor.py:161} INFO - Started process (PID=1418) to work on /opt/airflow/dags/load-bigquery.py
[2025-02-14T11:43:34.475+0000] {processor.py:830} INFO - Processing file /opt/airflow/dags/load-bigquery.py for tasks to queue
[2025-02-14T11:43:34.476+0000] {logging_mixin.py:188} INFO - [2025-02-14T11:43:34.476+0000] {dagbag.py:540} INFO - Filling up the DagBag from /opt/airflow/dags/load-bigquery.py
[2025-02-14T11:43:34.490+0000] {processor.py:840} INFO - DAG(s) 'load_bigquery' retrieved from /opt/airflow/dags/load-bigquery.py
[2025-02-14T11:43:34.514+0000] {logging_mixin.py:188} INFO - [2025-02-14T11:43:34.514+0000] {dag.py:3047} INFO - Sync 1 DAGs
[2025-02-14T11:43:34.526+0000] {logging_mixin.py:188} INFO - [2025-02-14T11:43:34.526+0000] {dag.py:3834} INFO - Setting next_dagrun for load_bigquery to None, run_after=None
[2025-02-14T11:43:34.543+0000] {processor.py:183} INFO - Processing /opt/airflow/dags/load-bigquery.py took 0.072 seconds
[2025-02-14T11:44:04.775+0000] {processor.py:161} INFO - Started process (PID=1438) to work on /opt/airflow/dags/load-bigquery.py
[2025-02-14T11:44:04.776+0000] {processor.py:830} INFO - Processing file /opt/airflow/dags/load-bigquery.py for tasks to queue
[2025-02-14T11:44:04.777+0000] {logging_mixin.py:188} INFO - [2025-02-14T11:44:04.776+0000] {dagbag.py:540} INFO - Filling up the DagBag from /opt/airflow/dags/load-bigquery.py
[2025-02-14T11:44:04.792+0000] {processor.py:840} INFO - DAG(s) 'load_bigquery' retrieved from /opt/airflow/dags/load-bigquery.py
[2025-02-14T11:44:04.815+0000] {logging_mixin.py:188} INFO - [2025-02-14T11:44:04.815+0000] {dag.py:3047} INFO - Sync 1 DAGs
[2025-02-14T11:44:04.826+0000] {logging_mixin.py:188} INFO - [2025-02-14T11:44:04.826+0000] {dag.py:3834} INFO - Setting next_dagrun for load_bigquery to None, run_after=None
[2025-02-14T11:44:04.849+0000] {processor.py:183} INFO - Processing /opt/airflow/dags/load-bigquery.py took 0.077 seconds
[2025-02-14T11:44:35.178+0000] {processor.py:161} INFO - Started process (PID=1458) to work on /opt/airflow/dags/load-bigquery.py
[2025-02-14T11:44:35.179+0000] {processor.py:830} INFO - Processing file /opt/airflow/dags/load-bigquery.py for tasks to queue
[2025-02-14T11:44:35.180+0000] {logging_mixin.py:188} INFO - [2025-02-14T11:44:35.180+0000] {dagbag.py:540} INFO - Filling up the DagBag from /opt/airflow/dags/load-bigquery.py
[2025-02-14T11:44:35.194+0000] {processor.py:840} INFO - DAG(s) 'load_bigquery' retrieved from /opt/airflow/dags/load-bigquery.py
[2025-02-14T11:44:35.217+0000] {logging_mixin.py:188} INFO - [2025-02-14T11:44:35.216+0000] {dag.py:3047} INFO - Sync 1 DAGs
[2025-02-14T11:44:35.228+0000] {logging_mixin.py:188} INFO - [2025-02-14T11:44:35.228+0000] {dag.py:3834} INFO - Setting next_dagrun for load_bigquery to None, run_after=None
[2025-02-14T11:44:35.244+0000] {processor.py:183} INFO - Processing /opt/airflow/dags/load-bigquery.py took 0.068 seconds
[2025-02-14T11:45:05.578+0000] {processor.py:161} INFO - Started process (PID=1478) to work on /opt/airflow/dags/load-bigquery.py
[2025-02-14T11:45:05.579+0000] {processor.py:830} INFO - Processing file /opt/airflow/dags/load-bigquery.py for tasks to queue
[2025-02-14T11:45:05.579+0000] {logging_mixin.py:188} INFO - [2025-02-14T11:45:05.579+0000] {dagbag.py:540} INFO - Filling up the DagBag from /opt/airflow/dags/load-bigquery.py
[2025-02-14T11:45:05.592+0000] {processor.py:840} INFO - DAG(s) 'load_bigquery' retrieved from /opt/airflow/dags/load-bigquery.py
[2025-02-14T11:45:05.613+0000] {logging_mixin.py:188} INFO - [2025-02-14T11:45:05.613+0000] {dag.py:3047} INFO - Sync 1 DAGs
[2025-02-14T11:45:05.625+0000] {logging_mixin.py:188} INFO - [2025-02-14T11:45:05.624+0000] {dag.py:3834} INFO - Setting next_dagrun for load_bigquery to None, run_after=None
[2025-02-14T11:45:05.646+0000] {processor.py:183} INFO - Processing /opt/airflow/dags/load-bigquery.py took 0.071 seconds
[2025-02-14T11:45:35.888+0000] {processor.py:161} INFO - Started process (PID=1498) to work on /opt/airflow/dags/load-bigquery.py
[2025-02-14T11:45:35.889+0000] {processor.py:830} INFO - Processing file /opt/airflow/dags/load-bigquery.py for tasks to queue
[2025-02-14T11:45:35.890+0000] {logging_mixin.py:188} INFO - [2025-02-14T11:45:35.890+0000] {dagbag.py:540} INFO - Filling up the DagBag from /opt/airflow/dags/load-bigquery.py
[2025-02-14T11:45:35.904+0000] {processor.py:840} INFO - DAG(s) 'load_bigquery' retrieved from /opt/airflow/dags/load-bigquery.py
[2025-02-14T11:45:35.927+0000] {logging_mixin.py:188} INFO - [2025-02-14T11:45:35.926+0000] {dag.py:3047} INFO - Sync 1 DAGs
[2025-02-14T11:45:35.937+0000] {logging_mixin.py:188} INFO - [2025-02-14T11:45:35.937+0000] {dag.py:3834} INFO - Setting next_dagrun for load_bigquery to None, run_after=None
[2025-02-14T11:45:35.953+0000] {processor.py:183} INFO - Processing /opt/airflow/dags/load-bigquery.py took 0.068 seconds
[2025-02-14T11:46:06.280+0000] {processor.py:161} INFO - Started process (PID=1518) to work on /opt/airflow/dags/load-bigquery.py
[2025-02-14T11:46:06.281+0000] {processor.py:830} INFO - Processing file /opt/airflow/dags/load-bigquery.py for tasks to queue
[2025-02-14T11:46:06.282+0000] {logging_mixin.py:188} INFO - [2025-02-14T11:46:06.282+0000] {dagbag.py:540} INFO - Filling up the DagBag from /opt/airflow/dags/load-bigquery.py
[2025-02-14T11:46:06.296+0000] {processor.py:840} INFO - DAG(s) 'load_bigquery' retrieved from /opt/airflow/dags/load-bigquery.py
[2025-02-14T11:46:06.319+0000] {logging_mixin.py:188} INFO - [2025-02-14T11:46:06.319+0000] {dag.py:3047} INFO - Sync 1 DAGs
[2025-02-14T11:46:06.330+0000] {logging_mixin.py:188} INFO - [2025-02-14T11:46:06.330+0000] {dag.py:3834} INFO - Setting next_dagrun for load_bigquery to None, run_after=None
[2025-02-14T11:46:06.353+0000] {processor.py:183} INFO - Processing /opt/airflow/dags/load-bigquery.py took 0.076 seconds
[2025-02-14T11:46:36.597+0000] {processor.py:161} INFO - Started process (PID=1538) to work on /opt/airflow/dags/load-bigquery.py
[2025-02-14T11:46:36.598+0000] {processor.py:830} INFO - Processing file /opt/airflow/dags/load-bigquery.py for tasks to queue
[2025-02-14T11:46:36.599+0000] {logging_mixin.py:188} INFO - [2025-02-14T11:46:36.598+0000] {dagbag.py:540} INFO - Filling up the DagBag from /opt/airflow/dags/load-bigquery.py
[2025-02-14T11:46:36.612+0000] {processor.py:840} INFO - DAG(s) 'load_bigquery' retrieved from /opt/airflow/dags/load-bigquery.py
[2025-02-14T11:46:36.636+0000] {logging_mixin.py:188} INFO - [2025-02-14T11:46:36.635+0000] {dag.py:3047} INFO - Sync 1 DAGs
[2025-02-14T11:46:36.647+0000] {logging_mixin.py:188} INFO - [2025-02-14T11:46:36.647+0000] {dag.py:3834} INFO - Setting next_dagrun for load_bigquery to None, run_after=None
[2025-02-14T11:46:36.663+0000] {processor.py:183} INFO - Processing /opt/airflow/dags/load-bigquery.py took 0.069 seconds
[2025-02-14T11:47:06.897+0000] {processor.py:161} INFO - Started process (PID=1558) to work on /opt/airflow/dags/load-bigquery.py
[2025-02-14T11:47:06.898+0000] {processor.py:830} INFO - Processing file /opt/airflow/dags/load-bigquery.py for tasks to queue
[2025-02-14T11:47:06.899+0000] {logging_mixin.py:188} INFO - [2025-02-14T11:47:06.898+0000] {dagbag.py:540} INFO - Filling up the DagBag from /opt/airflow/dags/load-bigquery.py
[2025-02-14T11:47:06.912+0000] {processor.py:840} INFO - DAG(s) 'load_bigquery' retrieved from /opt/airflow/dags/load-bigquery.py
[2025-02-14T11:47:06.935+0000] {logging_mixin.py:188} INFO - [2025-02-14T11:47:06.935+0000] {dag.py:3047} INFO - Sync 1 DAGs
[2025-02-14T11:47:06.947+0000] {logging_mixin.py:188} INFO - [2025-02-14T11:47:06.947+0000] {dag.py:3834} INFO - Setting next_dagrun for load_bigquery to None, run_after=None
[2025-02-14T11:47:06.964+0000] {processor.py:183} INFO - Processing /opt/airflow/dags/load-bigquery.py took 0.070 seconds
[2025-02-14T11:47:37.338+0000] {processor.py:161} INFO - Started process (PID=1578) to work on /opt/airflow/dags/load-bigquery.py
[2025-02-14T11:47:37.339+0000] {processor.py:830} INFO - Processing file /opt/airflow/dags/load-bigquery.py for tasks to queue
[2025-02-14T11:47:37.340+0000] {logging_mixin.py:188} INFO - [2025-02-14T11:47:37.339+0000] {dagbag.py:540} INFO - Filling up the DagBag from /opt/airflow/dags/load-bigquery.py
[2025-02-14T11:47:37.354+0000] {processor.py:840} INFO - DAG(s) 'load_bigquery' retrieved from /opt/airflow/dags/load-bigquery.py
[2025-02-14T11:47:37.376+0000] {logging_mixin.py:188} INFO - [2025-02-14T11:47:37.376+0000] {dag.py:3047} INFO - Sync 1 DAGs
[2025-02-14T11:47:37.387+0000] {logging_mixin.py:188} INFO - [2025-02-14T11:47:37.386+0000] {dag.py:3834} INFO - Setting next_dagrun for load_bigquery to None, run_after=None
[2025-02-14T11:47:37.408+0000] {processor.py:183} INFO - Processing /opt/airflow/dags/load-bigquery.py took 0.073 seconds
[2025-02-14T11:48:07.660+0000] {processor.py:161} INFO - Started process (PID=1598) to work on /opt/airflow/dags/load-bigquery.py
[2025-02-14T11:48:07.661+0000] {processor.py:830} INFO - Processing file /opt/airflow/dags/load-bigquery.py for tasks to queue
[2025-02-14T11:48:07.662+0000] {logging_mixin.py:188} INFO - [2025-02-14T11:48:07.661+0000] {dagbag.py:540} INFO - Filling up the DagBag from /opt/airflow/dags/load-bigquery.py
[2025-02-14T11:48:07.677+0000] {processor.py:840} INFO - DAG(s) 'load_bigquery' retrieved from /opt/airflow/dags/load-bigquery.py
[2025-02-14T11:48:07.700+0000] {logging_mixin.py:188} INFO - [2025-02-14T11:48:07.700+0000] {dag.py:3047} INFO - Sync 1 DAGs
[2025-02-14T11:48:07.710+0000] {logging_mixin.py:188} INFO - [2025-02-14T11:48:07.710+0000] {dag.py:3834} INFO - Setting next_dagrun for load_bigquery to None, run_after=None
[2025-02-14T11:48:07.733+0000] {processor.py:183} INFO - Processing /opt/airflow/dags/load-bigquery.py took 0.076 seconds
[2025-02-14T11:48:38.057+0000] {processor.py:161} INFO - Started process (PID=1618) to work on /opt/airflow/dags/load-bigquery.py
[2025-02-14T11:48:38.058+0000] {processor.py:830} INFO - Processing file /opt/airflow/dags/load-bigquery.py for tasks to queue
[2025-02-14T11:48:38.059+0000] {logging_mixin.py:188} INFO - [2025-02-14T11:48:38.059+0000] {dagbag.py:540} INFO - Filling up the DagBag from /opt/airflow/dags/load-bigquery.py
[2025-02-14T11:48:38.073+0000] {processor.py:840} INFO - DAG(s) 'load_bigquery' retrieved from /opt/airflow/dags/load-bigquery.py
[2025-02-14T11:48:38.093+0000] {logging_mixin.py:188} INFO - [2025-02-14T11:48:38.093+0000] {dag.py:3047} INFO - Sync 1 DAGs
[2025-02-14T11:48:38.104+0000] {logging_mixin.py:188} INFO - [2025-02-14T11:48:38.104+0000] {dag.py:3834} INFO - Setting next_dagrun for load_bigquery to None, run_after=None
[2025-02-14T11:48:38.121+0000] {processor.py:183} INFO - Processing /opt/airflow/dags/load-bigquery.py took 0.066 seconds
[2025-02-14T11:49:08.455+0000] {processor.py:161} INFO - Started process (PID=1638) to work on /opt/airflow/dags/load-bigquery.py
[2025-02-14T11:49:08.456+0000] {processor.py:830} INFO - Processing file /opt/airflow/dags/load-bigquery.py for tasks to queue
[2025-02-14T11:49:08.457+0000] {logging_mixin.py:188} INFO - [2025-02-14T11:49:08.456+0000] {dagbag.py:540} INFO - Filling up the DagBag from /opt/airflow/dags/load-bigquery.py
[2025-02-14T11:49:08.470+0000] {processor.py:840} INFO - DAG(s) 'load_bigquery' retrieved from /opt/airflow/dags/load-bigquery.py
[2025-02-14T11:49:08.492+0000] {logging_mixin.py:188} INFO - [2025-02-14T11:49:08.492+0000] {dag.py:3047} INFO - Sync 1 DAGs
[2025-02-14T11:49:08.503+0000] {logging_mixin.py:188} INFO - [2025-02-14T11:49:08.502+0000] {dag.py:3834} INFO - Setting next_dagrun for load_bigquery to None, run_after=None
[2025-02-14T11:49:08.525+0000] {processor.py:183} INFO - Processing /opt/airflow/dags/load-bigquery.py took 0.073 seconds
[2025-02-14T11:49:38.777+0000] {processor.py:161} INFO - Started process (PID=1658) to work on /opt/airflow/dags/load-bigquery.py
[2025-02-14T11:49:38.778+0000] {processor.py:830} INFO - Processing file /opt/airflow/dags/load-bigquery.py for tasks to queue
[2025-02-14T11:49:38.779+0000] {logging_mixin.py:188} INFO - [2025-02-14T11:49:38.779+0000] {dagbag.py:540} INFO - Filling up the DagBag from /opt/airflow/dags/load-bigquery.py
[2025-02-14T11:49:38.794+0000] {processor.py:840} INFO - DAG(s) 'load_bigquery' retrieved from /opt/airflow/dags/load-bigquery.py
[2025-02-14T11:49:38.816+0000] {logging_mixin.py:188} INFO - [2025-02-14T11:49:38.816+0000] {dag.py:3047} INFO - Sync 1 DAGs
[2025-02-14T11:49:38.828+0000] {logging_mixin.py:188} INFO - [2025-02-14T11:49:38.827+0000] {dag.py:3834} INFO - Setting next_dagrun for load_bigquery to None, run_after=None
[2025-02-14T11:49:38.849+0000] {processor.py:183} INFO - Processing /opt/airflow/dags/load-bigquery.py took 0.075 seconds
[2025-02-14T11:50:09.196+0000] {processor.py:161} INFO - Started process (PID=1678) to work on /opt/airflow/dags/load-bigquery.py
[2025-02-14T11:50:09.198+0000] {processor.py:830} INFO - Processing file /opt/airflow/dags/load-bigquery.py for tasks to queue
[2025-02-14T11:50:09.198+0000] {logging_mixin.py:188} INFO - [2025-02-14T11:50:09.198+0000] {dagbag.py:540} INFO - Filling up the DagBag from /opt/airflow/dags/load-bigquery.py
[2025-02-14T11:50:09.215+0000] {processor.py:840} INFO - DAG(s) 'load_bigquery' retrieved from /opt/airflow/dags/load-bigquery.py
[2025-02-14T11:50:09.239+0000] {logging_mixin.py:188} INFO - [2025-02-14T11:50:09.239+0000] {dag.py:3047} INFO - Sync 1 DAGs
[2025-02-14T11:50:09.250+0000] {logging_mixin.py:188} INFO - [2025-02-14T11:50:09.250+0000] {dag.py:3834} INFO - Setting next_dagrun for load_bigquery to None, run_after=None
[2025-02-14T11:50:09.270+0000] {processor.py:183} INFO - Processing /opt/airflow/dags/load-bigquery.py took 0.076 seconds
[2025-02-14T11:50:39.605+0000] {processor.py:161} INFO - Started process (PID=1698) to work on /opt/airflow/dags/load-bigquery.py
[2025-02-14T11:50:39.606+0000] {processor.py:830} INFO - Processing file /opt/airflow/dags/load-bigquery.py for tasks to queue
[2025-02-14T11:50:39.606+0000] {logging_mixin.py:188} INFO - [2025-02-14T11:50:39.606+0000] {dagbag.py:540} INFO - Filling up the DagBag from /opt/airflow/dags/load-bigquery.py
[2025-02-14T11:50:39.621+0000] {processor.py:840} INFO - DAG(s) 'load_bigquery' retrieved from /opt/airflow/dags/load-bigquery.py
[2025-02-14T11:50:39.642+0000] {logging_mixin.py:188} INFO - [2025-02-14T11:50:39.642+0000] {dag.py:3047} INFO - Sync 1 DAGs
[2025-02-14T11:50:39.653+0000] {logging_mixin.py:188} INFO - [2025-02-14T11:50:39.653+0000] {dag.py:3834} INFO - Setting next_dagrun for load_bigquery to None, run_after=None
[2025-02-14T11:50:39.676+0000] {processor.py:183} INFO - Processing /opt/airflow/dags/load-bigquery.py took 0.074 seconds
[2025-02-14T11:51:09.922+0000] {processor.py:161} INFO - Started process (PID=1718) to work on /opt/airflow/dags/load-bigquery.py
[2025-02-14T11:51:09.923+0000] {processor.py:830} INFO - Processing file /opt/airflow/dags/load-bigquery.py for tasks to queue
[2025-02-14T11:51:09.923+0000] {logging_mixin.py:188} INFO - [2025-02-14T11:51:09.923+0000] {dagbag.py:540} INFO - Filling up the DagBag from /opt/airflow/dags/load-bigquery.py
[2025-02-14T11:51:09.938+0000] {processor.py:840} INFO - DAG(s) 'load_bigquery' retrieved from /opt/airflow/dags/load-bigquery.py
[2025-02-14T11:51:09.960+0000] {logging_mixin.py:188} INFO - [2025-02-14T11:51:09.959+0000] {dag.py:3047} INFO - Sync 1 DAGs
[2025-02-14T11:51:09.970+0000] {logging_mixin.py:188} INFO - [2025-02-14T11:51:09.969+0000] {dag.py:3834} INFO - Setting next_dagrun for load_bigquery to None, run_after=None
[2025-02-14T11:51:09.992+0000] {processor.py:183} INFO - Processing /opt/airflow/dags/load-bigquery.py took 0.072 seconds
[2025-02-14T11:51:40.243+0000] {processor.py:161} INFO - Started process (PID=1738) to work on /opt/airflow/dags/load-bigquery.py
[2025-02-14T11:51:40.244+0000] {processor.py:830} INFO - Processing file /opt/airflow/dags/load-bigquery.py for tasks to queue
[2025-02-14T11:51:40.245+0000] {logging_mixin.py:188} INFO - [2025-02-14T11:51:40.245+0000] {dagbag.py:540} INFO - Filling up the DagBag from /opt/airflow/dags/load-bigquery.py
[2025-02-14T11:51:40.259+0000] {processor.py:840} INFO - DAG(s) 'load_bigquery' retrieved from /opt/airflow/dags/load-bigquery.py
[2025-02-14T11:51:40.281+0000] {logging_mixin.py:188} INFO - [2025-02-14T11:51:40.281+0000] {dag.py:3047} INFO - Sync 1 DAGs
[2025-02-14T11:51:40.292+0000] {logging_mixin.py:188} INFO - [2025-02-14T11:51:40.292+0000] {dag.py:3834} INFO - Setting next_dagrun for load_bigquery to None, run_after=None
[2025-02-14T11:51:40.308+0000] {processor.py:183} INFO - Processing /opt/airflow/dags/load-bigquery.py took 0.067 seconds
[2025-02-14T11:52:10.639+0000] {processor.py:161} INFO - Started process (PID=1758) to work on /opt/airflow/dags/load-bigquery.py
[2025-02-14T11:52:10.640+0000] {processor.py:830} INFO - Processing file /opt/airflow/dags/load-bigquery.py for tasks to queue
[2025-02-14T11:52:10.641+0000] {logging_mixin.py:188} INFO - [2025-02-14T11:52:10.640+0000] {dagbag.py:540} INFO - Filling up the DagBag from /opt/airflow/dags/load-bigquery.py
[2025-02-14T11:52:10.655+0000] {processor.py:840} INFO - DAG(s) 'load_bigquery' retrieved from /opt/airflow/dags/load-bigquery.py
[2025-02-14T11:52:10.678+0000] {logging_mixin.py:188} INFO - [2025-02-14T11:52:10.678+0000] {dag.py:3047} INFO - Sync 1 DAGs
[2025-02-14T11:52:10.689+0000] {logging_mixin.py:188} INFO - [2025-02-14T11:52:10.689+0000] {dag.py:3834} INFO - Setting next_dagrun for load_bigquery to None, run_after=None
[2025-02-14T11:52:10.713+0000] {processor.py:183} INFO - Processing /opt/airflow/dags/load-bigquery.py took 0.077 seconds
[2025-02-14T11:52:41.093+0000] {processor.py:161} INFO - Started process (PID=1778) to work on /opt/airflow/dags/load-bigquery.py
[2025-02-14T11:52:41.094+0000] {processor.py:830} INFO - Processing file /opt/airflow/dags/load-bigquery.py for tasks to queue
[2025-02-14T11:52:41.094+0000] {logging_mixin.py:188} INFO - [2025-02-14T11:52:41.094+0000] {dagbag.py:540} INFO - Filling up the DagBag from /opt/airflow/dags/load-bigquery.py
[2025-02-14T11:52:41.108+0000] {processor.py:840} INFO - DAG(s) 'load_bigquery' retrieved from /opt/airflow/dags/load-bigquery.py
[2025-02-14T11:52:41.130+0000] {logging_mixin.py:188} INFO - [2025-02-14T11:52:41.129+0000] {dag.py:3047} INFO - Sync 1 DAGs
[2025-02-14T11:52:41.140+0000] {logging_mixin.py:188} INFO - [2025-02-14T11:52:41.140+0000] {dag.py:3834} INFO - Setting next_dagrun for load_bigquery to None, run_after=None
[2025-02-14T11:52:41.156+0000] {processor.py:183} INFO - Processing /opt/airflow/dags/load-bigquery.py took 0.066 seconds
[2025-02-14T11:53:11.487+0000] {processor.py:161} INFO - Started process (PID=1798) to work on /opt/airflow/dags/load-bigquery.py
[2025-02-14T11:53:11.489+0000] {processor.py:830} INFO - Processing file /opt/airflow/dags/load-bigquery.py for tasks to queue
[2025-02-14T11:53:11.490+0000] {logging_mixin.py:188} INFO - [2025-02-14T11:53:11.490+0000] {dagbag.py:540} INFO - Filling up the DagBag from /opt/airflow/dags/load-bigquery.py
[2025-02-14T11:53:11.516+0000] {processor.py:840} INFO - DAG(s) 'load_bigquery' retrieved from /opt/airflow/dags/load-bigquery.py
[2025-02-14T11:53:11.563+0000] {logging_mixin.py:188} INFO - [2025-02-14T11:53:11.563+0000] {dag.py:3047} INFO - Sync 1 DAGs
[2025-02-14T11:53:11.580+0000] {logging_mixin.py:188} INFO - [2025-02-14T11:53:11.580+0000] {dag.py:3834} INFO - Setting next_dagrun for load_bigquery to None, run_after=None
[2025-02-14T11:53:11.600+0000] {processor.py:183} INFO - Processing /opt/airflow/dags/load-bigquery.py took 0.121 seconds
[2025-02-14T11:53:41.945+0000] {processor.py:161} INFO - Started process (PID=1818) to work on /opt/airflow/dags/load-bigquery.py
[2025-02-14T11:53:41.946+0000] {processor.py:830} INFO - Processing file /opt/airflow/dags/load-bigquery.py for tasks to queue
[2025-02-14T11:53:41.947+0000] {logging_mixin.py:188} INFO - [2025-02-14T11:53:41.946+0000] {dagbag.py:540} INFO - Filling up the DagBag from /opt/airflow/dags/load-bigquery.py
[2025-02-14T11:53:41.961+0000] {processor.py:840} INFO - DAG(s) 'load_bigquery' retrieved from /opt/airflow/dags/load-bigquery.py
[2025-02-14T11:53:41.987+0000] {logging_mixin.py:188} INFO - [2025-02-14T11:53:41.987+0000] {dag.py:3047} INFO - Sync 1 DAGs
[2025-02-14T11:53:41.999+0000] {logging_mixin.py:188} INFO - [2025-02-14T11:53:41.998+0000] {dag.py:3834} INFO - Setting next_dagrun for load_bigquery to None, run_after=None
[2025-02-14T11:53:42.020+0000] {processor.py:183} INFO - Processing /opt/airflow/dags/load-bigquery.py took 0.078 seconds
[2025-02-14T11:54:12.347+0000] {processor.py:161} INFO - Started process (PID=1838) to work on /opt/airflow/dags/load-bigquery.py
[2025-02-14T11:54:12.348+0000] {processor.py:830} INFO - Processing file /opt/airflow/dags/load-bigquery.py for tasks to queue
[2025-02-14T11:54:12.349+0000] {logging_mixin.py:188} INFO - [2025-02-14T11:54:12.348+0000] {dagbag.py:540} INFO - Filling up the DagBag from /opt/airflow/dags/load-bigquery.py
[2025-02-14T11:54:12.363+0000] {processor.py:840} INFO - DAG(s) 'load_bigquery' retrieved from /opt/airflow/dags/load-bigquery.py
[2025-02-14T11:54:12.385+0000] {logging_mixin.py:188} INFO - [2025-02-14T11:54:12.384+0000] {dag.py:3047} INFO - Sync 1 DAGs
[2025-02-14T11:54:12.399+0000] {logging_mixin.py:188} INFO - [2025-02-14T11:54:12.399+0000] {dag.py:3834} INFO - Setting next_dagrun for load_bigquery to None, run_after=None
[2025-02-14T11:54:12.419+0000] {processor.py:183} INFO - Processing /opt/airflow/dags/load-bigquery.py took 0.075 seconds
[2025-02-14T11:54:42.743+0000] {processor.py:161} INFO - Started process (PID=1858) to work on /opt/airflow/dags/load-bigquery.py
[2025-02-14T11:54:42.744+0000] {processor.py:830} INFO - Processing file /opt/airflow/dags/load-bigquery.py for tasks to queue
[2025-02-14T11:54:42.745+0000] {logging_mixin.py:188} INFO - [2025-02-14T11:54:42.745+0000] {dagbag.py:540} INFO - Filling up the DagBag from /opt/airflow/dags/load-bigquery.py
[2025-02-14T11:54:42.758+0000] {processor.py:840} INFO - DAG(s) 'load_bigquery' retrieved from /opt/airflow/dags/load-bigquery.py
[2025-02-14T11:54:42.782+0000] {logging_mixin.py:188} INFO - [2025-02-14T11:54:42.781+0000] {dag.py:3047} INFO - Sync 1 DAGs
[2025-02-14T11:54:42.792+0000] {logging_mixin.py:188} INFO - [2025-02-14T11:54:42.792+0000] {dag.py:3834} INFO - Setting next_dagrun for load_bigquery to None, run_after=None
[2025-02-14T11:54:42.809+0000] {processor.py:183} INFO - Processing /opt/airflow/dags/load-bigquery.py took 0.068 seconds
[2025-02-14T11:55:13.136+0000] {processor.py:161} INFO - Started process (PID=1878) to work on /opt/airflow/dags/load-bigquery.py
[2025-02-14T11:55:13.137+0000] {processor.py:830} INFO - Processing file /opt/airflow/dags/load-bigquery.py for tasks to queue
[2025-02-14T11:55:13.138+0000] {logging_mixin.py:188} INFO - [2025-02-14T11:55:13.137+0000] {dagbag.py:540} INFO - Filling up the DagBag from /opt/airflow/dags/load-bigquery.py
[2025-02-14T11:55:13.152+0000] {processor.py:840} INFO - DAG(s) 'load_bigquery' retrieved from /opt/airflow/dags/load-bigquery.py
[2025-02-14T11:55:13.173+0000] {logging_mixin.py:188} INFO - [2025-02-14T11:55:13.173+0000] {dag.py:3047} INFO - Sync 1 DAGs
[2025-02-14T11:55:13.185+0000] {logging_mixin.py:188} INFO - [2025-02-14T11:55:13.185+0000] {dag.py:3834} INFO - Setting next_dagrun for load_bigquery to None, run_after=None
[2025-02-14T11:55:13.204+0000] {processor.py:183} INFO - Processing /opt/airflow/dags/load-bigquery.py took 0.071 seconds
[2025-02-14T11:55:43.530+0000] {processor.py:161} INFO - Started process (PID=1898) to work on /opt/airflow/dags/load-bigquery.py
[2025-02-14T11:55:43.531+0000] {processor.py:830} INFO - Processing file /opt/airflow/dags/load-bigquery.py for tasks to queue
[2025-02-14T11:55:43.531+0000] {logging_mixin.py:188} INFO - [2025-02-14T11:55:43.531+0000] {dagbag.py:540} INFO - Filling up the DagBag from /opt/airflow/dags/load-bigquery.py
[2025-02-14T11:55:43.545+0000] {processor.py:840} INFO - DAG(s) 'load_bigquery' retrieved from /opt/airflow/dags/load-bigquery.py
[2025-02-14T11:55:43.568+0000] {logging_mixin.py:188} INFO - [2025-02-14T11:55:43.567+0000] {dag.py:3047} INFO - Sync 1 DAGs
[2025-02-14T11:55:43.579+0000] {logging_mixin.py:188} INFO - [2025-02-14T11:55:43.579+0000] {dag.py:3834} INFO - Setting next_dagrun for load_bigquery to None, run_after=None
[2025-02-14T11:55:43.603+0000] {processor.py:183} INFO - Processing /opt/airflow/dags/load-bigquery.py took 0.076 seconds
[2025-02-14T11:59:07.591+0000] {processor.py:161} INFO - Started process (PID=168) to work on /opt/airflow/dags/load-bigquery.py
[2025-02-14T11:59:07.592+0000] {processor.py:830} INFO - Processing file /opt/airflow/dags/load-bigquery.py for tasks to queue
[2025-02-14T11:59:07.593+0000] {logging_mixin.py:188} INFO - [2025-02-14T11:59:07.593+0000] {dagbag.py:540} INFO - Filling up the DagBag from /opt/airflow/dags/load-bigquery.py
[2025-02-14T11:59:07.610+0000] {processor.py:840} INFO - DAG(s) 'load_bigquery' retrieved from /opt/airflow/dags/load-bigquery.py
[2025-02-14T11:59:07.632+0000] {logging_mixin.py:188} INFO - [2025-02-14T11:59:07.631+0000] {dag.py:3047} INFO - Sync 1 DAGs
[2025-02-14T11:59:07.643+0000] {logging_mixin.py:188} INFO - [2025-02-14T11:59:07.643+0000] {dag.py:3834} INFO - Setting next_dagrun for load_bigquery to None, run_after=None
[2025-02-14T11:59:07.659+0000] {processor.py:183} INFO - Processing /opt/airflow/dags/load-bigquery.py took 0.071 seconds
[2025-02-14T11:59:37.966+0000] {processor.py:161} INFO - Started process (PID=188) to work on /opt/airflow/dags/load-bigquery.py
[2025-02-14T11:59:37.966+0000] {processor.py:830} INFO - Processing file /opt/airflow/dags/load-bigquery.py for tasks to queue
[2025-02-14T11:59:37.967+0000] {logging_mixin.py:188} INFO - [2025-02-14T11:59:37.967+0000] {dagbag.py:540} INFO - Filling up the DagBag from /opt/airflow/dags/load-bigquery.py
[2025-02-14T11:59:37.980+0000] {processor.py:840} INFO - DAG(s) 'load_bigquery' retrieved from /opt/airflow/dags/load-bigquery.py
[2025-02-14T11:59:38.111+0000] {logging_mixin.py:188} INFO - [2025-02-14T11:59:38.111+0000] {dag.py:3047} INFO - Sync 1 DAGs
[2025-02-14T11:59:38.121+0000] {logging_mixin.py:188} INFO - [2025-02-14T11:59:38.121+0000] {dag.py:3834} INFO - Setting next_dagrun for load_bigquery to None, run_after=None
[2025-02-14T11:59:38.137+0000] {processor.py:183} INFO - Processing /opt/airflow/dags/load-bigquery.py took 0.174 seconds
[2025-02-14T12:00:08.384+0000] {processor.py:161} INFO - Started process (PID=208) to work on /opt/airflow/dags/load-bigquery.py
[2025-02-14T12:00:08.386+0000] {processor.py:830} INFO - Processing file /opt/airflow/dags/load-bigquery.py for tasks to queue
[2025-02-14T12:00:08.387+0000] {logging_mixin.py:188} INFO - [2025-02-14T12:00:08.386+0000] {dagbag.py:540} INFO - Filling up the DagBag from /opt/airflow/dags/load-bigquery.py
[2025-02-14T12:00:08.404+0000] {processor.py:840} INFO - DAG(s) 'load_bigquery' retrieved from /opt/airflow/dags/load-bigquery.py
[2025-02-14T12:00:08.433+0000] {logging_mixin.py:188} INFO - [2025-02-14T12:00:08.433+0000] {dag.py:3047} INFO - Sync 1 DAGs
[2025-02-14T12:00:08.446+0000] {logging_mixin.py:188} INFO - [2025-02-14T12:00:08.446+0000] {dag.py:3834} INFO - Setting next_dagrun for load_bigquery to None, run_after=None
[2025-02-14T12:00:08.470+0000] {processor.py:183} INFO - Processing /opt/airflow/dags/load-bigquery.py took 0.089 seconds
[2025-02-14T12:00:38.716+0000] {processor.py:161} INFO - Started process (PID=228) to work on /opt/airflow/dags/load-bigquery.py
[2025-02-14T12:00:38.717+0000] {processor.py:830} INFO - Processing file /opt/airflow/dags/load-bigquery.py for tasks to queue
[2025-02-14T12:00:38.717+0000] {logging_mixin.py:188} INFO - [2025-02-14T12:00:38.717+0000] {dagbag.py:540} INFO - Filling up the DagBag from /opt/airflow/dags/load-bigquery.py
[2025-02-14T12:00:38.733+0000] {processor.py:840} INFO - DAG(s) 'load_bigquery' retrieved from /opt/airflow/dags/load-bigquery.py
[2025-02-14T12:00:38.755+0000] {logging_mixin.py:188} INFO - [2025-02-14T12:00:38.755+0000] {dag.py:3047} INFO - Sync 1 DAGs
[2025-02-14T12:00:38.766+0000] {logging_mixin.py:188} INFO - [2025-02-14T12:00:38.766+0000] {dag.py:3834} INFO - Setting next_dagrun for load_bigquery to None, run_after=None
[2025-02-14T12:00:38.782+0000] {processor.py:183} INFO - Processing /opt/airflow/dags/load-bigquery.py took 0.069 seconds
[2025-02-14T12:11:45.120+0000] {processor.py:161} INFO - Started process (PID=168) to work on /opt/airflow/dags/load-bigquery.py
[2025-02-14T12:11:45.122+0000] {processor.py:830} INFO - Processing file /opt/airflow/dags/load-bigquery.py for tasks to queue
[2025-02-14T12:11:45.124+0000] {logging_mixin.py:188} INFO - [2025-02-14T12:11:45.124+0000] {dagbag.py:540} INFO - Filling up the DagBag from /opt/airflow/dags/load-bigquery.py
[2025-02-14T12:11:45.184+0000] {processor.py:840} INFO - DAG(s) 'load_bigquery' retrieved from /opt/airflow/dags/load-bigquery.py
[2025-02-14T12:11:45.232+0000] {logging_mixin.py:188} INFO - [2025-02-14T12:11:45.232+0000] {dag.py:3047} INFO - Sync 1 DAGs
[2025-02-14T12:11:45.257+0000] {logging_mixin.py:188} INFO - [2025-02-14T12:11:45.256+0000] {dag.py:3834} INFO - Setting next_dagrun for load_bigquery to None, run_after=None
[2025-02-14T12:11:45.298+0000] {processor.py:183} INFO - Processing /opt/airflow/dags/load-bigquery.py took 0.185 seconds
[2025-02-14T12:12:16.047+0000] {processor.py:161} INFO - Started process (PID=188) to work on /opt/airflow/dags/load-bigquery.py
[2025-02-14T12:12:16.051+0000] {processor.py:830} INFO - Processing file /opt/airflow/dags/load-bigquery.py for tasks to queue
[2025-02-14T12:12:16.053+0000] {logging_mixin.py:188} INFO - [2025-02-14T12:12:16.053+0000] {dagbag.py:540} INFO - Filling up the DagBag from /opt/airflow/dags/load-bigquery.py
[2025-02-14T12:12:16.096+0000] {processor.py:840} INFO - DAG(s) 'load_bigquery' retrieved from /opt/airflow/dags/load-bigquery.py
[2025-02-14T12:12:16.427+0000] {logging_mixin.py:188} INFO - [2025-02-14T12:12:16.427+0000] {dag.py:3047} INFO - Sync 1 DAGs
[2025-02-14T12:12:16.448+0000] {logging_mixin.py:188} INFO - [2025-02-14T12:12:16.447+0000] {dag.py:3834} INFO - Setting next_dagrun for load_bigquery to None, run_after=None
[2025-02-14T12:12:16.488+0000] {processor.py:183} INFO - Processing /opt/airflow/dags/load-bigquery.py took 0.449 seconds
[2025-02-14T12:12:46.847+0000] {processor.py:161} INFO - Started process (PID=208) to work on /opt/airflow/dags/load-bigquery.py
[2025-02-14T12:12:46.850+0000] {processor.py:830} INFO - Processing file /opt/airflow/dags/load-bigquery.py for tasks to queue
[2025-02-14T12:12:46.852+0000] {logging_mixin.py:188} INFO - [2025-02-14T12:12:46.851+0000] {dagbag.py:540} INFO - Filling up the DagBag from /opt/airflow/dags/load-bigquery.py
[2025-02-14T12:12:46.897+0000] {processor.py:840} INFO - DAG(s) 'load_bigquery' retrieved from /opt/airflow/dags/load-bigquery.py
[2025-02-14T12:12:46.960+0000] {logging_mixin.py:188} INFO - [2025-02-14T12:12:46.960+0000] {dag.py:3047} INFO - Sync 1 DAGs
[2025-02-14T12:12:46.990+0000] {logging_mixin.py:188} INFO - [2025-02-14T12:12:46.989+0000] {dag.py:3834} INFO - Setting next_dagrun for load_bigquery to None, run_after=None
[2025-02-14T12:12:47.038+0000] {processor.py:183} INFO - Processing /opt/airflow/dags/load-bigquery.py took 0.200 seconds
[2025-02-14T12:13:17.902+0000] {processor.py:161} INFO - Started process (PID=228) to work on /opt/airflow/dags/load-bigquery.py
[2025-02-14T12:13:17.905+0000] {processor.py:830} INFO - Processing file /opt/airflow/dags/load-bigquery.py for tasks to queue
[2025-02-14T12:13:17.908+0000] {logging_mixin.py:188} INFO - [2025-02-14T12:13:17.907+0000] {dagbag.py:540} INFO - Filling up the DagBag from /opt/airflow/dags/load-bigquery.py
[2025-02-14T12:13:17.957+0000] {processor.py:840} INFO - DAG(s) 'load_bigquery' retrieved from /opt/airflow/dags/load-bigquery.py
[2025-02-14T12:13:18.009+0000] {logging_mixin.py:188} INFO - [2025-02-14T12:13:18.009+0000] {dag.py:3047} INFO - Sync 1 DAGs
[2025-02-14T12:13:18.036+0000] {logging_mixin.py:188} INFO - [2025-02-14T12:13:18.035+0000] {dag.py:3834} INFO - Setting next_dagrun for load_bigquery to None, run_after=None
[2025-02-14T12:13:18.084+0000] {processor.py:183} INFO - Processing /opt/airflow/dags/load-bigquery.py took 0.190 seconds
[2025-02-14T12:13:48.942+0000] {processor.py:161} INFO - Started process (PID=248) to work on /opt/airflow/dags/load-bigquery.py
[2025-02-14T12:13:48.945+0000] {processor.py:830} INFO - Processing file /opt/airflow/dags/load-bigquery.py for tasks to queue
[2025-02-14T12:13:48.947+0000] {logging_mixin.py:188} INFO - [2025-02-14T12:13:48.947+0000] {dagbag.py:540} INFO - Filling up the DagBag from /opt/airflow/dags/load-bigquery.py
[2025-02-14T12:13:48.992+0000] {processor.py:840} INFO - DAG(s) 'load_bigquery' retrieved from /opt/airflow/dags/load-bigquery.py
[2025-02-14T12:13:49.049+0000] {logging_mixin.py:188} INFO - [2025-02-14T12:13:49.048+0000] {dag.py:3047} INFO - Sync 1 DAGs
[2025-02-14T12:13:49.073+0000] {logging_mixin.py:188} INFO - [2025-02-14T12:13:49.073+0000] {dag.py:3834} INFO - Setting next_dagrun for load_bigquery to None, run_after=None
[2025-02-14T12:13:49.119+0000] {processor.py:183} INFO - Processing /opt/airflow/dags/load-bigquery.py took 0.185 seconds
[2025-02-14T12:14:19.935+0000] {processor.py:161} INFO - Started process (PID=338) to work on /opt/airflow/dags/load-bigquery.py
[2025-02-14T12:14:19.939+0000] {processor.py:830} INFO - Processing file /opt/airflow/dags/load-bigquery.py for tasks to queue
[2025-02-14T12:14:19.944+0000] {logging_mixin.py:188} INFO - [2025-02-14T12:14:19.942+0000] {dagbag.py:540} INFO - Filling up the DagBag from /opt/airflow/dags/load-bigquery.py
[2025-02-14T12:14:20.003+0000] {processor.py:840} INFO - DAG(s) 'load_bigquery' retrieved from /opt/airflow/dags/load-bigquery.py
[2025-02-14T12:14:20.081+0000] {logging_mixin.py:188} INFO - [2025-02-14T12:14:20.080+0000] {dag.py:3047} INFO - Sync 1 DAGs
[2025-02-14T12:14:20.122+0000] {logging_mixin.py:188} INFO - [2025-02-14T12:14:20.121+0000] {dag.py:3834} INFO - Setting next_dagrun for load_bigquery to None, run_after=None
[2025-02-14T12:14:20.189+0000] {processor.py:183} INFO - Processing /opt/airflow/dags/load-bigquery.py took 0.270 seconds
[2025-02-14T12:14:51.071+0000] {processor.py:161} INFO - Started process (PID=358) to work on /opt/airflow/dags/load-bigquery.py
[2025-02-14T12:14:51.073+0000] {processor.py:830} INFO - Processing file /opt/airflow/dags/load-bigquery.py for tasks to queue
[2025-02-14T12:14:51.075+0000] {logging_mixin.py:188} INFO - [2025-02-14T12:14:51.075+0000] {dagbag.py:540} INFO - Filling up the DagBag from /opt/airflow/dags/load-bigquery.py
[2025-02-14T12:14:51.117+0000] {processor.py:840} INFO - DAG(s) 'load_bigquery' retrieved from /opt/airflow/dags/load-bigquery.py
[2025-02-14T12:14:51.178+0000] {logging_mixin.py:188} INFO - [2025-02-14T12:14:51.177+0000] {dag.py:3047} INFO - Sync 1 DAGs
[2025-02-14T12:14:51.210+0000] {logging_mixin.py:188} INFO - [2025-02-14T12:14:51.209+0000] {dag.py:3834} INFO - Setting next_dagrun for load_bigquery to None, run_after=None
[2025-02-14T12:14:51.265+0000] {processor.py:183} INFO - Processing /opt/airflow/dags/load-bigquery.py took 0.203 seconds
[2025-02-14T12:15:22.059+0000] {processor.py:161} INFO - Started process (PID=378) to work on /opt/airflow/dags/load-bigquery.py
[2025-02-14T12:15:22.062+0000] {processor.py:830} INFO - Processing file /opt/airflow/dags/load-bigquery.py for tasks to queue
[2025-02-14T12:15:22.064+0000] {logging_mixin.py:188} INFO - [2025-02-14T12:15:22.063+0000] {dagbag.py:540} INFO - Filling up the DagBag from /opt/airflow/dags/load-bigquery.py
[2025-02-14T12:15:22.106+0000] {processor.py:840} INFO - DAG(s) 'load_bigquery' retrieved from /opt/airflow/dags/load-bigquery.py
[2025-02-14T12:15:22.168+0000] {logging_mixin.py:188} INFO - [2025-02-14T12:15:22.167+0000] {dag.py:3047} INFO - Sync 1 DAGs
[2025-02-14T12:15:22.199+0000] {logging_mixin.py:188} INFO - [2025-02-14T12:15:22.199+0000] {dag.py:3834} INFO - Setting next_dagrun for load_bigquery to None, run_after=None
[2025-02-14T12:15:22.246+0000] {processor.py:183} INFO - Processing /opt/airflow/dags/load-bigquery.py took 0.193 seconds
[2025-02-14T12:15:53.018+0000] {processor.py:161} INFO - Started process (PID=398) to work on /opt/airflow/dags/load-bigquery.py
[2025-02-14T12:15:53.020+0000] {processor.py:830} INFO - Processing file /opt/airflow/dags/load-bigquery.py for tasks to queue
[2025-02-14T12:15:53.023+0000] {logging_mixin.py:188} INFO - [2025-02-14T12:15:53.022+0000] {dagbag.py:540} INFO - Filling up the DagBag from /opt/airflow/dags/load-bigquery.py
[2025-02-14T12:15:53.070+0000] {processor.py:840} INFO - DAG(s) 'load_bigquery' retrieved from /opt/airflow/dags/load-bigquery.py
[2025-02-14T12:15:53.127+0000] {logging_mixin.py:188} INFO - [2025-02-14T12:15:53.127+0000] {dag.py:3047} INFO - Sync 1 DAGs
[2025-02-14T12:15:53.156+0000] {logging_mixin.py:188} INFO - [2025-02-14T12:15:53.156+0000] {dag.py:3834} INFO - Setting next_dagrun for load_bigquery to None, run_after=None
[2025-02-14T12:15:53.204+0000] {processor.py:183} INFO - Processing /opt/airflow/dags/load-bigquery.py took 0.194 seconds
[2025-02-14T12:16:23.964+0000] {processor.py:161} INFO - Started process (PID=418) to work on /opt/airflow/dags/load-bigquery.py
[2025-02-14T12:16:23.966+0000] {processor.py:830} INFO - Processing file /opt/airflow/dags/load-bigquery.py for tasks to queue
[2025-02-14T12:16:23.968+0000] {logging_mixin.py:188} INFO - [2025-02-14T12:16:23.968+0000] {dagbag.py:540} INFO - Filling up the DagBag from /opt/airflow/dags/load-bigquery.py
[2025-02-14T12:16:24.018+0000] {processor.py:840} INFO - DAG(s) 'load_bigquery' retrieved from /opt/airflow/dags/load-bigquery.py
[2025-02-14T12:16:24.073+0000] {logging_mixin.py:188} INFO - [2025-02-14T12:16:24.073+0000] {dag.py:3047} INFO - Sync 1 DAGs
[2025-02-14T12:16:24.099+0000] {logging_mixin.py:188} INFO - [2025-02-14T12:16:24.098+0000] {dag.py:3834} INFO - Setting next_dagrun for load_bigquery to None, run_after=None
[2025-02-14T12:16:24.140+0000] {processor.py:183} INFO - Processing /opt/airflow/dags/load-bigquery.py took 0.182 seconds
[2025-02-14T12:16:54.327+0000] {processor.py:161} INFO - Started process (PID=438) to work on /opt/airflow/dags/load-bigquery.py
[2025-02-14T12:16:54.330+0000] {processor.py:830} INFO - Processing file /opt/airflow/dags/load-bigquery.py for tasks to queue
[2025-02-14T12:16:54.332+0000] {logging_mixin.py:188} INFO - [2025-02-14T12:16:54.331+0000] {dagbag.py:540} INFO - Filling up the DagBag from /opt/airflow/dags/load-bigquery.py
[2025-02-14T12:16:54.386+0000] {processor.py:840} INFO - DAG(s) 'load_bigquery' retrieved from /opt/airflow/dags/load-bigquery.py
[2025-02-14T12:16:54.448+0000] {logging_mixin.py:188} INFO - [2025-02-14T12:16:54.447+0000] {dag.py:3047} INFO - Sync 1 DAGs
[2025-02-14T12:16:54.485+0000] {logging_mixin.py:188} INFO - [2025-02-14T12:16:54.485+0000] {dag.py:3834} INFO - Setting next_dagrun for load_bigquery to None, run_after=None
[2025-02-14T12:16:54.534+0000] {processor.py:183} INFO - Processing /opt/airflow/dags/load-bigquery.py took 0.215 seconds
[2025-02-14T12:17:25.344+0000] {processor.py:161} INFO - Started process (PID=458) to work on /opt/airflow/dags/load-bigquery.py
[2025-02-14T12:17:25.346+0000] {processor.py:830} INFO - Processing file /opt/airflow/dags/load-bigquery.py for tasks to queue
[2025-02-14T12:17:25.349+0000] {logging_mixin.py:188} INFO - [2025-02-14T12:17:25.348+0000] {dagbag.py:540} INFO - Filling up the DagBag from /opt/airflow/dags/load-bigquery.py
[2025-02-14T12:17:25.390+0000] {processor.py:840} INFO - DAG(s) 'load_bigquery' retrieved from /opt/airflow/dags/load-bigquery.py
[2025-02-14T12:17:25.448+0000] {logging_mixin.py:188} INFO - [2025-02-14T12:17:25.448+0000] {dag.py:3047} INFO - Sync 1 DAGs
[2025-02-14T12:17:25.480+0000] {logging_mixin.py:188} INFO - [2025-02-14T12:17:25.479+0000] {dag.py:3834} INFO - Setting next_dagrun for load_bigquery to None, run_after=None
[2025-02-14T12:17:25.534+0000] {processor.py:183} INFO - Processing /opt/airflow/dags/load-bigquery.py took 0.197 seconds
[2025-02-14T12:17:55.673+0000] {processor.py:161} INFO - Started process (PID=478) to work on /opt/airflow/dags/load-bigquery.py
[2025-02-14T12:17:55.675+0000] {processor.py:830} INFO - Processing file /opt/airflow/dags/load-bigquery.py for tasks to queue
[2025-02-14T12:17:55.677+0000] {logging_mixin.py:188} INFO - [2025-02-14T12:17:55.677+0000] {dagbag.py:540} INFO - Filling up the DagBag from /opt/airflow/dags/load-bigquery.py
[2025-02-14T12:17:55.726+0000] {processor.py:840} INFO - DAG(s) 'load_bigquery' retrieved from /opt/airflow/dags/load-bigquery.py
[2025-02-14T12:17:55.794+0000] {logging_mixin.py:188} INFO - [2025-02-14T12:17:55.793+0000] {dag.py:3047} INFO - Sync 1 DAGs
[2025-02-14T12:17:55.822+0000] {logging_mixin.py:188} INFO - [2025-02-14T12:17:55.822+0000] {dag.py:3834} INFO - Setting next_dagrun for load_bigquery to None, run_after=None
[2025-02-14T12:17:55.864+0000] {processor.py:183} INFO - Processing /opt/airflow/dags/load-bigquery.py took 0.199 seconds
[2025-02-14T12:18:26.421+0000] {processor.py:161} INFO - Started process (PID=498) to work on /opt/airflow/dags/load-bigquery.py
[2025-02-14T12:18:26.423+0000] {processor.py:830} INFO - Processing file /opt/airflow/dags/load-bigquery.py for tasks to queue
[2025-02-14T12:18:26.426+0000] {logging_mixin.py:188} INFO - [2025-02-14T12:18:26.425+0000] {dagbag.py:540} INFO - Filling up the DagBag from /opt/airflow/dags/load-bigquery.py
[2025-02-14T12:18:26.472+0000] {processor.py:840} INFO - DAG(s) 'load_bigquery' retrieved from /opt/airflow/dags/load-bigquery.py
[2025-02-14T12:18:26.534+0000] {logging_mixin.py:188} INFO - [2025-02-14T12:18:26.533+0000] {dag.py:3047} INFO - Sync 1 DAGs
[2025-02-14T12:18:26.564+0000] {logging_mixin.py:188} INFO - [2025-02-14T12:18:26.564+0000] {dag.py:3834} INFO - Setting next_dagrun for load_bigquery to None, run_after=None
[2025-02-14T12:18:26.605+0000] {processor.py:183} INFO - Processing /opt/airflow/dags/load-bigquery.py took 0.191 seconds
[2025-02-14T12:18:57.127+0000] {processor.py:161} INFO - Started process (PID=518) to work on /opt/airflow/dags/load-bigquery.py
[2025-02-14T12:18:57.130+0000] {processor.py:830} INFO - Processing file /opt/airflow/dags/load-bigquery.py for tasks to queue
[2025-02-14T12:18:57.132+0000] {logging_mixin.py:188} INFO - [2025-02-14T12:18:57.131+0000] {dagbag.py:540} INFO - Filling up the DagBag from /opt/airflow/dags/load-bigquery.py
[2025-02-14T12:18:57.180+0000] {processor.py:840} INFO - DAG(s) 'load_bigquery' retrieved from /opt/airflow/dags/load-bigquery.py
[2025-02-14T12:18:57.236+0000] {logging_mixin.py:188} INFO - [2025-02-14T12:18:57.235+0000] {dag.py:3047} INFO - Sync 1 DAGs
[2025-02-14T12:18:57.268+0000] {logging_mixin.py:188} INFO - [2025-02-14T12:18:57.268+0000] {dag.py:3834} INFO - Setting next_dagrun for load_bigquery to None, run_after=None
[2025-02-14T12:18:57.318+0000] {processor.py:183} INFO - Processing /opt/airflow/dags/load-bigquery.py took 0.197 seconds
[2025-02-14T12:19:27.990+0000] {processor.py:161} INFO - Started process (PID=538) to work on /opt/airflow/dags/load-bigquery.py
[2025-02-14T12:19:27.993+0000] {processor.py:830} INFO - Processing file /opt/airflow/dags/load-bigquery.py for tasks to queue
[2025-02-14T12:19:27.996+0000] {logging_mixin.py:188} INFO - [2025-02-14T12:19:27.995+0000] {dagbag.py:540} INFO - Filling up the DagBag from /opt/airflow/dags/load-bigquery.py
[2025-02-14T12:19:28.050+0000] {processor.py:840} INFO - DAG(s) 'load_bigquery' retrieved from /opt/airflow/dags/load-bigquery.py
[2025-02-14T12:19:28.111+0000] {logging_mixin.py:188} INFO - [2025-02-14T12:19:28.111+0000] {dag.py:3047} INFO - Sync 1 DAGs
[2025-02-14T12:19:28.138+0000] {logging_mixin.py:188} INFO - [2025-02-14T12:19:28.138+0000] {dag.py:3834} INFO - Setting next_dagrun for load_bigquery to None, run_after=None
[2025-02-14T12:19:28.187+0000] {processor.py:183} INFO - Processing /opt/airflow/dags/load-bigquery.py took 0.203 seconds
[2025-02-14T12:19:58.767+0000] {processor.py:161} INFO - Started process (PID=558) to work on /opt/airflow/dags/load-bigquery.py
[2025-02-14T12:19:58.769+0000] {processor.py:830} INFO - Processing file /opt/airflow/dags/load-bigquery.py for tasks to queue
[2025-02-14T12:19:58.771+0000] {logging_mixin.py:188} INFO - [2025-02-14T12:19:58.770+0000] {dagbag.py:540} INFO - Filling up the DagBag from /opt/airflow/dags/load-bigquery.py
[2025-02-14T12:19:58.813+0000] {processor.py:840} INFO - DAG(s) 'load_bigquery' retrieved from /opt/airflow/dags/load-bigquery.py
[2025-02-14T12:19:58.862+0000] {logging_mixin.py:188} INFO - [2025-02-14T12:19:58.862+0000] {dag.py:3047} INFO - Sync 1 DAGs
[2025-02-14T12:19:58.891+0000] {logging_mixin.py:188} INFO - [2025-02-14T12:19:58.891+0000] {dag.py:3834} INFO - Setting next_dagrun for load_bigquery to None, run_after=None
[2025-02-14T12:19:58.941+0000] {processor.py:183} INFO - Processing /opt/airflow/dags/load-bigquery.py took 0.181 seconds
[2025-02-14T12:20:29.470+0000] {processor.py:161} INFO - Started process (PID=688) to work on /opt/airflow/dags/load-bigquery.py
[2025-02-14T12:20:29.473+0000] {processor.py:830} INFO - Processing file /opt/airflow/dags/load-bigquery.py for tasks to queue
[2025-02-14T12:20:29.475+0000] {logging_mixin.py:188} INFO - [2025-02-14T12:20:29.474+0000] {dagbag.py:540} INFO - Filling up the DagBag from /opt/airflow/dags/load-bigquery.py
[2025-02-14T12:20:29.517+0000] {processor.py:840} INFO - DAG(s) 'load_bigquery' retrieved from /opt/airflow/dags/load-bigquery.py
[2025-02-14T12:20:29.579+0000] {logging_mixin.py:188} INFO - [2025-02-14T12:20:29.578+0000] {dag.py:3047} INFO - Sync 1 DAGs
[2025-02-14T12:20:29.609+0000] {logging_mixin.py:188} INFO - [2025-02-14T12:20:29.608+0000] {dag.py:3834} INFO - Setting next_dagrun for load_bigquery to None, run_after=None
[2025-02-14T12:20:29.647+0000] {processor.py:183} INFO - Processing /opt/airflow/dags/load-bigquery.py took 0.183 seconds
[2025-02-14T12:21:00.356+0000] {processor.py:161} INFO - Started process (PID=708) to work on /opt/airflow/dags/load-bigquery.py
[2025-02-14T12:21:00.358+0000] {processor.py:830} INFO - Processing file /opt/airflow/dags/load-bigquery.py for tasks to queue
[2025-02-14T12:21:00.360+0000] {logging_mixin.py:188} INFO - [2025-02-14T12:21:00.359+0000] {dagbag.py:540} INFO - Filling up the DagBag from /opt/airflow/dags/load-bigquery.py
[2025-02-14T12:21:00.409+0000] {processor.py:840} INFO - DAG(s) 'load_bigquery' retrieved from /opt/airflow/dags/load-bigquery.py
[2025-02-14T12:21:00.466+0000] {logging_mixin.py:188} INFO - [2025-02-14T12:21:00.466+0000] {dag.py:3047} INFO - Sync 1 DAGs
[2025-02-14T12:21:00.493+0000] {logging_mixin.py:188} INFO - [2025-02-14T12:21:00.492+0000] {dag.py:3834} INFO - Setting next_dagrun for load_bigquery to None, run_after=None
[2025-02-14T12:21:00.543+0000] {processor.py:183} INFO - Processing /opt/airflow/dags/load-bigquery.py took 0.194 seconds
[2025-02-14T12:21:31.157+0000] {processor.py:161} INFO - Started process (PID=728) to work on /opt/airflow/dags/load-bigquery.py
[2025-02-14T12:21:31.160+0000] {processor.py:830} INFO - Processing file /opt/airflow/dags/load-bigquery.py for tasks to queue
[2025-02-14T12:21:31.163+0000] {logging_mixin.py:188} INFO - [2025-02-14T12:21:31.162+0000] {dagbag.py:540} INFO - Filling up the DagBag from /opt/airflow/dags/load-bigquery.py
[2025-02-14T12:21:31.208+0000] {processor.py:840} INFO - DAG(s) 'load_bigquery' retrieved from /opt/airflow/dags/load-bigquery.py
[2025-02-14T12:21:31.263+0000] {logging_mixin.py:188} INFO - [2025-02-14T12:21:31.262+0000] {dag.py:3047} INFO - Sync 1 DAGs
[2025-02-14T12:21:31.295+0000] {logging_mixin.py:188} INFO - [2025-02-14T12:21:31.294+0000] {dag.py:3834} INFO - Setting next_dagrun for load_bigquery to None, run_after=None
[2025-02-14T12:21:31.346+0000] {processor.py:183} INFO - Processing /opt/airflow/dags/load-bigquery.py took 0.195 seconds
[2025-02-14T12:22:02.024+0000] {processor.py:161} INFO - Started process (PID=748) to work on /opt/airflow/dags/load-bigquery.py
[2025-02-14T12:22:02.028+0000] {processor.py:830} INFO - Processing file /opt/airflow/dags/load-bigquery.py for tasks to queue
[2025-02-14T12:22:02.031+0000] {logging_mixin.py:188} INFO - [2025-02-14T12:22:02.031+0000] {dagbag.py:540} INFO - Filling up the DagBag from /opt/airflow/dags/load-bigquery.py
[2025-02-14T12:22:02.081+0000] {processor.py:840} INFO - DAG(s) 'load_bigquery' retrieved from /opt/airflow/dags/load-bigquery.py
[2025-02-14T12:22:02.135+0000] {logging_mixin.py:188} INFO - [2025-02-14T12:22:02.135+0000] {dag.py:3047} INFO - Sync 1 DAGs
[2025-02-14T12:22:02.162+0000] {logging_mixin.py:188} INFO - [2025-02-14T12:22:02.162+0000] {dag.py:3834} INFO - Setting next_dagrun for load_bigquery to None, run_after=None
[2025-02-14T12:22:02.210+0000] {processor.py:183} INFO - Processing /opt/airflow/dags/load-bigquery.py took 0.193 seconds
[2025-02-14T12:22:32.752+0000] {processor.py:161} INFO - Started process (PID=768) to work on /opt/airflow/dags/load-bigquery.py
[2025-02-14T12:22:32.754+0000] {processor.py:830} INFO - Processing file /opt/airflow/dags/load-bigquery.py for tasks to queue
[2025-02-14T12:22:32.757+0000] {logging_mixin.py:188} INFO - [2025-02-14T12:22:32.756+0000] {dagbag.py:540} INFO - Filling up the DagBag from /opt/airflow/dags/load-bigquery.py
[2025-02-14T12:22:32.806+0000] {processor.py:840} INFO - DAG(s) 'load_bigquery' retrieved from /opt/airflow/dags/load-bigquery.py
[2025-02-14T12:22:32.859+0000] {logging_mixin.py:188} INFO - [2025-02-14T12:22:32.858+0000] {dag.py:3047} INFO - Sync 1 DAGs
[2025-02-14T12:22:32.885+0000] {logging_mixin.py:188} INFO - [2025-02-14T12:22:32.884+0000] {dag.py:3834} INFO - Setting next_dagrun for load_bigquery to None, run_after=None
[2025-02-14T12:22:32.933+0000] {processor.py:183} INFO - Processing /opt/airflow/dags/load-bigquery.py took 0.188 seconds
[2025-02-14T12:23:03.472+0000] {processor.py:161} INFO - Started process (PID=788) to work on /opt/airflow/dags/load-bigquery.py
[2025-02-14T12:23:03.475+0000] {processor.py:830} INFO - Processing file /opt/airflow/dags/load-bigquery.py for tasks to queue
[2025-02-14T12:23:03.477+0000] {logging_mixin.py:188} INFO - [2025-02-14T12:23:03.476+0000] {dagbag.py:540} INFO - Filling up the DagBag from /opt/airflow/dags/load-bigquery.py
[2025-02-14T12:23:03.524+0000] {processor.py:840} INFO - DAG(s) 'load_bigquery' retrieved from /opt/airflow/dags/load-bigquery.py
[2025-02-14T12:23:03.579+0000] {logging_mixin.py:188} INFO - [2025-02-14T12:23:03.578+0000] {dag.py:3047} INFO - Sync 1 DAGs
[2025-02-14T12:23:03.605+0000] {logging_mixin.py:188} INFO - [2025-02-14T12:23:03.605+0000] {dag.py:3834} INFO - Setting next_dagrun for load_bigquery to None, run_after=None
[2025-02-14T12:23:03.650+0000] {processor.py:183} INFO - Processing /opt/airflow/dags/load-bigquery.py took 0.184 seconds
