[2025-02-14T11:22:18.009+0000] {processor.py:161} INFO - Started process (PID=178) to work on /opt/airflow/dags/spark-dag-assignment.py
[2025-02-14T11:22:18.010+0000] {processor.py:830} INFO - Processing file /opt/airflow/dags/spark-dag-assignment.py for tasks to queue
[2025-02-14T11:22:18.011+0000] {logging_mixin.py:188} INFO - [2025-02-14T11:22:18.010+0000] {dagbag.py:540} INFO - Filling up the DagBag from /opt/airflow/dags/spark-dag-assignment.py
[2025-02-14T11:22:18.025+0000] {processor.py:840} INFO - DAG(s) 'spark_airflow_dag_assignment' retrieved from /opt/airflow/dags/spark-dag-assignment.py
[2025-02-14T11:22:18.036+0000] {logging_mixin.py:188} INFO - [2025-02-14T11:22:18.035+0000] {dag.py:3047} INFO - Sync 1 DAGs
[2025-02-14T11:22:18.048+0000] {logging_mixin.py:188} INFO - [2025-02-14T11:22:18.048+0000] {dag.py:3834} INFO - Setting next_dagrun for spark_airflow_dag_assignment to None, run_after=None
[2025-02-14T11:22:18.066+0000] {processor.py:183} INFO - Processing /opt/airflow/dags/spark-dag-assignment.py took 0.064 seconds
[2025-02-14T11:22:48.459+0000] {processor.py:161} INFO - Started process (PID=198) to work on /opt/airflow/dags/spark-dag-assignment.py
[2025-02-14T11:22:48.460+0000] {processor.py:830} INFO - Processing file /opt/airflow/dags/spark-dag-assignment.py for tasks to queue
[2025-02-14T11:22:48.461+0000] {logging_mixin.py:188} INFO - [2025-02-14T11:22:48.461+0000] {dagbag.py:540} INFO - Filling up the DagBag from /opt/airflow/dags/spark-dag-assignment.py
[2025-02-14T11:22:48.474+0000] {processor.py:840} INFO - DAG(s) 'spark_airflow_dag_assignment' retrieved from /opt/airflow/dags/spark-dag-assignment.py
[2025-02-14T11:22:48.567+0000] {logging_mixin.py:188} INFO - [2025-02-14T11:22:48.567+0000] {dag.py:3047} INFO - Sync 1 DAGs
[2025-02-14T11:22:48.579+0000] {logging_mixin.py:188} INFO - [2025-02-14T11:22:48.579+0000] {dag.py:3834} INFO - Setting next_dagrun for spark_airflow_dag_assignment to None, run_after=None
[2025-02-14T11:22:48.595+0000] {processor.py:183} INFO - Processing /opt/airflow/dags/spark-dag-assignment.py took 0.138 seconds
[2025-02-14T11:23:18.979+0000] {processor.py:161} INFO - Started process (PID=287) to work on /opt/airflow/dags/spark-dag-assignment.py
[2025-02-14T11:23:18.980+0000] {processor.py:830} INFO - Processing file /opt/airflow/dags/spark-dag-assignment.py for tasks to queue
[2025-02-14T11:23:18.981+0000] {logging_mixin.py:188} INFO - [2025-02-14T11:23:18.981+0000] {dagbag.py:540} INFO - Filling up the DagBag from /opt/airflow/dags/spark-dag-assignment.py
[2025-02-14T11:23:18.995+0000] {processor.py:840} INFO - DAG(s) 'spark_airflow_dag_assignment' retrieved from /opt/airflow/dags/spark-dag-assignment.py
[2025-02-14T11:23:19.019+0000] {logging_mixin.py:188} INFO - [2025-02-14T11:23:19.018+0000] {dag.py:3047} INFO - Sync 1 DAGs
[2025-02-14T11:23:19.030+0000] {logging_mixin.py:188} INFO - [2025-02-14T11:23:19.030+0000] {dag.py:3834} INFO - Setting next_dagrun for spark_airflow_dag_assignment to None, run_after=None
[2025-02-14T11:23:19.047+0000] {processor.py:183} INFO - Processing /opt/airflow/dags/spark-dag-assignment.py took 0.070 seconds
[2025-02-14T11:23:49.387+0000] {processor.py:161} INFO - Started process (PID=307) to work on /opt/airflow/dags/spark-dag-assignment.py
[2025-02-14T11:23:49.388+0000] {processor.py:830} INFO - Processing file /opt/airflow/dags/spark-dag-assignment.py for tasks to queue
[2025-02-14T11:23:49.389+0000] {logging_mixin.py:188} INFO - [2025-02-14T11:23:49.388+0000] {dagbag.py:540} INFO - Filling up the DagBag from /opt/airflow/dags/spark-dag-assignment.py
[2025-02-14T11:23:49.406+0000] {processor.py:840} INFO - DAG(s) 'spark_airflow_dag_assignment' retrieved from /opt/airflow/dags/spark-dag-assignment.py
[2025-02-14T11:23:49.432+0000] {logging_mixin.py:188} INFO - [2025-02-14T11:23:49.431+0000] {dag.py:3047} INFO - Sync 1 DAGs
[2025-02-14T11:23:49.447+0000] {logging_mixin.py:188} INFO - [2025-02-14T11:23:49.446+0000] {dag.py:3834} INFO - Setting next_dagrun for spark_airflow_dag_assignment to None, run_after=None
[2025-02-14T11:23:49.473+0000] {processor.py:183} INFO - Processing /opt/airflow/dags/spark-dag-assignment.py took 0.089 seconds
[2025-02-14T11:24:19.809+0000] {processor.py:161} INFO - Started process (PID=327) to work on /opt/airflow/dags/spark-dag-assignment.py
[2025-02-14T11:24:19.810+0000] {processor.py:830} INFO - Processing file /opt/airflow/dags/spark-dag-assignment.py for tasks to queue
[2025-02-14T11:24:19.811+0000] {logging_mixin.py:188} INFO - [2025-02-14T11:24:19.811+0000] {dagbag.py:540} INFO - Filling up the DagBag from /opt/airflow/dags/spark-dag-assignment.py
[2025-02-14T11:24:19.824+0000] {processor.py:840} INFO - DAG(s) 'spark_airflow_dag_assignment' retrieved from /opt/airflow/dags/spark-dag-assignment.py
[2025-02-14T11:24:19.844+0000] {logging_mixin.py:188} INFO - [2025-02-14T11:24:19.844+0000] {dag.py:3047} INFO - Sync 1 DAGs
[2025-02-14T11:24:19.855+0000] {logging_mixin.py:188} INFO - [2025-02-14T11:24:19.855+0000] {dag.py:3834} INFO - Setting next_dagrun for spark_airflow_dag_assignment to None, run_after=None
[2025-02-14T11:24:19.871+0000] {processor.py:183} INFO - Processing /opt/airflow/dags/spark-dag-assignment.py took 0.064 seconds
[2025-02-14T11:24:50.190+0000] {processor.py:161} INFO - Started process (PID=347) to work on /opt/airflow/dags/spark-dag-assignment.py
[2025-02-14T11:24:50.190+0000] {processor.py:830} INFO - Processing file /opt/airflow/dags/spark-dag-assignment.py for tasks to queue
[2025-02-14T11:24:50.191+0000] {logging_mixin.py:188} INFO - [2025-02-14T11:24:50.191+0000] {dagbag.py:540} INFO - Filling up the DagBag from /opt/airflow/dags/spark-dag-assignment.py
[2025-02-14T11:24:50.204+0000] {processor.py:840} INFO - DAG(s) 'spark_airflow_dag_assignment' retrieved from /opt/airflow/dags/spark-dag-assignment.py
[2025-02-14T11:24:50.224+0000] {logging_mixin.py:188} INFO - [2025-02-14T11:24:50.224+0000] {dag.py:3047} INFO - Sync 1 DAGs
[2025-02-14T11:24:50.235+0000] {logging_mixin.py:188} INFO - [2025-02-14T11:24:50.235+0000] {dag.py:3834} INFO - Setting next_dagrun for spark_airflow_dag_assignment to None, run_after=None
[2025-02-14T11:24:50.251+0000] {processor.py:183} INFO - Processing /opt/airflow/dags/spark-dag-assignment.py took 0.064 seconds
[2025-02-14T11:25:20.583+0000] {processor.py:161} INFO - Started process (PID=367) to work on /opt/airflow/dags/spark-dag-assignment.py
[2025-02-14T11:25:20.584+0000] {processor.py:830} INFO - Processing file /opt/airflow/dags/spark-dag-assignment.py for tasks to queue
[2025-02-14T11:25:20.586+0000] {logging_mixin.py:188} INFO - [2025-02-14T11:25:20.585+0000] {dagbag.py:540} INFO - Filling up the DagBag from /opt/airflow/dags/spark-dag-assignment.py
[2025-02-14T11:25:20.599+0000] {processor.py:840} INFO - DAG(s) 'spark_airflow_dag_assignment' retrieved from /opt/airflow/dags/spark-dag-assignment.py
[2025-02-14T11:25:20.620+0000] {logging_mixin.py:188} INFO - [2025-02-14T11:25:20.619+0000] {dag.py:3047} INFO - Sync 1 DAGs
[2025-02-14T11:25:20.630+0000] {logging_mixin.py:188} INFO - [2025-02-14T11:25:20.630+0000] {dag.py:3834} INFO - Setting next_dagrun for spark_airflow_dag_assignment to None, run_after=None
[2025-02-14T11:25:20.646+0000] {processor.py:183} INFO - Processing /opt/airflow/dags/spark-dag-assignment.py took 0.066 seconds
[2025-02-14T11:25:50.972+0000] {processor.py:161} INFO - Started process (PID=387) to work on /opt/airflow/dags/spark-dag-assignment.py
[2025-02-14T11:25:50.973+0000] {processor.py:830} INFO - Processing file /opt/airflow/dags/spark-dag-assignment.py for tasks to queue
[2025-02-14T11:25:50.974+0000] {logging_mixin.py:188} INFO - [2025-02-14T11:25:50.974+0000] {dagbag.py:540} INFO - Filling up the DagBag from /opt/airflow/dags/spark-dag-assignment.py
[2025-02-14T11:25:50.987+0000] {processor.py:840} INFO - DAG(s) 'spark_airflow_dag_assignment' retrieved from /opt/airflow/dags/spark-dag-assignment.py
[2025-02-14T11:25:51.008+0000] {logging_mixin.py:188} INFO - [2025-02-14T11:25:51.008+0000] {dag.py:3047} INFO - Sync 1 DAGs
[2025-02-14T11:25:51.019+0000] {logging_mixin.py:188} INFO - [2025-02-14T11:25:51.019+0000] {dag.py:3834} INFO - Setting next_dagrun for spark_airflow_dag_assignment to None, run_after=None
[2025-02-14T11:25:51.035+0000] {processor.py:183} INFO - Processing /opt/airflow/dags/spark-dag-assignment.py took 0.065 seconds
[2025-02-14T11:26:21.348+0000] {processor.py:161} INFO - Started process (PID=407) to work on /opt/airflow/dags/spark-dag-assignment.py
[2025-02-14T11:26:21.349+0000] {processor.py:830} INFO - Processing file /opt/airflow/dags/spark-dag-assignment.py for tasks to queue
[2025-02-14T11:26:21.349+0000] {logging_mixin.py:188} INFO - [2025-02-14T11:26:21.349+0000] {dagbag.py:540} INFO - Filling up the DagBag from /opt/airflow/dags/spark-dag-assignment.py
[2025-02-14T11:26:21.362+0000] {processor.py:840} INFO - DAG(s) 'spark_airflow_dag_assignment' retrieved from /opt/airflow/dags/spark-dag-assignment.py
[2025-02-14T11:26:21.383+0000] {logging_mixin.py:188} INFO - [2025-02-14T11:26:21.383+0000] {dag.py:3047} INFO - Sync 1 DAGs
[2025-02-14T11:26:21.394+0000] {logging_mixin.py:188} INFO - [2025-02-14T11:26:21.393+0000] {dag.py:3834} INFO - Setting next_dagrun for spark_airflow_dag_assignment to None, run_after=None
[2025-02-14T11:26:21.409+0000] {processor.py:183} INFO - Processing /opt/airflow/dags/spark-dag-assignment.py took 0.064 seconds
[2025-02-14T11:26:51.735+0000] {processor.py:161} INFO - Started process (PID=427) to work on /opt/airflow/dags/spark-dag-assignment.py
[2025-02-14T11:26:51.736+0000] {processor.py:830} INFO - Processing file /opt/airflow/dags/spark-dag-assignment.py for tasks to queue
[2025-02-14T11:26:51.737+0000] {logging_mixin.py:188} INFO - [2025-02-14T11:26:51.737+0000] {dagbag.py:540} INFO - Filling up the DagBag from /opt/airflow/dags/spark-dag-assignment.py
[2025-02-14T11:26:51.750+0000] {processor.py:840} INFO - DAG(s) 'spark_airflow_dag_assignment' retrieved from /opt/airflow/dags/spark-dag-assignment.py
[2025-02-14T11:26:51.771+0000] {logging_mixin.py:188} INFO - [2025-02-14T11:26:51.771+0000] {dag.py:3047} INFO - Sync 1 DAGs
[2025-02-14T11:26:51.781+0000] {logging_mixin.py:188} INFO - [2025-02-14T11:26:51.781+0000] {dag.py:3834} INFO - Setting next_dagrun for spark_airflow_dag_assignment to None, run_after=None
[2025-02-14T11:26:51.796+0000] {processor.py:183} INFO - Processing /opt/airflow/dags/spark-dag-assignment.py took 0.063 seconds
[2025-02-14T11:27:22.164+0000] {processor.py:161} INFO - Started process (PID=447) to work on /opt/airflow/dags/spark-dag-assignment.py
[2025-02-14T11:27:22.165+0000] {processor.py:830} INFO - Processing file /opt/airflow/dags/spark-dag-assignment.py for tasks to queue
[2025-02-14T11:27:22.166+0000] {logging_mixin.py:188} INFO - [2025-02-14T11:27:22.165+0000] {dagbag.py:540} INFO - Filling up the DagBag from /opt/airflow/dags/spark-dag-assignment.py
[2025-02-14T11:27:22.179+0000] {processor.py:840} INFO - DAG(s) 'spark_airflow_dag_assignment' retrieved from /opt/airflow/dags/spark-dag-assignment.py
[2025-02-14T11:27:22.199+0000] {logging_mixin.py:188} INFO - [2025-02-14T11:27:22.199+0000] {dag.py:3047} INFO - Sync 1 DAGs
[2025-02-14T11:27:22.209+0000] {logging_mixin.py:188} INFO - [2025-02-14T11:27:22.209+0000] {dag.py:3834} INFO - Setting next_dagrun for spark_airflow_dag_assignment to None, run_after=None
[2025-02-14T11:27:22.225+0000] {processor.py:183} INFO - Processing /opt/airflow/dags/spark-dag-assignment.py took 0.063 seconds
[2025-02-14T11:27:52.563+0000] {processor.py:161} INFO - Started process (PID=467) to work on /opt/airflow/dags/spark-dag-assignment.py
[2025-02-14T11:27:52.564+0000] {processor.py:830} INFO - Processing file /opt/airflow/dags/spark-dag-assignment.py for tasks to queue
[2025-02-14T11:27:52.565+0000] {logging_mixin.py:188} INFO - [2025-02-14T11:27:52.564+0000] {dagbag.py:540} INFO - Filling up the DagBag from /opt/airflow/dags/spark-dag-assignment.py
[2025-02-14T11:27:52.577+0000] {processor.py:840} INFO - DAG(s) 'spark_airflow_dag_assignment' retrieved from /opt/airflow/dags/spark-dag-assignment.py
[2025-02-14T11:27:52.598+0000] {logging_mixin.py:188} INFO - [2025-02-14T11:27:52.598+0000] {dag.py:3047} INFO - Sync 1 DAGs
[2025-02-14T11:27:52.609+0000] {logging_mixin.py:188} INFO - [2025-02-14T11:27:52.608+0000] {dag.py:3834} INFO - Setting next_dagrun for spark_airflow_dag_assignment to None, run_after=None
[2025-02-14T11:27:52.625+0000] {processor.py:183} INFO - Processing /opt/airflow/dags/spark-dag-assignment.py took 0.065 seconds
[2025-02-14T11:28:22.981+0000] {processor.py:161} INFO - Started process (PID=487) to work on /opt/airflow/dags/spark-dag-assignment.py
[2025-02-14T11:28:22.981+0000] {processor.py:830} INFO - Processing file /opt/airflow/dags/spark-dag-assignment.py for tasks to queue
[2025-02-14T11:28:22.982+0000] {logging_mixin.py:188} INFO - [2025-02-14T11:28:22.982+0000] {dagbag.py:540} INFO - Filling up the DagBag from /opt/airflow/dags/spark-dag-assignment.py
[2025-02-14T11:28:22.997+0000] {processor.py:840} INFO - DAG(s) 'spark_airflow_dag_assignment' retrieved from /opt/airflow/dags/spark-dag-assignment.py
[2025-02-14T11:28:23.019+0000] {logging_mixin.py:188} INFO - [2025-02-14T11:28:23.019+0000] {dag.py:3047} INFO - Sync 1 DAGs
[2025-02-14T11:28:23.031+0000] {logging_mixin.py:188} INFO - [2025-02-14T11:28:23.030+0000] {dag.py:3834} INFO - Setting next_dagrun for spark_airflow_dag_assignment to None, run_after=None
[2025-02-14T11:28:23.047+0000] {processor.py:183} INFO - Processing /opt/airflow/dags/spark-dag-assignment.py took 0.069 seconds
[2025-02-14T11:28:53.287+0000] {processor.py:161} INFO - Started process (PID=507) to work on /opt/airflow/dags/spark-dag-assignment.py
[2025-02-14T11:28:53.288+0000] {processor.py:830} INFO - Processing file /opt/airflow/dags/spark-dag-assignment.py for tasks to queue
[2025-02-14T11:28:53.289+0000] {logging_mixin.py:188} INFO - [2025-02-14T11:28:53.289+0000] {dagbag.py:540} INFO - Filling up the DagBag from /opt/airflow/dags/spark-dag-assignment.py
[2025-02-14T11:28:53.303+0000] {processor.py:840} INFO - DAG(s) 'spark_airflow_dag_assignment' retrieved from /opt/airflow/dags/spark-dag-assignment.py
[2025-02-14T11:28:53.326+0000] {logging_mixin.py:188} INFO - [2025-02-14T11:28:53.326+0000] {dag.py:3047} INFO - Sync 1 DAGs
[2025-02-14T11:28:53.338+0000] {logging_mixin.py:188} INFO - [2025-02-14T11:28:53.337+0000] {dag.py:3834} INFO - Setting next_dagrun for spark_airflow_dag_assignment to None, run_after=None
[2025-02-14T11:28:53.354+0000] {processor.py:183} INFO - Processing /opt/airflow/dags/spark-dag-assignment.py took 0.069 seconds
[2025-02-14T11:29:23.672+0000] {processor.py:161} INFO - Started process (PID=526) to work on /opt/airflow/dags/spark-dag-assignment.py
[2025-02-14T11:29:23.673+0000] {processor.py:830} INFO - Processing file /opt/airflow/dags/spark-dag-assignment.py for tasks to queue
[2025-02-14T11:29:23.674+0000] {logging_mixin.py:188} INFO - [2025-02-14T11:29:23.674+0000] {dagbag.py:540} INFO - Filling up the DagBag from /opt/airflow/dags/spark-dag-assignment.py
[2025-02-14T11:29:23.687+0000] {processor.py:840} INFO - DAG(s) 'spark_airflow_dag_assignment' retrieved from /opt/airflow/dags/spark-dag-assignment.py
[2025-02-14T11:29:23.708+0000] {logging_mixin.py:188} INFO - [2025-02-14T11:29:23.708+0000] {dag.py:3047} INFO - Sync 1 DAGs
[2025-02-14T11:29:23.719+0000] {logging_mixin.py:188} INFO - [2025-02-14T11:29:23.718+0000] {dag.py:3834} INFO - Setting next_dagrun for spark_airflow_dag_assignment to None, run_after=None
[2025-02-14T11:29:23.738+0000] {processor.py:183} INFO - Processing /opt/airflow/dags/spark-dag-assignment.py took 0.068 seconds
[2025-02-14T11:29:54.076+0000] {processor.py:161} INFO - Started process (PID=547) to work on /opt/airflow/dags/spark-dag-assignment.py
[2025-02-14T11:29:54.077+0000] {processor.py:830} INFO - Processing file /opt/airflow/dags/spark-dag-assignment.py for tasks to queue
[2025-02-14T11:29:54.078+0000] {logging_mixin.py:188} INFO - [2025-02-14T11:29:54.078+0000] {dagbag.py:540} INFO - Filling up the DagBag from /opt/airflow/dags/spark-dag-assignment.py
[2025-02-14T11:29:54.092+0000] {processor.py:840} INFO - DAG(s) 'spark_airflow_dag_assignment' retrieved from /opt/airflow/dags/spark-dag-assignment.py
[2025-02-14T11:29:54.113+0000] {logging_mixin.py:188} INFO - [2025-02-14T11:29:54.112+0000] {dag.py:3047} INFO - Sync 1 DAGs
[2025-02-14T11:29:54.123+0000] {logging_mixin.py:188} INFO - [2025-02-14T11:29:54.123+0000] {dag.py:3834} INFO - Setting next_dagrun for spark_airflow_dag_assignment to None, run_after=None
[2025-02-14T11:29:54.139+0000] {processor.py:183} INFO - Processing /opt/airflow/dags/spark-dag-assignment.py took 0.065 seconds
[2025-02-14T11:30:24.490+0000] {processor.py:161} INFO - Started process (PID=565) to work on /opt/airflow/dags/spark-dag-assignment.py
[2025-02-14T11:30:24.491+0000] {processor.py:830} INFO - Processing file /opt/airflow/dags/spark-dag-assignment.py for tasks to queue
[2025-02-14T11:30:24.492+0000] {logging_mixin.py:188} INFO - [2025-02-14T11:30:24.492+0000] {dagbag.py:540} INFO - Filling up the DagBag from /opt/airflow/dags/spark-dag-assignment.py
[2025-02-14T11:30:24.506+0000] {processor.py:840} INFO - DAG(s) 'spark_airflow_dag_assignment' retrieved from /opt/airflow/dags/spark-dag-assignment.py
[2025-02-14T11:30:24.527+0000] {logging_mixin.py:188} INFO - [2025-02-14T11:30:24.527+0000] {dag.py:3047} INFO - Sync 1 DAGs
[2025-02-14T11:30:24.537+0000] {logging_mixin.py:188} INFO - [2025-02-14T11:30:24.537+0000] {dag.py:3834} INFO - Setting next_dagrun for spark_airflow_dag_assignment to None, run_after=None
[2025-02-14T11:30:24.560+0000] {processor.py:183} INFO - Processing /opt/airflow/dags/spark-dag-assignment.py took 0.073 seconds
[2025-02-14T11:30:54.875+0000] {processor.py:161} INFO - Started process (PID=587) to work on /opt/airflow/dags/spark-dag-assignment.py
[2025-02-14T11:30:54.876+0000] {processor.py:830} INFO - Processing file /opt/airflow/dags/spark-dag-assignment.py for tasks to queue
[2025-02-14T11:30:54.877+0000] {logging_mixin.py:188} INFO - [2025-02-14T11:30:54.876+0000] {dagbag.py:540} INFO - Filling up the DagBag from /opt/airflow/dags/spark-dag-assignment.py
[2025-02-14T11:30:54.890+0000] {processor.py:840} INFO - DAG(s) 'spark_airflow_dag_assignment' retrieved from /opt/airflow/dags/spark-dag-assignment.py
[2025-02-14T11:30:54.911+0000] {logging_mixin.py:188} INFO - [2025-02-14T11:30:54.911+0000] {dag.py:3047} INFO - Sync 1 DAGs
[2025-02-14T11:30:54.922+0000] {logging_mixin.py:188} INFO - [2025-02-14T11:30:54.922+0000] {dag.py:3834} INFO - Setting next_dagrun for spark_airflow_dag_assignment to None, run_after=None
[2025-02-14T11:30:54.939+0000] {processor.py:183} INFO - Processing /opt/airflow/dags/spark-dag-assignment.py took 0.066 seconds
[2025-02-14T11:31:25.298+0000] {processor.py:161} INFO - Started process (PID=607) to work on /opt/airflow/dags/spark-dag-assignment.py
[2025-02-14T11:31:25.300+0000] {processor.py:830} INFO - Processing file /opt/airflow/dags/spark-dag-assignment.py for tasks to queue
[2025-02-14T11:31:25.300+0000] {logging_mixin.py:188} INFO - [2025-02-14T11:31:25.300+0000] {dagbag.py:540} INFO - Filling up the DagBag from /opt/airflow/dags/spark-dag-assignment.py
[2025-02-14T11:31:25.317+0000] {processor.py:840} INFO - DAG(s) 'spark_airflow_dag_assignment' retrieved from /opt/airflow/dags/spark-dag-assignment.py
[2025-02-14T11:31:25.345+0000] {logging_mixin.py:188} INFO - [2025-02-14T11:31:25.345+0000] {dag.py:3047} INFO - Sync 1 DAGs
[2025-02-14T11:31:25.360+0000] {logging_mixin.py:188} INFO - [2025-02-14T11:31:25.359+0000] {dag.py:3834} INFO - Setting next_dagrun for spark_airflow_dag_assignment to None, run_after=None
[2025-02-14T11:31:25.382+0000] {processor.py:183} INFO - Processing /opt/airflow/dags/spark-dag-assignment.py took 0.086 seconds
[2025-02-14T11:31:55.729+0000] {processor.py:161} INFO - Started process (PID=730) to work on /opt/airflow/dags/spark-dag-assignment.py
[2025-02-14T11:31:55.730+0000] {processor.py:830} INFO - Processing file /opt/airflow/dags/spark-dag-assignment.py for tasks to queue
[2025-02-14T11:31:55.731+0000] {logging_mixin.py:188} INFO - [2025-02-14T11:31:55.731+0000] {dagbag.py:540} INFO - Filling up the DagBag from /opt/airflow/dags/spark-dag-assignment.py
[2025-02-14T11:31:55.744+0000] {processor.py:840} INFO - DAG(s) 'spark_airflow_dag_assignment' retrieved from /opt/airflow/dags/spark-dag-assignment.py
[2025-02-14T11:31:55.765+0000] {logging_mixin.py:188} INFO - [2025-02-14T11:31:55.764+0000] {dag.py:3047} INFO - Sync 1 DAGs
[2025-02-14T11:31:55.775+0000] {logging_mixin.py:188} INFO - [2025-02-14T11:31:55.775+0000] {dag.py:3834} INFO - Setting next_dagrun for spark_airflow_dag_assignment to None, run_after=None
[2025-02-14T11:31:55.791+0000] {processor.py:183} INFO - Processing /opt/airflow/dags/spark-dag-assignment.py took 0.064 seconds
[2025-02-14T11:32:26.167+0000] {processor.py:161} INFO - Started process (PID=750) to work on /opt/airflow/dags/spark-dag-assignment.py
[2025-02-14T11:32:26.168+0000] {processor.py:830} INFO - Processing file /opt/airflow/dags/spark-dag-assignment.py for tasks to queue
[2025-02-14T11:32:26.169+0000] {logging_mixin.py:188} INFO - [2025-02-14T11:32:26.168+0000] {dagbag.py:540} INFO - Filling up the DagBag from /opt/airflow/dags/spark-dag-assignment.py
[2025-02-14T11:32:26.184+0000] {processor.py:840} INFO - DAG(s) 'spark_airflow_dag_assignment' retrieved from /opt/airflow/dags/spark-dag-assignment.py
[2025-02-14T11:32:26.208+0000] {logging_mixin.py:188} INFO - [2025-02-14T11:32:26.208+0000] {dag.py:3047} INFO - Sync 1 DAGs
[2025-02-14T11:32:26.219+0000] {logging_mixin.py:188} INFO - [2025-02-14T11:32:26.219+0000] {dag.py:3834} INFO - Setting next_dagrun for spark_airflow_dag_assignment to None, run_after=None
[2025-02-14T11:32:26.236+0000] {processor.py:183} INFO - Processing /opt/airflow/dags/spark-dag-assignment.py took 0.072 seconds
[2025-02-14T11:32:56.490+0000] {processor.py:161} INFO - Started process (PID=770) to work on /opt/airflow/dags/spark-dag-assignment.py
[2025-02-14T11:32:56.491+0000] {processor.py:830} INFO - Processing file /opt/airflow/dags/spark-dag-assignment.py for tasks to queue
[2025-02-14T11:32:56.491+0000] {logging_mixin.py:188} INFO - [2025-02-14T11:32:56.491+0000] {dagbag.py:540} INFO - Filling up the DagBag from /opt/airflow/dags/spark-dag-assignment.py
[2025-02-14T11:32:56.505+0000] {processor.py:840} INFO - DAG(s) 'spark_airflow_dag_assignment' retrieved from /opt/airflow/dags/spark-dag-assignment.py
[2025-02-14T11:32:56.527+0000] {logging_mixin.py:188} INFO - [2025-02-14T11:32:56.527+0000] {dag.py:3047} INFO - Sync 1 DAGs
[2025-02-14T11:32:56.538+0000] {logging_mixin.py:188} INFO - [2025-02-14T11:32:56.537+0000] {dag.py:3834} INFO - Setting next_dagrun for spark_airflow_dag_assignment to None, run_after=None
[2025-02-14T11:32:56.554+0000] {processor.py:183} INFO - Processing /opt/airflow/dags/spark-dag-assignment.py took 0.068 seconds
[2025-02-14T11:33:26.797+0000] {processor.py:161} INFO - Started process (PID=790) to work on /opt/airflow/dags/spark-dag-assignment.py
[2025-02-14T11:33:26.798+0000] {processor.py:830} INFO - Processing file /opt/airflow/dags/spark-dag-assignment.py for tasks to queue
[2025-02-14T11:33:26.799+0000] {logging_mixin.py:188} INFO - [2025-02-14T11:33:26.799+0000] {dagbag.py:540} INFO - Filling up the DagBag from /opt/airflow/dags/spark-dag-assignment.py
[2025-02-14T11:33:26.814+0000] {processor.py:840} INFO - DAG(s) 'spark_airflow_dag_assignment' retrieved from /opt/airflow/dags/spark-dag-assignment.py
[2025-02-14T11:33:26.835+0000] {logging_mixin.py:188} INFO - [2025-02-14T11:33:26.835+0000] {dag.py:3047} INFO - Sync 1 DAGs
[2025-02-14T11:33:26.847+0000] {logging_mixin.py:188} INFO - [2025-02-14T11:33:26.847+0000] {dag.py:3834} INFO - Setting next_dagrun for spark_airflow_dag_assignment to None, run_after=None
[2025-02-14T11:33:26.863+0000] {processor.py:183} INFO - Processing /opt/airflow/dags/spark-dag-assignment.py took 0.068 seconds
[2025-02-14T11:33:57.124+0000] {processor.py:161} INFO - Started process (PID=810) to work on /opt/airflow/dags/spark-dag-assignment.py
[2025-02-14T11:33:57.125+0000] {processor.py:830} INFO - Processing file /opt/airflow/dags/spark-dag-assignment.py for tasks to queue
[2025-02-14T11:33:57.125+0000] {logging_mixin.py:188} INFO - [2025-02-14T11:33:57.125+0000] {dagbag.py:540} INFO - Filling up the DagBag from /opt/airflow/dags/spark-dag-assignment.py
[2025-02-14T11:33:57.139+0000] {processor.py:840} INFO - DAG(s) 'spark_airflow_dag_assignment' retrieved from /opt/airflow/dags/spark-dag-assignment.py
[2025-02-14T11:33:57.160+0000] {logging_mixin.py:188} INFO - [2025-02-14T11:33:57.159+0000] {dag.py:3047} INFO - Sync 1 DAGs
[2025-02-14T11:33:57.171+0000] {logging_mixin.py:188} INFO - [2025-02-14T11:33:57.170+0000] {dag.py:3834} INFO - Setting next_dagrun for spark_airflow_dag_assignment to None, run_after=None
[2025-02-14T11:33:57.187+0000] {processor.py:183} INFO - Processing /opt/airflow/dags/spark-dag-assignment.py took 0.066 seconds
[2025-02-14T11:34:27.520+0000] {processor.py:161} INFO - Started process (PID=830) to work on /opt/airflow/dags/spark-dag-assignment.py
[2025-02-14T11:34:27.521+0000] {processor.py:830} INFO - Processing file /opt/airflow/dags/spark-dag-assignment.py for tasks to queue
[2025-02-14T11:34:27.522+0000] {logging_mixin.py:188} INFO - [2025-02-14T11:34:27.522+0000] {dagbag.py:540} INFO - Filling up the DagBag from /opt/airflow/dags/spark-dag-assignment.py
[2025-02-14T11:34:27.535+0000] {processor.py:840} INFO - DAG(s) 'spark_airflow_dag_assignment' retrieved from /opt/airflow/dags/spark-dag-assignment.py
[2025-02-14T11:34:27.558+0000] {logging_mixin.py:188} INFO - [2025-02-14T11:34:27.557+0000] {dag.py:3047} INFO - Sync 1 DAGs
[2025-02-14T11:34:27.568+0000] {logging_mixin.py:188} INFO - [2025-02-14T11:34:27.568+0000] {dag.py:3834} INFO - Setting next_dagrun for spark_airflow_dag_assignment to None, run_after=None
[2025-02-14T11:34:27.585+0000] {processor.py:183} INFO - Processing /opt/airflow/dags/spark-dag-assignment.py took 0.068 seconds
[2025-02-14T11:34:57.904+0000] {processor.py:161} INFO - Started process (PID=850) to work on /opt/airflow/dags/spark-dag-assignment.py
[2025-02-14T11:34:57.905+0000] {processor.py:830} INFO - Processing file /opt/airflow/dags/spark-dag-assignment.py for tasks to queue
[2025-02-14T11:34:57.906+0000] {logging_mixin.py:188} INFO - [2025-02-14T11:34:57.906+0000] {dagbag.py:540} INFO - Filling up the DagBag from /opt/airflow/dags/spark-dag-assignment.py
[2025-02-14T11:34:57.920+0000] {processor.py:840} INFO - DAG(s) 'spark_airflow_dag_assignment' retrieved from /opt/airflow/dags/spark-dag-assignment.py
[2025-02-14T11:34:57.940+0000] {logging_mixin.py:188} INFO - [2025-02-14T11:34:57.940+0000] {dag.py:3047} INFO - Sync 1 DAGs
[2025-02-14T11:34:57.950+0000] {logging_mixin.py:188} INFO - [2025-02-14T11:34:57.950+0000] {dag.py:3834} INFO - Setting next_dagrun for spark_airflow_dag_assignment to None, run_after=None
[2025-02-14T11:34:57.966+0000] {processor.py:183} INFO - Processing /opt/airflow/dags/spark-dag-assignment.py took 0.064 seconds
[2025-02-14T11:35:28.316+0000] {processor.py:161} INFO - Started process (PID=870) to work on /opt/airflow/dags/spark-dag-assignment.py
[2025-02-14T11:35:28.316+0000] {processor.py:830} INFO - Processing file /opt/airflow/dags/spark-dag-assignment.py for tasks to queue
[2025-02-14T11:35:28.317+0000] {logging_mixin.py:188} INFO - [2025-02-14T11:35:28.317+0000] {dagbag.py:540} INFO - Filling up the DagBag from /opt/airflow/dags/spark-dag-assignment.py
[2025-02-14T11:35:28.331+0000] {processor.py:840} INFO - DAG(s) 'spark_airflow_dag_assignment' retrieved from /opt/airflow/dags/spark-dag-assignment.py
[2025-02-14T11:35:28.357+0000] {logging_mixin.py:188} INFO - [2025-02-14T11:35:28.357+0000] {dag.py:3047} INFO - Sync 1 DAGs
[2025-02-14T11:35:28.368+0000] {logging_mixin.py:188} INFO - [2025-02-14T11:35:28.367+0000] {dag.py:3834} INFO - Setting next_dagrun for spark_airflow_dag_assignment to None, run_after=None
[2025-02-14T11:35:28.385+0000] {processor.py:183} INFO - Processing /opt/airflow/dags/spark-dag-assignment.py took 0.072 seconds
[2025-02-14T11:35:58.731+0000] {processor.py:161} INFO - Started process (PID=890) to work on /opt/airflow/dags/spark-dag-assignment.py
[2025-02-14T11:35:58.732+0000] {processor.py:830} INFO - Processing file /opt/airflow/dags/spark-dag-assignment.py for tasks to queue
[2025-02-14T11:35:58.733+0000] {logging_mixin.py:188} INFO - [2025-02-14T11:35:58.733+0000] {dagbag.py:540} INFO - Filling up the DagBag from /opt/airflow/dags/spark-dag-assignment.py
[2025-02-14T11:35:58.746+0000] {processor.py:840} INFO - DAG(s) 'spark_airflow_dag_assignment' retrieved from /opt/airflow/dags/spark-dag-assignment.py
[2025-02-14T11:35:58.768+0000] {logging_mixin.py:188} INFO - [2025-02-14T11:35:58.768+0000] {dag.py:3047} INFO - Sync 1 DAGs
[2025-02-14T11:35:58.779+0000] {logging_mixin.py:188} INFO - [2025-02-14T11:35:58.779+0000] {dag.py:3834} INFO - Setting next_dagrun for spark_airflow_dag_assignment to None, run_after=None
[2025-02-14T11:35:58.796+0000] {processor.py:183} INFO - Processing /opt/airflow/dags/spark-dag-assignment.py took 0.068 seconds
[2025-02-14T11:36:29.128+0000] {processor.py:161} INFO - Started process (PID=910) to work on /opt/airflow/dags/spark-dag-assignment.py
[2025-02-14T11:36:29.129+0000] {processor.py:830} INFO - Processing file /opt/airflow/dags/spark-dag-assignment.py for tasks to queue
[2025-02-14T11:36:29.130+0000] {logging_mixin.py:188} INFO - [2025-02-14T11:36:29.130+0000] {dagbag.py:540} INFO - Filling up the DagBag from /opt/airflow/dags/spark-dag-assignment.py
[2025-02-14T11:36:29.143+0000] {processor.py:840} INFO - DAG(s) 'spark_airflow_dag_assignment' retrieved from /opt/airflow/dags/spark-dag-assignment.py
[2025-02-14T11:36:29.166+0000] {logging_mixin.py:188} INFO - [2025-02-14T11:36:29.165+0000] {dag.py:3047} INFO - Sync 1 DAGs
[2025-02-14T11:36:29.177+0000] {logging_mixin.py:188} INFO - [2025-02-14T11:36:29.177+0000] {dag.py:3834} INFO - Setting next_dagrun for spark_airflow_dag_assignment to None, run_after=None
[2025-02-14T11:36:29.195+0000] {processor.py:183} INFO - Processing /opt/airflow/dags/spark-dag-assignment.py took 0.069 seconds
[2025-02-14T11:36:59.525+0000] {processor.py:161} INFO - Started process (PID=930) to work on /opt/airflow/dags/spark-dag-assignment.py
[2025-02-14T11:36:59.526+0000] {processor.py:830} INFO - Processing file /opt/airflow/dags/spark-dag-assignment.py for tasks to queue
[2025-02-14T11:36:59.526+0000] {logging_mixin.py:188} INFO - [2025-02-14T11:36:59.526+0000] {dagbag.py:540} INFO - Filling up the DagBag from /opt/airflow/dags/spark-dag-assignment.py
[2025-02-14T11:36:59.539+0000] {processor.py:840} INFO - DAG(s) 'spark_airflow_dag_assignment' retrieved from /opt/airflow/dags/spark-dag-assignment.py
[2025-02-14T11:36:59.560+0000] {logging_mixin.py:188} INFO - [2025-02-14T11:36:59.560+0000] {dag.py:3047} INFO - Sync 1 DAGs
[2025-02-14T11:36:59.571+0000] {logging_mixin.py:188} INFO - [2025-02-14T11:36:59.571+0000] {dag.py:3834} INFO - Setting next_dagrun for spark_airflow_dag_assignment to None, run_after=None
[2025-02-14T11:36:59.587+0000] {processor.py:183} INFO - Processing /opt/airflow/dags/spark-dag-assignment.py took 0.065 seconds
[2025-02-14T11:37:29.870+0000] {processor.py:161} INFO - Started process (PID=950) to work on /opt/airflow/dags/spark-dag-assignment.py
[2025-02-14T11:37:29.871+0000] {processor.py:830} INFO - Processing file /opt/airflow/dags/spark-dag-assignment.py for tasks to queue
[2025-02-14T11:37:29.872+0000] {logging_mixin.py:188} INFO - [2025-02-14T11:37:29.872+0000] {dagbag.py:540} INFO - Filling up the DagBag from /opt/airflow/dags/spark-dag-assignment.py
[2025-02-14T11:37:29.885+0000] {processor.py:840} INFO - DAG(s) 'spark_airflow_dag_assignment' retrieved from /opt/airflow/dags/spark-dag-assignment.py
[2025-02-14T11:37:29.905+0000] {logging_mixin.py:188} INFO - [2025-02-14T11:37:29.905+0000] {dag.py:3047} INFO - Sync 1 DAGs
[2025-02-14T11:37:29.916+0000] {logging_mixin.py:188} INFO - [2025-02-14T11:37:29.916+0000] {dag.py:3834} INFO - Setting next_dagrun for spark_airflow_dag_assignment to None, run_after=None
[2025-02-14T11:37:29.933+0000] {processor.py:183} INFO - Processing /opt/airflow/dags/spark-dag-assignment.py took 0.066 seconds
[2025-02-14T11:38:00.258+0000] {processor.py:161} INFO - Started process (PID=970) to work on /opt/airflow/dags/spark-dag-assignment.py
[2025-02-14T11:38:00.259+0000] {processor.py:830} INFO - Processing file /opt/airflow/dags/spark-dag-assignment.py for tasks to queue
[2025-02-14T11:38:00.260+0000] {logging_mixin.py:188} INFO - [2025-02-14T11:38:00.260+0000] {dagbag.py:540} INFO - Filling up the DagBag from /opt/airflow/dags/spark-dag-assignment.py
[2025-02-14T11:38:00.273+0000] {processor.py:840} INFO - DAG(s) 'spark_airflow_dag_assignment' retrieved from /opt/airflow/dags/spark-dag-assignment.py
[2025-02-14T11:38:00.295+0000] {logging_mixin.py:188} INFO - [2025-02-14T11:38:00.294+0000] {dag.py:3047} INFO - Sync 1 DAGs
[2025-02-14T11:38:00.305+0000] {logging_mixin.py:188} INFO - [2025-02-14T11:38:00.305+0000] {dag.py:3834} INFO - Setting next_dagrun for spark_airflow_dag_assignment to None, run_after=None
[2025-02-14T11:38:00.321+0000] {processor.py:183} INFO - Processing /opt/airflow/dags/spark-dag-assignment.py took 0.065 seconds
[2025-02-14T11:38:30.652+0000] {processor.py:161} INFO - Started process (PID=990) to work on /opt/airflow/dags/spark-dag-assignment.py
[2025-02-14T11:38:30.653+0000] {processor.py:830} INFO - Processing file /opt/airflow/dags/spark-dag-assignment.py for tasks to queue
[2025-02-14T11:38:30.653+0000] {logging_mixin.py:188} INFO - [2025-02-14T11:38:30.653+0000] {dagbag.py:540} INFO - Filling up the DagBag from /opt/airflow/dags/spark-dag-assignment.py
[2025-02-14T11:38:30.666+0000] {processor.py:840} INFO - DAG(s) 'spark_airflow_dag_assignment' retrieved from /opt/airflow/dags/spark-dag-assignment.py
[2025-02-14T11:38:30.687+0000] {logging_mixin.py:188} INFO - [2025-02-14T11:38:30.687+0000] {dag.py:3047} INFO - Sync 1 DAGs
[2025-02-14T11:38:30.697+0000] {logging_mixin.py:188} INFO - [2025-02-14T11:38:30.697+0000] {dag.py:3834} INFO - Setting next_dagrun for spark_airflow_dag_assignment to None, run_after=None
[2025-02-14T11:38:30.712+0000] {processor.py:183} INFO - Processing /opt/airflow/dags/spark-dag-assignment.py took 0.063 seconds
[2025-02-14T11:39:01.053+0000] {processor.py:161} INFO - Started process (PID=1010) to work on /opt/airflow/dags/spark-dag-assignment.py
[2025-02-14T11:39:01.054+0000] {processor.py:830} INFO - Processing file /opt/airflow/dags/spark-dag-assignment.py for tasks to queue
[2025-02-14T11:39:01.055+0000] {logging_mixin.py:188} INFO - [2025-02-14T11:39:01.054+0000] {dagbag.py:540} INFO - Filling up the DagBag from /opt/airflow/dags/spark-dag-assignment.py
[2025-02-14T11:39:01.068+0000] {processor.py:840} INFO - DAG(s) 'spark_airflow_dag_assignment' retrieved from /opt/airflow/dags/spark-dag-assignment.py
[2025-02-14T11:39:01.091+0000] {logging_mixin.py:188} INFO - [2025-02-14T11:39:01.090+0000] {dag.py:3047} INFO - Sync 1 DAGs
[2025-02-14T11:39:01.103+0000] {logging_mixin.py:188} INFO - [2025-02-14T11:39:01.103+0000] {dag.py:3834} INFO - Setting next_dagrun for spark_airflow_dag_assignment to None, run_after=None
[2025-02-14T11:39:01.122+0000] {processor.py:183} INFO - Processing /opt/airflow/dags/spark-dag-assignment.py took 0.072 seconds
[2025-02-14T11:39:31.459+0000] {processor.py:161} INFO - Started process (PID=1030) to work on /opt/airflow/dags/spark-dag-assignment.py
[2025-02-14T11:39:31.460+0000] {processor.py:830} INFO - Processing file /opt/airflow/dags/spark-dag-assignment.py for tasks to queue
[2025-02-14T11:39:31.460+0000] {logging_mixin.py:188} INFO - [2025-02-14T11:39:31.460+0000] {dagbag.py:540} INFO - Filling up the DagBag from /opt/airflow/dags/spark-dag-assignment.py
[2025-02-14T11:39:31.475+0000] {processor.py:840} INFO - DAG(s) 'spark_airflow_dag_assignment' retrieved from /opt/airflow/dags/spark-dag-assignment.py
[2025-02-14T11:39:31.495+0000] {logging_mixin.py:188} INFO - [2025-02-14T11:39:31.495+0000] {dag.py:3047} INFO - Sync 1 DAGs
[2025-02-14T11:39:31.506+0000] {logging_mixin.py:188} INFO - [2025-02-14T11:39:31.505+0000] {dag.py:3834} INFO - Setting next_dagrun for spark_airflow_dag_assignment to None, run_after=None
[2025-02-14T11:39:31.522+0000] {processor.py:183} INFO - Processing /opt/airflow/dags/spark-dag-assignment.py took 0.067 seconds
[2025-02-14T11:40:01.860+0000] {processor.py:161} INFO - Started process (PID=1050) to work on /opt/airflow/dags/spark-dag-assignment.py
[2025-02-14T11:40:01.861+0000] {processor.py:830} INFO - Processing file /opt/airflow/dags/spark-dag-assignment.py for tasks to queue
[2025-02-14T11:40:01.862+0000] {logging_mixin.py:188} INFO - [2025-02-14T11:40:01.861+0000] {dagbag.py:540} INFO - Filling up the DagBag from /opt/airflow/dags/spark-dag-assignment.py
[2025-02-14T11:40:01.875+0000] {processor.py:840} INFO - DAG(s) 'spark_airflow_dag_assignment' retrieved from /opt/airflow/dags/spark-dag-assignment.py
[2025-02-14T11:40:01.899+0000] {logging_mixin.py:188} INFO - [2025-02-14T11:40:01.899+0000] {dag.py:3047} INFO - Sync 1 DAGs
[2025-02-14T11:40:01.911+0000] {logging_mixin.py:188} INFO - [2025-02-14T11:40:01.911+0000] {dag.py:3834} INFO - Setting next_dagrun for spark_airflow_dag_assignment to None, run_after=None
[2025-02-14T11:40:01.929+0000] {processor.py:183} INFO - Processing /opt/airflow/dags/spark-dag-assignment.py took 0.072 seconds
[2025-02-14T11:40:32.299+0000] {processor.py:161} INFO - Started process (PID=1070) to work on /opt/airflow/dags/spark-dag-assignment.py
[2025-02-14T11:40:32.300+0000] {processor.py:830} INFO - Processing file /opt/airflow/dags/spark-dag-assignment.py for tasks to queue
[2025-02-14T11:40:32.301+0000] {logging_mixin.py:188} INFO - [2025-02-14T11:40:32.301+0000] {dagbag.py:540} INFO - Filling up the DagBag from /opt/airflow/dags/spark-dag-assignment.py
[2025-02-14T11:40:32.318+0000] {processor.py:840} INFO - DAG(s) 'spark_airflow_dag_assignment' retrieved from /opt/airflow/dags/spark-dag-assignment.py
[2025-02-14T11:40:32.341+0000] {logging_mixin.py:188} INFO - [2025-02-14T11:40:32.340+0000] {dag.py:3047} INFO - Sync 1 DAGs
[2025-02-14T11:40:32.351+0000] {logging_mixin.py:188} INFO - [2025-02-14T11:40:32.351+0000] {dag.py:3834} INFO - Setting next_dagrun for spark_airflow_dag_assignment to None, run_after=None
[2025-02-14T11:40:32.367+0000] {processor.py:183} INFO - Processing /opt/airflow/dags/spark-dag-assignment.py took 0.071 seconds
[2025-02-14T11:41:02.691+0000] {processor.py:161} INFO - Started process (PID=1090) to work on /opt/airflow/dags/spark-dag-assignment.py
[2025-02-14T11:41:02.692+0000] {processor.py:830} INFO - Processing file /opt/airflow/dags/spark-dag-assignment.py for tasks to queue
[2025-02-14T11:41:02.693+0000] {logging_mixin.py:188} INFO - [2025-02-14T11:41:02.693+0000] {dagbag.py:540} INFO - Filling up the DagBag from /opt/airflow/dags/spark-dag-assignment.py
[2025-02-14T11:41:02.707+0000] {processor.py:840} INFO - DAG(s) 'spark_airflow_dag_assignment' retrieved from /opt/airflow/dags/spark-dag-assignment.py
[2025-02-14T11:41:02.727+0000] {logging_mixin.py:188} INFO - [2025-02-14T11:41:02.727+0000] {dag.py:3047} INFO - Sync 1 DAGs
[2025-02-14T11:41:02.739+0000] {logging_mixin.py:188} INFO - [2025-02-14T11:41:02.738+0000] {dag.py:3834} INFO - Setting next_dagrun for spark_airflow_dag_assignment to None, run_after=None
[2025-02-14T11:41:02.755+0000] {processor.py:183} INFO - Processing /opt/airflow/dags/spark-dag-assignment.py took 0.066 seconds
[2025-02-14T11:41:33.083+0000] {processor.py:161} INFO - Started process (PID=1110) to work on /opt/airflow/dags/spark-dag-assignment.py
[2025-02-14T11:41:33.083+0000] {processor.py:830} INFO - Processing file /opt/airflow/dags/spark-dag-assignment.py for tasks to queue
[2025-02-14T11:41:33.084+0000] {logging_mixin.py:188} INFO - [2025-02-14T11:41:33.084+0000] {dagbag.py:540} INFO - Filling up the DagBag from /opt/airflow/dags/spark-dag-assignment.py
[2025-02-14T11:41:33.097+0000] {processor.py:840} INFO - DAG(s) 'spark_airflow_dag_assignment' retrieved from /opt/airflow/dags/spark-dag-assignment.py
[2025-02-14T11:41:33.117+0000] {logging_mixin.py:188} INFO - [2025-02-14T11:41:33.117+0000] {dag.py:3047} INFO - Sync 1 DAGs
[2025-02-14T11:41:33.129+0000] {logging_mixin.py:188} INFO - [2025-02-14T11:41:33.129+0000] {dag.py:3834} INFO - Setting next_dagrun for spark_airflow_dag_assignment to None, run_after=None
[2025-02-14T11:41:33.145+0000] {processor.py:183} INFO - Processing /opt/airflow/dags/spark-dag-assignment.py took 0.065 seconds
[2025-02-14T11:42:03.488+0000] {processor.py:161} INFO - Started process (PID=1130) to work on /opt/airflow/dags/spark-dag-assignment.py
[2025-02-14T11:42:03.489+0000] {processor.py:830} INFO - Processing file /opt/airflow/dags/spark-dag-assignment.py for tasks to queue
[2025-02-14T11:42:03.490+0000] {logging_mixin.py:188} INFO - [2025-02-14T11:42:03.490+0000] {dagbag.py:540} INFO - Filling up the DagBag from /opt/airflow/dags/spark-dag-assignment.py
[2025-02-14T11:42:03.503+0000] {processor.py:840} INFO - DAG(s) 'spark_airflow_dag_assignment' retrieved from /opt/airflow/dags/spark-dag-assignment.py
[2025-02-14T11:42:03.525+0000] {logging_mixin.py:188} INFO - [2025-02-14T11:42:03.525+0000] {dag.py:3047} INFO - Sync 1 DAGs
[2025-02-14T11:42:03.536+0000] {logging_mixin.py:188} INFO - [2025-02-14T11:42:03.536+0000] {dag.py:3834} INFO - Setting next_dagrun for spark_airflow_dag_assignment to None, run_after=None
[2025-02-14T11:42:03.553+0000] {processor.py:183} INFO - Processing /opt/airflow/dags/spark-dag-assignment.py took 0.067 seconds
[2025-02-14T11:42:33.943+0000] {processor.py:161} INFO - Started process (PID=1336) to work on /opt/airflow/dags/spark-dag-assignment.py
[2025-02-14T11:42:33.944+0000] {processor.py:830} INFO - Processing file /opt/airflow/dags/spark-dag-assignment.py for tasks to queue
[2025-02-14T11:42:33.945+0000] {logging_mixin.py:188} INFO - [2025-02-14T11:42:33.945+0000] {dagbag.py:540} INFO - Filling up the DagBag from /opt/airflow/dags/spark-dag-assignment.py
[2025-02-14T11:42:33.961+0000] {processor.py:840} INFO - DAG(s) 'spark_airflow_dag_assignment' retrieved from /opt/airflow/dags/spark-dag-assignment.py
[2025-02-14T11:42:33.986+0000] {logging_mixin.py:188} INFO - [2025-02-14T11:42:33.985+0000] {dag.py:3047} INFO - Sync 1 DAGs
[2025-02-14T11:42:33.998+0000] {logging_mixin.py:188} INFO - [2025-02-14T11:42:33.997+0000] {dag.py:3834} INFO - Setting next_dagrun for spark_airflow_dag_assignment to None, run_after=None
[2025-02-14T11:42:34.016+0000] {processor.py:183} INFO - Processing /opt/airflow/dags/spark-dag-assignment.py took 0.076 seconds
[2025-02-14T11:43:04.247+0000] {processor.py:161} INFO - Started process (PID=1408) to work on /opt/airflow/dags/spark-dag-assignment.py
[2025-02-14T11:43:04.248+0000] {processor.py:830} INFO - Processing file /opt/airflow/dags/spark-dag-assignment.py for tasks to queue
[2025-02-14T11:43:04.249+0000] {logging_mixin.py:188} INFO - [2025-02-14T11:43:04.249+0000] {dagbag.py:540} INFO - Filling up the DagBag from /opt/airflow/dags/spark-dag-assignment.py
[2025-02-14T11:43:04.262+0000] {processor.py:840} INFO - DAG(s) 'spark_airflow_dag_assignment' retrieved from /opt/airflow/dags/spark-dag-assignment.py
[2025-02-14T11:43:04.283+0000] {logging_mixin.py:188} INFO - [2025-02-14T11:43:04.282+0000] {dag.py:3047} INFO - Sync 1 DAGs
[2025-02-14T11:43:04.293+0000] {logging_mixin.py:188} INFO - [2025-02-14T11:43:04.293+0000] {dag.py:3834} INFO - Setting next_dagrun for spark_airflow_dag_assignment to None, run_after=None
[2025-02-14T11:43:04.308+0000] {processor.py:183} INFO - Processing /opt/airflow/dags/spark-dag-assignment.py took 0.063 seconds
[2025-02-14T11:43:34.572+0000] {processor.py:161} INFO - Started process (PID=1428) to work on /opt/airflow/dags/spark-dag-assignment.py
[2025-02-14T11:43:34.573+0000] {processor.py:830} INFO - Processing file /opt/airflow/dags/spark-dag-assignment.py for tasks to queue
[2025-02-14T11:43:34.574+0000] {logging_mixin.py:188} INFO - [2025-02-14T11:43:34.574+0000] {dagbag.py:540} INFO - Filling up the DagBag from /opt/airflow/dags/spark-dag-assignment.py
[2025-02-14T11:43:34.587+0000] {processor.py:840} INFO - DAG(s) 'spark_airflow_dag_assignment' retrieved from /opt/airflow/dags/spark-dag-assignment.py
[2025-02-14T11:43:34.608+0000] {logging_mixin.py:188} INFO - [2025-02-14T11:43:34.608+0000] {dag.py:3047} INFO - Sync 1 DAGs
[2025-02-14T11:43:34.619+0000] {logging_mixin.py:188} INFO - [2025-02-14T11:43:34.619+0000] {dag.py:3834} INFO - Setting next_dagrun for spark_airflow_dag_assignment to None, run_after=None
[2025-02-14T11:43:34.634+0000] {processor.py:183} INFO - Processing /opt/airflow/dags/spark-dag-assignment.py took 0.065 seconds
[2025-02-14T11:44:04.878+0000] {processor.py:161} INFO - Started process (PID=1448) to work on /opt/airflow/dags/spark-dag-assignment.py
[2025-02-14T11:44:04.879+0000] {processor.py:830} INFO - Processing file /opt/airflow/dags/spark-dag-assignment.py for tasks to queue
[2025-02-14T11:44:04.880+0000] {logging_mixin.py:188} INFO - [2025-02-14T11:44:04.880+0000] {dagbag.py:540} INFO - Filling up the DagBag from /opt/airflow/dags/spark-dag-assignment.py
[2025-02-14T11:44:04.893+0000] {processor.py:840} INFO - DAG(s) 'spark_airflow_dag_assignment' retrieved from /opt/airflow/dags/spark-dag-assignment.py
[2025-02-14T11:44:04.913+0000] {logging_mixin.py:188} INFO - [2025-02-14T11:44:04.913+0000] {dag.py:3047} INFO - Sync 1 DAGs
[2025-02-14T11:44:04.925+0000] {logging_mixin.py:188} INFO - [2025-02-14T11:44:04.924+0000] {dag.py:3834} INFO - Setting next_dagrun for spark_airflow_dag_assignment to None, run_after=None
[2025-02-14T11:44:04.942+0000] {processor.py:183} INFO - Processing /opt/airflow/dags/spark-dag-assignment.py took 0.066 seconds
[2025-02-14T11:44:35.272+0000] {processor.py:161} INFO - Started process (PID=1468) to work on /opt/airflow/dags/spark-dag-assignment.py
[2025-02-14T11:44:35.273+0000] {processor.py:830} INFO - Processing file /opt/airflow/dags/spark-dag-assignment.py for tasks to queue
[2025-02-14T11:44:35.274+0000] {logging_mixin.py:188} INFO - [2025-02-14T11:44:35.274+0000] {dagbag.py:540} INFO - Filling up the DagBag from /opt/airflow/dags/spark-dag-assignment.py
[2025-02-14T11:44:35.286+0000] {processor.py:840} INFO - DAG(s) 'spark_airflow_dag_assignment' retrieved from /opt/airflow/dags/spark-dag-assignment.py
[2025-02-14T11:44:35.308+0000] {logging_mixin.py:188} INFO - [2025-02-14T11:44:35.308+0000] {dag.py:3047} INFO - Sync 1 DAGs
[2025-02-14T11:44:35.319+0000] {logging_mixin.py:188} INFO - [2025-02-14T11:44:35.319+0000] {dag.py:3834} INFO - Setting next_dagrun for spark_airflow_dag_assignment to None, run_after=None
[2025-02-14T11:44:35.336+0000] {processor.py:183} INFO - Processing /opt/airflow/dags/spark-dag-assignment.py took 0.066 seconds
[2025-02-14T11:45:05.675+0000] {processor.py:161} INFO - Started process (PID=1488) to work on /opt/airflow/dags/spark-dag-assignment.py
[2025-02-14T11:45:05.676+0000] {processor.py:830} INFO - Processing file /opt/airflow/dags/spark-dag-assignment.py for tasks to queue
[2025-02-14T11:45:05.676+0000] {logging_mixin.py:188} INFO - [2025-02-14T11:45:05.676+0000] {dagbag.py:540} INFO - Filling up the DagBag from /opt/airflow/dags/spark-dag-assignment.py
[2025-02-14T11:45:05.689+0000] {processor.py:840} INFO - DAG(s) 'spark_airflow_dag_assignment' retrieved from /opt/airflow/dags/spark-dag-assignment.py
[2025-02-14T11:45:05.710+0000] {logging_mixin.py:188} INFO - [2025-02-14T11:45:05.710+0000] {dag.py:3047} INFO - Sync 1 DAGs
[2025-02-14T11:45:05.720+0000] {logging_mixin.py:188} INFO - [2025-02-14T11:45:05.720+0000] {dag.py:3834} INFO - Setting next_dagrun for spark_airflow_dag_assignment to None, run_after=None
[2025-02-14T11:45:05.736+0000] {processor.py:183} INFO - Processing /opt/airflow/dags/spark-dag-assignment.py took 0.064 seconds
[2025-02-14T11:45:35.982+0000] {processor.py:161} INFO - Started process (PID=1508) to work on /opt/airflow/dags/spark-dag-assignment.py
[2025-02-14T11:45:35.983+0000] {processor.py:830} INFO - Processing file /opt/airflow/dags/spark-dag-assignment.py for tasks to queue
[2025-02-14T11:45:35.983+0000] {logging_mixin.py:188} INFO - [2025-02-14T11:45:35.983+0000] {dagbag.py:540} INFO - Filling up the DagBag from /opt/airflow/dags/spark-dag-assignment.py
[2025-02-14T11:45:35.996+0000] {processor.py:840} INFO - DAG(s) 'spark_airflow_dag_assignment' retrieved from /opt/airflow/dags/spark-dag-assignment.py
[2025-02-14T11:45:36.017+0000] {logging_mixin.py:188} INFO - [2025-02-14T11:45:36.017+0000] {dag.py:3047} INFO - Sync 1 DAGs
[2025-02-14T11:45:36.028+0000] {logging_mixin.py:188} INFO - [2025-02-14T11:45:36.027+0000] {dag.py:3834} INFO - Setting next_dagrun for spark_airflow_dag_assignment to None, run_after=None
[2025-02-14T11:45:36.044+0000] {processor.py:183} INFO - Processing /opt/airflow/dags/spark-dag-assignment.py took 0.064 seconds
[2025-02-14T11:46:06.383+0000] {processor.py:161} INFO - Started process (PID=1528) to work on /opt/airflow/dags/spark-dag-assignment.py
[2025-02-14T11:46:06.384+0000] {processor.py:830} INFO - Processing file /opt/airflow/dags/spark-dag-assignment.py for tasks to queue
[2025-02-14T11:46:06.384+0000] {logging_mixin.py:188} INFO - [2025-02-14T11:46:06.384+0000] {dagbag.py:540} INFO - Filling up the DagBag from /opt/airflow/dags/spark-dag-assignment.py
[2025-02-14T11:46:06.399+0000] {processor.py:840} INFO - DAG(s) 'spark_airflow_dag_assignment' retrieved from /opt/airflow/dags/spark-dag-assignment.py
[2025-02-14T11:46:06.422+0000] {logging_mixin.py:188} INFO - [2025-02-14T11:46:06.422+0000] {dag.py:3047} INFO - Sync 1 DAGs
[2025-02-14T11:46:06.433+0000] {logging_mixin.py:188} INFO - [2025-02-14T11:46:06.433+0000] {dag.py:3834} INFO - Setting next_dagrun for spark_airflow_dag_assignment to None, run_after=None
[2025-02-14T11:46:06.449+0000] {processor.py:183} INFO - Processing /opt/airflow/dags/spark-dag-assignment.py took 0.070 seconds
[2025-02-14T11:46:36.692+0000] {processor.py:161} INFO - Started process (PID=1548) to work on /opt/airflow/dags/spark-dag-assignment.py
[2025-02-14T11:46:36.693+0000] {processor.py:830} INFO - Processing file /opt/airflow/dags/spark-dag-assignment.py for tasks to queue
[2025-02-14T11:46:36.694+0000] {logging_mixin.py:188} INFO - [2025-02-14T11:46:36.693+0000] {dagbag.py:540} INFO - Filling up the DagBag from /opt/airflow/dags/spark-dag-assignment.py
[2025-02-14T11:46:36.707+0000] {processor.py:840} INFO - DAG(s) 'spark_airflow_dag_assignment' retrieved from /opt/airflow/dags/spark-dag-assignment.py
[2025-02-14T11:46:36.728+0000] {logging_mixin.py:188} INFO - [2025-02-14T11:46:36.727+0000] {dag.py:3047} INFO - Sync 1 DAGs
[2025-02-14T11:46:36.739+0000] {logging_mixin.py:188} INFO - [2025-02-14T11:46:36.739+0000] {dag.py:3834} INFO - Setting next_dagrun for spark_airflow_dag_assignment to None, run_after=None
[2025-02-14T11:46:36.755+0000] {processor.py:183} INFO - Processing /opt/airflow/dags/spark-dag-assignment.py took 0.065 seconds
[2025-02-14T11:47:06.993+0000] {processor.py:161} INFO - Started process (PID=1568) to work on /opt/airflow/dags/spark-dag-assignment.py
[2025-02-14T11:47:06.993+0000] {processor.py:830} INFO - Processing file /opt/airflow/dags/spark-dag-assignment.py for tasks to queue
[2025-02-14T11:47:06.994+0000] {logging_mixin.py:188} INFO - [2025-02-14T11:47:06.994+0000] {dagbag.py:540} INFO - Filling up the DagBag from /opt/airflow/dags/spark-dag-assignment.py
[2025-02-14T11:47:07.007+0000] {processor.py:840} INFO - DAG(s) 'spark_airflow_dag_assignment' retrieved from /opt/airflow/dags/spark-dag-assignment.py
[2025-02-14T11:47:07.027+0000] {logging_mixin.py:188} INFO - [2025-02-14T11:47:07.027+0000] {dag.py:3047} INFO - Sync 1 DAGs
[2025-02-14T11:47:07.039+0000] {logging_mixin.py:188} INFO - [2025-02-14T11:47:07.038+0000] {dag.py:3834} INFO - Setting next_dagrun for spark_airflow_dag_assignment to None, run_after=None
[2025-02-14T11:47:07.054+0000] {processor.py:183} INFO - Processing /opt/airflow/dags/spark-dag-assignment.py took 0.064 seconds
[2025-02-14T11:47:37.438+0000] {processor.py:161} INFO - Started process (PID=1588) to work on /opt/airflow/dags/spark-dag-assignment.py
[2025-02-14T11:47:37.438+0000] {processor.py:830} INFO - Processing file /opt/airflow/dags/spark-dag-assignment.py for tasks to queue
[2025-02-14T11:47:37.439+0000] {logging_mixin.py:188} INFO - [2025-02-14T11:47:37.439+0000] {dagbag.py:540} INFO - Filling up the DagBag from /opt/airflow/dags/spark-dag-assignment.py
[2025-02-14T11:47:37.453+0000] {processor.py:840} INFO - DAG(s) 'spark_airflow_dag_assignment' retrieved from /opt/airflow/dags/spark-dag-assignment.py
[2025-02-14T11:47:37.475+0000] {logging_mixin.py:188} INFO - [2025-02-14T11:47:37.475+0000] {dag.py:3047} INFO - Sync 1 DAGs
[2025-02-14T11:47:37.486+0000] {logging_mixin.py:188} INFO - [2025-02-14T11:47:37.486+0000] {dag.py:3834} INFO - Setting next_dagrun for spark_airflow_dag_assignment to None, run_after=None
[2025-02-14T11:47:37.503+0000] {processor.py:183} INFO - Processing /opt/airflow/dags/spark-dag-assignment.py took 0.068 seconds
[2025-02-14T11:48:07.763+0000] {processor.py:161} INFO - Started process (PID=1608) to work on /opt/airflow/dags/spark-dag-assignment.py
[2025-02-14T11:48:07.764+0000] {processor.py:830} INFO - Processing file /opt/airflow/dags/spark-dag-assignment.py for tasks to queue
[2025-02-14T11:48:07.765+0000] {logging_mixin.py:188} INFO - [2025-02-14T11:48:07.764+0000] {dagbag.py:540} INFO - Filling up the DagBag from /opt/airflow/dags/spark-dag-assignment.py
[2025-02-14T11:48:07.779+0000] {processor.py:840} INFO - DAG(s) 'spark_airflow_dag_assignment' retrieved from /opt/airflow/dags/spark-dag-assignment.py
[2025-02-14T11:48:07.801+0000] {logging_mixin.py:188} INFO - [2025-02-14T11:48:07.801+0000] {dag.py:3047} INFO - Sync 1 DAGs
[2025-02-14T11:48:07.812+0000] {logging_mixin.py:188} INFO - [2025-02-14T11:48:07.812+0000] {dag.py:3834} INFO - Setting next_dagrun for spark_airflow_dag_assignment to None, run_after=None
[2025-02-14T11:48:07.828+0000] {processor.py:183} INFO - Processing /opt/airflow/dags/spark-dag-assignment.py took 0.068 seconds
[2025-02-14T11:48:38.150+0000] {processor.py:161} INFO - Started process (PID=1628) to work on /opt/airflow/dags/spark-dag-assignment.py
[2025-02-14T11:48:38.151+0000] {processor.py:830} INFO - Processing file /opt/airflow/dags/spark-dag-assignment.py for tasks to queue
[2025-02-14T11:48:38.152+0000] {logging_mixin.py:188} INFO - [2025-02-14T11:48:38.152+0000] {dagbag.py:540} INFO - Filling up the DagBag from /opt/airflow/dags/spark-dag-assignment.py
[2025-02-14T11:48:38.165+0000] {processor.py:840} INFO - DAG(s) 'spark_airflow_dag_assignment' retrieved from /opt/airflow/dags/spark-dag-assignment.py
[2025-02-14T11:48:38.186+0000] {logging_mixin.py:188} INFO - [2025-02-14T11:48:38.185+0000] {dag.py:3047} INFO - Sync 1 DAGs
[2025-02-14T11:48:38.196+0000] {logging_mixin.py:188} INFO - [2025-02-14T11:48:38.196+0000] {dag.py:3834} INFO - Setting next_dagrun for spark_airflow_dag_assignment to None, run_after=None
[2025-02-14T11:48:38.212+0000] {processor.py:183} INFO - Processing /opt/airflow/dags/spark-dag-assignment.py took 0.065 seconds
[2025-02-14T11:49:08.556+0000] {processor.py:161} INFO - Started process (PID=1648) to work on /opt/airflow/dags/spark-dag-assignment.py
[2025-02-14T11:49:08.556+0000] {processor.py:830} INFO - Processing file /opt/airflow/dags/spark-dag-assignment.py for tasks to queue
[2025-02-14T11:49:08.557+0000] {logging_mixin.py:188} INFO - [2025-02-14T11:49:08.557+0000] {dagbag.py:540} INFO - Filling up the DagBag from /opt/airflow/dags/spark-dag-assignment.py
[2025-02-14T11:49:08.571+0000] {processor.py:840} INFO - DAG(s) 'spark_airflow_dag_assignment' retrieved from /opt/airflow/dags/spark-dag-assignment.py
[2025-02-14T11:49:08.592+0000] {logging_mixin.py:188} INFO - [2025-02-14T11:49:08.591+0000] {dag.py:3047} INFO - Sync 1 DAGs
[2025-02-14T11:49:08.603+0000] {logging_mixin.py:188} INFO - [2025-02-14T11:49:08.602+0000] {dag.py:3834} INFO - Setting next_dagrun for spark_airflow_dag_assignment to None, run_after=None
[2025-02-14T11:49:08.619+0000] {processor.py:183} INFO - Processing /opt/airflow/dags/spark-dag-assignment.py took 0.067 seconds
[2025-02-14T11:49:38.879+0000] {processor.py:161} INFO - Started process (PID=1668) to work on /opt/airflow/dags/spark-dag-assignment.py
[2025-02-14T11:49:38.880+0000] {processor.py:830} INFO - Processing file /opt/airflow/dags/spark-dag-assignment.py for tasks to queue
[2025-02-14T11:49:38.881+0000] {logging_mixin.py:188} INFO - [2025-02-14T11:49:38.881+0000] {dagbag.py:540} INFO - Filling up the DagBag from /opt/airflow/dags/spark-dag-assignment.py
[2025-02-14T11:49:38.897+0000] {processor.py:840} INFO - DAG(s) 'spark_airflow_dag_assignment' retrieved from /opt/airflow/dags/spark-dag-assignment.py
[2025-02-14T11:49:38.923+0000] {logging_mixin.py:188} INFO - [2025-02-14T11:49:38.923+0000] {dag.py:3047} INFO - Sync 1 DAGs
[2025-02-14T11:49:38.938+0000] {logging_mixin.py:188} INFO - [2025-02-14T11:49:38.938+0000] {dag.py:3834} INFO - Setting next_dagrun for spark_airflow_dag_assignment to None, run_after=None
[2025-02-14T11:49:38.955+0000] {processor.py:183} INFO - Processing /opt/airflow/dags/spark-dag-assignment.py took 0.078 seconds
[2025-02-14T11:50:09.301+0000] {processor.py:161} INFO - Started process (PID=1688) to work on /opt/airflow/dags/spark-dag-assignment.py
[2025-02-14T11:50:09.302+0000] {processor.py:830} INFO - Processing file /opt/airflow/dags/spark-dag-assignment.py for tasks to queue
[2025-02-14T11:50:09.302+0000] {logging_mixin.py:188} INFO - [2025-02-14T11:50:09.302+0000] {dagbag.py:540} INFO - Filling up the DagBag from /opt/airflow/dags/spark-dag-assignment.py
[2025-02-14T11:50:09.317+0000] {processor.py:840} INFO - DAG(s) 'spark_airflow_dag_assignment' retrieved from /opt/airflow/dags/spark-dag-assignment.py
[2025-02-14T11:50:09.339+0000] {logging_mixin.py:188} INFO - [2025-02-14T11:50:09.339+0000] {dag.py:3047} INFO - Sync 1 DAGs
[2025-02-14T11:50:09.350+0000] {logging_mixin.py:188} INFO - [2025-02-14T11:50:09.350+0000] {dag.py:3834} INFO - Setting next_dagrun for spark_airflow_dag_assignment to None, run_after=None
[2025-02-14T11:50:09.368+0000] {processor.py:183} INFO - Processing /opt/airflow/dags/spark-dag-assignment.py took 0.070 seconds
[2025-02-14T11:50:39.708+0000] {processor.py:161} INFO - Started process (PID=1708) to work on /opt/airflow/dags/spark-dag-assignment.py
[2025-02-14T11:50:39.708+0000] {processor.py:830} INFO - Processing file /opt/airflow/dags/spark-dag-assignment.py for tasks to queue
[2025-02-14T11:50:39.709+0000] {logging_mixin.py:188} INFO - [2025-02-14T11:50:39.709+0000] {dagbag.py:540} INFO - Filling up the DagBag from /opt/airflow/dags/spark-dag-assignment.py
[2025-02-14T11:50:39.724+0000] {processor.py:840} INFO - DAG(s) 'spark_airflow_dag_assignment' retrieved from /opt/airflow/dags/spark-dag-assignment.py
[2025-02-14T11:50:39.747+0000] {logging_mixin.py:188} INFO - [2025-02-14T11:50:39.747+0000] {dag.py:3047} INFO - Sync 1 DAGs
[2025-02-14T11:50:39.758+0000] {logging_mixin.py:188} INFO - [2025-02-14T11:50:39.758+0000] {dag.py:3834} INFO - Setting next_dagrun for spark_airflow_dag_assignment to None, run_after=None
[2025-02-14T11:50:39.776+0000] {processor.py:183} INFO - Processing /opt/airflow/dags/spark-dag-assignment.py took 0.071 seconds
[2025-02-14T11:51:10.022+0000] {processor.py:161} INFO - Started process (PID=1728) to work on /opt/airflow/dags/spark-dag-assignment.py
[2025-02-14T11:51:10.022+0000] {processor.py:830} INFO - Processing file /opt/airflow/dags/spark-dag-assignment.py for tasks to queue
[2025-02-14T11:51:10.023+0000] {logging_mixin.py:188} INFO - [2025-02-14T11:51:10.023+0000] {dagbag.py:540} INFO - Filling up the DagBag from /opt/airflow/dags/spark-dag-assignment.py
[2025-02-14T11:51:10.036+0000] {processor.py:840} INFO - DAG(s) 'spark_airflow_dag_assignment' retrieved from /opt/airflow/dags/spark-dag-assignment.py
[2025-02-14T11:51:10.057+0000] {logging_mixin.py:188} INFO - [2025-02-14T11:51:10.056+0000] {dag.py:3047} INFO - Sync 1 DAGs
[2025-02-14T11:51:10.067+0000] {logging_mixin.py:188} INFO - [2025-02-14T11:51:10.067+0000] {dag.py:3834} INFO - Setting next_dagrun for spark_airflow_dag_assignment to None, run_after=None
[2025-02-14T11:51:10.083+0000] {processor.py:183} INFO - Processing /opt/airflow/dags/spark-dag-assignment.py took 0.064 seconds
[2025-02-14T11:51:40.340+0000] {processor.py:161} INFO - Started process (PID=1748) to work on /opt/airflow/dags/spark-dag-assignment.py
[2025-02-14T11:51:40.341+0000] {processor.py:830} INFO - Processing file /opt/airflow/dags/spark-dag-assignment.py for tasks to queue
[2025-02-14T11:51:40.342+0000] {logging_mixin.py:188} INFO - [2025-02-14T11:51:40.341+0000] {dagbag.py:540} INFO - Filling up the DagBag from /opt/airflow/dags/spark-dag-assignment.py
[2025-02-14T11:51:40.355+0000] {processor.py:840} INFO - DAG(s) 'spark_airflow_dag_assignment' retrieved from /opt/airflow/dags/spark-dag-assignment.py
[2025-02-14T11:51:40.377+0000] {logging_mixin.py:188} INFO - [2025-02-14T11:51:40.377+0000] {dag.py:3047} INFO - Sync 1 DAGs
[2025-02-14T11:51:40.388+0000] {logging_mixin.py:188} INFO - [2025-02-14T11:51:40.388+0000] {dag.py:3834} INFO - Setting next_dagrun for spark_airflow_dag_assignment to None, run_after=None
[2025-02-14T11:51:40.406+0000] {processor.py:183} INFO - Processing /opt/airflow/dags/spark-dag-assignment.py took 0.069 seconds
[2025-02-14T11:52:10.744+0000] {processor.py:161} INFO - Started process (PID=1768) to work on /opt/airflow/dags/spark-dag-assignment.py
[2025-02-14T11:52:10.745+0000] {processor.py:830} INFO - Processing file /opt/airflow/dags/spark-dag-assignment.py for tasks to queue
[2025-02-14T11:52:10.746+0000] {logging_mixin.py:188} INFO - [2025-02-14T11:52:10.745+0000] {dagbag.py:540} INFO - Filling up the DagBag from /opt/airflow/dags/spark-dag-assignment.py
[2025-02-14T11:52:10.759+0000] {processor.py:840} INFO - DAG(s) 'spark_airflow_dag_assignment' retrieved from /opt/airflow/dags/spark-dag-assignment.py
[2025-02-14T11:52:10.782+0000] {logging_mixin.py:188} INFO - [2025-02-14T11:52:10.781+0000] {dag.py:3047} INFO - Sync 1 DAGs
[2025-02-14T11:52:10.793+0000] {logging_mixin.py:188} INFO - [2025-02-14T11:52:10.792+0000] {dag.py:3834} INFO - Setting next_dagrun for spark_airflow_dag_assignment to None, run_after=None
[2025-02-14T11:52:10.811+0000] {processor.py:183} INFO - Processing /opt/airflow/dags/spark-dag-assignment.py took 0.070 seconds
[2025-02-14T11:52:41.185+0000] {processor.py:161} INFO - Started process (PID=1788) to work on /opt/airflow/dags/spark-dag-assignment.py
[2025-02-14T11:52:41.185+0000] {processor.py:830} INFO - Processing file /opt/airflow/dags/spark-dag-assignment.py for tasks to queue
[2025-02-14T11:52:41.186+0000] {logging_mixin.py:188} INFO - [2025-02-14T11:52:41.186+0000] {dagbag.py:540} INFO - Filling up the DagBag from /opt/airflow/dags/spark-dag-assignment.py
[2025-02-14T11:52:41.199+0000] {processor.py:840} INFO - DAG(s) 'spark_airflow_dag_assignment' retrieved from /opt/airflow/dags/spark-dag-assignment.py
[2025-02-14T11:52:41.219+0000] {logging_mixin.py:188} INFO - [2025-02-14T11:52:41.219+0000] {dag.py:3047} INFO - Sync 1 DAGs
[2025-02-14T11:52:41.230+0000] {logging_mixin.py:188} INFO - [2025-02-14T11:52:41.229+0000] {dag.py:3834} INFO - Setting next_dagrun for spark_airflow_dag_assignment to None, run_after=None
[2025-02-14T11:52:41.245+0000] {processor.py:183} INFO - Processing /opt/airflow/dags/spark-dag-assignment.py took 0.063 seconds
[2025-02-14T11:53:11.633+0000] {processor.py:161} INFO - Started process (PID=1808) to work on /opt/airflow/dags/spark-dag-assignment.py
[2025-02-14T11:53:11.634+0000] {processor.py:830} INFO - Processing file /opt/airflow/dags/spark-dag-assignment.py for tasks to queue
[2025-02-14T11:53:11.635+0000] {logging_mixin.py:188} INFO - [2025-02-14T11:53:11.634+0000] {dagbag.py:540} INFO - Filling up the DagBag from /opt/airflow/dags/spark-dag-assignment.py
[2025-02-14T11:53:11.649+0000] {processor.py:840} INFO - DAG(s) 'spark_airflow_dag_assignment' retrieved from /opt/airflow/dags/spark-dag-assignment.py
[2025-02-14T11:53:11.673+0000] {logging_mixin.py:188} INFO - [2025-02-14T11:53:11.673+0000] {dag.py:3047} INFO - Sync 1 DAGs
[2025-02-14T11:53:11.685+0000] {logging_mixin.py:188} INFO - [2025-02-14T11:53:11.684+0000] {dag.py:3834} INFO - Setting next_dagrun for spark_airflow_dag_assignment to None, run_after=None
[2025-02-14T11:53:11.706+0000] {processor.py:183} INFO - Processing /opt/airflow/dags/spark-dag-assignment.py took 0.076 seconds
[2025-02-14T11:53:42.053+0000] {processor.py:161} INFO - Started process (PID=1828) to work on /opt/airflow/dags/spark-dag-assignment.py
[2025-02-14T11:53:42.054+0000] {processor.py:830} INFO - Processing file /opt/airflow/dags/spark-dag-assignment.py for tasks to queue
[2025-02-14T11:53:42.055+0000] {logging_mixin.py:188} INFO - [2025-02-14T11:53:42.054+0000] {dagbag.py:540} INFO - Filling up the DagBag from /opt/airflow/dags/spark-dag-assignment.py
[2025-02-14T11:53:42.068+0000] {processor.py:840} INFO - DAG(s) 'spark_airflow_dag_assignment' retrieved from /opt/airflow/dags/spark-dag-assignment.py
[2025-02-14T11:53:42.090+0000] {logging_mixin.py:188} INFO - [2025-02-14T11:53:42.090+0000] {dag.py:3047} INFO - Sync 1 DAGs
[2025-02-14T11:53:42.101+0000] {logging_mixin.py:188} INFO - [2025-02-14T11:53:42.101+0000] {dag.py:3834} INFO - Setting next_dagrun for spark_airflow_dag_assignment to None, run_after=None
[2025-02-14T11:53:42.117+0000] {processor.py:183} INFO - Processing /opt/airflow/dags/spark-dag-assignment.py took 0.066 seconds
[2025-02-14T11:54:12.447+0000] {processor.py:161} INFO - Started process (PID=1848) to work on /opt/airflow/dags/spark-dag-assignment.py
[2025-02-14T11:54:12.448+0000] {processor.py:830} INFO - Processing file /opt/airflow/dags/spark-dag-assignment.py for tasks to queue
[2025-02-14T11:54:12.449+0000] {logging_mixin.py:188} INFO - [2025-02-14T11:54:12.449+0000] {dagbag.py:540} INFO - Filling up the DagBag from /opt/airflow/dags/spark-dag-assignment.py
[2025-02-14T11:54:12.462+0000] {processor.py:840} INFO - DAG(s) 'spark_airflow_dag_assignment' retrieved from /opt/airflow/dags/spark-dag-assignment.py
[2025-02-14T11:54:12.483+0000] {logging_mixin.py:188} INFO - [2025-02-14T11:54:12.483+0000] {dag.py:3047} INFO - Sync 1 DAGs
[2025-02-14T11:54:12.493+0000] {logging_mixin.py:188} INFO - [2025-02-14T11:54:12.493+0000] {dag.py:3834} INFO - Setting next_dagrun for spark_airflow_dag_assignment to None, run_after=None
[2025-02-14T11:54:12.508+0000] {processor.py:183} INFO - Processing /opt/airflow/dags/spark-dag-assignment.py took 0.064 seconds
[2025-02-14T11:54:42.840+0000] {processor.py:161} INFO - Started process (PID=1868) to work on /opt/airflow/dags/spark-dag-assignment.py
[2025-02-14T11:54:42.841+0000] {processor.py:830} INFO - Processing file /opt/airflow/dags/spark-dag-assignment.py for tasks to queue
[2025-02-14T11:54:42.842+0000] {logging_mixin.py:188} INFO - [2025-02-14T11:54:42.841+0000] {dagbag.py:540} INFO - Filling up the DagBag from /opt/airflow/dags/spark-dag-assignment.py
[2025-02-14T11:54:42.856+0000] {processor.py:840} INFO - DAG(s) 'spark_airflow_dag_assignment' retrieved from /opt/airflow/dags/spark-dag-assignment.py
[2025-02-14T11:54:42.877+0000] {logging_mixin.py:188} INFO - [2025-02-14T11:54:42.877+0000] {dag.py:3047} INFO - Sync 1 DAGs
[2025-02-14T11:54:42.888+0000] {logging_mixin.py:188} INFO - [2025-02-14T11:54:42.888+0000] {dag.py:3834} INFO - Setting next_dagrun for spark_airflow_dag_assignment to None, run_after=None
[2025-02-14T11:54:42.904+0000] {processor.py:183} INFO - Processing /opt/airflow/dags/spark-dag-assignment.py took 0.068 seconds
[2025-02-14T11:55:13.232+0000] {processor.py:161} INFO - Started process (PID=1888) to work on /opt/airflow/dags/spark-dag-assignment.py
[2025-02-14T11:55:13.233+0000] {processor.py:830} INFO - Processing file /opt/airflow/dags/spark-dag-assignment.py for tasks to queue
[2025-02-14T11:55:13.234+0000] {logging_mixin.py:188} INFO - [2025-02-14T11:55:13.233+0000] {dagbag.py:540} INFO - Filling up the DagBag from /opt/airflow/dags/spark-dag-assignment.py
[2025-02-14T11:55:13.246+0000] {processor.py:840} INFO - DAG(s) 'spark_airflow_dag_assignment' retrieved from /opt/airflow/dags/spark-dag-assignment.py
[2025-02-14T11:55:13.268+0000] {logging_mixin.py:188} INFO - [2025-02-14T11:55:13.268+0000] {dag.py:3047} INFO - Sync 1 DAGs
[2025-02-14T11:55:13.279+0000] {logging_mixin.py:188} INFO - [2025-02-14T11:55:13.279+0000] {dag.py:3834} INFO - Setting next_dagrun for spark_airflow_dag_assignment to None, run_after=None
[2025-02-14T11:55:13.295+0000] {processor.py:183} INFO - Processing /opt/airflow/dags/spark-dag-assignment.py took 0.066 seconds
[2025-02-14T11:55:43.634+0000] {processor.py:161} INFO - Started process (PID=1908) to work on /opt/airflow/dags/spark-dag-assignment.py
[2025-02-14T11:55:43.635+0000] {processor.py:830} INFO - Processing file /opt/airflow/dags/spark-dag-assignment.py for tasks to queue
[2025-02-14T11:55:43.636+0000] {logging_mixin.py:188} INFO - [2025-02-14T11:55:43.635+0000] {dagbag.py:540} INFO - Filling up the DagBag from /opt/airflow/dags/spark-dag-assignment.py
[2025-02-14T11:55:43.650+0000] {processor.py:840} INFO - DAG(s) 'spark_airflow_dag_assignment' retrieved from /opt/airflow/dags/spark-dag-assignment.py
[2025-02-14T11:55:43.671+0000] {logging_mixin.py:188} INFO - [2025-02-14T11:55:43.671+0000] {dag.py:3047} INFO - Sync 1 DAGs
[2025-02-14T11:55:43.682+0000] {logging_mixin.py:188} INFO - [2025-02-14T11:55:43.682+0000] {dag.py:3834} INFO - Setting next_dagrun for spark_airflow_dag_assignment to None, run_after=None
[2025-02-14T11:55:43.698+0000] {processor.py:183} INFO - Processing /opt/airflow/dags/spark-dag-assignment.py took 0.067 seconds
[2025-02-14T11:59:07.687+0000] {processor.py:161} INFO - Started process (PID=178) to work on /opt/airflow/dags/spark-dag-assignment.py
[2025-02-14T11:59:07.688+0000] {processor.py:830} INFO - Processing file /opt/airflow/dags/spark-dag-assignment.py for tasks to queue
[2025-02-14T11:59:07.689+0000] {logging_mixin.py:188} INFO - [2025-02-14T11:59:07.689+0000] {dagbag.py:540} INFO - Filling up the DagBag from /opt/airflow/dags/spark-dag-assignment.py
[2025-02-14T11:59:07.703+0000] {processor.py:840} INFO - DAG(s) 'spark_airflow_dag_assignment' retrieved from /opt/airflow/dags/spark-dag-assignment.py
[2025-02-14T11:59:07.714+0000] {logging_mixin.py:188} INFO - [2025-02-14T11:59:07.713+0000] {dag.py:3047} INFO - Sync 1 DAGs
[2025-02-14T11:59:07.730+0000] {logging_mixin.py:188} INFO - [2025-02-14T11:59:07.730+0000] {dag.py:3834} INFO - Setting next_dagrun for spark_airflow_dag_assignment to None, run_after=None
[2025-02-14T11:59:07.747+0000] {processor.py:183} INFO - Processing /opt/airflow/dags/spark-dag-assignment.py took 0.063 seconds
[2025-02-14T11:59:38.167+0000] {processor.py:161} INFO - Started process (PID=198) to work on /opt/airflow/dags/spark-dag-assignment.py
[2025-02-14T11:59:38.168+0000] {processor.py:830} INFO - Processing file /opt/airflow/dags/spark-dag-assignment.py for tasks to queue
[2025-02-14T11:59:38.169+0000] {logging_mixin.py:188} INFO - [2025-02-14T11:59:38.169+0000] {dagbag.py:540} INFO - Filling up the DagBag from /opt/airflow/dags/spark-dag-assignment.py
[2025-02-14T11:59:38.182+0000] {processor.py:840} INFO - DAG(s) 'spark_airflow_dag_assignment' retrieved from /opt/airflow/dags/spark-dag-assignment.py
[2025-02-14T11:59:38.274+0000] {logging_mixin.py:188} INFO - [2025-02-14T11:59:38.273+0000] {dag.py:3047} INFO - Sync 1 DAGs
[2025-02-14T11:59:38.283+0000] {logging_mixin.py:188} INFO - [2025-02-14T11:59:38.283+0000] {dag.py:3834} INFO - Setting next_dagrun for spark_airflow_dag_assignment to None, run_after=None
[2025-02-14T11:59:38.300+0000] {processor.py:183} INFO - Processing /opt/airflow/dags/spark-dag-assignment.py took 0.135 seconds
[2025-02-14T12:00:08.502+0000] {processor.py:161} INFO - Started process (PID=218) to work on /opt/airflow/dags/spark-dag-assignment.py
[2025-02-14T12:00:08.503+0000] {processor.py:830} INFO - Processing file /opt/airflow/dags/spark-dag-assignment.py for tasks to queue
[2025-02-14T12:00:08.503+0000] {logging_mixin.py:188} INFO - [2025-02-14T12:00:08.503+0000] {dagbag.py:540} INFO - Filling up the DagBag from /opt/airflow/dags/spark-dag-assignment.py
[2025-02-14T12:00:08.516+0000] {processor.py:840} INFO - DAG(s) 'spark_airflow_dag_assignment' retrieved from /opt/airflow/dags/spark-dag-assignment.py
[2025-02-14T12:00:08.539+0000] {logging_mixin.py:188} INFO - [2025-02-14T12:00:08.539+0000] {dag.py:3047} INFO - Sync 1 DAGs
[2025-02-14T12:00:08.552+0000] {logging_mixin.py:188} INFO - [2025-02-14T12:00:08.552+0000] {dag.py:3834} INFO - Setting next_dagrun for spark_airflow_dag_assignment to None, run_after=None
[2025-02-14T12:00:08.571+0000] {processor.py:183} INFO - Processing /opt/airflow/dags/spark-dag-assignment.py took 0.072 seconds
[2025-02-14T12:00:38.812+0000] {processor.py:161} INFO - Started process (PID=238) to work on /opt/airflow/dags/spark-dag-assignment.py
[2025-02-14T12:00:38.813+0000] {processor.py:830} INFO - Processing file /opt/airflow/dags/spark-dag-assignment.py for tasks to queue
[2025-02-14T12:00:38.814+0000] {logging_mixin.py:188} INFO - [2025-02-14T12:00:38.814+0000] {dagbag.py:540} INFO - Filling up the DagBag from /opt/airflow/dags/spark-dag-assignment.py
[2025-02-14T12:00:38.829+0000] {processor.py:840} INFO - DAG(s) 'spark_airflow_dag_assignment' retrieved from /opt/airflow/dags/spark-dag-assignment.py
[2025-02-14T12:00:38.849+0000] {logging_mixin.py:188} INFO - [2025-02-14T12:00:38.849+0000] {dag.py:3047} INFO - Sync 1 DAGs
[2025-02-14T12:00:38.860+0000] {logging_mixin.py:188} INFO - [2025-02-14T12:00:38.860+0000] {dag.py:3834} INFO - Setting next_dagrun for spark_airflow_dag_assignment to None, run_after=None
[2025-02-14T12:00:38.876+0000] {processor.py:183} INFO - Processing /opt/airflow/dags/spark-dag-assignment.py took 0.066 seconds
[2025-02-14T12:11:45.387+0000] {processor.py:161} INFO - Started process (PID=178) to work on /opt/airflow/dags/spark-dag-assignment.py
[2025-02-14T12:11:45.389+0000] {processor.py:830} INFO - Processing file /opt/airflow/dags/spark-dag-assignment.py for tasks to queue
[2025-02-14T12:11:45.392+0000] {logging_mixin.py:188} INFO - [2025-02-14T12:11:45.391+0000] {dagbag.py:540} INFO - Filling up the DagBag from /opt/airflow/dags/spark-dag-assignment.py
[2025-02-14T12:11:45.439+0000] {processor.py:840} INFO - DAG(s) 'spark_airflow_dag_assignment' retrieved from /opt/airflow/dags/spark-dag-assignment.py
[2025-02-14T12:11:45.466+0000] {logging_mixin.py:188} INFO - [2025-02-14T12:11:45.466+0000] {dag.py:3047} INFO - Sync 1 DAGs
[2025-02-14T12:11:45.492+0000] {logging_mixin.py:188} INFO - [2025-02-14T12:11:45.492+0000] {dag.py:3834} INFO - Setting next_dagrun for spark_airflow_dag_assignment to None, run_after=None
[2025-02-14T12:11:45.534+0000] {processor.py:183} INFO - Processing /opt/airflow/dags/spark-dag-assignment.py took 0.152 seconds
[2025-02-14T12:12:16.575+0000] {processor.py:161} INFO - Started process (PID=198) to work on /opt/airflow/dags/spark-dag-assignment.py
[2025-02-14T12:12:16.577+0000] {processor.py:830} INFO - Processing file /opt/airflow/dags/spark-dag-assignment.py for tasks to queue
[2025-02-14T12:12:16.579+0000] {logging_mixin.py:188} INFO - [2025-02-14T12:12:16.579+0000] {dagbag.py:540} INFO - Filling up the DagBag from /opt/airflow/dags/spark-dag-assignment.py
[2025-02-14T12:12:16.626+0000] {processor.py:840} INFO - DAG(s) 'spark_airflow_dag_assignment' retrieved from /opt/airflow/dags/spark-dag-assignment.py
[2025-02-14T12:12:16.848+0000] {logging_mixin.py:188} INFO - [2025-02-14T12:12:16.848+0000] {dag.py:3047} INFO - Sync 1 DAGs
[2025-02-14T12:12:16.870+0000] {logging_mixin.py:188} INFO - [2025-02-14T12:12:16.869+0000] {dag.py:3834} INFO - Setting next_dagrun for spark_airflow_dag_assignment to None, run_after=None
[2025-02-14T12:12:16.913+0000] {processor.py:183} INFO - Processing /opt/airflow/dags/spark-dag-assignment.py took 0.344 seconds
[2025-02-14T12:12:47.139+0000] {processor.py:161} INFO - Started process (PID=218) to work on /opt/airflow/dags/spark-dag-assignment.py
[2025-02-14T12:12:47.141+0000] {processor.py:830} INFO - Processing file /opt/airflow/dags/spark-dag-assignment.py for tasks to queue
[2025-02-14T12:12:47.143+0000] {logging_mixin.py:188} INFO - [2025-02-14T12:12:47.143+0000] {dagbag.py:540} INFO - Filling up the DagBag from /opt/airflow/dags/spark-dag-assignment.py
[2025-02-14T12:12:47.191+0000] {processor.py:840} INFO - DAG(s) 'spark_airflow_dag_assignment' retrieved from /opt/airflow/dags/spark-dag-assignment.py
[2025-02-14T12:12:47.245+0000] {logging_mixin.py:188} INFO - [2025-02-14T12:12:47.244+0000] {dag.py:3047} INFO - Sync 1 DAGs
[2025-02-14T12:12:47.270+0000] {logging_mixin.py:188} INFO - [2025-02-14T12:12:47.270+0000] {dag.py:3834} INFO - Setting next_dagrun for spark_airflow_dag_assignment to None, run_after=None
[2025-02-14T12:12:47.318+0000] {processor.py:183} INFO - Processing /opt/airflow/dags/spark-dag-assignment.py took 0.185 seconds
[2025-02-14T12:13:18.184+0000] {processor.py:161} INFO - Started process (PID=238) to work on /opt/airflow/dags/spark-dag-assignment.py
[2025-02-14T12:13:18.186+0000] {processor.py:830} INFO - Processing file /opt/airflow/dags/spark-dag-assignment.py for tasks to queue
[2025-02-14T12:13:18.188+0000] {logging_mixin.py:188} INFO - [2025-02-14T12:13:18.187+0000] {dagbag.py:540} INFO - Filling up the DagBag from /opt/airflow/dags/spark-dag-assignment.py
[2025-02-14T12:13:18.238+0000] {processor.py:840} INFO - DAG(s) 'spark_airflow_dag_assignment' retrieved from /opt/airflow/dags/spark-dag-assignment.py
[2025-02-14T12:13:18.294+0000] {logging_mixin.py:188} INFO - [2025-02-14T12:13:18.293+0000] {dag.py:3047} INFO - Sync 1 DAGs
[2025-02-14T12:13:18.317+0000] {logging_mixin.py:188} INFO - [2025-02-14T12:13:18.317+0000] {dag.py:3834} INFO - Setting next_dagrun for spark_airflow_dag_assignment to None, run_after=None
[2025-02-14T12:13:18.363+0000] {processor.py:183} INFO - Processing /opt/airflow/dags/spark-dag-assignment.py took 0.186 seconds
[2025-02-14T12:13:49.200+0000] {processor.py:161} INFO - Started process (PID=258) to work on /opt/airflow/dags/spark-dag-assignment.py
[2025-02-14T12:13:49.202+0000] {processor.py:830} INFO - Processing file /opt/airflow/dags/spark-dag-assignment.py for tasks to queue
[2025-02-14T12:13:49.204+0000] {logging_mixin.py:188} INFO - [2025-02-14T12:13:49.203+0000] {dagbag.py:540} INFO - Filling up the DagBag from /opt/airflow/dags/spark-dag-assignment.py
[2025-02-14T12:13:49.251+0000] {processor.py:840} INFO - DAG(s) 'spark_airflow_dag_assignment' retrieved from /opt/airflow/dags/spark-dag-assignment.py
[2025-02-14T12:13:49.304+0000] {logging_mixin.py:188} INFO - [2025-02-14T12:13:49.303+0000] {dag.py:3047} INFO - Sync 1 DAGs
[2025-02-14T12:13:49.329+0000] {logging_mixin.py:188} INFO - [2025-02-14T12:13:49.328+0000] {dag.py:3834} INFO - Setting next_dagrun for spark_airflow_dag_assignment to None, run_after=None
[2025-02-14T12:13:49.374+0000] {processor.py:183} INFO - Processing /opt/airflow/dags/spark-dag-assignment.py took 0.180 seconds
[2025-02-14T12:14:20.286+0000] {processor.py:161} INFO - Started process (PID=347) to work on /opt/airflow/dags/spark-dag-assignment.py
[2025-02-14T12:14:20.289+0000] {processor.py:830} INFO - Processing file /opt/airflow/dags/spark-dag-assignment.py for tasks to queue
[2025-02-14T12:14:20.296+0000] {logging_mixin.py:188} INFO - [2025-02-14T12:14:20.294+0000] {dagbag.py:540} INFO - Filling up the DagBag from /opt/airflow/dags/spark-dag-assignment.py
[2025-02-14T12:14:20.343+0000] {processor.py:840} INFO - DAG(s) 'spark_airflow_dag_assignment' retrieved from /opt/airflow/dags/spark-dag-assignment.py
[2025-02-14T12:14:20.420+0000] {logging_mixin.py:188} INFO - [2025-02-14T12:14:20.419+0000] {dag.py:3047} INFO - Sync 1 DAGs
[2025-02-14T12:14:20.458+0000] {logging_mixin.py:188} INFO - [2025-02-14T12:14:20.457+0000] {dag.py:3834} INFO - Setting next_dagrun for spark_airflow_dag_assignment to None, run_after=None
[2025-02-14T12:14:20.519+0000] {processor.py:183} INFO - Processing /opt/airflow/dags/spark-dag-assignment.py took 0.240 seconds
[2025-02-14T12:14:51.348+0000] {processor.py:161} INFO - Started process (PID=368) to work on /opt/airflow/dags/spark-dag-assignment.py
[2025-02-14T12:14:51.351+0000] {processor.py:830} INFO - Processing file /opt/airflow/dags/spark-dag-assignment.py for tasks to queue
[2025-02-14T12:14:51.353+0000] {logging_mixin.py:188} INFO - [2025-02-14T12:14:51.352+0000] {dagbag.py:540} INFO - Filling up the DagBag from /opt/airflow/dags/spark-dag-assignment.py
[2025-02-14T12:14:51.393+0000] {processor.py:840} INFO - DAG(s) 'spark_airflow_dag_assignment' retrieved from /opt/airflow/dags/spark-dag-assignment.py
[2025-02-14T12:14:51.446+0000] {logging_mixin.py:188} INFO - [2025-02-14T12:14:51.445+0000] {dag.py:3047} INFO - Sync 1 DAGs
[2025-02-14T12:14:51.471+0000] {logging_mixin.py:188} INFO - [2025-02-14T12:14:51.471+0000] {dag.py:3834} INFO - Setting next_dagrun for spark_airflow_dag_assignment to None, run_after=None
[2025-02-14T12:14:51.519+0000] {processor.py:183} INFO - Processing /opt/airflow/dags/spark-dag-assignment.py took 0.178 seconds
[2025-02-14T12:15:22.323+0000] {processor.py:161} INFO - Started process (PID=388) to work on /opt/airflow/dags/spark-dag-assignment.py
[2025-02-14T12:15:22.325+0000] {processor.py:830} INFO - Processing file /opt/airflow/dags/spark-dag-assignment.py for tasks to queue
[2025-02-14T12:15:22.327+0000] {logging_mixin.py:188} INFO - [2025-02-14T12:15:22.326+0000] {dagbag.py:540} INFO - Filling up the DagBag from /opt/airflow/dags/spark-dag-assignment.py
[2025-02-14T12:15:22.371+0000] {processor.py:840} INFO - DAG(s) 'spark_airflow_dag_assignment' retrieved from /opt/airflow/dags/spark-dag-assignment.py
[2025-02-14T12:15:22.425+0000] {logging_mixin.py:188} INFO - [2025-02-14T12:15:22.424+0000] {dag.py:3047} INFO - Sync 1 DAGs
[2025-02-14T12:15:22.454+0000] {logging_mixin.py:188} INFO - [2025-02-14T12:15:22.453+0000] {dag.py:3834} INFO - Setting next_dagrun for spark_airflow_dag_assignment to None, run_after=None
[2025-02-14T12:15:22.502+0000] {processor.py:183} INFO - Processing /opt/airflow/dags/spark-dag-assignment.py took 0.186 seconds
[2025-02-14T12:15:53.280+0000] {processor.py:161} INFO - Started process (PID=408) to work on /opt/airflow/dags/spark-dag-assignment.py
[2025-02-14T12:15:53.282+0000] {processor.py:830} INFO - Processing file /opt/airflow/dags/spark-dag-assignment.py for tasks to queue
[2025-02-14T12:15:53.284+0000] {logging_mixin.py:188} INFO - [2025-02-14T12:15:53.283+0000] {dagbag.py:540} INFO - Filling up the DagBag from /opt/airflow/dags/spark-dag-assignment.py
[2025-02-14T12:15:53.329+0000] {processor.py:840} INFO - DAG(s) 'spark_airflow_dag_assignment' retrieved from /opt/airflow/dags/spark-dag-assignment.py
[2025-02-14T12:15:53.382+0000] {logging_mixin.py:188} INFO - [2025-02-14T12:15:53.381+0000] {dag.py:3047} INFO - Sync 1 DAGs
[2025-02-14T12:15:53.412+0000] {logging_mixin.py:188} INFO - [2025-02-14T12:15:53.411+0000] {dag.py:3834} INFO - Setting next_dagrun for spark_airflow_dag_assignment to None, run_after=None
[2025-02-14T12:15:53.452+0000] {processor.py:183} INFO - Processing /opt/airflow/dags/spark-dag-assignment.py took 0.178 seconds
[2025-02-14T12:16:24.223+0000] {processor.py:161} INFO - Started process (PID=428) to work on /opt/airflow/dags/spark-dag-assignment.py
[2025-02-14T12:16:24.225+0000] {processor.py:830} INFO - Processing file /opt/airflow/dags/spark-dag-assignment.py for tasks to queue
[2025-02-14T12:16:24.227+0000] {logging_mixin.py:188} INFO - [2025-02-14T12:16:24.227+0000] {dagbag.py:540} INFO - Filling up the DagBag from /opt/airflow/dags/spark-dag-assignment.py
[2025-02-14T12:16:24.274+0000] {processor.py:840} INFO - DAG(s) 'spark_airflow_dag_assignment' retrieved from /opt/airflow/dags/spark-dag-assignment.py
[2025-02-14T12:16:24.322+0000] {logging_mixin.py:188} INFO - [2025-02-14T12:16:24.321+0000] {dag.py:3047} INFO - Sync 1 DAGs
[2025-02-14T12:16:24.345+0000] {logging_mixin.py:188} INFO - [2025-02-14T12:16:24.345+0000] {dag.py:3834} INFO - Setting next_dagrun for spark_airflow_dag_assignment to None, run_after=None
[2025-02-14T12:16:24.392+0000] {processor.py:183} INFO - Processing /opt/airflow/dags/spark-dag-assignment.py took 0.176 seconds
[2025-02-14T12:16:54.631+0000] {processor.py:161} INFO - Started process (PID=448) to work on /opt/airflow/dags/spark-dag-assignment.py
[2025-02-14T12:16:54.634+0000] {processor.py:830} INFO - Processing file /opt/airflow/dags/spark-dag-assignment.py for tasks to queue
[2025-02-14T12:16:54.636+0000] {logging_mixin.py:188} INFO - [2025-02-14T12:16:54.635+0000] {dagbag.py:540} INFO - Filling up the DagBag from /opt/airflow/dags/spark-dag-assignment.py
[2025-02-14T12:16:54.679+0000] {processor.py:840} INFO - DAG(s) 'spark_airflow_dag_assignment' retrieved from /opt/airflow/dags/spark-dag-assignment.py
[2025-02-14T12:16:54.745+0000] {logging_mixin.py:188} INFO - [2025-02-14T12:16:54.745+0000] {dag.py:3047} INFO - Sync 1 DAGs
[2025-02-14T12:16:54.772+0000] {logging_mixin.py:188} INFO - [2025-02-14T12:16:54.772+0000] {dag.py:3834} INFO - Setting next_dagrun for spark_airflow_dag_assignment to None, run_after=None
[2025-02-14T12:16:54.815+0000] {processor.py:183} INFO - Processing /opt/airflow/dags/spark-dag-assignment.py took 0.191 seconds
[2025-02-14T12:17:25.621+0000] {processor.py:161} INFO - Started process (PID=468) to work on /opt/airflow/dags/spark-dag-assignment.py
[2025-02-14T12:17:25.623+0000] {processor.py:830} INFO - Processing file /opt/airflow/dags/spark-dag-assignment.py for tasks to queue
[2025-02-14T12:17:25.625+0000] {logging_mixin.py:188} INFO - [2025-02-14T12:17:25.625+0000] {dagbag.py:540} INFO - Filling up the DagBag from /opt/airflow/dags/spark-dag-assignment.py
[2025-02-14T12:17:25.673+0000] {processor.py:840} INFO - DAG(s) 'spark_airflow_dag_assignment' retrieved from /opt/airflow/dags/spark-dag-assignment.py
[2025-02-14T12:17:25.738+0000] {logging_mixin.py:188} INFO - [2025-02-14T12:17:25.738+0000] {dag.py:3047} INFO - Sync 1 DAGs
[2025-02-14T12:17:25.776+0000] {logging_mixin.py:188} INFO - [2025-02-14T12:17:25.775+0000] {dag.py:3834} INFO - Setting next_dagrun for spark_airflow_dag_assignment to None, run_after=None
[2025-02-14T12:17:25.917+0000] {processor.py:183} INFO - Processing /opt/airflow/dags/spark-dag-assignment.py took 0.302 seconds
[2025-02-14T12:17:56.727+0000] {processor.py:161} INFO - Started process (PID=488) to work on /opt/airflow/dags/spark-dag-assignment.py
[2025-02-14T12:17:56.729+0000] {processor.py:830} INFO - Processing file /opt/airflow/dags/spark-dag-assignment.py for tasks to queue
[2025-02-14T12:17:56.731+0000] {logging_mixin.py:188} INFO - [2025-02-14T12:17:56.730+0000] {dagbag.py:540} INFO - Filling up the DagBag from /opt/airflow/dags/spark-dag-assignment.py
[2025-02-14T12:17:56.775+0000] {processor.py:840} INFO - DAG(s) 'spark_airflow_dag_assignment' retrieved from /opt/airflow/dags/spark-dag-assignment.py
[2025-02-14T12:17:56.828+0000] {logging_mixin.py:188} INFO - [2025-02-14T12:17:56.827+0000] {dag.py:3047} INFO - Sync 1 DAGs
[2025-02-14T12:17:56.856+0000] {logging_mixin.py:188} INFO - [2025-02-14T12:17:56.855+0000] {dag.py:3834} INFO - Setting next_dagrun for spark_airflow_dag_assignment to None, run_after=None
[2025-02-14T12:17:56.899+0000] {processor.py:183} INFO - Processing /opt/airflow/dags/spark-dag-assignment.py took 0.178 seconds
[2025-02-14T12:18:27.498+0000] {processor.py:161} INFO - Started process (PID=508) to work on /opt/airflow/dags/spark-dag-assignment.py
[2025-02-14T12:18:27.501+0000] {processor.py:830} INFO - Processing file /opt/airflow/dags/spark-dag-assignment.py for tasks to queue
[2025-02-14T12:18:27.503+0000] {logging_mixin.py:188} INFO - [2025-02-14T12:18:27.502+0000] {dagbag.py:540} INFO - Filling up the DagBag from /opt/airflow/dags/spark-dag-assignment.py
[2025-02-14T12:18:27.550+0000] {processor.py:840} INFO - DAG(s) 'spark_airflow_dag_assignment' retrieved from /opt/airflow/dags/spark-dag-assignment.py
[2025-02-14T12:18:27.615+0000] {logging_mixin.py:188} INFO - [2025-02-14T12:18:27.614+0000] {dag.py:3047} INFO - Sync 1 DAGs
[2025-02-14T12:18:27.652+0000] {logging_mixin.py:188} INFO - [2025-02-14T12:18:27.651+0000] {dag.py:3834} INFO - Setting next_dagrun for spark_airflow_dag_assignment to None, run_after=None
[2025-02-14T12:18:27.707+0000] {processor.py:183} INFO - Processing /opt/airflow/dags/spark-dag-assignment.py took 0.217 seconds
[2025-02-14T12:18:58.222+0000] {processor.py:161} INFO - Started process (PID=528) to work on /opt/airflow/dags/spark-dag-assignment.py
[2025-02-14T12:18:58.224+0000] {processor.py:830} INFO - Processing file /opt/airflow/dags/spark-dag-assignment.py for tasks to queue
[2025-02-14T12:18:58.227+0000] {logging_mixin.py:188} INFO - [2025-02-14T12:18:58.226+0000] {dagbag.py:540} INFO - Filling up the DagBag from /opt/airflow/dags/spark-dag-assignment.py
[2025-02-14T12:18:58.271+0000] {processor.py:840} INFO - DAG(s) 'spark_airflow_dag_assignment' retrieved from /opt/airflow/dags/spark-dag-assignment.py
[2025-02-14T12:18:58.322+0000] {logging_mixin.py:188} INFO - [2025-02-14T12:18:58.322+0000] {dag.py:3047} INFO - Sync 1 DAGs
[2025-02-14T12:18:58.346+0000] {logging_mixin.py:188} INFO - [2025-02-14T12:18:58.345+0000] {dag.py:3834} INFO - Setting next_dagrun for spark_airflow_dag_assignment to None, run_after=None
[2025-02-14T12:18:58.387+0000] {processor.py:183} INFO - Processing /opt/airflow/dags/spark-dag-assignment.py took 0.172 seconds
[2025-02-14T12:19:29.291+0000] {processor.py:161} INFO - Started process (PID=548) to work on /opt/airflow/dags/spark-dag-assignment.py
[2025-02-14T12:19:29.293+0000] {processor.py:830} INFO - Processing file /opt/airflow/dags/spark-dag-assignment.py for tasks to queue
[2025-02-14T12:19:29.296+0000] {logging_mixin.py:188} INFO - [2025-02-14T12:19:29.295+0000] {dagbag.py:540} INFO - Filling up the DagBag from /opt/airflow/dags/spark-dag-assignment.py
[2025-02-14T12:19:29.341+0000] {processor.py:840} INFO - DAG(s) 'spark_airflow_dag_assignment' retrieved from /opt/airflow/dags/spark-dag-assignment.py
[2025-02-14T12:19:29.397+0000] {logging_mixin.py:188} INFO - [2025-02-14T12:19:29.396+0000] {dag.py:3047} INFO - Sync 1 DAGs
[2025-02-14T12:19:29.425+0000] {logging_mixin.py:188} INFO - [2025-02-14T12:19:29.424+0000] {dag.py:3834} INFO - Setting next_dagrun for spark_airflow_dag_assignment to None, run_after=None
[2025-02-14T12:19:29.467+0000] {processor.py:183} INFO - Processing /opt/airflow/dags/spark-dag-assignment.py took 0.184 seconds
[2025-02-14T12:19:59.962+0000] {processor.py:161} INFO - Started process (PID=568) to work on /opt/airflow/dags/spark-dag-assignment.py
[2025-02-14T12:19:59.965+0000] {processor.py:830} INFO - Processing file /opt/airflow/dags/spark-dag-assignment.py for tasks to queue
[2025-02-14T12:19:59.967+0000] {logging_mixin.py:188} INFO - [2025-02-14T12:19:59.966+0000] {dagbag.py:540} INFO - Filling up the DagBag from /opt/airflow/dags/spark-dag-assignment.py
[2025-02-14T12:20:00.012+0000] {processor.py:840} INFO - DAG(s) 'spark_airflow_dag_assignment' retrieved from /opt/airflow/dags/spark-dag-assignment.py
[2025-02-14T12:20:00.065+0000] {logging_mixin.py:188} INFO - [2025-02-14T12:20:00.064+0000] {dag.py:3047} INFO - Sync 1 DAGs
[2025-02-14T12:20:00.088+0000] {logging_mixin.py:188} INFO - [2025-02-14T12:20:00.088+0000] {dag.py:3834} INFO - Setting next_dagrun for spark_airflow_dag_assignment to None, run_after=None
[2025-02-14T12:20:00.135+0000] {processor.py:183} INFO - Processing /opt/airflow/dags/spark-dag-assignment.py took 0.179 seconds
[2025-02-14T12:20:30.631+0000] {processor.py:161} INFO - Started process (PID=698) to work on /opt/airflow/dags/spark-dag-assignment.py
[2025-02-14T12:20:30.639+0000] {processor.py:830} INFO - Processing file /opt/airflow/dags/spark-dag-assignment.py for tasks to queue
[2025-02-14T12:20:30.642+0000] {logging_mixin.py:188} INFO - [2025-02-14T12:20:30.641+0000] {dagbag.py:540} INFO - Filling up the DagBag from /opt/airflow/dags/spark-dag-assignment.py
[2025-02-14T12:20:30.688+0000] {processor.py:840} INFO - DAG(s) 'spark_airflow_dag_assignment' retrieved from /opt/airflow/dags/spark-dag-assignment.py
[2025-02-14T12:20:30.758+0000] {logging_mixin.py:188} INFO - [2025-02-14T12:20:30.757+0000] {dag.py:3047} INFO - Sync 1 DAGs
[2025-02-14T12:20:30.797+0000] {logging_mixin.py:188} INFO - [2025-02-14T12:20:30.796+0000] {dag.py:3834} INFO - Setting next_dagrun for spark_airflow_dag_assignment to None, run_after=None
[2025-02-14T12:20:30.843+0000] {processor.py:183} INFO - Processing /opt/airflow/dags/spark-dag-assignment.py took 0.220 seconds
[2025-02-14T12:21:01.659+0000] {processor.py:161} INFO - Started process (PID=718) to work on /opt/airflow/dags/spark-dag-assignment.py
[2025-02-14T12:21:01.666+0000] {processor.py:830} INFO - Processing file /opt/airflow/dags/spark-dag-assignment.py for tasks to queue
[2025-02-14T12:21:01.670+0000] {logging_mixin.py:188} INFO - [2025-02-14T12:21:01.668+0000] {dagbag.py:540} INFO - Filling up the DagBag from /opt/airflow/dags/spark-dag-assignment.py
[2025-02-14T12:21:01.716+0000] {processor.py:840} INFO - DAG(s) 'spark_airflow_dag_assignment' retrieved from /opt/airflow/dags/spark-dag-assignment.py
[2025-02-14T12:21:01.769+0000] {logging_mixin.py:188} INFO - [2025-02-14T12:21:01.769+0000] {dag.py:3047} INFO - Sync 1 DAGs
[2025-02-14T12:21:01.797+0000] {logging_mixin.py:188} INFO - [2025-02-14T12:21:01.796+0000] {dag.py:3834} INFO - Setting next_dagrun for spark_airflow_dag_assignment to None, run_after=None
[2025-02-14T12:21:01.846+0000] {processor.py:183} INFO - Processing /opt/airflow/dags/spark-dag-assignment.py took 0.194 seconds
[2025-02-14T12:21:32.337+0000] {processor.py:161} INFO - Started process (PID=738) to work on /opt/airflow/dags/spark-dag-assignment.py
[2025-02-14T12:21:32.339+0000] {processor.py:830} INFO - Processing file /opt/airflow/dags/spark-dag-assignment.py for tasks to queue
[2025-02-14T12:21:32.341+0000] {logging_mixin.py:188} INFO - [2025-02-14T12:21:32.341+0000] {dagbag.py:540} INFO - Filling up the DagBag from /opt/airflow/dags/spark-dag-assignment.py
[2025-02-14T12:21:32.390+0000] {processor.py:840} INFO - DAG(s) 'spark_airflow_dag_assignment' retrieved from /opt/airflow/dags/spark-dag-assignment.py
[2025-02-14T12:21:32.439+0000] {logging_mixin.py:188} INFO - [2025-02-14T12:21:32.438+0000] {dag.py:3047} INFO - Sync 1 DAGs
[2025-02-14T12:21:32.462+0000] {logging_mixin.py:188} INFO - [2025-02-14T12:21:32.462+0000] {dag.py:3834} INFO - Setting next_dagrun for spark_airflow_dag_assignment to None, run_after=None
[2025-02-14T12:21:32.507+0000] {processor.py:183} INFO - Processing /opt/airflow/dags/spark-dag-assignment.py took 0.178 seconds
[2025-02-14T12:22:03.113+0000] {processor.py:161} INFO - Started process (PID=758) to work on /opt/airflow/dags/spark-dag-assignment.py
[2025-02-14T12:22:03.115+0000] {processor.py:830} INFO - Processing file /opt/airflow/dags/spark-dag-assignment.py for tasks to queue
[2025-02-14T12:22:03.118+0000] {logging_mixin.py:188} INFO - [2025-02-14T12:22:03.117+0000] {dagbag.py:540} INFO - Filling up the DagBag from /opt/airflow/dags/spark-dag-assignment.py
[2025-02-14T12:22:03.167+0000] {processor.py:840} INFO - DAG(s) 'spark_airflow_dag_assignment' retrieved from /opt/airflow/dags/spark-dag-assignment.py
[2025-02-14T12:22:03.220+0000] {logging_mixin.py:188} INFO - [2025-02-14T12:22:03.219+0000] {dag.py:3047} INFO - Sync 1 DAGs
[2025-02-14T12:22:03.248+0000] {logging_mixin.py:188} INFO - [2025-02-14T12:22:03.247+0000] {dag.py:3834} INFO - Setting next_dagrun for spark_airflow_dag_assignment to None, run_after=None
[2025-02-14T12:22:03.301+0000] {processor.py:183} INFO - Processing /opt/airflow/dags/spark-dag-assignment.py took 0.196 seconds
[2025-02-14T12:22:33.822+0000] {processor.py:161} INFO - Started process (PID=778) to work on /opt/airflow/dags/spark-dag-assignment.py
[2025-02-14T12:22:33.824+0000] {processor.py:830} INFO - Processing file /opt/airflow/dags/spark-dag-assignment.py for tasks to queue
[2025-02-14T12:22:33.827+0000] {logging_mixin.py:188} INFO - [2025-02-14T12:22:33.826+0000] {dagbag.py:540} INFO - Filling up the DagBag from /opt/airflow/dags/spark-dag-assignment.py
[2025-02-14T12:22:33.876+0000] {processor.py:840} INFO - DAG(s) 'spark_airflow_dag_assignment' retrieved from /opt/airflow/dags/spark-dag-assignment.py
[2025-02-14T12:22:33.933+0000] {logging_mixin.py:188} INFO - [2025-02-14T12:22:33.932+0000] {dag.py:3047} INFO - Sync 1 DAGs
[2025-02-14T12:22:33.960+0000] {logging_mixin.py:188} INFO - [2025-02-14T12:22:33.959+0000] {dag.py:3834} INFO - Setting next_dagrun for spark_airflow_dag_assignment to None, run_after=None
[2025-02-14T12:22:34.023+0000] {processor.py:183} INFO - Processing /opt/airflow/dags/spark-dag-assignment.py took 0.208 seconds
[2025-02-14T12:23:04.557+0000] {processor.py:161} INFO - Started process (PID=798) to work on /opt/airflow/dags/spark-dag-assignment.py
[2025-02-14T12:23:04.559+0000] {processor.py:830} INFO - Processing file /opt/airflow/dags/spark-dag-assignment.py for tasks to queue
[2025-02-14T12:23:04.561+0000] {logging_mixin.py:188} INFO - [2025-02-14T12:23:04.561+0000] {dagbag.py:540} INFO - Filling up the DagBag from /opt/airflow/dags/spark-dag-assignment.py
[2025-02-14T12:23:04.604+0000] {processor.py:840} INFO - DAG(s) 'spark_airflow_dag_assignment' retrieved from /opt/airflow/dags/spark-dag-assignment.py
[2025-02-14T12:23:04.657+0000] {logging_mixin.py:188} INFO - [2025-02-14T12:23:04.657+0000] {dag.py:3047} INFO - Sync 1 DAGs
[2025-02-14T12:23:04.688+0000] {logging_mixin.py:188} INFO - [2025-02-14T12:23:04.687+0000] {dag.py:3834} INFO - Setting next_dagrun for spark_airflow_dag_assignment to None, run_after=None
[2025-02-14T12:23:04.740+0000] {processor.py:183} INFO - Processing /opt/airflow/dags/spark-dag-assignment.py took 0.189 seconds
