[2025-02-14T11:22:18.011+0000] {processor.py:161} INFO - Started process (PID=181) to work on /opt/airflow/dags/spark-dag-example.py
[2025-02-14T11:22:18.012+0000] {processor.py:830} INFO - Processing file /opt/airflow/dags/spark-dag-example.py for tasks to queue
[2025-02-14T11:22:18.013+0000] {logging_mixin.py:188} INFO - [2025-02-14T11:22:18.013+0000] {dagbag.py:540} INFO - Filling up the DagBag from /opt/airflow/dags/spark-dag-example.py
[2025-02-14T11:22:18.028+0000] {processor.py:840} INFO - DAG(s) 'spark_airflow_dag' retrieved from /opt/airflow/dags/spark-dag-example.py
[2025-02-14T11:22:18.038+0000] {logging_mixin.py:188} INFO - [2025-02-14T11:22:18.038+0000] {dag.py:3047} INFO - Sync 1 DAGs
[2025-02-14T11:22:18.050+0000] {logging_mixin.py:188} INFO - [2025-02-14T11:22:18.050+0000] {dag.py:3834} INFO - Setting next_dagrun for spark_airflow_dag to None, run_after=None
[2025-02-14T11:22:18.069+0000] {processor.py:183} INFO - Processing /opt/airflow/dags/spark-dag-example.py took 0.060 seconds
[2025-02-14T11:22:48.466+0000] {processor.py:161} INFO - Started process (PID=201) to work on /opt/airflow/dags/spark-dag-example.py
[2025-02-14T11:22:48.467+0000] {processor.py:830} INFO - Processing file /opt/airflow/dags/spark-dag-example.py for tasks to queue
[2025-02-14T11:22:48.468+0000] {logging_mixin.py:188} INFO - [2025-02-14T11:22:48.468+0000] {dagbag.py:540} INFO - Filling up the DagBag from /opt/airflow/dags/spark-dag-example.py
[2025-02-14T11:22:48.481+0000] {processor.py:840} INFO - DAG(s) 'spark_airflow_dag' retrieved from /opt/airflow/dags/spark-dag-example.py
[2025-02-14T11:22:48.580+0000] {logging_mixin.py:188} INFO - [2025-02-14T11:22:48.579+0000] {dag.py:3047} INFO - Sync 1 DAGs
[2025-02-14T11:22:48.589+0000] {logging_mixin.py:188} INFO - [2025-02-14T11:22:48.588+0000] {dag.py:3834} INFO - Setting next_dagrun for spark_airflow_dag to None, run_after=None
[2025-02-14T11:22:48.605+0000] {processor.py:183} INFO - Processing /opt/airflow/dags/spark-dag-example.py took 0.141 seconds
[2025-02-14T11:23:18.990+0000] {processor.py:161} INFO - Started process (PID=290) to work on /opt/airflow/dags/spark-dag-example.py
[2025-02-14T11:23:18.991+0000] {processor.py:830} INFO - Processing file /opt/airflow/dags/spark-dag-example.py for tasks to queue
[2025-02-14T11:23:18.992+0000] {logging_mixin.py:188} INFO - [2025-02-14T11:23:18.991+0000] {dagbag.py:540} INFO - Filling up the DagBag from /opt/airflow/dags/spark-dag-example.py
[2025-02-14T11:23:19.005+0000] {processor.py:840} INFO - DAG(s) 'spark_airflow_dag' retrieved from /opt/airflow/dags/spark-dag-example.py
[2025-02-14T11:23:19.028+0000] {logging_mixin.py:188} INFO - [2025-02-14T11:23:19.028+0000] {dag.py:3047} INFO - Sync 1 DAGs
[2025-02-14T11:23:19.039+0000] {logging_mixin.py:188} INFO - [2025-02-14T11:23:19.039+0000] {dag.py:3834} INFO - Setting next_dagrun for spark_airflow_dag to None, run_after=None
[2025-02-14T11:23:19.055+0000] {processor.py:183} INFO - Processing /opt/airflow/dags/spark-dag-example.py took 0.068 seconds
[2025-02-14T11:23:49.514+0000] {processor.py:161} INFO - Started process (PID=312) to work on /opt/airflow/dags/spark-dag-example.py
[2025-02-14T11:23:49.515+0000] {processor.py:830} INFO - Processing file /opt/airflow/dags/spark-dag-example.py for tasks to queue
[2025-02-14T11:23:49.516+0000] {logging_mixin.py:188} INFO - [2025-02-14T11:23:49.516+0000] {dagbag.py:540} INFO - Filling up the DagBag from /opt/airflow/dags/spark-dag-example.py
[2025-02-14T11:23:49.536+0000] {processor.py:840} INFO - DAG(s) 'spark_airflow_dag' retrieved from /opt/airflow/dags/spark-dag-example.py
[2025-02-14T11:23:49.567+0000] {logging_mixin.py:188} INFO - [2025-02-14T11:23:49.567+0000] {dag.py:3047} INFO - Sync 1 DAGs
[2025-02-14T11:23:49.586+0000] {logging_mixin.py:188} INFO - [2025-02-14T11:23:49.585+0000] {dag.py:3834} INFO - Setting next_dagrun for spark_airflow_dag to None, run_after=None
[2025-02-14T11:23:49.605+0000] {processor.py:183} INFO - Processing /opt/airflow/dags/spark-dag-example.py took 0.096 seconds
[2025-02-14T11:24:19.902+0000] {processor.py:161} INFO - Started process (PID=332) to work on /opt/airflow/dags/spark-dag-example.py
[2025-02-14T11:24:19.903+0000] {processor.py:830} INFO - Processing file /opt/airflow/dags/spark-dag-example.py for tasks to queue
[2025-02-14T11:24:19.903+0000] {logging_mixin.py:188} INFO - [2025-02-14T11:24:19.903+0000] {dagbag.py:540} INFO - Filling up the DagBag from /opt/airflow/dags/spark-dag-example.py
[2025-02-14T11:24:19.916+0000] {processor.py:840} INFO - DAG(s) 'spark_airflow_dag' retrieved from /opt/airflow/dags/spark-dag-example.py
[2025-02-14T11:24:19.942+0000] {logging_mixin.py:188} INFO - [2025-02-14T11:24:19.941+0000] {dag.py:3047} INFO - Sync 1 DAGs
[2025-02-14T11:24:19.955+0000] {logging_mixin.py:188} INFO - [2025-02-14T11:24:19.954+0000] {dag.py:3834} INFO - Setting next_dagrun for spark_airflow_dag to None, run_after=None
[2025-02-14T11:24:19.970+0000] {processor.py:183} INFO - Processing /opt/airflow/dags/spark-dag-example.py took 0.071 seconds
[2025-02-14T11:24:50.281+0000] {processor.py:161} INFO - Started process (PID=352) to work on /opt/airflow/dags/spark-dag-example.py
[2025-02-14T11:24:50.281+0000] {processor.py:830} INFO - Processing file /opt/airflow/dags/spark-dag-example.py for tasks to queue
[2025-02-14T11:24:50.282+0000] {logging_mixin.py:188} INFO - [2025-02-14T11:24:50.282+0000] {dagbag.py:540} INFO - Filling up the DagBag from /opt/airflow/dags/spark-dag-example.py
[2025-02-14T11:24:50.295+0000] {processor.py:840} INFO - DAG(s) 'spark_airflow_dag' retrieved from /opt/airflow/dags/spark-dag-example.py
[2025-02-14T11:24:50.315+0000] {logging_mixin.py:188} INFO - [2025-02-14T11:24:50.315+0000] {dag.py:3047} INFO - Sync 1 DAGs
[2025-02-14T11:24:50.325+0000] {logging_mixin.py:188} INFO - [2025-02-14T11:24:50.325+0000] {dag.py:3834} INFO - Setting next_dagrun for spark_airflow_dag to None, run_after=None
[2025-02-14T11:24:50.341+0000] {processor.py:183} INFO - Processing /opt/airflow/dags/spark-dag-example.py took 0.063 seconds
[2025-02-14T11:25:20.677+0000] {processor.py:161} INFO - Started process (PID=372) to work on /opt/airflow/dags/spark-dag-example.py
[2025-02-14T11:25:20.678+0000] {processor.py:830} INFO - Processing file /opt/airflow/dags/spark-dag-example.py for tasks to queue
[2025-02-14T11:25:20.679+0000] {logging_mixin.py:188} INFO - [2025-02-14T11:25:20.679+0000] {dagbag.py:540} INFO - Filling up the DagBag from /opt/airflow/dags/spark-dag-example.py
[2025-02-14T11:25:20.692+0000] {processor.py:840} INFO - DAG(s) 'spark_airflow_dag' retrieved from /opt/airflow/dags/spark-dag-example.py
[2025-02-14T11:25:20.714+0000] {logging_mixin.py:188} INFO - [2025-02-14T11:25:20.713+0000] {dag.py:3047} INFO - Sync 1 DAGs
[2025-02-14T11:25:20.724+0000] {logging_mixin.py:188} INFO - [2025-02-14T11:25:20.724+0000] {dag.py:3834} INFO - Setting next_dagrun for spark_airflow_dag to None, run_after=None
[2025-02-14T11:25:20.740+0000] {processor.py:183} INFO - Processing /opt/airflow/dags/spark-dag-example.py took 0.066 seconds
[2025-02-14T11:25:51.064+0000] {processor.py:161} INFO - Started process (PID=392) to work on /opt/airflow/dags/spark-dag-example.py
[2025-02-14T11:25:51.065+0000] {processor.py:830} INFO - Processing file /opt/airflow/dags/spark-dag-example.py for tasks to queue
[2025-02-14T11:25:51.066+0000] {logging_mixin.py:188} INFO - [2025-02-14T11:25:51.066+0000] {dagbag.py:540} INFO - Filling up the DagBag from /opt/airflow/dags/spark-dag-example.py
[2025-02-14T11:25:51.079+0000] {processor.py:840} INFO - DAG(s) 'spark_airflow_dag' retrieved from /opt/airflow/dags/spark-dag-example.py
[2025-02-14T11:25:51.101+0000] {logging_mixin.py:188} INFO - [2025-02-14T11:25:51.100+0000] {dag.py:3047} INFO - Sync 1 DAGs
[2025-02-14T11:25:51.111+0000] {logging_mixin.py:188} INFO - [2025-02-14T11:25:51.111+0000] {dag.py:3834} INFO - Setting next_dagrun for spark_airflow_dag to None, run_after=None
[2025-02-14T11:25:51.126+0000] {processor.py:183} INFO - Processing /opt/airflow/dags/spark-dag-example.py took 0.064 seconds
[2025-02-14T11:26:21.438+0000] {processor.py:161} INFO - Started process (PID=412) to work on /opt/airflow/dags/spark-dag-example.py
[2025-02-14T11:26:21.439+0000] {processor.py:830} INFO - Processing file /opt/airflow/dags/spark-dag-example.py for tasks to queue
[2025-02-14T11:26:21.440+0000] {logging_mixin.py:188} INFO - [2025-02-14T11:26:21.440+0000] {dagbag.py:540} INFO - Filling up the DagBag from /opt/airflow/dags/spark-dag-example.py
[2025-02-14T11:26:21.452+0000] {processor.py:840} INFO - DAG(s) 'spark_airflow_dag' retrieved from /opt/airflow/dags/spark-dag-example.py
[2025-02-14T11:26:21.472+0000] {logging_mixin.py:188} INFO - [2025-02-14T11:26:21.472+0000] {dag.py:3047} INFO - Sync 1 DAGs
[2025-02-14T11:26:21.483+0000] {logging_mixin.py:188} INFO - [2025-02-14T11:26:21.483+0000] {dag.py:3834} INFO - Setting next_dagrun for spark_airflow_dag to None, run_after=None
[2025-02-14T11:26:21.499+0000] {processor.py:183} INFO - Processing /opt/airflow/dags/spark-dag-example.py took 0.063 seconds
[2025-02-14T11:26:51.825+0000] {processor.py:161} INFO - Started process (PID=432) to work on /opt/airflow/dags/spark-dag-example.py
[2025-02-14T11:26:51.826+0000] {processor.py:830} INFO - Processing file /opt/airflow/dags/spark-dag-example.py for tasks to queue
[2025-02-14T11:26:51.826+0000] {logging_mixin.py:188} INFO - [2025-02-14T11:26:51.826+0000] {dagbag.py:540} INFO - Filling up the DagBag from /opt/airflow/dags/spark-dag-example.py
[2025-02-14T11:26:51.839+0000] {processor.py:840} INFO - DAG(s) 'spark_airflow_dag' retrieved from /opt/airflow/dags/spark-dag-example.py
[2025-02-14T11:26:51.860+0000] {logging_mixin.py:188} INFO - [2025-02-14T11:26:51.860+0000] {dag.py:3047} INFO - Sync 1 DAGs
[2025-02-14T11:26:51.871+0000] {logging_mixin.py:188} INFO - [2025-02-14T11:26:51.870+0000] {dag.py:3834} INFO - Setting next_dagrun for spark_airflow_dag to None, run_after=None
[2025-02-14T11:26:51.886+0000] {processor.py:183} INFO - Processing /opt/airflow/dags/spark-dag-example.py took 0.064 seconds
[2025-02-14T11:27:22.254+0000] {processor.py:161} INFO - Started process (PID=452) to work on /opt/airflow/dags/spark-dag-example.py
[2025-02-14T11:27:22.255+0000] {processor.py:830} INFO - Processing file /opt/airflow/dags/spark-dag-example.py for tasks to queue
[2025-02-14T11:27:22.256+0000] {logging_mixin.py:188} INFO - [2025-02-14T11:27:22.256+0000] {dagbag.py:540} INFO - Filling up the DagBag from /opt/airflow/dags/spark-dag-example.py
[2025-02-14T11:27:22.269+0000] {processor.py:840} INFO - DAG(s) 'spark_airflow_dag' retrieved from /opt/airflow/dags/spark-dag-example.py
[2025-02-14T11:27:22.289+0000] {logging_mixin.py:188} INFO - [2025-02-14T11:27:22.289+0000] {dag.py:3047} INFO - Sync 1 DAGs
[2025-02-14T11:27:22.300+0000] {logging_mixin.py:188} INFO - [2025-02-14T11:27:22.300+0000] {dag.py:3834} INFO - Setting next_dagrun for spark_airflow_dag to None, run_after=None
[2025-02-14T11:27:22.315+0000] {processor.py:183} INFO - Processing /opt/airflow/dags/spark-dag-example.py took 0.063 seconds
[2025-02-14T11:27:52.654+0000] {processor.py:161} INFO - Started process (PID=472) to work on /opt/airflow/dags/spark-dag-example.py
[2025-02-14T11:27:52.654+0000] {processor.py:830} INFO - Processing file /opt/airflow/dags/spark-dag-example.py for tasks to queue
[2025-02-14T11:27:52.655+0000] {logging_mixin.py:188} INFO - [2025-02-14T11:27:52.655+0000] {dagbag.py:540} INFO - Filling up the DagBag from /opt/airflow/dags/spark-dag-example.py
[2025-02-14T11:27:52.668+0000] {processor.py:840} INFO - DAG(s) 'spark_airflow_dag' retrieved from /opt/airflow/dags/spark-dag-example.py
[2025-02-14T11:27:52.689+0000] {logging_mixin.py:188} INFO - [2025-02-14T11:27:52.689+0000] {dag.py:3047} INFO - Sync 1 DAGs
[2025-02-14T11:27:52.699+0000] {logging_mixin.py:188} INFO - [2025-02-14T11:27:52.699+0000] {dag.py:3834} INFO - Setting next_dagrun for spark_airflow_dag to None, run_after=None
[2025-02-14T11:27:52.716+0000] {processor.py:183} INFO - Processing /opt/airflow/dags/spark-dag-example.py took 0.065 seconds
[2025-02-14T11:28:22.985+0000] {processor.py:161} INFO - Started process (PID=490) to work on /opt/airflow/dags/spark-dag-example.py
[2025-02-14T11:28:22.986+0000] {processor.py:830} INFO - Processing file /opt/airflow/dags/spark-dag-example.py for tasks to queue
[2025-02-14T11:28:22.987+0000] {logging_mixin.py:188} INFO - [2025-02-14T11:28:22.987+0000] {dagbag.py:540} INFO - Filling up the DagBag from /opt/airflow/dags/spark-dag-example.py
[2025-02-14T11:28:23.002+0000] {processor.py:840} INFO - DAG(s) 'spark_airflow_dag' retrieved from /opt/airflow/dags/spark-dag-example.py
[2025-02-14T11:28:23.022+0000] {logging_mixin.py:188} INFO - [2025-02-14T11:28:23.022+0000] {dag.py:3047} INFO - Sync 1 DAGs
[2025-02-14T11:28:23.033+0000] {logging_mixin.py:188} INFO - [2025-02-14T11:28:23.033+0000] {dag.py:3834} INFO - Setting next_dagrun for spark_airflow_dag to None, run_after=None
[2025-02-14T11:28:23.049+0000] {processor.py:183} INFO - Processing /opt/airflow/dags/spark-dag-example.py took 0.066 seconds
[2025-02-14T11:28:53.385+0000] {processor.py:161} INFO - Started process (PID=512) to work on /opt/airflow/dags/spark-dag-example.py
[2025-02-14T11:28:53.386+0000] {processor.py:830} INFO - Processing file /opt/airflow/dags/spark-dag-example.py for tasks to queue
[2025-02-14T11:28:53.387+0000] {logging_mixin.py:188} INFO - [2025-02-14T11:28:53.387+0000] {dagbag.py:540} INFO - Filling up the DagBag from /opt/airflow/dags/spark-dag-example.py
[2025-02-14T11:28:53.400+0000] {processor.py:840} INFO - DAG(s) 'spark_airflow_dag' retrieved from /opt/airflow/dags/spark-dag-example.py
[2025-02-14T11:28:53.423+0000] {logging_mixin.py:188} INFO - [2025-02-14T11:28:53.423+0000] {dag.py:3047} INFO - Sync 1 DAGs
[2025-02-14T11:28:53.434+0000] {logging_mixin.py:188} INFO - [2025-02-14T11:28:53.433+0000] {dag.py:3834} INFO - Setting next_dagrun for spark_airflow_dag to None, run_after=None
[2025-02-14T11:28:53.450+0000] {processor.py:183} INFO - Processing /opt/airflow/dags/spark-dag-example.py took 0.067 seconds
[2025-02-14T11:29:23.690+0000] {processor.py:161} INFO - Started process (PID=530) to work on /opt/airflow/dags/spark-dag-example.py
[2025-02-14T11:29:23.691+0000] {processor.py:830} INFO - Processing file /opt/airflow/dags/spark-dag-example.py for tasks to queue
[2025-02-14T11:29:23.691+0000] {logging_mixin.py:188} INFO - [2025-02-14T11:29:23.691+0000] {dagbag.py:540} INFO - Filling up the DagBag from /opt/airflow/dags/spark-dag-example.py
[2025-02-14T11:29:23.704+0000] {processor.py:840} INFO - DAG(s) 'spark_airflow_dag' retrieved from /opt/airflow/dags/spark-dag-example.py
[2025-02-14T11:29:23.726+0000] {logging_mixin.py:188} INFO - [2025-02-14T11:29:23.725+0000] {dag.py:3047} INFO - Sync 1 DAGs
[2025-02-14T11:29:23.735+0000] {logging_mixin.py:188} INFO - [2025-02-14T11:29:23.735+0000] {dag.py:3834} INFO - Setting next_dagrun for spark_airflow_dag to None, run_after=None
[2025-02-14T11:29:23.754+0000] {processor.py:183} INFO - Processing /opt/airflow/dags/spark-dag-example.py took 0.067 seconds
[2025-02-14T11:29:54.083+0000] {processor.py:161} INFO - Started process (PID=550) to work on /opt/airflow/dags/spark-dag-example.py
[2025-02-14T11:29:54.084+0000] {processor.py:830} INFO - Processing file /opt/airflow/dags/spark-dag-example.py for tasks to queue
[2025-02-14T11:29:54.084+0000] {logging_mixin.py:188} INFO - [2025-02-14T11:29:54.084+0000] {dagbag.py:540} INFO - Filling up the DagBag from /opt/airflow/dags/spark-dag-example.py
[2025-02-14T11:29:54.098+0000] {processor.py:840} INFO - DAG(s) 'spark_airflow_dag' retrieved from /opt/airflow/dags/spark-dag-example.py
[2025-02-14T11:29:54.119+0000] {logging_mixin.py:188} INFO - [2025-02-14T11:29:54.119+0000] {dag.py:3047} INFO - Sync 1 DAGs
[2025-02-14T11:29:54.129+0000] {logging_mixin.py:188} INFO - [2025-02-14T11:29:54.129+0000] {dag.py:3834} INFO - Setting next_dagrun for spark_airflow_dag to None, run_after=None
[2025-02-14T11:29:54.147+0000] {processor.py:183} INFO - Processing /opt/airflow/dags/spark-dag-example.py took 0.068 seconds
[2025-02-14T11:30:24.529+0000] {processor.py:161} INFO - Started process (PID=570) to work on /opt/airflow/dags/spark-dag-example.py
[2025-02-14T11:30:24.530+0000] {processor.py:830} INFO - Processing file /opt/airflow/dags/spark-dag-example.py for tasks to queue
[2025-02-14T11:30:24.530+0000] {logging_mixin.py:188} INFO - [2025-02-14T11:30:24.530+0000] {dagbag.py:540} INFO - Filling up the DagBag from /opt/airflow/dags/spark-dag-example.py
[2025-02-14T11:30:24.544+0000] {processor.py:840} INFO - DAG(s) 'spark_airflow_dag' retrieved from /opt/airflow/dags/spark-dag-example.py
[2025-02-14T11:30:24.566+0000] {logging_mixin.py:188} INFO - [2025-02-14T11:30:24.565+0000] {dag.py:3047} INFO - Sync 1 DAGs
[2025-02-14T11:30:24.577+0000] {logging_mixin.py:188} INFO - [2025-02-14T11:30:24.576+0000] {dag.py:3834} INFO - Setting next_dagrun for spark_airflow_dag to None, run_after=None
[2025-02-14T11:30:24.634+0000] {processor.py:183} INFO - Processing /opt/airflow/dags/spark-dag-example.py took 0.108 seconds
[2025-02-14T11:30:54.974+0000] {processor.py:161} INFO - Started process (PID=592) to work on /opt/airflow/dags/spark-dag-example.py
[2025-02-14T11:30:54.975+0000] {processor.py:830} INFO - Processing file /opt/airflow/dags/spark-dag-example.py for tasks to queue
[2025-02-14T11:30:54.976+0000] {logging_mixin.py:188} INFO - [2025-02-14T11:30:54.975+0000] {dagbag.py:540} INFO - Filling up the DagBag from /opt/airflow/dags/spark-dag-example.py
[2025-02-14T11:30:54.988+0000] {processor.py:840} INFO - DAG(s) 'spark_airflow_dag' retrieved from /opt/airflow/dags/spark-dag-example.py
[2025-02-14T11:30:55.010+0000] {logging_mixin.py:188} INFO - [2025-02-14T11:30:55.009+0000] {dag.py:3047} INFO - Sync 1 DAGs
[2025-02-14T11:30:55.021+0000] {logging_mixin.py:188} INFO - [2025-02-14T11:30:55.020+0000] {dag.py:3834} INFO - Setting next_dagrun for spark_airflow_dag to None, run_after=None
[2025-02-14T11:30:55.038+0000] {processor.py:183} INFO - Processing /opt/airflow/dags/spark-dag-example.py took 0.066 seconds
[2025-02-14T11:31:25.428+0000] {processor.py:161} INFO - Started process (PID=612) to work on /opt/airflow/dags/spark-dag-example.py
[2025-02-14T11:31:25.429+0000] {processor.py:830} INFO - Processing file /opt/airflow/dags/spark-dag-example.py for tasks to queue
[2025-02-14T11:31:25.430+0000] {logging_mixin.py:188} INFO - [2025-02-14T11:31:25.430+0000] {dagbag.py:540} INFO - Filling up the DagBag from /opt/airflow/dags/spark-dag-example.py
[2025-02-14T11:31:25.449+0000] {processor.py:840} INFO - DAG(s) 'spark_airflow_dag' retrieved from /opt/airflow/dags/spark-dag-example.py
[2025-02-14T11:31:25.473+0000] {logging_mixin.py:188} INFO - [2025-02-14T11:31:25.472+0000] {dag.py:3047} INFO - Sync 1 DAGs
[2025-02-14T11:31:25.484+0000] {logging_mixin.py:188} INFO - [2025-02-14T11:31:25.484+0000] {dag.py:3834} INFO - Setting next_dagrun for spark_airflow_dag to None, run_after=None
[2025-02-14T11:31:25.502+0000] {processor.py:183} INFO - Processing /opt/airflow/dags/spark-dag-example.py took 0.078 seconds
[2025-02-14T11:31:55.822+0000] {processor.py:161} INFO - Started process (PID=735) to work on /opt/airflow/dags/spark-dag-example.py
[2025-02-14T11:31:55.823+0000] {processor.py:830} INFO - Processing file /opt/airflow/dags/spark-dag-example.py for tasks to queue
[2025-02-14T11:31:55.824+0000] {logging_mixin.py:188} INFO - [2025-02-14T11:31:55.824+0000] {dagbag.py:540} INFO - Filling up the DagBag from /opt/airflow/dags/spark-dag-example.py
[2025-02-14T11:31:55.838+0000] {processor.py:840} INFO - DAG(s) 'spark_airflow_dag' retrieved from /opt/airflow/dags/spark-dag-example.py
[2025-02-14T11:31:55.861+0000] {logging_mixin.py:188} INFO - [2025-02-14T11:31:55.861+0000] {dag.py:3047} INFO - Sync 1 DAGs
[2025-02-14T11:31:55.873+0000] {logging_mixin.py:188} INFO - [2025-02-14T11:31:55.873+0000] {dag.py:3834} INFO - Setting next_dagrun for spark_airflow_dag to None, run_after=None
[2025-02-14T11:31:55.890+0000] {processor.py:183} INFO - Processing /opt/airflow/dags/spark-dag-example.py took 0.071 seconds
[2025-02-14T11:32:26.173+0000] {processor.py:161} INFO - Started process (PID=753) to work on /opt/airflow/dags/spark-dag-example.py
[2025-02-14T11:32:26.174+0000] {processor.py:830} INFO - Processing file /opt/airflow/dags/spark-dag-example.py for tasks to queue
[2025-02-14T11:32:26.175+0000] {logging_mixin.py:188} INFO - [2025-02-14T11:32:26.175+0000] {dagbag.py:540} INFO - Filling up the DagBag from /opt/airflow/dags/spark-dag-example.py
[2025-02-14T11:32:26.189+0000] {processor.py:840} INFO - DAG(s) 'spark_airflow_dag' retrieved from /opt/airflow/dags/spark-dag-example.py
[2025-02-14T11:32:26.210+0000] {logging_mixin.py:188} INFO - [2025-02-14T11:32:26.210+0000] {dag.py:3047} INFO - Sync 1 DAGs
[2025-02-14T11:32:26.221+0000] {logging_mixin.py:188} INFO - [2025-02-14T11:32:26.220+0000] {dag.py:3834} INFO - Setting next_dagrun for spark_airflow_dag to None, run_after=None
[2025-02-14T11:32:26.236+0000] {processor.py:183} INFO - Processing /opt/airflow/dags/spark-dag-example.py took 0.066 seconds
[2025-02-14T11:32:56.494+0000] {processor.py:161} INFO - Started process (PID=773) to work on /opt/airflow/dags/spark-dag-example.py
[2025-02-14T11:32:56.495+0000] {processor.py:830} INFO - Processing file /opt/airflow/dags/spark-dag-example.py for tasks to queue
[2025-02-14T11:32:56.496+0000] {logging_mixin.py:188} INFO - [2025-02-14T11:32:56.495+0000] {dagbag.py:540} INFO - Filling up the DagBag from /opt/airflow/dags/spark-dag-example.py
[2025-02-14T11:32:56.509+0000] {processor.py:840} INFO - DAG(s) 'spark_airflow_dag' retrieved from /opt/airflow/dags/spark-dag-example.py
[2025-02-14T11:32:56.529+0000] {logging_mixin.py:188} INFO - [2025-02-14T11:32:56.529+0000] {dag.py:3047} INFO - Sync 1 DAGs
[2025-02-14T11:32:56.539+0000] {logging_mixin.py:188} INFO - [2025-02-14T11:32:56.539+0000] {dag.py:3834} INFO - Setting next_dagrun for spark_airflow_dag to None, run_after=None
[2025-02-14T11:32:56.555+0000] {processor.py:183} INFO - Processing /opt/airflow/dags/spark-dag-example.py took 0.064 seconds
[2025-02-14T11:33:26.805+0000] {processor.py:161} INFO - Started process (PID=793) to work on /opt/airflow/dags/spark-dag-example.py
[2025-02-14T11:33:26.806+0000] {processor.py:830} INFO - Processing file /opt/airflow/dags/spark-dag-example.py for tasks to queue
[2025-02-14T11:33:26.807+0000] {logging_mixin.py:188} INFO - [2025-02-14T11:33:26.806+0000] {dagbag.py:540} INFO - Filling up the DagBag from /opt/airflow/dags/spark-dag-example.py
[2025-02-14T11:33:26.819+0000] {processor.py:840} INFO - DAG(s) 'spark_airflow_dag' retrieved from /opt/airflow/dags/spark-dag-example.py
[2025-02-14T11:33:26.839+0000] {logging_mixin.py:188} INFO - [2025-02-14T11:33:26.839+0000] {dag.py:3047} INFO - Sync 1 DAGs
[2025-02-14T11:33:26.850+0000] {logging_mixin.py:188} INFO - [2025-02-14T11:33:26.850+0000] {dag.py:3834} INFO - Setting next_dagrun for spark_airflow_dag to None, run_after=None
[2025-02-14T11:33:26.866+0000] {processor.py:183} INFO - Processing /opt/airflow/dags/spark-dag-example.py took 0.063 seconds
[2025-02-14T11:33:57.218+0000] {processor.py:161} INFO - Started process (PID=815) to work on /opt/airflow/dags/spark-dag-example.py
[2025-02-14T11:33:57.219+0000] {processor.py:830} INFO - Processing file /opt/airflow/dags/spark-dag-example.py for tasks to queue
[2025-02-14T11:33:57.220+0000] {logging_mixin.py:188} INFO - [2025-02-14T11:33:57.220+0000] {dagbag.py:540} INFO - Filling up the DagBag from /opt/airflow/dags/spark-dag-example.py
[2025-02-14T11:33:57.236+0000] {processor.py:840} INFO - DAG(s) 'spark_airflow_dag' retrieved from /opt/airflow/dags/spark-dag-example.py
[2025-02-14T11:33:57.257+0000] {logging_mixin.py:188} INFO - [2025-02-14T11:33:57.257+0000] {dag.py:3047} INFO - Sync 1 DAGs
[2025-02-14T11:33:57.268+0000] {logging_mixin.py:188} INFO - [2025-02-14T11:33:57.268+0000] {dag.py:3834} INFO - Setting next_dagrun for spark_airflow_dag to None, run_after=None
[2025-02-14T11:33:57.284+0000] {processor.py:183} INFO - Processing /opt/airflow/dags/spark-dag-example.py took 0.069 seconds
[2025-02-14T11:34:27.614+0000] {processor.py:161} INFO - Started process (PID=835) to work on /opt/airflow/dags/spark-dag-example.py
[2025-02-14T11:34:27.615+0000] {processor.py:830} INFO - Processing file /opt/airflow/dags/spark-dag-example.py for tasks to queue
[2025-02-14T11:34:27.616+0000] {logging_mixin.py:188} INFO - [2025-02-14T11:34:27.615+0000] {dagbag.py:540} INFO - Filling up the DagBag from /opt/airflow/dags/spark-dag-example.py
[2025-02-14T11:34:27.630+0000] {processor.py:840} INFO - DAG(s) 'spark_airflow_dag' retrieved from /opt/airflow/dags/spark-dag-example.py
[2025-02-14T11:34:27.652+0000] {logging_mixin.py:188} INFO - [2025-02-14T11:34:27.651+0000] {dag.py:3047} INFO - Sync 1 DAGs
[2025-02-14T11:34:27.662+0000] {logging_mixin.py:188} INFO - [2025-02-14T11:34:27.662+0000] {dag.py:3834} INFO - Setting next_dagrun for spark_airflow_dag to None, run_after=None
[2025-02-14T11:34:27.677+0000] {processor.py:183} INFO - Processing /opt/airflow/dags/spark-dag-example.py took 0.066 seconds
[2025-02-14T11:34:57.996+0000] {processor.py:161} INFO - Started process (PID=855) to work on /opt/airflow/dags/spark-dag-example.py
[2025-02-14T11:34:57.997+0000] {processor.py:830} INFO - Processing file /opt/airflow/dags/spark-dag-example.py for tasks to queue
[2025-02-14T11:34:57.998+0000] {logging_mixin.py:188} INFO - [2025-02-14T11:34:57.998+0000] {dagbag.py:540} INFO - Filling up the DagBag from /opt/airflow/dags/spark-dag-example.py
[2025-02-14T11:34:58.011+0000] {processor.py:840} INFO - DAG(s) 'spark_airflow_dag' retrieved from /opt/airflow/dags/spark-dag-example.py
[2025-02-14T11:34:58.032+0000] {logging_mixin.py:188} INFO - [2025-02-14T11:34:58.032+0000] {dag.py:3047} INFO - Sync 1 DAGs
[2025-02-14T11:34:58.042+0000] {logging_mixin.py:188} INFO - [2025-02-14T11:34:58.042+0000] {dag.py:3834} INFO - Setting next_dagrun for spark_airflow_dag to None, run_after=None
[2025-02-14T11:34:58.059+0000] {processor.py:183} INFO - Processing /opt/airflow/dags/spark-dag-example.py took 0.066 seconds
[2025-02-14T11:35:28.416+0000] {processor.py:161} INFO - Started process (PID=875) to work on /opt/airflow/dags/spark-dag-example.py
[2025-02-14T11:35:28.417+0000] {processor.py:830} INFO - Processing file /opt/airflow/dags/spark-dag-example.py for tasks to queue
[2025-02-14T11:35:28.418+0000] {logging_mixin.py:188} INFO - [2025-02-14T11:35:28.418+0000] {dagbag.py:540} INFO - Filling up the DagBag from /opt/airflow/dags/spark-dag-example.py
[2025-02-14T11:35:28.433+0000] {processor.py:840} INFO - DAG(s) 'spark_airflow_dag' retrieved from /opt/airflow/dags/spark-dag-example.py
[2025-02-14T11:35:28.455+0000] {logging_mixin.py:188} INFO - [2025-02-14T11:35:28.454+0000] {dag.py:3047} INFO - Sync 1 DAGs
[2025-02-14T11:35:28.466+0000] {logging_mixin.py:188} INFO - [2025-02-14T11:35:28.466+0000] {dag.py:3834} INFO - Setting next_dagrun for spark_airflow_dag to None, run_after=None
[2025-02-14T11:35:28.483+0000] {processor.py:183} INFO - Processing /opt/airflow/dags/spark-dag-example.py took 0.069 seconds
[2025-02-14T11:35:58.826+0000] {processor.py:161} INFO - Started process (PID=895) to work on /opt/airflow/dags/spark-dag-example.py
[2025-02-14T11:35:58.827+0000] {processor.py:830} INFO - Processing file /opt/airflow/dags/spark-dag-example.py for tasks to queue
[2025-02-14T11:35:58.828+0000] {logging_mixin.py:188} INFO - [2025-02-14T11:35:58.827+0000] {dagbag.py:540} INFO - Filling up the DagBag from /opt/airflow/dags/spark-dag-example.py
[2025-02-14T11:35:58.841+0000] {processor.py:840} INFO - DAG(s) 'spark_airflow_dag' retrieved from /opt/airflow/dags/spark-dag-example.py
[2025-02-14T11:35:58.863+0000] {logging_mixin.py:188} INFO - [2025-02-14T11:35:58.863+0000] {dag.py:3047} INFO - Sync 1 DAGs
[2025-02-14T11:35:58.873+0000] {logging_mixin.py:188} INFO - [2025-02-14T11:35:58.873+0000] {dag.py:3834} INFO - Setting next_dagrun for spark_airflow_dag to None, run_after=None
[2025-02-14T11:35:58.888+0000] {processor.py:183} INFO - Processing /opt/airflow/dags/spark-dag-example.py took 0.065 seconds
[2025-02-14T11:36:29.225+0000] {processor.py:161} INFO - Started process (PID=915) to work on /opt/airflow/dags/spark-dag-example.py
[2025-02-14T11:36:29.226+0000] {processor.py:830} INFO - Processing file /opt/airflow/dags/spark-dag-example.py for tasks to queue
[2025-02-14T11:36:29.227+0000] {logging_mixin.py:188} INFO - [2025-02-14T11:36:29.227+0000] {dagbag.py:540} INFO - Filling up the DagBag from /opt/airflow/dags/spark-dag-example.py
[2025-02-14T11:36:29.240+0000] {processor.py:840} INFO - DAG(s) 'spark_airflow_dag' retrieved from /opt/airflow/dags/spark-dag-example.py
[2025-02-14T11:36:29.261+0000] {logging_mixin.py:188} INFO - [2025-02-14T11:36:29.260+0000] {dag.py:3047} INFO - Sync 1 DAGs
[2025-02-14T11:36:29.271+0000] {logging_mixin.py:188} INFO - [2025-02-14T11:36:29.271+0000] {dag.py:3834} INFO - Setting next_dagrun for spark_airflow_dag to None, run_after=None
[2025-02-14T11:36:29.287+0000] {processor.py:183} INFO - Processing /opt/airflow/dags/spark-dag-example.py took 0.065 seconds
[2025-02-14T11:36:59.530+0000] {processor.py:161} INFO - Started process (PID=933) to work on /opt/airflow/dags/spark-dag-example.py
[2025-02-14T11:36:59.531+0000] {processor.py:830} INFO - Processing file /opt/airflow/dags/spark-dag-example.py for tasks to queue
[2025-02-14T11:36:59.531+0000] {logging_mixin.py:188} INFO - [2025-02-14T11:36:59.531+0000] {dagbag.py:540} INFO - Filling up the DagBag from /opt/airflow/dags/spark-dag-example.py
[2025-02-14T11:36:59.544+0000] {processor.py:840} INFO - DAG(s) 'spark_airflow_dag' retrieved from /opt/airflow/dags/spark-dag-example.py
[2025-02-14T11:36:59.563+0000] {logging_mixin.py:188} INFO - [2025-02-14T11:36:59.563+0000] {dag.py:3047} INFO - Sync 1 DAGs
[2025-02-14T11:36:59.573+0000] {logging_mixin.py:188} INFO - [2025-02-14T11:36:59.573+0000] {dag.py:3834} INFO - Setting next_dagrun for spark_airflow_dag to None, run_after=None
[2025-02-14T11:36:59.588+0000] {processor.py:183} INFO - Processing /opt/airflow/dags/spark-dag-example.py took 0.061 seconds
[2025-02-14T11:37:29.965+0000] {processor.py:161} INFO - Started process (PID=955) to work on /opt/airflow/dags/spark-dag-example.py
[2025-02-14T11:37:29.966+0000] {processor.py:830} INFO - Processing file /opt/airflow/dags/spark-dag-example.py for tasks to queue
[2025-02-14T11:37:29.967+0000] {logging_mixin.py:188} INFO - [2025-02-14T11:37:29.966+0000] {dagbag.py:540} INFO - Filling up the DagBag from /opt/airflow/dags/spark-dag-example.py
[2025-02-14T11:37:29.981+0000] {processor.py:840} INFO - DAG(s) 'spark_airflow_dag' retrieved from /opt/airflow/dags/spark-dag-example.py
[2025-02-14T11:37:30.002+0000] {logging_mixin.py:188} INFO - [2025-02-14T11:37:30.001+0000] {dag.py:3047} INFO - Sync 1 DAGs
[2025-02-14T11:37:30.012+0000] {logging_mixin.py:188} INFO - [2025-02-14T11:37:30.012+0000] {dag.py:3834} INFO - Setting next_dagrun for spark_airflow_dag to None, run_after=None
[2025-02-14T11:37:30.027+0000] {processor.py:183} INFO - Processing /opt/airflow/dags/spark-dag-example.py took 0.065 seconds
[2025-02-14T11:38:00.271+0000] {processor.py:161} INFO - Started process (PID=973) to work on /opt/airflow/dags/spark-dag-example.py
[2025-02-14T11:38:00.273+0000] {processor.py:830} INFO - Processing file /opt/airflow/dags/spark-dag-example.py for tasks to queue
[2025-02-14T11:38:00.274+0000] {logging_mixin.py:188} INFO - [2025-02-14T11:38:00.273+0000] {dagbag.py:540} INFO - Filling up the DagBag from /opt/airflow/dags/spark-dag-example.py
[2025-02-14T11:38:00.288+0000] {processor.py:840} INFO - DAG(s) 'spark_airflow_dag' retrieved from /opt/airflow/dags/spark-dag-example.py
[2025-02-14T11:38:00.312+0000] {logging_mixin.py:188} INFO - [2025-02-14T11:38:00.312+0000] {dag.py:3047} INFO - Sync 1 DAGs
[2025-02-14T11:38:00.323+0000] {logging_mixin.py:188} INFO - [2025-02-14T11:38:00.323+0000] {dag.py:3834} INFO - Setting next_dagrun for spark_airflow_dag to None, run_after=None
[2025-02-14T11:38:00.339+0000] {processor.py:183} INFO - Processing /opt/airflow/dags/spark-dag-example.py took 0.071 seconds
[2025-02-14T11:38:30.742+0000] {processor.py:161} INFO - Started process (PID=995) to work on /opt/airflow/dags/spark-dag-example.py
[2025-02-14T11:38:30.743+0000] {processor.py:830} INFO - Processing file /opt/airflow/dags/spark-dag-example.py for tasks to queue
[2025-02-14T11:38:30.744+0000] {logging_mixin.py:188} INFO - [2025-02-14T11:38:30.743+0000] {dagbag.py:540} INFO - Filling up the DagBag from /opt/airflow/dags/spark-dag-example.py
[2025-02-14T11:38:30.756+0000] {processor.py:840} INFO - DAG(s) 'spark_airflow_dag' retrieved from /opt/airflow/dags/spark-dag-example.py
[2025-02-14T11:38:30.777+0000] {logging_mixin.py:188} INFO - [2025-02-14T11:38:30.776+0000] {dag.py:3047} INFO - Sync 1 DAGs
[2025-02-14T11:38:30.787+0000] {logging_mixin.py:188} INFO - [2025-02-14T11:38:30.787+0000] {dag.py:3834} INFO - Setting next_dagrun for spark_airflow_dag to None, run_after=None
[2025-02-14T11:38:30.803+0000] {processor.py:183} INFO - Processing /opt/airflow/dags/spark-dag-example.py took 0.064 seconds
[2025-02-14T11:39:01.156+0000] {processor.py:161} INFO - Started process (PID=1015) to work on /opt/airflow/dags/spark-dag-example.py
[2025-02-14T11:39:01.157+0000] {processor.py:830} INFO - Processing file /opt/airflow/dags/spark-dag-example.py for tasks to queue
[2025-02-14T11:39:01.158+0000] {logging_mixin.py:188} INFO - [2025-02-14T11:39:01.158+0000] {dagbag.py:540} INFO - Filling up the DagBag from /opt/airflow/dags/spark-dag-example.py
[2025-02-14T11:39:01.173+0000] {processor.py:840} INFO - DAG(s) 'spark_airflow_dag' retrieved from /opt/airflow/dags/spark-dag-example.py
[2025-02-14T11:39:01.195+0000] {logging_mixin.py:188} INFO - [2025-02-14T11:39:01.195+0000] {dag.py:3047} INFO - Sync 1 DAGs
[2025-02-14T11:39:01.207+0000] {logging_mixin.py:188} INFO - [2025-02-14T11:39:01.207+0000] {dag.py:3834} INFO - Setting next_dagrun for spark_airflow_dag to None, run_after=None
[2025-02-14T11:39:01.223+0000] {processor.py:183} INFO - Processing /opt/airflow/dags/spark-dag-example.py took 0.071 seconds
[2025-02-14T11:39:31.555+0000] {processor.py:161} INFO - Started process (PID=1035) to work on /opt/airflow/dags/spark-dag-example.py
[2025-02-14T11:39:31.556+0000] {processor.py:830} INFO - Processing file /opt/airflow/dags/spark-dag-example.py for tasks to queue
[2025-02-14T11:39:31.557+0000] {logging_mixin.py:188} INFO - [2025-02-14T11:39:31.556+0000] {dagbag.py:540} INFO - Filling up the DagBag from /opt/airflow/dags/spark-dag-example.py
[2025-02-14T11:39:31.572+0000] {processor.py:840} INFO - DAG(s) 'spark_airflow_dag' retrieved from /opt/airflow/dags/spark-dag-example.py
[2025-02-14T11:39:31.593+0000] {logging_mixin.py:188} INFO - [2025-02-14T11:39:31.593+0000] {dag.py:3047} INFO - Sync 1 DAGs
[2025-02-14T11:39:31.605+0000] {logging_mixin.py:188} INFO - [2025-02-14T11:39:31.604+0000] {dag.py:3834} INFO - Setting next_dagrun for spark_airflow_dag to None, run_after=None
[2025-02-14T11:39:31.622+0000] {processor.py:183} INFO - Processing /opt/airflow/dags/spark-dag-example.py took 0.070 seconds
[2025-02-14T11:40:01.960+0000] {processor.py:161} INFO - Started process (PID=1055) to work on /opt/airflow/dags/spark-dag-example.py
[2025-02-14T11:40:01.961+0000] {processor.py:830} INFO - Processing file /opt/airflow/dags/spark-dag-example.py for tasks to queue
[2025-02-14T11:40:01.961+0000] {logging_mixin.py:188} INFO - [2025-02-14T11:40:01.961+0000] {dagbag.py:540} INFO - Filling up the DagBag from /opt/airflow/dags/spark-dag-example.py
[2025-02-14T11:40:01.975+0000] {processor.py:840} INFO - DAG(s) 'spark_airflow_dag' retrieved from /opt/airflow/dags/spark-dag-example.py
[2025-02-14T11:40:01.997+0000] {logging_mixin.py:188} INFO - [2025-02-14T11:40:01.997+0000] {dag.py:3047} INFO - Sync 1 DAGs
[2025-02-14T11:40:02.009+0000] {logging_mixin.py:188} INFO - [2025-02-14T11:40:02.009+0000] {dag.py:3834} INFO - Setting next_dagrun for spark_airflow_dag to None, run_after=None
[2025-02-14T11:40:02.025+0000] {processor.py:183} INFO - Processing /opt/airflow/dags/spark-dag-example.py took 0.068 seconds
[2025-02-14T11:40:32.398+0000] {processor.py:161} INFO - Started process (PID=1075) to work on /opt/airflow/dags/spark-dag-example.py
[2025-02-14T11:40:32.399+0000] {processor.py:830} INFO - Processing file /opt/airflow/dags/spark-dag-example.py for tasks to queue
[2025-02-14T11:40:32.399+0000] {logging_mixin.py:188} INFO - [2025-02-14T11:40:32.399+0000] {dagbag.py:540} INFO - Filling up the DagBag from /opt/airflow/dags/spark-dag-example.py
[2025-02-14T11:40:32.413+0000] {processor.py:840} INFO - DAG(s) 'spark_airflow_dag' retrieved from /opt/airflow/dags/spark-dag-example.py
[2025-02-14T11:40:32.434+0000] {logging_mixin.py:188} INFO - [2025-02-14T11:40:32.434+0000] {dag.py:3047} INFO - Sync 1 DAGs
[2025-02-14T11:40:32.445+0000] {logging_mixin.py:188} INFO - [2025-02-14T11:40:32.445+0000] {dag.py:3834} INFO - Setting next_dagrun for spark_airflow_dag to None, run_after=None
[2025-02-14T11:40:32.462+0000] {processor.py:183} INFO - Processing /opt/airflow/dags/spark-dag-example.py took 0.067 seconds
[2025-02-14T11:41:02.784+0000] {processor.py:161} INFO - Started process (PID=1095) to work on /opt/airflow/dags/spark-dag-example.py
[2025-02-14T11:41:02.785+0000] {processor.py:830} INFO - Processing file /opt/airflow/dags/spark-dag-example.py for tasks to queue
[2025-02-14T11:41:02.786+0000] {logging_mixin.py:188} INFO - [2025-02-14T11:41:02.786+0000] {dagbag.py:540} INFO - Filling up the DagBag from /opt/airflow/dags/spark-dag-example.py
[2025-02-14T11:41:02.799+0000] {processor.py:840} INFO - DAG(s) 'spark_airflow_dag' retrieved from /opt/airflow/dags/spark-dag-example.py
[2025-02-14T11:41:02.819+0000] {logging_mixin.py:188} INFO - [2025-02-14T11:41:02.819+0000] {dag.py:3047} INFO - Sync 1 DAGs
[2025-02-14T11:41:02.829+0000] {logging_mixin.py:188} INFO - [2025-02-14T11:41:02.829+0000] {dag.py:3834} INFO - Setting next_dagrun for spark_airflow_dag to None, run_after=None
[2025-02-14T11:41:02.845+0000] {processor.py:183} INFO - Processing /opt/airflow/dags/spark-dag-example.py took 0.063 seconds
[2025-02-14T11:41:33.174+0000] {processor.py:161} INFO - Started process (PID=1115) to work on /opt/airflow/dags/spark-dag-example.py
[2025-02-14T11:41:33.175+0000] {processor.py:830} INFO - Processing file /opt/airflow/dags/spark-dag-example.py for tasks to queue
[2025-02-14T11:41:33.176+0000] {logging_mixin.py:188} INFO - [2025-02-14T11:41:33.175+0000] {dagbag.py:540} INFO - Filling up the DagBag from /opt/airflow/dags/spark-dag-example.py
[2025-02-14T11:41:33.188+0000] {processor.py:840} INFO - DAG(s) 'spark_airflow_dag' retrieved from /opt/airflow/dags/spark-dag-example.py
[2025-02-14T11:41:33.209+0000] {logging_mixin.py:188} INFO - [2025-02-14T11:41:33.209+0000] {dag.py:3047} INFO - Sync 1 DAGs
[2025-02-14T11:41:33.220+0000] {logging_mixin.py:188} INFO - [2025-02-14T11:41:33.220+0000] {dag.py:3834} INFO - Setting next_dagrun for spark_airflow_dag to None, run_after=None
[2025-02-14T11:41:33.235+0000] {processor.py:183} INFO - Processing /opt/airflow/dags/spark-dag-example.py took 0.063 seconds
[2025-02-14T11:42:03.582+0000] {processor.py:161} INFO - Started process (PID=1135) to work on /opt/airflow/dags/spark-dag-example.py
[2025-02-14T11:42:03.583+0000] {processor.py:830} INFO - Processing file /opt/airflow/dags/spark-dag-example.py for tasks to queue
[2025-02-14T11:42:03.584+0000] {logging_mixin.py:188} INFO - [2025-02-14T11:42:03.584+0000] {dagbag.py:540} INFO - Filling up the DagBag from /opt/airflow/dags/spark-dag-example.py
[2025-02-14T11:42:03.598+0000] {processor.py:840} INFO - DAG(s) 'spark_airflow_dag' retrieved from /opt/airflow/dags/spark-dag-example.py
[2025-02-14T11:42:03.619+0000] {logging_mixin.py:188} INFO - [2025-02-14T11:42:03.619+0000] {dag.py:3047} INFO - Sync 1 DAGs
[2025-02-14T11:42:03.629+0000] {logging_mixin.py:188} INFO - [2025-02-14T11:42:03.629+0000] {dag.py:3834} INFO - Setting next_dagrun for spark_airflow_dag to None, run_after=None
[2025-02-14T11:42:03.644+0000] {processor.py:183} INFO - Processing /opt/airflow/dags/spark-dag-example.py took 0.065 seconds
[2025-02-14T11:42:33.949+0000] {processor.py:161} INFO - Started process (PID=1339) to work on /opt/airflow/dags/spark-dag-example.py
[2025-02-14T11:42:33.950+0000] {processor.py:830} INFO - Processing file /opt/airflow/dags/spark-dag-example.py for tasks to queue
[2025-02-14T11:42:33.951+0000] {logging_mixin.py:188} INFO - [2025-02-14T11:42:33.951+0000] {dagbag.py:540} INFO - Filling up the DagBag from /opt/airflow/dags/spark-dag-example.py
[2025-02-14T11:42:33.967+0000] {processor.py:840} INFO - DAG(s) 'spark_airflow_dag' retrieved from /opt/airflow/dags/spark-dag-example.py
[2025-02-14T11:42:33.990+0000] {logging_mixin.py:188} INFO - [2025-02-14T11:42:33.989+0000] {dag.py:3047} INFO - Sync 1 DAGs
[2025-02-14T11:42:34.001+0000] {logging_mixin.py:188} INFO - [2025-02-14T11:42:34.001+0000] {dag.py:3834} INFO - Setting next_dagrun for spark_airflow_dag to None, run_after=None
[2025-02-14T11:42:34.019+0000] {processor.py:183} INFO - Processing /opt/airflow/dags/spark-dag-example.py took 0.073 seconds
[2025-02-14T11:43:04.254+0000] {processor.py:161} INFO - Started process (PID=1411) to work on /opt/airflow/dags/spark-dag-example.py
[2025-02-14T11:43:04.254+0000] {processor.py:830} INFO - Processing file /opt/airflow/dags/spark-dag-example.py for tasks to queue
[2025-02-14T11:43:04.255+0000] {logging_mixin.py:188} INFO - [2025-02-14T11:43:04.255+0000] {dagbag.py:540} INFO - Filling up the DagBag from /opt/airflow/dags/spark-dag-example.py
[2025-02-14T11:43:04.268+0000] {processor.py:840} INFO - DAG(s) 'spark_airflow_dag' retrieved from /opt/airflow/dags/spark-dag-example.py
[2025-02-14T11:43:04.288+0000] {logging_mixin.py:188} INFO - [2025-02-14T11:43:04.287+0000] {dag.py:3047} INFO - Sync 1 DAGs
[2025-02-14T11:43:04.298+0000] {logging_mixin.py:188} INFO - [2025-02-14T11:43:04.297+0000] {dag.py:3834} INFO - Setting next_dagrun for spark_airflow_dag to None, run_after=None
[2025-02-14T11:43:04.312+0000] {processor.py:183} INFO - Processing /opt/airflow/dags/spark-dag-example.py took 0.061 seconds
[2025-02-14T11:43:34.580+0000] {processor.py:161} INFO - Started process (PID=1431) to work on /opt/airflow/dags/spark-dag-example.py
[2025-02-14T11:43:34.580+0000] {processor.py:830} INFO - Processing file /opt/airflow/dags/spark-dag-example.py for tasks to queue
[2025-02-14T11:43:34.581+0000] {logging_mixin.py:188} INFO - [2025-02-14T11:43:34.581+0000] {dagbag.py:540} INFO - Filling up the DagBag from /opt/airflow/dags/spark-dag-example.py
[2025-02-14T11:43:34.594+0000] {processor.py:840} INFO - DAG(s) 'spark_airflow_dag' retrieved from /opt/airflow/dags/spark-dag-example.py
[2025-02-14T11:43:34.614+0000] {logging_mixin.py:188} INFO - [2025-02-14T11:43:34.613+0000] {dag.py:3047} INFO - Sync 1 DAGs
[2025-02-14T11:43:34.624+0000] {logging_mixin.py:188} INFO - [2025-02-14T11:43:34.623+0000] {dag.py:3834} INFO - Setting next_dagrun for spark_airflow_dag to None, run_after=None
[2025-02-14T11:43:34.639+0000] {processor.py:183} INFO - Processing /opt/airflow/dags/spark-dag-example.py took 0.062 seconds
[2025-02-14T11:44:04.972+0000] {processor.py:161} INFO - Started process (PID=1453) to work on /opt/airflow/dags/spark-dag-example.py
[2025-02-14T11:44:04.973+0000] {processor.py:830} INFO - Processing file /opt/airflow/dags/spark-dag-example.py for tasks to queue
[2025-02-14T11:44:04.974+0000] {logging_mixin.py:188} INFO - [2025-02-14T11:44:04.974+0000] {dagbag.py:540} INFO - Filling up the DagBag from /opt/airflow/dags/spark-dag-example.py
[2025-02-14T11:44:04.987+0000] {processor.py:840} INFO - DAG(s) 'spark_airflow_dag' retrieved from /opt/airflow/dags/spark-dag-example.py
[2025-02-14T11:44:05.007+0000] {logging_mixin.py:188} INFO - [2025-02-14T11:44:05.007+0000] {dag.py:3047} INFO - Sync 1 DAGs
[2025-02-14T11:44:05.018+0000] {logging_mixin.py:188} INFO - [2025-02-14T11:44:05.017+0000] {dag.py:3834} INFO - Setting next_dagrun for spark_airflow_dag to None, run_after=None
[2025-02-14T11:44:05.033+0000] {processor.py:183} INFO - Processing /opt/airflow/dags/spark-dag-example.py took 0.064 seconds
[2025-02-14T11:44:35.367+0000] {processor.py:161} INFO - Started process (PID=1473) to work on /opt/airflow/dags/spark-dag-example.py
[2025-02-14T11:44:35.368+0000] {processor.py:830} INFO - Processing file /opt/airflow/dags/spark-dag-example.py for tasks to queue
[2025-02-14T11:44:35.369+0000] {logging_mixin.py:188} INFO - [2025-02-14T11:44:35.368+0000] {dagbag.py:540} INFO - Filling up the DagBag from /opt/airflow/dags/spark-dag-example.py
[2025-02-14T11:44:35.383+0000] {processor.py:840} INFO - DAG(s) 'spark_airflow_dag' retrieved from /opt/airflow/dags/spark-dag-example.py
[2025-02-14T11:44:35.406+0000] {logging_mixin.py:188} INFO - [2025-02-14T11:44:35.406+0000] {dag.py:3047} INFO - Sync 1 DAGs
[2025-02-14T11:44:35.417+0000] {logging_mixin.py:188} INFO - [2025-02-14T11:44:35.417+0000] {dag.py:3834} INFO - Setting next_dagrun for spark_airflow_dag to None, run_after=None
[2025-02-14T11:44:35.434+0000] {processor.py:183} INFO - Processing /opt/airflow/dags/spark-dag-example.py took 0.070 seconds
[2025-02-14T11:45:05.681+0000] {processor.py:161} INFO - Started process (PID=1491) to work on /opt/airflow/dags/spark-dag-example.py
[2025-02-14T11:45:05.682+0000] {processor.py:830} INFO - Processing file /opt/airflow/dags/spark-dag-example.py for tasks to queue
[2025-02-14T11:45:05.683+0000] {logging_mixin.py:188} INFO - [2025-02-14T11:45:05.683+0000] {dagbag.py:540} INFO - Filling up the DagBag from /opt/airflow/dags/spark-dag-example.py
[2025-02-14T11:45:05.695+0000] {processor.py:840} INFO - DAG(s) 'spark_airflow_dag' retrieved from /opt/airflow/dags/spark-dag-example.py
[2025-02-14T11:45:05.715+0000] {logging_mixin.py:188} INFO - [2025-02-14T11:45:05.715+0000] {dag.py:3047} INFO - Sync 1 DAGs
[2025-02-14T11:45:05.726+0000] {logging_mixin.py:188} INFO - [2025-02-14T11:45:05.725+0000] {dag.py:3834} INFO - Setting next_dagrun for spark_airflow_dag to None, run_after=None
[2025-02-14T11:45:05.741+0000] {processor.py:183} INFO - Processing /opt/airflow/dags/spark-dag-example.py took 0.063 seconds
[2025-02-14T11:45:36.073+0000] {processor.py:161} INFO - Started process (PID=1513) to work on /opt/airflow/dags/spark-dag-example.py
[2025-02-14T11:45:36.074+0000] {processor.py:830} INFO - Processing file /opt/airflow/dags/spark-dag-example.py for tasks to queue
[2025-02-14T11:45:36.074+0000] {logging_mixin.py:188} INFO - [2025-02-14T11:45:36.074+0000] {dagbag.py:540} INFO - Filling up the DagBag from /opt/airflow/dags/spark-dag-example.py
[2025-02-14T11:45:36.087+0000] {processor.py:840} INFO - DAG(s) 'spark_airflow_dag' retrieved from /opt/airflow/dags/spark-dag-example.py
[2025-02-14T11:45:36.107+0000] {logging_mixin.py:188} INFO - [2025-02-14T11:45:36.107+0000] {dag.py:3047} INFO - Sync 1 DAGs
[2025-02-14T11:45:36.117+0000] {logging_mixin.py:188} INFO - [2025-02-14T11:45:36.117+0000] {dag.py:3834} INFO - Setting next_dagrun for spark_airflow_dag to None, run_after=None
[2025-02-14T11:45:36.133+0000] {processor.py:183} INFO - Processing /opt/airflow/dags/spark-dag-example.py took 0.062 seconds
[2025-02-14T11:46:06.391+0000] {processor.py:161} INFO - Started process (PID=1531) to work on /opt/airflow/dags/spark-dag-example.py
[2025-02-14T11:46:06.392+0000] {processor.py:830} INFO - Processing file /opt/airflow/dags/spark-dag-example.py for tasks to queue
[2025-02-14T11:46:06.392+0000] {logging_mixin.py:188} INFO - [2025-02-14T11:46:06.392+0000] {dagbag.py:540} INFO - Filling up the DagBag from /opt/airflow/dags/spark-dag-example.py
[2025-02-14T11:46:06.406+0000] {processor.py:840} INFO - DAG(s) 'spark_airflow_dag' retrieved from /opt/airflow/dags/spark-dag-example.py
[2025-02-14T11:46:06.428+0000] {logging_mixin.py:188} INFO - [2025-02-14T11:46:06.428+0000] {dag.py:3047} INFO - Sync 1 DAGs
[2025-02-14T11:46:06.438+0000] {logging_mixin.py:188} INFO - [2025-02-14T11:46:06.438+0000] {dag.py:3834} INFO - Setting next_dagrun for spark_airflow_dag to None, run_after=None
[2025-02-14T11:46:06.455+0000] {processor.py:183} INFO - Processing /opt/airflow/dags/spark-dag-example.py took 0.067 seconds
[2025-02-14T11:46:36.698+0000] {processor.py:161} INFO - Started process (PID=1551) to work on /opt/airflow/dags/spark-dag-example.py
[2025-02-14T11:46:36.699+0000] {processor.py:830} INFO - Processing file /opt/airflow/dags/spark-dag-example.py for tasks to queue
[2025-02-14T11:46:36.700+0000] {logging_mixin.py:188} INFO - [2025-02-14T11:46:36.700+0000] {dagbag.py:540} INFO - Filling up the DagBag from /opt/airflow/dags/spark-dag-example.py
[2025-02-14T11:46:36.712+0000] {processor.py:840} INFO - DAG(s) 'spark_airflow_dag' retrieved from /opt/airflow/dags/spark-dag-example.py
[2025-02-14T11:46:36.734+0000] {logging_mixin.py:188} INFO - [2025-02-14T11:46:36.733+0000] {dag.py:3047} INFO - Sync 1 DAGs
[2025-02-14T11:46:36.744+0000] {logging_mixin.py:188} INFO - [2025-02-14T11:46:36.744+0000] {dag.py:3834} INFO - Setting next_dagrun for spark_airflow_dag to None, run_after=None
[2025-02-14T11:46:36.760+0000] {processor.py:183} INFO - Processing /opt/airflow/dags/spark-dag-example.py took 0.064 seconds
[2025-02-14T11:47:07.084+0000] {processor.py:161} INFO - Started process (PID=1573) to work on /opt/airflow/dags/spark-dag-example.py
[2025-02-14T11:47:07.084+0000] {processor.py:830} INFO - Processing file /opt/airflow/dags/spark-dag-example.py for tasks to queue
[2025-02-14T11:47:07.085+0000] {logging_mixin.py:188} INFO - [2025-02-14T11:47:07.085+0000] {dagbag.py:540} INFO - Filling up the DagBag from /opt/airflow/dags/spark-dag-example.py
[2025-02-14T11:47:07.098+0000] {processor.py:840} INFO - DAG(s) 'spark_airflow_dag' retrieved from /opt/airflow/dags/spark-dag-example.py
[2025-02-14T11:47:07.119+0000] {logging_mixin.py:188} INFO - [2025-02-14T11:47:07.119+0000] {dag.py:3047} INFO - Sync 1 DAGs
[2025-02-14T11:47:07.130+0000] {logging_mixin.py:188} INFO - [2025-02-14T11:47:07.130+0000] {dag.py:3834} INFO - Setting next_dagrun for spark_airflow_dag to None, run_after=None
[2025-02-14T11:47:07.145+0000] {processor.py:183} INFO - Processing /opt/airflow/dags/spark-dag-example.py took 0.064 seconds
[2025-02-14T11:47:37.445+0000] {processor.py:161} INFO - Started process (PID=1591) to work on /opt/airflow/dags/spark-dag-example.py
[2025-02-14T11:47:37.446+0000] {processor.py:830} INFO - Processing file /opt/airflow/dags/spark-dag-example.py for tasks to queue
[2025-02-14T11:47:37.447+0000] {logging_mixin.py:188} INFO - [2025-02-14T11:47:37.447+0000] {dagbag.py:540} INFO - Filling up the DagBag from /opt/airflow/dags/spark-dag-example.py
[2025-02-14T11:47:37.460+0000] {processor.py:840} INFO - DAG(s) 'spark_airflow_dag' retrieved from /opt/airflow/dags/spark-dag-example.py
[2025-02-14T11:47:37.481+0000] {logging_mixin.py:188} INFO - [2025-02-14T11:47:37.481+0000] {dag.py:3047} INFO - Sync 1 DAGs
[2025-02-14T11:47:37.491+0000] {logging_mixin.py:188} INFO - [2025-02-14T11:47:37.491+0000] {dag.py:3834} INFO - Setting next_dagrun for spark_airflow_dag to None, run_after=None
[2025-02-14T11:47:37.508+0000] {processor.py:183} INFO - Processing /opt/airflow/dags/spark-dag-example.py took 0.066 seconds
[2025-02-14T11:48:07.769+0000] {processor.py:161} INFO - Started process (PID=1611) to work on /opt/airflow/dags/spark-dag-example.py
[2025-02-14T11:48:07.770+0000] {processor.py:830} INFO - Processing file /opt/airflow/dags/spark-dag-example.py for tasks to queue
[2025-02-14T11:48:07.771+0000] {logging_mixin.py:188} INFO - [2025-02-14T11:48:07.770+0000] {dagbag.py:540} INFO - Filling up the DagBag from /opt/airflow/dags/spark-dag-example.py
[2025-02-14T11:48:07.784+0000] {processor.py:840} INFO - DAG(s) 'spark_airflow_dag' retrieved from /opt/airflow/dags/spark-dag-example.py
[2025-02-14T11:48:07.807+0000] {logging_mixin.py:188} INFO - [2025-02-14T11:48:07.807+0000] {dag.py:3047} INFO - Sync 1 DAGs
[2025-02-14T11:48:07.818+0000] {logging_mixin.py:188} INFO - [2025-02-14T11:48:07.817+0000] {dag.py:3834} INFO - Setting next_dagrun for spark_airflow_dag to None, run_after=None
[2025-02-14T11:48:07.834+0000] {processor.py:183} INFO - Processing /opt/airflow/dags/spark-dag-example.py took 0.067 seconds
[2025-02-14T11:48:38.242+0000] {processor.py:161} INFO - Started process (PID=1633) to work on /opt/airflow/dags/spark-dag-example.py
[2025-02-14T11:48:38.243+0000] {processor.py:830} INFO - Processing file /opt/airflow/dags/spark-dag-example.py for tasks to queue
[2025-02-14T11:48:38.243+0000] {logging_mixin.py:188} INFO - [2025-02-14T11:48:38.243+0000] {dagbag.py:540} INFO - Filling up the DagBag from /opt/airflow/dags/spark-dag-example.py
[2025-02-14T11:48:38.256+0000] {processor.py:840} INFO - DAG(s) 'spark_airflow_dag' retrieved from /opt/airflow/dags/spark-dag-example.py
[2025-02-14T11:48:38.278+0000] {logging_mixin.py:188} INFO - [2025-02-14T11:48:38.278+0000] {dag.py:3047} INFO - Sync 1 DAGs
[2025-02-14T11:48:38.289+0000] {logging_mixin.py:188} INFO - [2025-02-14T11:48:38.289+0000] {dag.py:3834} INFO - Setting next_dagrun for spark_airflow_dag to None, run_after=None
[2025-02-14T11:48:38.304+0000] {processor.py:183} INFO - Processing /opt/airflow/dags/spark-dag-example.py took 0.065 seconds
[2025-02-14T11:49:08.562+0000] {processor.py:161} INFO - Started process (PID=1651) to work on /opt/airflow/dags/spark-dag-example.py
[2025-02-14T11:49:08.563+0000] {processor.py:830} INFO - Processing file /opt/airflow/dags/spark-dag-example.py for tasks to queue
[2025-02-14T11:49:08.563+0000] {logging_mixin.py:188} INFO - [2025-02-14T11:49:08.563+0000] {dagbag.py:540} INFO - Filling up the DagBag from /opt/airflow/dags/spark-dag-example.py
[2025-02-14T11:49:08.576+0000] {processor.py:840} INFO - DAG(s) 'spark_airflow_dag' retrieved from /opt/airflow/dags/spark-dag-example.py
[2025-02-14T11:49:08.597+0000] {logging_mixin.py:188} INFO - [2025-02-14T11:49:08.596+0000] {dag.py:3047} INFO - Sync 1 DAGs
[2025-02-14T11:49:08.607+0000] {logging_mixin.py:188} INFO - [2025-02-14T11:49:08.607+0000] {dag.py:3834} INFO - Setting next_dagrun for spark_airflow_dag to None, run_after=None
[2025-02-14T11:49:08.623+0000] {processor.py:183} INFO - Processing /opt/airflow/dags/spark-dag-example.py took 0.064 seconds
[2025-02-14T11:49:38.987+0000] {processor.py:161} INFO - Started process (PID=1673) to work on /opt/airflow/dags/spark-dag-example.py
[2025-02-14T11:49:38.988+0000] {processor.py:830} INFO - Processing file /opt/airflow/dags/spark-dag-example.py for tasks to queue
[2025-02-14T11:49:38.988+0000] {logging_mixin.py:188} INFO - [2025-02-14T11:49:38.988+0000] {dagbag.py:540} INFO - Filling up the DagBag from /opt/airflow/dags/spark-dag-example.py
[2025-02-14T11:49:39.002+0000] {processor.py:840} INFO - DAG(s) 'spark_airflow_dag' retrieved from /opt/airflow/dags/spark-dag-example.py
[2025-02-14T11:49:39.025+0000] {logging_mixin.py:188} INFO - [2025-02-14T11:49:39.025+0000] {dag.py:3047} INFO - Sync 1 DAGs
[2025-02-14T11:49:39.036+0000] {logging_mixin.py:188} INFO - [2025-02-14T11:49:39.036+0000] {dag.py:3834} INFO - Setting next_dagrun for spark_airflow_dag to None, run_after=None
[2025-02-14T11:49:39.053+0000] {processor.py:183} INFO - Processing /opt/airflow/dags/spark-dag-example.py took 0.069 seconds
[2025-02-14T11:50:09.399+0000] {processor.py:161} INFO - Started process (PID=1693) to work on /opt/airflow/dags/spark-dag-example.py
[2025-02-14T11:50:09.400+0000] {processor.py:830} INFO - Processing file /opt/airflow/dags/spark-dag-example.py for tasks to queue
[2025-02-14T11:50:09.401+0000] {logging_mixin.py:188} INFO - [2025-02-14T11:50:09.400+0000] {dagbag.py:540} INFO - Filling up the DagBag from /opt/airflow/dags/spark-dag-example.py
[2025-02-14T11:50:09.414+0000] {processor.py:840} INFO - DAG(s) 'spark_airflow_dag' retrieved from /opt/airflow/dags/spark-dag-example.py
[2025-02-14T11:50:09.437+0000] {logging_mixin.py:188} INFO - [2025-02-14T11:50:09.437+0000] {dag.py:3047} INFO - Sync 1 DAGs
[2025-02-14T11:50:09.449+0000] {logging_mixin.py:188} INFO - [2025-02-14T11:50:09.448+0000] {dag.py:3834} INFO - Setting next_dagrun for spark_airflow_dag to None, run_after=None
[2025-02-14T11:50:09.465+0000] {processor.py:183} INFO - Processing /opt/airflow/dags/spark-dag-example.py took 0.069 seconds
[2025-02-14T11:50:39.715+0000] {processor.py:161} INFO - Started process (PID=1711) to work on /opt/airflow/dags/spark-dag-example.py
[2025-02-14T11:50:39.716+0000] {processor.py:830} INFO - Processing file /opt/airflow/dags/spark-dag-example.py for tasks to queue
[2025-02-14T11:50:39.717+0000] {logging_mixin.py:188} INFO - [2025-02-14T11:50:39.716+0000] {dagbag.py:540} INFO - Filling up the DagBag from /opt/airflow/dags/spark-dag-example.py
[2025-02-14T11:50:39.731+0000] {processor.py:840} INFO - DAG(s) 'spark_airflow_dag' retrieved from /opt/airflow/dags/spark-dag-example.py
[2025-02-14T11:50:39.753+0000] {logging_mixin.py:188} INFO - [2025-02-14T11:50:39.753+0000] {dag.py:3047} INFO - Sync 1 DAGs
[2025-02-14T11:50:39.764+0000] {logging_mixin.py:188} INFO - [2025-02-14T11:50:39.763+0000] {dag.py:3834} INFO - Setting next_dagrun for spark_airflow_dag to None, run_after=None
[2025-02-14T11:50:39.782+0000] {processor.py:183} INFO - Processing /opt/airflow/dags/spark-dag-example.py took 0.070 seconds
[2025-02-14T11:51:10.028+0000] {processor.py:161} INFO - Started process (PID=1731) to work on /opt/airflow/dags/spark-dag-example.py
[2025-02-14T11:51:10.029+0000] {processor.py:830} INFO - Processing file /opt/airflow/dags/spark-dag-example.py for tasks to queue
[2025-02-14T11:51:10.029+0000] {logging_mixin.py:188} INFO - [2025-02-14T11:51:10.029+0000] {dagbag.py:540} INFO - Filling up the DagBag from /opt/airflow/dags/spark-dag-example.py
[2025-02-14T11:51:10.042+0000] {processor.py:840} INFO - DAG(s) 'spark_airflow_dag' retrieved from /opt/airflow/dags/spark-dag-example.py
[2025-02-14T11:51:10.063+0000] {logging_mixin.py:188} INFO - [2025-02-14T11:51:10.062+0000] {dag.py:3047} INFO - Sync 1 DAGs
[2025-02-14T11:51:10.073+0000] {logging_mixin.py:188} INFO - [2025-02-14T11:51:10.073+0000] {dag.py:3834} INFO - Setting next_dagrun for spark_airflow_dag to None, run_after=None
[2025-02-14T11:51:10.088+0000] {processor.py:183} INFO - Processing /opt/airflow/dags/spark-dag-example.py took 0.063 seconds
[2025-02-14T11:51:40.438+0000] {processor.py:161} INFO - Started process (PID=1753) to work on /opt/airflow/dags/spark-dag-example.py
[2025-02-14T11:51:40.439+0000] {processor.py:830} INFO - Processing file /opt/airflow/dags/spark-dag-example.py for tasks to queue
[2025-02-14T11:51:40.439+0000] {logging_mixin.py:188} INFO - [2025-02-14T11:51:40.439+0000] {dagbag.py:540} INFO - Filling up the DagBag from /opt/airflow/dags/spark-dag-example.py
[2025-02-14T11:51:40.452+0000] {processor.py:840} INFO - DAG(s) 'spark_airflow_dag' retrieved from /opt/airflow/dags/spark-dag-example.py
[2025-02-14T11:51:40.474+0000] {logging_mixin.py:188} INFO - [2025-02-14T11:51:40.474+0000] {dag.py:3047} INFO - Sync 1 DAGs
[2025-02-14T11:51:40.484+0000] {logging_mixin.py:188} INFO - [2025-02-14T11:51:40.484+0000] {dag.py:3834} INFO - Setting next_dagrun for spark_airflow_dag to None, run_after=None
[2025-02-14T11:51:40.500+0000] {processor.py:183} INFO - Processing /opt/airflow/dags/spark-dag-example.py took 0.066 seconds
[2025-02-14T11:52:10.842+0000] {processor.py:161} INFO - Started process (PID=1773) to work on /opt/airflow/dags/spark-dag-example.py
[2025-02-14T11:52:10.843+0000] {processor.py:830} INFO - Processing file /opt/airflow/dags/spark-dag-example.py for tasks to queue
[2025-02-14T11:52:10.844+0000] {logging_mixin.py:188} INFO - [2025-02-14T11:52:10.844+0000] {dagbag.py:540} INFO - Filling up the DagBag from /opt/airflow/dags/spark-dag-example.py
[2025-02-14T11:52:10.858+0000] {processor.py:840} INFO - DAG(s) 'spark_airflow_dag' retrieved from /opt/airflow/dags/spark-dag-example.py
[2025-02-14T11:52:10.883+0000] {logging_mixin.py:188} INFO - [2025-02-14T11:52:10.883+0000] {dag.py:3047} INFO - Sync 1 DAGs
[2025-02-14T11:52:10.895+0000] {logging_mixin.py:188} INFO - [2025-02-14T11:52:10.895+0000] {dag.py:3834} INFO - Setting next_dagrun for spark_airflow_dag to None, run_after=None
[2025-02-14T11:52:10.915+0000] {processor.py:183} INFO - Processing /opt/airflow/dags/spark-dag-example.py took 0.076 seconds
[2025-02-14T11:52:41.275+0000] {processor.py:161} INFO - Started process (PID=1793) to work on /opt/airflow/dags/spark-dag-example.py
[2025-02-14T11:52:41.276+0000] {processor.py:830} INFO - Processing file /opt/airflow/dags/spark-dag-example.py for tasks to queue
[2025-02-14T11:52:41.277+0000] {logging_mixin.py:188} INFO - [2025-02-14T11:52:41.276+0000] {dagbag.py:540} INFO - Filling up the DagBag from /opt/airflow/dags/spark-dag-example.py
[2025-02-14T11:52:41.289+0000] {processor.py:840} INFO - DAG(s) 'spark_airflow_dag' retrieved from /opt/airflow/dags/spark-dag-example.py
[2025-02-14T11:52:41.310+0000] {logging_mixin.py:188} INFO - [2025-02-14T11:52:41.310+0000] {dag.py:3047} INFO - Sync 1 DAGs
[2025-02-14T11:52:41.322+0000] {logging_mixin.py:188} INFO - [2025-02-14T11:52:41.322+0000] {dag.py:3834} INFO - Setting next_dagrun for spark_airflow_dag to None, run_after=None
[2025-02-14T11:52:41.339+0000] {processor.py:183} INFO - Processing /opt/airflow/dags/spark-dag-example.py took 0.067 seconds
[2025-02-14T11:53:11.642+0000] {processor.py:161} INFO - Started process (PID=1811) to work on /opt/airflow/dags/spark-dag-example.py
[2025-02-14T11:53:11.643+0000] {processor.py:830} INFO - Processing file /opt/airflow/dags/spark-dag-example.py for tasks to queue
[2025-02-14T11:53:11.644+0000] {logging_mixin.py:188} INFO - [2025-02-14T11:53:11.644+0000] {dagbag.py:540} INFO - Filling up the DagBag from /opt/airflow/dags/spark-dag-example.py
[2025-02-14T11:53:11.659+0000] {processor.py:840} INFO - DAG(s) 'spark_airflow_dag' retrieved from /opt/airflow/dags/spark-dag-example.py
[2025-02-14T11:53:11.684+0000] {logging_mixin.py:188} INFO - [2025-02-14T11:53:11.684+0000] {dag.py:3047} INFO - Sync 1 DAGs
[2025-02-14T11:53:11.699+0000] {logging_mixin.py:188} INFO - [2025-02-14T11:53:11.698+0000] {dag.py:3834} INFO - Setting next_dagrun for spark_airflow_dag to None, run_after=None
[2025-02-14T11:53:11.721+0000] {processor.py:183} INFO - Processing /opt/airflow/dags/spark-dag-example.py took 0.082 seconds
[2025-02-14T11:53:42.148+0000] {processor.py:161} INFO - Started process (PID=1833) to work on /opt/airflow/dags/spark-dag-example.py
[2025-02-14T11:53:42.149+0000] {processor.py:830} INFO - Processing file /opt/airflow/dags/spark-dag-example.py for tasks to queue
[2025-02-14T11:53:42.150+0000] {logging_mixin.py:188} INFO - [2025-02-14T11:53:42.150+0000] {dagbag.py:540} INFO - Filling up the DagBag from /opt/airflow/dags/spark-dag-example.py
[2025-02-14T11:53:42.165+0000] {processor.py:840} INFO - DAG(s) 'spark_airflow_dag' retrieved from /opt/airflow/dags/spark-dag-example.py
[2025-02-14T11:53:42.187+0000] {logging_mixin.py:188} INFO - [2025-02-14T11:53:42.186+0000] {dag.py:3047} INFO - Sync 1 DAGs
[2025-02-14T11:53:42.197+0000] {logging_mixin.py:188} INFO - [2025-02-14T11:53:42.197+0000] {dag.py:3834} INFO - Setting next_dagrun for spark_airflow_dag to None, run_after=None
[2025-02-14T11:53:42.212+0000] {processor.py:183} INFO - Processing /opt/airflow/dags/spark-dag-example.py took 0.068 seconds
[2025-02-14T11:54:12.538+0000] {processor.py:161} INFO - Started process (PID=1853) to work on /opt/airflow/dags/spark-dag-example.py
[2025-02-14T11:54:12.539+0000] {processor.py:830} INFO - Processing file /opt/airflow/dags/spark-dag-example.py for tasks to queue
[2025-02-14T11:54:12.540+0000] {logging_mixin.py:188} INFO - [2025-02-14T11:54:12.539+0000] {dagbag.py:540} INFO - Filling up the DagBag from /opt/airflow/dags/spark-dag-example.py
[2025-02-14T11:54:12.552+0000] {processor.py:840} INFO - DAG(s) 'spark_airflow_dag' retrieved from /opt/airflow/dags/spark-dag-example.py
[2025-02-14T11:54:12.573+0000] {logging_mixin.py:188} INFO - [2025-02-14T11:54:12.573+0000] {dag.py:3047} INFO - Sync 1 DAGs
[2025-02-14T11:54:12.584+0000] {logging_mixin.py:188} INFO - [2025-02-14T11:54:12.584+0000] {dag.py:3834} INFO - Setting next_dagrun for spark_airflow_dag to None, run_after=None
[2025-02-14T11:54:12.600+0000] {processor.py:183} INFO - Processing /opt/airflow/dags/spark-dag-example.py took 0.064 seconds
[2025-02-14T11:54:42.934+0000] {processor.py:161} INFO - Started process (PID=1873) to work on /opt/airflow/dags/spark-dag-example.py
[2025-02-14T11:54:42.935+0000] {processor.py:830} INFO - Processing file /opt/airflow/dags/spark-dag-example.py for tasks to queue
[2025-02-14T11:54:42.935+0000] {logging_mixin.py:188} INFO - [2025-02-14T11:54:42.935+0000] {dagbag.py:540} INFO - Filling up the DagBag from /opt/airflow/dags/spark-dag-example.py
[2025-02-14T11:54:42.948+0000] {processor.py:840} INFO - DAG(s) 'spark_airflow_dag' retrieved from /opt/airflow/dags/spark-dag-example.py
[2025-02-14T11:54:42.969+0000] {logging_mixin.py:188} INFO - [2025-02-14T11:54:42.969+0000] {dag.py:3047} INFO - Sync 1 DAGs
[2025-02-14T11:54:42.980+0000] {logging_mixin.py:188} INFO - [2025-02-14T11:54:42.980+0000] {dag.py:3834} INFO - Setting next_dagrun for spark_airflow_dag to None, run_after=None
[2025-02-14T11:54:42.999+0000] {processor.py:183} INFO - Processing /opt/airflow/dags/spark-dag-example.py took 0.068 seconds
[2025-02-14T11:55:13.324+0000] {processor.py:161} INFO - Started process (PID=1893) to work on /opt/airflow/dags/spark-dag-example.py
[2025-02-14T11:55:13.325+0000] {processor.py:830} INFO - Processing file /opt/airflow/dags/spark-dag-example.py for tasks to queue
[2025-02-14T11:55:13.326+0000] {logging_mixin.py:188} INFO - [2025-02-14T11:55:13.326+0000] {dagbag.py:540} INFO - Filling up the DagBag from /opt/airflow/dags/spark-dag-example.py
[2025-02-14T11:55:13.338+0000] {processor.py:840} INFO - DAG(s) 'spark_airflow_dag' retrieved from /opt/airflow/dags/spark-dag-example.py
[2025-02-14T11:55:13.360+0000] {logging_mixin.py:188} INFO - [2025-02-14T11:55:13.360+0000] {dag.py:3047} INFO - Sync 1 DAGs
[2025-02-14T11:55:13.371+0000] {logging_mixin.py:188} INFO - [2025-02-14T11:55:13.371+0000] {dag.py:3834} INFO - Setting next_dagrun for spark_airflow_dag to None, run_after=None
[2025-02-14T11:55:13.387+0000] {processor.py:183} INFO - Processing /opt/airflow/dags/spark-dag-example.py took 0.065 seconds
[2025-02-14T11:55:43.729+0000] {processor.py:161} INFO - Started process (PID=1913) to work on /opt/airflow/dags/spark-dag-example.py
[2025-02-14T11:55:43.730+0000] {processor.py:830} INFO - Processing file /opt/airflow/dags/spark-dag-example.py for tasks to queue
[2025-02-14T11:55:43.730+0000] {logging_mixin.py:188} INFO - [2025-02-14T11:55:43.730+0000] {dagbag.py:540} INFO - Filling up the DagBag from /opt/airflow/dags/spark-dag-example.py
[2025-02-14T11:55:43.743+0000] {processor.py:840} INFO - DAG(s) 'spark_airflow_dag' retrieved from /opt/airflow/dags/spark-dag-example.py
[2025-02-14T11:55:43.765+0000] {logging_mixin.py:188} INFO - [2025-02-14T11:55:43.764+0000] {dag.py:3047} INFO - Sync 1 DAGs
[2025-02-14T11:55:43.775+0000] {logging_mixin.py:188} INFO - [2025-02-14T11:55:43.775+0000] {dag.py:3834} INFO - Setting next_dagrun for spark_airflow_dag to None, run_after=None
[2025-02-14T11:55:43.791+0000] {processor.py:183} INFO - Processing /opt/airflow/dags/spark-dag-example.py took 0.064 seconds
[2025-02-14T11:59:07.778+0000] {processor.py:161} INFO - Started process (PID=183) to work on /opt/airflow/dags/spark-dag-example.py
[2025-02-14T11:59:07.779+0000] {processor.py:830} INFO - Processing file /opt/airflow/dags/spark-dag-example.py for tasks to queue
[2025-02-14T11:59:07.780+0000] {logging_mixin.py:188} INFO - [2025-02-14T11:59:07.780+0000] {dagbag.py:540} INFO - Filling up the DagBag from /opt/airflow/dags/spark-dag-example.py
[2025-02-14T11:59:07.793+0000] {processor.py:840} INFO - DAG(s) 'spark_airflow_dag' retrieved from /opt/airflow/dags/spark-dag-example.py
[2025-02-14T11:59:07.803+0000] {logging_mixin.py:188} INFO - [2025-02-14T11:59:07.803+0000] {dag.py:3047} INFO - Sync 1 DAGs
[2025-02-14T11:59:07.814+0000] {logging_mixin.py:188} INFO - [2025-02-14T11:59:07.814+0000] {dag.py:3834} INFO - Setting next_dagrun for spark_airflow_dag to None, run_after=None
[2025-02-14T11:59:07.829+0000] {processor.py:183} INFO - Processing /opt/airflow/dags/spark-dag-example.py took 0.055 seconds
[2025-02-14T11:59:38.174+0000] {processor.py:161} INFO - Started process (PID=201) to work on /opt/airflow/dags/spark-dag-example.py
[2025-02-14T11:59:38.175+0000] {processor.py:830} INFO - Processing file /opt/airflow/dags/spark-dag-example.py for tasks to queue
[2025-02-14T11:59:38.176+0000] {logging_mixin.py:188} INFO - [2025-02-14T11:59:38.176+0000] {dagbag.py:540} INFO - Filling up the DagBag from /opt/airflow/dags/spark-dag-example.py
[2025-02-14T11:59:38.189+0000] {processor.py:840} INFO - DAG(s) 'spark_airflow_dag' retrieved from /opt/airflow/dags/spark-dag-example.py
[2025-02-14T11:59:38.277+0000] {logging_mixin.py:188} INFO - [2025-02-14T11:59:38.277+0000] {dag.py:3047} INFO - Sync 1 DAGs
[2025-02-14T11:59:38.286+0000] {logging_mixin.py:188} INFO - [2025-02-14T11:59:38.286+0000] {dag.py:3834} INFO - Setting next_dagrun for spark_airflow_dag to None, run_after=None
[2025-02-14T11:59:38.302+0000] {processor.py:183} INFO - Processing /opt/airflow/dags/spark-dag-example.py took 0.131 seconds
[2025-02-14T12:00:08.509+0000] {processor.py:161} INFO - Started process (PID=221) to work on /opt/airflow/dags/spark-dag-example.py
[2025-02-14T12:00:08.509+0000] {processor.py:830} INFO - Processing file /opt/airflow/dags/spark-dag-example.py for tasks to queue
[2025-02-14T12:00:08.510+0000] {logging_mixin.py:188} INFO - [2025-02-14T12:00:08.510+0000] {dagbag.py:540} INFO - Filling up the DagBag from /opt/airflow/dags/spark-dag-example.py
[2025-02-14T12:00:08.524+0000] {processor.py:840} INFO - DAG(s) 'spark_airflow_dag' retrieved from /opt/airflow/dags/spark-dag-example.py
[2025-02-14T12:00:08.547+0000] {logging_mixin.py:188} INFO - [2025-02-14T12:00:08.547+0000] {dag.py:3047} INFO - Sync 1 DAGs
[2025-02-14T12:00:08.560+0000] {logging_mixin.py:188} INFO - [2025-02-14T12:00:08.560+0000] {dag.py:3834} INFO - Setting next_dagrun for spark_airflow_dag to None, run_after=None
[2025-02-14T12:00:08.577+0000] {processor.py:183} INFO - Processing /opt/airflow/dags/spark-dag-example.py took 0.071 seconds
[2025-02-14T12:00:38.905+0000] {processor.py:161} INFO - Started process (PID=243) to work on /opt/airflow/dags/spark-dag-example.py
[2025-02-14T12:00:38.906+0000] {processor.py:830} INFO - Processing file /opt/airflow/dags/spark-dag-example.py for tasks to queue
[2025-02-14T12:00:38.906+0000] {logging_mixin.py:188} INFO - [2025-02-14T12:00:38.906+0000] {dagbag.py:540} INFO - Filling up the DagBag from /opt/airflow/dags/spark-dag-example.py
[2025-02-14T12:00:38.920+0000] {processor.py:840} INFO - DAG(s) 'spark_airflow_dag' retrieved from /opt/airflow/dags/spark-dag-example.py
[2025-02-14T12:00:38.941+0000] {logging_mixin.py:188} INFO - [2025-02-14T12:00:38.940+0000] {dag.py:3047} INFO - Sync 1 DAGs
[2025-02-14T12:00:38.951+0000] {logging_mixin.py:188} INFO - [2025-02-14T12:00:38.951+0000] {dag.py:3834} INFO - Setting next_dagrun for spark_airflow_dag to None, run_after=None
[2025-02-14T12:00:38.966+0000] {processor.py:183} INFO - Processing /opt/airflow/dags/spark-dag-example.py took 0.064 seconds
[2025-02-14T12:11:45.619+0000] {processor.py:161} INFO - Started process (PID=183) to work on /opt/airflow/dags/spark-dag-example.py
[2025-02-14T12:11:45.621+0000] {processor.py:830} INFO - Processing file /opt/airflow/dags/spark-dag-example.py for tasks to queue
[2025-02-14T12:11:45.623+0000] {logging_mixin.py:188} INFO - [2025-02-14T12:11:45.622+0000] {dagbag.py:540} INFO - Filling up the DagBag from /opt/airflow/dags/spark-dag-example.py
[2025-02-14T12:11:45.667+0000] {processor.py:840} INFO - DAG(s) 'spark_airflow_dag' retrieved from /opt/airflow/dags/spark-dag-example.py
[2025-02-14T12:11:45.691+0000] {logging_mixin.py:188} INFO - [2025-02-14T12:11:45.691+0000] {dag.py:3047} INFO - Sync 1 DAGs
[2025-02-14T12:11:45.716+0000] {logging_mixin.py:188} INFO - [2025-02-14T12:11:45.715+0000] {dag.py:3834} INFO - Setting next_dagrun for spark_airflow_dag to None, run_after=None
[2025-02-14T12:11:45.753+0000] {processor.py:183} INFO - Processing /opt/airflow/dags/spark-dag-example.py took 0.141 seconds
[2025-02-14T12:12:16.999+0000] {processor.py:161} INFO - Started process (PID=203) to work on /opt/airflow/dags/spark-dag-example.py
[2025-02-14T12:12:17.001+0000] {processor.py:830} INFO - Processing file /opt/airflow/dags/spark-dag-example.py for tasks to queue
[2025-02-14T12:12:17.003+0000] {logging_mixin.py:188} INFO - [2025-02-14T12:12:17.002+0000] {dagbag.py:540} INFO - Filling up the DagBag from /opt/airflow/dags/spark-dag-example.py
[2025-02-14T12:12:17.056+0000] {processor.py:840} INFO - DAG(s) 'spark_airflow_dag' retrieved from /opt/airflow/dags/spark-dag-example.py
[2025-02-14T12:12:17.269+0000] {logging_mixin.py:188} INFO - [2025-02-14T12:12:17.268+0000] {dag.py:3047} INFO - Sync 1 DAGs
[2025-02-14T12:12:17.290+0000] {logging_mixin.py:188} INFO - [2025-02-14T12:12:17.289+0000] {dag.py:3834} INFO - Setting next_dagrun for spark_airflow_dag to None, run_after=None
[2025-02-14T12:12:17.336+0000] {processor.py:183} INFO - Processing /opt/airflow/dags/spark-dag-example.py took 0.343 seconds
[2025-02-14T12:12:48.178+0000] {processor.py:161} INFO - Started process (PID=223) to work on /opt/airflow/dags/spark-dag-example.py
[2025-02-14T12:12:48.180+0000] {processor.py:830} INFO - Processing file /opt/airflow/dags/spark-dag-example.py for tasks to queue
[2025-02-14T12:12:48.182+0000] {logging_mixin.py:188} INFO - [2025-02-14T12:12:48.182+0000] {dagbag.py:540} INFO - Filling up the DagBag from /opt/airflow/dags/spark-dag-example.py
[2025-02-14T12:12:48.227+0000] {processor.py:840} INFO - DAG(s) 'spark_airflow_dag' retrieved from /opt/airflow/dags/spark-dag-example.py
[2025-02-14T12:12:48.280+0000] {logging_mixin.py:188} INFO - [2025-02-14T12:12:48.279+0000] {dag.py:3047} INFO - Sync 1 DAGs
[2025-02-14T12:12:48.305+0000] {logging_mixin.py:188} INFO - [2025-02-14T12:12:48.304+0000] {dag.py:3834} INFO - Setting next_dagrun for spark_airflow_dag to None, run_after=None
[2025-02-14T12:12:48.354+0000] {processor.py:183} INFO - Processing /opt/airflow/dags/spark-dag-example.py took 0.183 seconds
[2025-02-14T12:13:18.461+0000] {processor.py:161} INFO - Started process (PID=243) to work on /opt/airflow/dags/spark-dag-example.py
[2025-02-14T12:13:18.463+0000] {processor.py:830} INFO - Processing file /opt/airflow/dags/spark-dag-example.py for tasks to queue
[2025-02-14T12:13:18.465+0000] {logging_mixin.py:188} INFO - [2025-02-14T12:13:18.465+0000] {dagbag.py:540} INFO - Filling up the DagBag from /opt/airflow/dags/spark-dag-example.py
[2025-02-14T12:13:18.512+0000] {processor.py:840} INFO - DAG(s) 'spark_airflow_dag' retrieved from /opt/airflow/dags/spark-dag-example.py
[2025-02-14T12:13:18.566+0000] {logging_mixin.py:188} INFO - [2025-02-14T12:13:18.565+0000] {dag.py:3047} INFO - Sync 1 DAGs
[2025-02-14T12:13:18.593+0000] {logging_mixin.py:188} INFO - [2025-02-14T12:13:18.592+0000] {dag.py:3834} INFO - Setting next_dagrun for spark_airflow_dag to None, run_after=None
[2025-02-14T12:13:18.632+0000] {processor.py:183} INFO - Processing /opt/airflow/dags/spark-dag-example.py took 0.178 seconds
[2025-02-14T12:13:49.466+0000] {processor.py:161} INFO - Started process (PID=263) to work on /opt/airflow/dags/spark-dag-example.py
[2025-02-14T12:13:49.468+0000] {processor.py:830} INFO - Processing file /opt/airflow/dags/spark-dag-example.py for tasks to queue
[2025-02-14T12:13:49.471+0000] {logging_mixin.py:188} INFO - [2025-02-14T12:13:49.470+0000] {dagbag.py:540} INFO - Filling up the DagBag from /opt/airflow/dags/spark-dag-example.py
[2025-02-14T12:13:49.516+0000] {processor.py:840} INFO - DAG(s) 'spark_airflow_dag' retrieved from /opt/airflow/dags/spark-dag-example.py
[2025-02-14T12:13:49.571+0000] {logging_mixin.py:188} INFO - [2025-02-14T12:13:49.570+0000] {dag.py:3047} INFO - Sync 1 DAGs
[2025-02-14T12:13:49.597+0000] {logging_mixin.py:188} INFO - [2025-02-14T12:13:49.596+0000] {dag.py:3834} INFO - Setting next_dagrun for spark_airflow_dag to None, run_after=None
[2025-02-14T12:13:49.642+0000] {processor.py:183} INFO - Processing /opt/airflow/dags/spark-dag-example.py took 0.184 seconds
[2025-02-14T12:14:20.339+0000] {processor.py:161} INFO - Started process (PID=351) to work on /opt/airflow/dags/spark-dag-example.py
[2025-02-14T12:14:20.341+0000] {processor.py:830} INFO - Processing file /opt/airflow/dags/spark-dag-example.py for tasks to queue
[2025-02-14T12:14:20.344+0000] {logging_mixin.py:188} INFO - [2025-02-14T12:14:20.343+0000] {dagbag.py:540} INFO - Filling up the DagBag from /opt/airflow/dags/spark-dag-example.py
[2025-02-14T12:14:20.392+0000] {processor.py:840} INFO - DAG(s) 'spark_airflow_dag' retrieved from /opt/airflow/dags/spark-dag-example.py
[2025-02-14T12:14:20.463+0000] {logging_mixin.py:188} INFO - [2025-02-14T12:14:20.462+0000] {dag.py:3047} INFO - Sync 1 DAGs
[2025-02-14T12:14:20.503+0000] {logging_mixin.py:188} INFO - [2025-02-14T12:14:20.502+0000] {dag.py:3834} INFO - Setting next_dagrun for spark_airflow_dag to None, run_after=None
[2025-02-14T12:14:20.563+0000] {processor.py:183} INFO - Processing /opt/airflow/dags/spark-dag-example.py took 0.234 seconds
[2025-02-14T12:14:51.600+0000] {processor.py:161} INFO - Started process (PID=373) to work on /opt/airflow/dags/spark-dag-example.py
[2025-02-14T12:14:51.602+0000] {processor.py:830} INFO - Processing file /opt/airflow/dags/spark-dag-example.py for tasks to queue
[2025-02-14T12:14:51.604+0000] {logging_mixin.py:188} INFO - [2025-02-14T12:14:51.604+0000] {dagbag.py:540} INFO - Filling up the DagBag from /opt/airflow/dags/spark-dag-example.py
[2025-02-14T12:14:51.650+0000] {processor.py:840} INFO - DAG(s) 'spark_airflow_dag' retrieved from /opt/airflow/dags/spark-dag-example.py
[2025-02-14T12:14:51.710+0000] {logging_mixin.py:188} INFO - [2025-02-14T12:14:51.710+0000] {dag.py:3047} INFO - Sync 1 DAGs
[2025-02-14T12:14:51.743+0000] {logging_mixin.py:188} INFO - [2025-02-14T12:14:51.743+0000] {dag.py:3834} INFO - Setting next_dagrun for spark_airflow_dag to None, run_after=None
[2025-02-14T12:14:51.789+0000] {processor.py:183} INFO - Processing /opt/airflow/dags/spark-dag-example.py took 0.194 seconds
[2025-02-14T12:15:22.588+0000] {processor.py:161} INFO - Started process (PID=393) to work on /opt/airflow/dags/spark-dag-example.py
[2025-02-14T12:15:22.590+0000] {processor.py:830} INFO - Processing file /opt/airflow/dags/spark-dag-example.py for tasks to queue
[2025-02-14T12:15:22.592+0000] {logging_mixin.py:188} INFO - [2025-02-14T12:15:22.592+0000] {dagbag.py:540} INFO - Filling up the DagBag from /opt/airflow/dags/spark-dag-example.py
[2025-02-14T12:15:22.639+0000] {processor.py:840} INFO - DAG(s) 'spark_airflow_dag' retrieved from /opt/airflow/dags/spark-dag-example.py
[2025-02-14T12:15:22.696+0000] {logging_mixin.py:188} INFO - [2025-02-14T12:15:22.696+0000] {dag.py:3047} INFO - Sync 1 DAGs
[2025-02-14T12:15:22.729+0000] {logging_mixin.py:188} INFO - [2025-02-14T12:15:22.728+0000] {dag.py:3834} INFO - Setting next_dagrun for spark_airflow_dag to None, run_after=None
[2025-02-14T12:15:22.773+0000] {processor.py:183} INFO - Processing /opt/airflow/dags/spark-dag-example.py took 0.191 seconds
[2025-02-14T12:15:53.537+0000] {processor.py:161} INFO - Started process (PID=413) to work on /opt/airflow/dags/spark-dag-example.py
[2025-02-14T12:15:53.540+0000] {processor.py:830} INFO - Processing file /opt/airflow/dags/spark-dag-example.py for tasks to queue
[2025-02-14T12:15:53.542+0000] {logging_mixin.py:188} INFO - [2025-02-14T12:15:53.541+0000] {dagbag.py:540} INFO - Filling up the DagBag from /opt/airflow/dags/spark-dag-example.py
[2025-02-14T12:15:53.583+0000] {processor.py:840} INFO - DAG(s) 'spark_airflow_dag' retrieved from /opt/airflow/dags/spark-dag-example.py
[2025-02-14T12:15:53.679+0000] {logging_mixin.py:188} INFO - [2025-02-14T12:15:53.679+0000] {dag.py:3047} INFO - Sync 1 DAGs
[2025-02-14T12:15:53.710+0000] {logging_mixin.py:188} INFO - [2025-02-14T12:15:53.710+0000] {dag.py:3834} INFO - Setting next_dagrun for spark_airflow_dag to None, run_after=None
[2025-02-14T12:15:53.752+0000] {processor.py:183} INFO - Processing /opt/airflow/dags/spark-dag-example.py took 0.225 seconds
[2025-02-14T12:16:24.478+0000] {processor.py:161} INFO - Started process (PID=433) to work on /opt/airflow/dags/spark-dag-example.py
[2025-02-14T12:16:24.480+0000] {processor.py:830} INFO - Processing file /opt/airflow/dags/spark-dag-example.py for tasks to queue
[2025-02-14T12:16:24.482+0000] {logging_mixin.py:188} INFO - [2025-02-14T12:16:24.482+0000] {dagbag.py:540} INFO - Filling up the DagBag from /opt/airflow/dags/spark-dag-example.py
[2025-02-14T12:16:24.531+0000] {processor.py:840} INFO - DAG(s) 'spark_airflow_dag' retrieved from /opt/airflow/dags/spark-dag-example.py
[2025-02-14T12:16:24.587+0000] {logging_mixin.py:188} INFO - [2025-02-14T12:16:24.587+0000] {dag.py:3047} INFO - Sync 1 DAGs
[2025-02-14T12:16:24.612+0000] {logging_mixin.py:188} INFO - [2025-02-14T12:16:24.612+0000] {dag.py:3834} INFO - Setting next_dagrun for spark_airflow_dag to None, run_after=None
[2025-02-14T12:16:24.656+0000] {processor.py:183} INFO - Processing /opt/airflow/dags/spark-dag-example.py took 0.185 seconds
[2025-02-14T12:16:54.904+0000] {processor.py:161} INFO - Started process (PID=453) to work on /opt/airflow/dags/spark-dag-example.py
[2025-02-14T12:16:54.907+0000] {processor.py:830} INFO - Processing file /opt/airflow/dags/spark-dag-example.py for tasks to queue
[2025-02-14T12:16:54.909+0000] {logging_mixin.py:188} INFO - [2025-02-14T12:16:54.908+0000] {dagbag.py:540} INFO - Filling up the DagBag from /opt/airflow/dags/spark-dag-example.py
[2025-02-14T12:16:54.947+0000] {processor.py:840} INFO - DAG(s) 'spark_airflow_dag' retrieved from /opt/airflow/dags/spark-dag-example.py
[2025-02-14T12:16:55.000+0000] {logging_mixin.py:188} INFO - [2025-02-14T12:16:55.000+0000] {dag.py:3047} INFO - Sync 1 DAGs
[2025-02-14T12:16:55.026+0000] {logging_mixin.py:188} INFO - [2025-02-14T12:16:55.026+0000] {dag.py:3834} INFO - Setting next_dagrun for spark_airflow_dag to None, run_after=None
[2025-02-14T12:16:55.075+0000] {processor.py:183} INFO - Processing /opt/airflow/dags/spark-dag-example.py took 0.176 seconds
[2025-02-14T12:17:26.001+0000] {processor.py:161} INFO - Started process (PID=473) to work on /opt/airflow/dags/spark-dag-example.py
[2025-02-14T12:17:26.003+0000] {processor.py:830} INFO - Processing file /opt/airflow/dags/spark-dag-example.py for tasks to queue
[2025-02-14T12:17:26.005+0000] {logging_mixin.py:188} INFO - [2025-02-14T12:17:26.004+0000] {dagbag.py:540} INFO - Filling up the DagBag from /opt/airflow/dags/spark-dag-example.py
[2025-02-14T12:17:26.046+0000] {processor.py:840} INFO - DAG(s) 'spark_airflow_dag' retrieved from /opt/airflow/dags/spark-dag-example.py
[2025-02-14T12:17:26.101+0000] {logging_mixin.py:188} INFO - [2025-02-14T12:17:26.101+0000] {dag.py:3047} INFO - Sync 1 DAGs
[2025-02-14T12:17:26.129+0000] {logging_mixin.py:188} INFO - [2025-02-14T12:17:26.129+0000] {dag.py:3834} INFO - Setting next_dagrun for spark_airflow_dag to None, run_after=None
[2025-02-14T12:17:26.181+0000] {processor.py:183} INFO - Processing /opt/airflow/dags/spark-dag-example.py took 0.187 seconds
[2025-02-14T12:17:56.742+0000] {processor.py:161} INFO - Started process (PID=491) to work on /opt/airflow/dags/spark-dag-example.py
[2025-02-14T12:17:56.744+0000] {processor.py:830} INFO - Processing file /opt/airflow/dags/spark-dag-example.py for tasks to queue
[2025-02-14T12:17:56.746+0000] {logging_mixin.py:188} INFO - [2025-02-14T12:17:56.745+0000] {dagbag.py:540} INFO - Filling up the DagBag from /opt/airflow/dags/spark-dag-example.py
[2025-02-14T12:17:56.791+0000] {processor.py:840} INFO - DAG(s) 'spark_airflow_dag' retrieved from /opt/airflow/dags/spark-dag-example.py
[2025-02-14T12:17:56.845+0000] {logging_mixin.py:188} INFO - [2025-02-14T12:17:56.844+0000] {dag.py:3047} INFO - Sync 1 DAGs
[2025-02-14T12:17:56.873+0000] {logging_mixin.py:188} INFO - [2025-02-14T12:17:56.873+0000] {dag.py:3834} INFO - Setting next_dagrun for spark_airflow_dag to None, run_after=None
[2025-02-14T12:17:56.918+0000] {processor.py:183} INFO - Processing /opt/airflow/dags/spark-dag-example.py took 0.184 seconds
[2025-02-14T12:18:27.512+0000] {processor.py:161} INFO - Started process (PID=511) to work on /opt/airflow/dags/spark-dag-example.py
[2025-02-14T12:18:27.514+0000] {processor.py:830} INFO - Processing file /opt/airflow/dags/spark-dag-example.py for tasks to queue
[2025-02-14T12:18:27.517+0000] {logging_mixin.py:188} INFO - [2025-02-14T12:18:27.516+0000] {dagbag.py:540} INFO - Filling up the DagBag from /opt/airflow/dags/spark-dag-example.py
[2025-02-14T12:18:27.560+0000] {processor.py:840} INFO - DAG(s) 'spark_airflow_dag' retrieved from /opt/airflow/dags/spark-dag-example.py
[2025-02-14T12:18:27.619+0000] {logging_mixin.py:188} INFO - [2025-02-14T12:18:27.618+0000] {dag.py:3047} INFO - Sync 1 DAGs
[2025-02-14T12:18:27.657+0000] {logging_mixin.py:188} INFO - [2025-02-14T12:18:27.656+0000] {dag.py:3834} INFO - Setting next_dagrun for spark_airflow_dag to None, run_after=None
[2025-02-14T12:18:27.706+0000] {processor.py:183} INFO - Processing /opt/airflow/dags/spark-dag-example.py took 0.202 seconds
[2025-02-14T12:18:58.237+0000] {processor.py:161} INFO - Started process (PID=531) to work on /opt/airflow/dags/spark-dag-example.py
[2025-02-14T12:18:58.239+0000] {processor.py:830} INFO - Processing file /opt/airflow/dags/spark-dag-example.py for tasks to queue
[2025-02-14T12:18:58.241+0000] {logging_mixin.py:188} INFO - [2025-02-14T12:18:58.241+0000] {dagbag.py:540} INFO - Filling up the DagBag from /opt/airflow/dags/spark-dag-example.py
[2025-02-14T12:18:58.284+0000] {processor.py:840} INFO - DAG(s) 'spark_airflow_dag' retrieved from /opt/airflow/dags/spark-dag-example.py
[2025-02-14T12:18:58.335+0000] {logging_mixin.py:188} INFO - [2025-02-14T12:18:58.335+0000] {dag.py:3047} INFO - Sync 1 DAGs
[2025-02-14T12:18:58.362+0000] {logging_mixin.py:188} INFO - [2025-02-14T12:18:58.361+0000] {dag.py:3834} INFO - Setting next_dagrun for spark_airflow_dag to None, run_after=None
[2025-02-14T12:18:58.404+0000] {processor.py:183} INFO - Processing /opt/airflow/dags/spark-dag-example.py took 0.173 seconds
[2025-02-14T12:19:29.304+0000] {processor.py:161} INFO - Started process (PID=551) to work on /opt/airflow/dags/spark-dag-example.py
[2025-02-14T12:19:29.306+0000] {processor.py:830} INFO - Processing file /opt/airflow/dags/spark-dag-example.py for tasks to queue
[2025-02-14T12:19:29.309+0000] {logging_mixin.py:188} INFO - [2025-02-14T12:19:29.309+0000] {dagbag.py:540} INFO - Filling up the DagBag from /opt/airflow/dags/spark-dag-example.py
[2025-02-14T12:19:29.353+0000] {processor.py:840} INFO - DAG(s) 'spark_airflow_dag' retrieved from /opt/airflow/dags/spark-dag-example.py
[2025-02-14T12:19:29.406+0000] {logging_mixin.py:188} INFO - [2025-02-14T12:19:29.405+0000] {dag.py:3047} INFO - Sync 1 DAGs
[2025-02-14T12:19:29.432+0000] {logging_mixin.py:188} INFO - [2025-02-14T12:19:29.432+0000] {dag.py:3834} INFO - Setting next_dagrun for spark_airflow_dag to None, run_after=None
[2025-02-14T12:19:29.474+0000] {processor.py:183} INFO - Processing /opt/airflow/dags/spark-dag-example.py took 0.177 seconds
[2025-02-14T12:19:59.980+0000] {processor.py:161} INFO - Started process (PID=571) to work on /opt/airflow/dags/spark-dag-example.py
[2025-02-14T12:19:59.983+0000] {processor.py:830} INFO - Processing file /opt/airflow/dags/spark-dag-example.py for tasks to queue
[2025-02-14T12:19:59.985+0000] {logging_mixin.py:188} INFO - [2025-02-14T12:19:59.985+0000] {dagbag.py:540} INFO - Filling up the DagBag from /opt/airflow/dags/spark-dag-example.py
[2025-02-14T12:20:00.035+0000] {processor.py:840} INFO - DAG(s) 'spark_airflow_dag' retrieved from /opt/airflow/dags/spark-dag-example.py
[2025-02-14T12:20:00.082+0000] {logging_mixin.py:188} INFO - [2025-02-14T12:20:00.081+0000] {dag.py:3047} INFO - Sync 1 DAGs
[2025-02-14T12:20:00.104+0000] {logging_mixin.py:188} INFO - [2025-02-14T12:20:00.104+0000] {dag.py:3834} INFO - Setting next_dagrun for spark_airflow_dag to None, run_after=None
[2025-02-14T12:20:00.145+0000] {processor.py:183} INFO - Processing /opt/airflow/dags/spark-dag-example.py took 0.172 seconds
[2025-02-14T12:20:30.657+0000] {processor.py:161} INFO - Started process (PID=701) to work on /opt/airflow/dags/spark-dag-example.py
[2025-02-14T12:20:30.659+0000] {processor.py:830} INFO - Processing file /opt/airflow/dags/spark-dag-example.py for tasks to queue
[2025-02-14T12:20:30.663+0000] {logging_mixin.py:188} INFO - [2025-02-14T12:20:30.661+0000] {dagbag.py:540} INFO - Filling up the DagBag from /opt/airflow/dags/spark-dag-example.py
[2025-02-14T12:20:30.713+0000] {processor.py:840} INFO - DAG(s) 'spark_airflow_dag' retrieved from /opt/airflow/dags/spark-dag-example.py
[2025-02-14T12:20:30.790+0000] {logging_mixin.py:188} INFO - [2025-02-14T12:20:30.789+0000] {dag.py:3047} INFO - Sync 1 DAGs
[2025-02-14T12:20:30.823+0000] {logging_mixin.py:188} INFO - [2025-02-14T12:20:30.822+0000] {dag.py:3834} INFO - Setting next_dagrun for spark_airflow_dag to None, run_after=None
[2025-02-14T12:20:30.868+0000] {processor.py:183} INFO - Processing /opt/airflow/dags/spark-dag-example.py took 0.218 seconds
[2025-02-14T12:21:01.686+0000] {processor.py:161} INFO - Started process (PID=721) to work on /opt/airflow/dags/spark-dag-example.py
[2025-02-14T12:21:01.689+0000] {processor.py:830} INFO - Processing file /opt/airflow/dags/spark-dag-example.py for tasks to queue
[2025-02-14T12:21:01.693+0000] {logging_mixin.py:188} INFO - [2025-02-14T12:21:01.692+0000] {dagbag.py:540} INFO - Filling up the DagBag from /opt/airflow/dags/spark-dag-example.py
[2025-02-14T12:21:01.736+0000] {processor.py:840} INFO - DAG(s) 'spark_airflow_dag' retrieved from /opt/airflow/dags/spark-dag-example.py
[2025-02-14T12:21:01.784+0000] {logging_mixin.py:188} INFO - [2025-02-14T12:21:01.784+0000] {dag.py:3047} INFO - Sync 1 DAGs
[2025-02-14T12:21:01.810+0000] {logging_mixin.py:188} INFO - [2025-02-14T12:21:01.809+0000] {dag.py:3834} INFO - Setting next_dagrun for spark_airflow_dag to None, run_after=None
[2025-02-14T12:21:01.854+0000] {processor.py:183} INFO - Processing /opt/airflow/dags/spark-dag-example.py took 0.174 seconds
[2025-02-14T12:21:32.351+0000] {processor.py:161} INFO - Started process (PID=741) to work on /opt/airflow/dags/spark-dag-example.py
[2025-02-14T12:21:32.353+0000] {processor.py:830} INFO - Processing file /opt/airflow/dags/spark-dag-example.py for tasks to queue
[2025-02-14T12:21:32.356+0000] {logging_mixin.py:188} INFO - [2025-02-14T12:21:32.355+0000] {dagbag.py:540} INFO - Filling up the DagBag from /opt/airflow/dags/spark-dag-example.py
[2025-02-14T12:21:32.401+0000] {processor.py:840} INFO - DAG(s) 'spark_airflow_dag' retrieved from /opt/airflow/dags/spark-dag-example.py
[2025-02-14T12:21:32.446+0000] {logging_mixin.py:188} INFO - [2025-02-14T12:21:32.446+0000] {dag.py:3047} INFO - Sync 1 DAGs
[2025-02-14T12:21:32.469+0000] {logging_mixin.py:188} INFO - [2025-02-14T12:21:32.469+0000] {dag.py:3834} INFO - Setting next_dagrun for spark_airflow_dag to None, run_after=None
[2025-02-14T12:21:32.508+0000] {processor.py:183} INFO - Processing /opt/airflow/dags/spark-dag-example.py took 0.164 seconds
[2025-02-14T12:22:03.130+0000] {processor.py:161} INFO - Started process (PID=761) to work on /opt/airflow/dags/spark-dag-example.py
[2025-02-14T12:22:03.132+0000] {processor.py:830} INFO - Processing file /opt/airflow/dags/spark-dag-example.py for tasks to queue
[2025-02-14T12:22:03.134+0000] {logging_mixin.py:188} INFO - [2025-02-14T12:22:03.134+0000] {dagbag.py:540} INFO - Filling up the DagBag from /opt/airflow/dags/spark-dag-example.py
[2025-02-14T12:22:03.181+0000] {processor.py:840} INFO - DAG(s) 'spark_airflow_dag' retrieved from /opt/airflow/dags/spark-dag-example.py
[2025-02-14T12:22:03.231+0000] {logging_mixin.py:188} INFO - [2025-02-14T12:22:03.231+0000] {dag.py:3047} INFO - Sync 1 DAGs
[2025-02-14T12:22:03.263+0000] {logging_mixin.py:188} INFO - [2025-02-14T12:22:03.262+0000] {dag.py:3834} INFO - Setting next_dagrun for spark_airflow_dag to None, run_after=None
[2025-02-14T12:22:03.307+0000] {processor.py:183} INFO - Processing /opt/airflow/dags/spark-dag-example.py took 0.185 seconds
[2025-02-14T12:22:33.837+0000] {processor.py:161} INFO - Started process (PID=781) to work on /opt/airflow/dags/spark-dag-example.py
[2025-02-14T12:22:33.839+0000] {processor.py:830} INFO - Processing file /opt/airflow/dags/spark-dag-example.py for tasks to queue
[2025-02-14T12:22:33.842+0000] {logging_mixin.py:188} INFO - [2025-02-14T12:22:33.841+0000] {dagbag.py:540} INFO - Filling up the DagBag from /opt/airflow/dags/spark-dag-example.py
[2025-02-14T12:22:33.884+0000] {processor.py:840} INFO - DAG(s) 'spark_airflow_dag' retrieved from /opt/airflow/dags/spark-dag-example.py
[2025-02-14T12:22:33.937+0000] {logging_mixin.py:188} INFO - [2025-02-14T12:22:33.937+0000] {dag.py:3047} INFO - Sync 1 DAGs
[2025-02-14T12:22:33.961+0000] {logging_mixin.py:188} INFO - [2025-02-14T12:22:33.961+0000] {dag.py:3834} INFO - Setting next_dagrun for spark_airflow_dag to None, run_after=None
[2025-02-14T12:22:34.017+0000] {processor.py:183} INFO - Processing /opt/airflow/dags/spark-dag-example.py took 0.187 seconds
[2025-02-14T12:23:04.573+0000] {processor.py:161} INFO - Started process (PID=801) to work on /opt/airflow/dags/spark-dag-example.py
[2025-02-14T12:23:04.575+0000] {processor.py:830} INFO - Processing file /opt/airflow/dags/spark-dag-example.py for tasks to queue
[2025-02-14T12:23:04.578+0000] {logging_mixin.py:188} INFO - [2025-02-14T12:23:04.577+0000] {dagbag.py:540} INFO - Filling up the DagBag from /opt/airflow/dags/spark-dag-example.py
[2025-02-14T12:23:04.620+0000] {processor.py:840} INFO - DAG(s) 'spark_airflow_dag' retrieved from /opt/airflow/dags/spark-dag-example.py
[2025-02-14T12:23:04.670+0000] {logging_mixin.py:188} INFO - [2025-02-14T12:23:04.670+0000] {dag.py:3047} INFO - Sync 1 DAGs
[2025-02-14T12:23:04.703+0000] {logging_mixin.py:188} INFO - [2025-02-14T12:23:04.703+0000] {dag.py:3834} INFO - Setting next_dagrun for spark_airflow_dag to None, run_after=None
[2025-02-14T12:23:04.746+0000] {processor.py:183} INFO - Processing /opt/airflow/dags/spark-dag-example.py took 0.180 seconds
