[2025-02-20T08:32:57.384+0000] {taskinstance.py:1979} INFO - Dependencies all met for dep_context=non-requeueable deps ti=<TaskInstance: scraping_news_dag.load_bigquery__1 manual__2025-02-20T08:27:36.086218+00:00 [queued]>
[2025-02-20T08:32:57.396+0000] {taskinstance.py:1979} INFO - Dependencies all met for dep_context=requeueable deps ti=<TaskInstance: scraping_news_dag.load_bigquery__1 manual__2025-02-20T08:27:36.086218+00:00 [queued]>
[2025-02-20T08:32:57.396+0000] {taskinstance.py:2193} INFO - Starting attempt 1 of 1
[2025-02-20T08:32:57.412+0000] {taskinstance.py:2214} INFO - Executing <Task(_PythonDecoratedOperator): load_bigquery__1> on 2025-02-20 08:27:36.086218+00:00
[2025-02-20T08:32:57.417+0000] {standard_task_runner.py:60} INFO - Started process 5097 to run task
[2025-02-20T08:32:57.420+0000] {standard_task_runner.py:87} INFO - Running: ['airflow', 'tasks', 'run', 'scraping_news_dag', 'load_bigquery__1', 'manual__2025-02-20T08:27:36.086218+00:00', '--job-id', '171', '--raw', '--subdir', 'DAGS_FOLDER/scraping-news-dag.py', '--cfg-path', '/tmp/tmptp_7owhs']
[2025-02-20T08:32:57.421+0000] {standard_task_runner.py:88} INFO - Job 171: Subtask load_bigquery__1
[2025-02-20T08:32:57.435+0000] {logging_mixin.py:188} WARNING - /home/airflow/.local/lib/python3.9/site-packages/airflow/settings.py:194 DeprecationWarning: The sql_alchemy_conn option in [core] has been moved to the sql_alchemy_conn option in [database] - the old setting has been used, but please update your config.
[2025-02-20T08:32:57.470+0000] {task_command.py:423} INFO - Running <TaskInstance: scraping_news_dag.load_bigquery__1 manual__2025-02-20T08:27:36.086218+00:00 [running]> on host deproject-airflow-scheduler
[2025-02-20T08:32:57.552+0000] {taskinstance.py:2510} INFO - Exporting env vars: AIRFLOW_CTX_DAG_OWNER='airflow' AIRFLOW_CTX_DAG_ID='scraping_news_dag' AIRFLOW_CTX_TASK_ID='load_bigquery__1' AIRFLOW_CTX_EXECUTION_DATE='2025-02-20T08:27:36.086218+00:00' AIRFLOW_CTX_TRY_NUMBER='1' AIRFLOW_CTX_DAG_RUN_ID='manual__2025-02-20T08:27:36.086218+00:00'
[2025-02-20T08:32:57.772+0000] {logging_mixin.py:188} INFO -                                                                    datetime  ...     score
url                                                                          ...          
https://www.nytimes.com/2025/02/13/business/bri...  2025-02-13 00:00:00.000  ...  0.981856
https://www.nytimes.com/2025/02/13/business/dc-...  2025-02-13 00:00:00.000  ...  0.999194
https://www.nytimes.com/2025/02/13/business/dea...  2025-02-13 00:00:00.000  ...  0.993478
https://www.nytimes.com/2025/02/13/business/foo...  2025-02-13 00:00:00.000  ...  0.862653
https://www.nytimes.com/2025/02/13/business/hon...  2025-02-13 00:00:00.000  ...  0.996977
...                                                                     ...  ...       ...
https://www.nytimes.com/2025/02/20/nyregion/con...  2025-02-20 00:00:00.000  ...  0.994628
https://www.nytimes.com/2025/02/20/opinion/trum...  2025-02-20 00:00:00.000  ...  0.969348
https://www.nytimes.com/2025/02/20/us/politics/...  2025-02-20 00:00:00.000  ...  0.992060
https://www.nytimes.com/interactive/2025/02/16/...  2025-02-16 00:00:00.000  ...  0.959983
https://www.nytimes.com/video/us/politics/10000...  2025-02-16 10:01:32.754  ...  0.994702

[181 rows x 6 columns]
[2025-02-20T08:32:57.773+0000] {logging_mixin.py:188} INFO - Index(['datetime', 'title', 'text', 'source', 'label', 'score'], dtype='object')
[2025-02-20T08:33:04.826+0000] {logging_mixin.py:188} WARNING -   0%|          | 0/1 [00:00<?, ?it/s]
[2025-02-20T08:33:04.827+0000] {gbq.py:515} INFO - 181 out of 181 rows loaded.
[2025-02-20T08:33:04.827+0000] {logging_mixin.py:188} WARNING - 100%|##########| 1/1 [00:00<00:00, 2410.52it/s]
[2025-02-20T08:33:04.828+0000] {python.py:202} INFO - Done. Returned value was: None
[2025-02-20T08:33:04.836+0000] {taskinstance.py:1149} INFO - Marking task as SUCCESS. dag_id=scraping_news_dag, task_id=load_bigquery__1, execution_date=20250220T082736, start_date=20250220T083257, end_date=20250220T083304
[2025-02-20T08:33:04.892+0000] {local_task_job_runner.py:234} INFO - Task exited with return code 0
[2025-02-20T08:33:04.907+0000] {taskinstance.py:3309} INFO - 0 downstream tasks scheduled from follow-on schedule check
