[2025-02-20T08:49:31.834+0000] {taskinstance.py:1979} INFO - Dependencies all met for dep_context=non-requeueable deps ti=<TaskInstance: scraping_news_dag.spark_load_task_nyt manual__2025-02-20T08:40:12.154804+00:00 [queued]>
[2025-02-20T08:49:31.856+0000] {taskinstance.py:1979} INFO - Dependencies all met for dep_context=requeueable deps ti=<TaskInstance: scraping_news_dag.spark_load_task_nyt manual__2025-02-20T08:40:12.154804+00:00 [queued]>
[2025-02-20T08:49:31.858+0000] {taskinstance.py:2193} INFO - Starting attempt 1 of 1
[2025-02-20T08:49:31.900+0000] {taskinstance.py:2214} INFO - Executing <Task(SparkSubmitOperator): spark_load_task_nyt> on 2025-02-20 08:40:12.154804+00:00
[2025-02-20T08:49:31.915+0000] {standard_task_runner.py:60} INFO - Started process 10215 to run task
[2025-02-20T08:49:31.920+0000] {standard_task_runner.py:87} INFO - Running: ['airflow', 'tasks', 'run', 'scraping_news_dag', 'spark_load_task_nyt', 'manual__2025-02-20T08:40:12.154804+00:00', '--job-id', '176', '--raw', '--subdir', 'DAGS_FOLDER/scraping-news-dag.py', '--cfg-path', '/tmp/tmp7tvefler']
[2025-02-20T08:49:31.923+0000] {standard_task_runner.py:88} INFO - Job 176: Subtask spark_load_task_nyt
[2025-02-20T08:49:31.950+0000] {logging_mixin.py:188} WARNING - /home/airflow/.local/lib/python3.9/site-packages/airflow/settings.py:194 DeprecationWarning: The sql_alchemy_conn option in [core] has been moved to the sql_alchemy_conn option in [database] - the old setting has been used, but please update your config.
[2025-02-20T08:49:32.011+0000] {task_command.py:423} INFO - Running <TaskInstance: scraping_news_dag.spark_load_task_nyt manual__2025-02-20T08:40:12.154804+00:00 [running]> on host deproject-airflow-scheduler
[2025-02-20T08:49:32.180+0000] {taskinstance.py:2510} INFO - Exporting env vars: AIRFLOW_CTX_DAG_OWNER='airflow' AIRFLOW_CTX_DAG_ID='scraping_news_dag' AIRFLOW_CTX_TASK_ID='spark_load_task_nyt' AIRFLOW_CTX_EXECUTION_DATE='2025-02-20T08:40:12.154804+00:00' AIRFLOW_CTX_TRY_NUMBER='1' AIRFLOW_CTX_DAG_RUN_ID='manual__2025-02-20T08:40:12.154804+00:00'
[2025-02-20T08:49:32.197+0000] {base.py:83} INFO - Using connection ID 'spark_main' for task execution.
[2025-02-20T08:49:32.199+0000] {spark_submit.py:344} INFO - Spark-Submit cmd: spark-submit --master spark://deproject-spark-master:7077 --name arrow-spark /spark-scripts/spark-nyt.py
[2025-02-20T08:49:39.003+0000] {spark_submit.py:495} INFO - 25/02/20 08:49:38 INFO SparkContext: Running Spark version 3.3.2
[2025-02-20T08:49:39.207+0000] {spark_submit.py:495} INFO - 25/02/20 08:49:39 WARN NativeCodeLoader: Unable to load native-hadoop library for your platform... using builtin-java classes where applicable
[2025-02-20T08:49:39.532+0000] {spark_submit.py:495} INFO - 25/02/20 08:49:39 INFO ResourceUtils: ==============================================================
[2025-02-20T08:49:39.533+0000] {spark_submit.py:495} INFO - 25/02/20 08:49:39 INFO ResourceUtils: No custom resources configured for spark.driver.
[2025-02-20T08:49:39.534+0000] {spark_submit.py:495} INFO - 25/02/20 08:49:39 INFO ResourceUtils: ==============================================================
[2025-02-20T08:49:39.535+0000] {spark_submit.py:495} INFO - 25/02/20 08:49:39 INFO SparkContext: Submitted application: FinalProject_1
[2025-02-20T08:49:39.584+0000] {spark_submit.py:495} INFO - 25/02/20 08:49:39 INFO ResourceProfile: Default ResourceProfile created, executor resources: Map(cores -> name: cores, amount: 1, script: , vendor: , memory -> name: memory, amount: 1024, script: , vendor: , offHeap -> name: offHeap, amount: 0, script: , vendor: ), task resources: Map(cpus -> name: cpus, amount: 1.0)
[2025-02-20T08:49:39.602+0000] {spark_submit.py:495} INFO - 25/02/20 08:49:39 INFO ResourceProfile: Limiting resource is cpu
[2025-02-20T08:49:39.604+0000] {spark_submit.py:495} INFO - 25/02/20 08:49:39 INFO ResourceProfileManager: Added ResourceProfile id: 0
[2025-02-20T08:49:39.716+0000] {spark_submit.py:495} INFO - 25/02/20 08:49:39 INFO SecurityManager: Changing view acls to: airflow
[2025-02-20T08:49:39.718+0000] {spark_submit.py:495} INFO - 25/02/20 08:49:39 INFO SecurityManager: Changing modify acls to: airflow
[2025-02-20T08:49:39.719+0000] {spark_submit.py:495} INFO - 25/02/20 08:49:39 INFO SecurityManager: Changing view acls groups to:
[2025-02-20T08:49:39.721+0000] {spark_submit.py:495} INFO - 25/02/20 08:49:39 INFO SecurityManager: Changing modify acls groups to:
[2025-02-20T08:49:39.722+0000] {spark_submit.py:495} INFO - 25/02/20 08:49:39 INFO SecurityManager: SecurityManager: authentication disabled; ui acls disabled; users  with view permissions: Set(airflow); groups with view permissions: Set(); users  with modify permissions: Set(airflow); groups with modify permissions: Set()
[2025-02-20T08:49:40.245+0000] {spark_submit.py:495} INFO - 25/02/20 08:49:40 INFO Utils: Successfully started service 'sparkDriver' on port 35009.
[2025-02-20T08:49:40.314+0000] {spark_submit.py:495} INFO - 25/02/20 08:49:40 INFO SparkEnv: Registering MapOutputTracker
[2025-02-20T08:49:40.384+0000] {spark_submit.py:495} INFO - 25/02/20 08:49:40 INFO SparkEnv: Registering BlockManagerMaster
[2025-02-20T08:49:40.425+0000] {spark_submit.py:495} INFO - 25/02/20 08:49:40 INFO BlockManagerMasterEndpoint: Using org.apache.spark.storage.DefaultTopologyMapper for getting topology information
[2025-02-20T08:49:40.427+0000] {spark_submit.py:495} INFO - 25/02/20 08:49:40 INFO BlockManagerMasterEndpoint: BlockManagerMasterEndpoint up
[2025-02-20T08:49:40.436+0000] {spark_submit.py:495} INFO - 25/02/20 08:49:40 INFO SparkEnv: Registering BlockManagerMasterHeartbeat
[2025-02-20T08:49:40.477+0000] {spark_submit.py:495} INFO - 25/02/20 08:49:40 INFO DiskBlockManager: Created local directory at /tmp/blockmgr-814c142b-d525-43d6-ac77-7600791788f0
[2025-02-20T08:49:40.509+0000] {spark_submit.py:495} INFO - 25/02/20 08:49:40 INFO MemoryStore: MemoryStore started with capacity 434.4 MiB
[2025-02-20T08:49:40.539+0000] {spark_submit.py:495} INFO - 25/02/20 08:49:40 INFO SparkEnv: Registering OutputCommitCoordinator
[2025-02-20T08:49:40.923+0000] {spark_submit.py:495} INFO - 25/02/20 08:49:40 INFO Utils: Successfully started service 'SparkUI' on port 4040.
[2025-02-20T08:49:41.154+0000] {spark_submit.py:495} INFO - 25/02/20 08:49:41 INFO StandaloneAppClient$ClientEndpoint: Connecting to master spark://deproject-spark-master:7077...
[2025-02-20T08:49:41.233+0000] {spark_submit.py:495} INFO - 25/02/20 08:49:41 INFO TransportClientFactory: Successfully created connection to deproject-spark-master/172.28.0.3:7077 after 47 ms (0 ms spent in bootstraps)
[2025-02-20T08:49:41.405+0000] {spark_submit.py:495} INFO - 25/02/20 08:49:41 INFO StandaloneSchedulerBackend: Connected to Spark cluster with app ID app-20250220084941-0003
[2025-02-20T08:49:41.410+0000] {spark_submit.py:495} INFO - 25/02/20 08:49:41 INFO StandaloneAppClient$ClientEndpoint: Executor added: app-20250220084941-0003/0 on worker-20250220082311-172.28.0.4-44751 (172.28.0.4:44751) with 1 core(s)
[2025-02-20T08:49:41.414+0000] {spark_submit.py:495} INFO - 25/02/20 08:49:41 INFO StandaloneSchedulerBackend: Granted executor ID app-20250220084941-0003/0 on hostPort 172.28.0.4:44751 with 1 core(s), 1024.0 MiB RAM
[2025-02-20T08:49:41.420+0000] {spark_submit.py:495} INFO - 25/02/20 08:49:41 INFO Utils: Successfully started service 'org.apache.spark.network.netty.NettyBlockTransferService' on port 34283.
[2025-02-20T08:49:41.422+0000] {spark_submit.py:495} INFO - 25/02/20 08:49:41 INFO NettyBlockTransferService: Server created on deproject-airflow-scheduler:34283
[2025-02-20T08:49:41.426+0000] {spark_submit.py:495} INFO - 25/02/20 08:49:41 INFO BlockManager: Using org.apache.spark.storage.RandomBlockReplicationPolicy for block replication policy
[2025-02-20T08:49:41.440+0000] {spark_submit.py:495} INFO - 25/02/20 08:49:41 INFO BlockManagerMaster: Registering BlockManager BlockManagerId(driver, deproject-airflow-scheduler, 34283, None)
[2025-02-20T08:49:41.447+0000] {spark_submit.py:495} INFO - 25/02/20 08:49:41 INFO BlockManagerMasterEndpoint: Registering block manager deproject-airflow-scheduler:34283 with 434.4 MiB RAM, BlockManagerId(driver, deproject-airflow-scheduler, 34283, None)
[2025-02-20T08:49:41.450+0000] {spark_submit.py:495} INFO - 25/02/20 08:49:41 INFO BlockManagerMaster: Registered BlockManager BlockManagerId(driver, deproject-airflow-scheduler, 34283, None)
[2025-02-20T08:49:41.453+0000] {spark_submit.py:495} INFO - 25/02/20 08:49:41 INFO BlockManager: Initialized BlockManager: BlockManagerId(driver, deproject-airflow-scheduler, 34283, None)
[2025-02-20T08:49:41.547+0000] {spark_submit.py:495} INFO - 25/02/20 08:49:41 INFO StandaloneAppClient$ClientEndpoint: Executor updated: app-20250220084941-0003/0 is now RUNNING
[2025-02-20T08:49:41.872+0000] {spark_submit.py:495} INFO - 25/02/20 08:49:41 INFO StandaloneSchedulerBackend: SchedulerBackend is ready for scheduling beginning after reached minRegisteredResourcesRatio: 0.0
[2025-02-20T08:49:53.120+0000] {spark_submit.py:495} INFO - 206
[2025-02-20T08:50:00.630+0000] {spark_submit.py:495} INFO - +--------------------+-------------------+--------------------+--------------------+--------------+
[2025-02-20T08:50:00.631+0000] {spark_submit.py:495} INFO - |                 url|           datetime|               title|                text|        source|
[2025-02-20T08:50:00.632+0000] {spark_submit.py:495} INFO - +--------------------+-------------------+--------------------+--------------------+--------------+
[2025-02-20T08:50:00.633+0000] {spark_submit.py:495} INFO - |https://www.nytim...|2025-02-13 00:00:00|Britain’s Economy...|The British econo...|New York Times|
[2025-02-20T08:50:00.634+0000] {spark_submit.py:495} INFO - |https://www.nytim...|2025-02-13 00:00:00|‘Risk of a Collis...|On a bright, clea...|New York Times|
[2025-02-20T08:50:00.635+0000] {spark_submit.py:495} INFO - |https://www.nytim...|2025-02-13 00:00:00|Inflation Is Trum...|Just in: Lawyers ...|New York Times|
[2025-02-20T08:50:00.635+0000] {spark_submit.py:495} INFO - |https://www.nytim...|2025-02-13 00:00:00|As Salaries Boom,...|No matter what ha...|New York Times|
[2025-02-20T08:50:00.636+0000] {spark_submit.py:495} INFO - |https://www.nytim...|2025-02-13 00:00:00|Honda and Nissan ...|A $50 billion mer...|New York Times|
[2025-02-20T08:50:00.637+0000] {spark_submit.py:495} INFO - +--------------------+-------------------+--------------------+--------------------+--------------+
[2025-02-20T08:50:00.638+0000] {spark_submit.py:495} INFO - only showing top 5 rows
[2025-02-20T08:50:00.639+0000] {spark_submit.py:495} INFO - 
[2025-02-20T08:50:00.639+0000] {spark_submit.py:495} INFO - root
[2025-02-20T08:50:00.640+0000] {spark_submit.py:495} INFO - |-- url: string (nullable = true)
[2025-02-20T08:50:00.641+0000] {spark_submit.py:495} INFO - |-- datetime: timestamp (nullable = true)
[2025-02-20T08:50:00.642+0000] {spark_submit.py:495} INFO - |-- title: string (nullable = true)
[2025-02-20T08:50:00.642+0000] {spark_submit.py:495} INFO - |-- text: string (nullable = true)
[2025-02-20T08:50:00.643+0000] {spark_submit.py:495} INFO - |-- source: string (nullable = true)
[2025-02-20T08:50:00.644+0000] {spark_submit.py:495} INFO - 
[2025-02-20T08:50:06.998+0000] {spark_submit.py:495} INFO - 190
[2025-02-20T08:50:12.891+0000] {spark_submit.py:495} INFO - 190
[2025-02-20T08:50:21.738+0000] {spark_submit.py:495} INFO - No model was supplied, defaulted to distilbert/distilbert-base-uncased-finetuned-sst-2-english and revision 714eb0f (https://huggingface.co/distilbert/distilbert-base-uncased-finetuned-sst-2-english).
[2025-02-20T08:50:21.739+0000] {spark_submit.py:495} INFO - Using a pipeline without specifying a model name and revision in production is not recommended.
[2025-02-20T08:50:22.960+0000] {spark_submit.py:495} INFO - Device set to use cpu
[2025-02-20T08:51:14.876+0000] {spark_submit.py:495} INFO - label     score
[2025-02-20T08:51:14.878+0000] {spark_submit.py:495} INFO - 0    POSITIVE  0.981856
[2025-02-20T08:51:14.879+0000] {spark_submit.py:495} INFO - 1    NEGATIVE  0.999194
[2025-02-20T08:51:14.879+0000] {spark_submit.py:495} INFO - 2    NEGATIVE  0.993478
[2025-02-20T08:51:14.880+0000] {spark_submit.py:495} INFO - 3    NEGATIVE  0.862653
[2025-02-20T08:51:14.881+0000] {spark_submit.py:495} INFO - 4    NEGATIVE  0.996977
[2025-02-20T08:51:14.882+0000] {spark_submit.py:495} INFO - ..        ...       ...
[2025-02-20T08:51:14.883+0000] {spark_submit.py:495} INFO - 185  NEGATIVE  0.994628
[2025-02-20T08:51:14.884+0000] {spark_submit.py:495} INFO - 186  POSITIVE  0.969348
[2025-02-20T08:51:14.885+0000] {spark_submit.py:495} INFO - 187  NEGATIVE  0.992060
[2025-02-20T08:51:14.886+0000] {spark_submit.py:495} INFO - 188  NEGATIVE  0.959983
[2025-02-20T08:51:14.887+0000] {spark_submit.py:495} INFO - 189  POSITIVE  0.994702
[2025-02-20T08:51:14.888+0000] {spark_submit.py:495} INFO - 
[2025-02-20T08:51:14.889+0000] {spark_submit.py:495} INFO - [190 rows x 2 columns]
[2025-02-20T08:51:20.869+0000] {spark_submit.py:495} INFO - url  ...          source
[2025-02-20T08:51:20.870+0000] {spark_submit.py:495} INFO - 0    https://www.nytimes.com/2025/02/13/business/br...  ...  New York Times
[2025-02-20T08:51:20.871+0000] {spark_submit.py:495} INFO - 1    https://www.nytimes.com/2025/02/13/business/dc...  ...  New York Times
[2025-02-20T08:51:20.872+0000] {spark_submit.py:495} INFO - 2    https://www.nytimes.com/2025/02/13/business/de...  ...  New York Times
[2025-02-20T08:51:20.873+0000] {spark_submit.py:495} INFO - 3    https://www.nytimes.com/2025/02/13/business/fo...  ...  New York Times
[2025-02-20T08:51:20.873+0000] {spark_submit.py:495} INFO - 4    https://www.nytimes.com/2025/02/13/business/ho...  ...  New York Times
[2025-02-20T08:51:20.874+0000] {spark_submit.py:495} INFO - ..                                                 ...  ...             ...
[2025-02-20T08:51:20.875+0000] {spark_submit.py:495} INFO - 185  https://www.nytimes.com/2025/02/20/nyregion/co...  ...  New York Times
[2025-02-20T08:51:20.875+0000] {spark_submit.py:495} INFO - 186  https://www.nytimes.com/2025/02/20/opinion/tru...  ...  New York Times
[2025-02-20T08:51:20.876+0000] {spark_submit.py:495} INFO - 187  https://www.nytimes.com/2025/02/20/us/politics...  ...  New York Times
[2025-02-20T08:51:20.877+0000] {spark_submit.py:495} INFO - 188  https://www.nytimes.com/interactive/2025/02/16...  ...  New York Times
[2025-02-20T08:51:20.878+0000] {spark_submit.py:495} INFO - 189  https://www.nytimes.com/video/us/politics/1000...  ...  New York Times
[2025-02-20T08:51:20.878+0000] {spark_submit.py:495} INFO - 
[2025-02-20T08:51:20.879+0000] {spark_submit.py:495} INFO - [190 rows x 5 columns]
[2025-02-20T08:51:20.898+0000] {spark_submit.py:495} INFO - url  ...     score
[2025-02-20T08:51:20.900+0000] {spark_submit.py:495} INFO - 0    https://www.nytimes.com/2025/02/13/business/br...  ...  0.981856
[2025-02-20T08:51:20.901+0000] {spark_submit.py:495} INFO - 1    https://www.nytimes.com/2025/02/13/business/dc...  ...  0.999194
[2025-02-20T08:51:20.902+0000] {spark_submit.py:495} INFO - 2    https://www.nytimes.com/2025/02/13/business/de...  ...  0.993478
[2025-02-20T08:51:20.902+0000] {spark_submit.py:495} INFO - 3    https://www.nytimes.com/2025/02/13/business/fo...  ...  0.862653
[2025-02-20T08:51:20.903+0000] {spark_submit.py:495} INFO - 4    https://www.nytimes.com/2025/02/13/business/ho...  ...  0.996977
[2025-02-20T08:51:20.904+0000] {spark_submit.py:495} INFO - ..                                                 ...  ...       ...
[2025-02-20T08:51:20.905+0000] {spark_submit.py:495} INFO - 185  https://www.nytimes.com/2025/02/20/nyregion/co...  ...  0.994628
[2025-02-20T08:51:20.906+0000] {spark_submit.py:495} INFO - 186  https://www.nytimes.com/2025/02/20/opinion/tru...  ...  0.969348
[2025-02-20T08:51:20.907+0000] {spark_submit.py:495} INFO - 187  https://www.nytimes.com/2025/02/20/us/politics...  ...  0.992060
[2025-02-20T08:51:20.908+0000] {spark_submit.py:495} INFO - 188  https://www.nytimes.com/interactive/2025/02/16...  ...  0.959983
[2025-02-20T08:51:20.909+0000] {spark_submit.py:495} INFO - 189  https://www.nytimes.com/video/us/politics/1000...  ...  0.994702
[2025-02-20T08:51:20.910+0000] {spark_submit.py:495} INFO - 
[2025-02-20T08:51:20.911+0000] {spark_submit.py:495} INFO - [190 rows x 7 columns]
[2025-02-20T08:51:22.427+0000] {taskinstance.py:1149} INFO - Marking task as SUCCESS. dag_id=scraping_news_dag, task_id=spark_load_task_nyt, execution_date=20250220T084012, start_date=20250220T084931, end_date=20250220T085122
[2025-02-20T08:51:22.479+0000] {local_task_job_runner.py:234} INFO - Task exited with return code 0
[2025-02-20T08:51:22.567+0000] {taskinstance.py:3309} INFO - 0 downstream tasks scheduled from follow-on schedule check
