[2025-02-10T08:24:47.394+0000] {taskinstance.py:1979} INFO - Dependencies all met for dep_context=non-requeueable deps ti=<TaskInstance: spark_airflow_dag.spark_submit_task manual__2025-02-10T08:24:45.967649+00:00 [queued]>
[2025-02-10T08:24:47.415+0000] {taskinstance.py:1979} INFO - Dependencies all met for dep_context=requeueable deps ti=<TaskInstance: spark_airflow_dag.spark_submit_task manual__2025-02-10T08:24:45.967649+00:00 [queued]>
[2025-02-10T08:24:47.417+0000] {taskinstance.py:2193} INFO - Starting attempt 1 of 1
[2025-02-10T08:24:47.451+0000] {taskinstance.py:2214} INFO - Executing <Task(SparkSubmitOperator): spark_submit_task> on 2025-02-10 08:24:45.967649+00:00
[2025-02-10T08:24:47.459+0000] {standard_task_runner.py:60} INFO - Started process 3919 to run task
[2025-02-10T08:24:47.465+0000] {standard_task_runner.py:87} INFO - Running: ['airflow', 'tasks', 'run', 'spark_airflow_dag', 'spark_submit_task', 'manual__2025-02-10T08:24:45.967649+00:00', '--job-id', '15', '--raw', '--subdir', 'DAGS_FOLDER/spark-dag-example.py', '--cfg-path', '/tmp/tmplkfa37w_']
[2025-02-10T08:24:47.469+0000] {standard_task_runner.py:88} INFO - Job 15: Subtask spark_submit_task
[2025-02-10T08:24:47.496+0000] {logging_mixin.py:188} WARNING - /home/airflow/.local/lib/python3.9/site-packages/airflow/settings.py:194 DeprecationWarning: The sql_alchemy_conn option in [core] has been moved to the sql_alchemy_conn option in [database] - the old setting has been used, but please update your config.
[2025-02-10T08:24:47.566+0000] {task_command.py:423} INFO - Running <TaskInstance: spark_airflow_dag.spark_submit_task manual__2025-02-10T08:24:45.967649+00:00 [running]> on host deproject-airflow-scheduler
[2025-02-10T08:24:47.749+0000] {taskinstance.py:2510} INFO - Exporting env vars: AIRFLOW_CTX_DAG_OWNER='dibimbing' AIRFLOW_CTX_DAG_ID='spark_airflow_dag' AIRFLOW_CTX_TASK_ID='spark_submit_task' AIRFLOW_CTX_EXECUTION_DATE='2025-02-10T08:24:45.967649+00:00' AIRFLOW_CTX_TRY_NUMBER='1' AIRFLOW_CTX_DAG_RUN_ID='manual__2025-02-10T08:24:45.967649+00:00'
[2025-02-10T08:24:47.771+0000] {base.py:83} INFO - Using connection ID 'spark_main' for task execution.
[2025-02-10T08:24:47.774+0000] {spark_submit.py:344} INFO - Spark-Submit cmd: spark-submit --master spark://deproject-spark-master:7077 --name arrow-spark /spark-scripts/spark-example.py
[2025-02-10T08:24:52.299+0000] {spark_submit.py:495} INFO - 25/02/10 08:24:52 INFO SparkContext: Running Spark version 3.3.2
[2025-02-10T08:24:52.391+0000] {spark_submit.py:495} INFO - 25/02/10 08:24:52 WARN NativeCodeLoader: Unable to load native-hadoop library for your platform... using builtin-java classes where applicable
[2025-02-10T08:24:52.556+0000] {spark_submit.py:495} INFO - 25/02/10 08:24:52 INFO ResourceUtils: ==============================================================
[2025-02-10T08:24:52.557+0000] {spark_submit.py:495} INFO - 25/02/10 08:24:52 INFO ResourceUtils: No custom resources configured for spark.driver.
[2025-02-10T08:24:52.558+0000] {spark_submit.py:495} INFO - 25/02/10 08:24:52 INFO ResourceUtils: ==============================================================
[2025-02-10T08:24:52.559+0000] {spark_submit.py:495} INFO - 25/02/10 08:24:52 INFO SparkContext: Submitted application: Dibimbing
[2025-02-10T08:24:52.595+0000] {spark_submit.py:495} INFO - 25/02/10 08:24:52 INFO ResourceProfile: Default ResourceProfile created, executor resources: Map(cores -> name: cores, amount: 1, script: , vendor: , memory -> name: memory, amount: 1024, script: , vendor: , offHeap -> name: offHeap, amount: 0, script: , vendor: ), task resources: Map(cpus -> name: cpus, amount: 1.0)
[2025-02-10T08:24:52.611+0000] {spark_submit.py:495} INFO - 25/02/10 08:24:52 INFO ResourceProfile: Limiting resource is cpu
[2025-02-10T08:24:52.613+0000] {spark_submit.py:495} INFO - 25/02/10 08:24:52 INFO ResourceProfileManager: Added ResourceProfile id: 0
[2025-02-10T08:24:52.686+0000] {spark_submit.py:495} INFO - 25/02/10 08:24:52 INFO SecurityManager: Changing view acls to: airflow
[2025-02-10T08:24:52.688+0000] {spark_submit.py:495} INFO - 25/02/10 08:24:52 INFO SecurityManager: Changing modify acls to: airflow
[2025-02-10T08:24:52.689+0000] {spark_submit.py:495} INFO - 25/02/10 08:24:52 INFO SecurityManager: Changing view acls groups to:
[2025-02-10T08:24:52.690+0000] {spark_submit.py:495} INFO - 25/02/10 08:24:52 INFO SecurityManager: Changing modify acls groups to:
[2025-02-10T08:24:52.691+0000] {spark_submit.py:495} INFO - 25/02/10 08:24:52 INFO SecurityManager: SecurityManager: authentication disabled; ui acls disabled; users  with view permissions: Set(airflow); groups with view permissions: Set(); users  with modify permissions: Set(airflow); groups with modify permissions: Set()
[2025-02-10T08:24:53.107+0000] {spark_submit.py:495} INFO - 25/02/10 08:24:53 INFO Utils: Successfully started service 'sparkDriver' on port 39537.
[2025-02-10T08:24:53.158+0000] {spark_submit.py:495} INFO - 25/02/10 08:24:53 INFO SparkEnv: Registering MapOutputTracker
[2025-02-10T08:24:53.219+0000] {spark_submit.py:495} INFO - 25/02/10 08:24:53 INFO SparkEnv: Registering BlockManagerMaster
[2025-02-10T08:24:53.247+0000] {spark_submit.py:495} INFO - 25/02/10 08:24:53 INFO BlockManagerMasterEndpoint: Using org.apache.spark.storage.DefaultTopologyMapper for getting topology information
[2025-02-10T08:24:53.249+0000] {spark_submit.py:495} INFO - 25/02/10 08:24:53 INFO BlockManagerMasterEndpoint: BlockManagerMasterEndpoint up
[2025-02-10T08:24:53.259+0000] {spark_submit.py:495} INFO - 25/02/10 08:24:53 INFO SparkEnv: Registering BlockManagerMasterHeartbeat
[2025-02-10T08:24:53.295+0000] {spark_submit.py:495} INFO - 25/02/10 08:24:53 INFO DiskBlockManager: Created local directory at /tmp/blockmgr-9405535f-80e2-45e9-bb17-2d6e61111cec
[2025-02-10T08:24:53.322+0000] {spark_submit.py:495} INFO - 25/02/10 08:24:53 INFO MemoryStore: MemoryStore started with capacity 434.4 MiB
[2025-02-10T08:24:53.347+0000] {spark_submit.py:495} INFO - 25/02/10 08:24:53 INFO SparkEnv: Registering OutputCommitCoordinator
[2025-02-10T08:24:53.658+0000] {spark_submit.py:495} INFO - 25/02/10 08:24:53 INFO Utils: Successfully started service 'SparkUI' on port 4040.
[2025-02-10T08:24:53.877+0000] {spark_submit.py:495} INFO - 25/02/10 08:24:53 INFO StandaloneAppClient$ClientEndpoint: Connecting to master spark://deproject-spark-master:7077...
[2025-02-10T08:24:53.973+0000] {spark_submit.py:495} INFO - 25/02/10 08:24:53 INFO TransportClientFactory: Successfully created connection to deproject-spark-master/172.28.0.2:7077 after 49 ms (0 ms spent in bootstraps)
[2025-02-10T08:24:54.105+0000] {spark_submit.py:495} INFO - 25/02/10 08:24:54 INFO StandaloneSchedulerBackend: Connected to Spark cluster with app ID app-20250210082454-0007
[2025-02-10T08:24:54.109+0000] {spark_submit.py:495} INFO - 25/02/10 08:24:54 INFO StandaloneAppClient$ClientEndpoint: Executor added: app-20250210082454-0007/0 on worker-20250210071411-172.28.0.3-37185 (172.28.0.3:37185) with 1 core(s)
[2025-02-10T08:24:54.112+0000] {spark_submit.py:495} INFO - 25/02/10 08:24:54 INFO StandaloneSchedulerBackend: Granted executor ID app-20250210082454-0007/0 on hostPort 172.28.0.3:37185 with 1 core(s), 1024.0 MiB RAM
[2025-02-10T08:24:54.117+0000] {spark_submit.py:495} INFO - 25/02/10 08:24:54 INFO Utils: Successfully started service 'org.apache.spark.network.netty.NettyBlockTransferService' on port 36631.
[2025-02-10T08:24:54.119+0000] {spark_submit.py:495} INFO - 25/02/10 08:24:54 INFO NettyBlockTransferService: Server created on deproject-airflow-scheduler:36631
[2025-02-10T08:24:54.121+0000] {spark_submit.py:495} INFO - 25/02/10 08:24:54 INFO BlockManager: Using org.apache.spark.storage.RandomBlockReplicationPolicy for block replication policy
[2025-02-10T08:24:54.132+0000] {spark_submit.py:495} INFO - 25/02/10 08:24:54 INFO BlockManagerMaster: Registering BlockManager BlockManagerId(driver, deproject-airflow-scheduler, 36631, None)
[2025-02-10T08:24:54.139+0000] {spark_submit.py:495} INFO - 25/02/10 08:24:54 INFO BlockManagerMasterEndpoint: Registering block manager deproject-airflow-scheduler:36631 with 434.4 MiB RAM, BlockManagerId(driver, deproject-airflow-scheduler, 36631, None)
[2025-02-10T08:24:54.143+0000] {spark_submit.py:495} INFO - 25/02/10 08:24:54 INFO BlockManagerMaster: Registered BlockManager BlockManagerId(driver, deproject-airflow-scheduler, 36631, None)
[2025-02-10T08:24:54.145+0000] {spark_submit.py:495} INFO - 25/02/10 08:24:54 INFO BlockManager: Initialized BlockManager: BlockManagerId(driver, deproject-airflow-scheduler, 36631, None)
[2025-02-10T08:24:54.263+0000] {spark_submit.py:495} INFO - 25/02/10 08:24:54 INFO StandaloneAppClient$ClientEndpoint: Executor updated: app-20250210082454-0007/0 is now RUNNING
[2025-02-10T08:24:54.491+0000] {spark_submit.py:495} INFO - 25/02/10 08:24:54 INFO StandaloneSchedulerBackend: SchedulerBackend is ready for scheduling beginning after reached minRegisteredResourcesRatio: 0.0
[2025-02-10T08:25:33.096+0000] {spark_submit.py:495} INFO - +----------+-----------+--------+--------+-----+-----------+--------------------+---------+-----+
[2025-02-10T08:25:33.098+0000] {spark_submit.py:495} INFO - |product_id|customer_id|order_id|quantity|price|       name|               email|     name|price|
[2025-02-10T08:25:33.099+0000] {spark_submit.py:495} INFO - +----------+-----------+--------+--------+-----+-----------+--------------------+---------+-----+
[2025-02-10T08:25:33.100+0000] {spark_submit.py:495} INFO - |         1|          1|     101|       2|19.99|   John Doe| johndoe@example.com|Product A|19.99|
[2025-02-10T08:25:33.101+0000] {spark_submit.py:495} INFO - |         2|          2|     102|       1| 9.99| Jane Smith|janesmith@example...|Product B| 9.99|
[2025-02-10T08:25:33.101+0000] {spark_submit.py:495} INFO - |         3|          3|     103|       1|15.99|Bob Johnson|bobjohnson@exampl...|Product C|15.99|
[2025-02-10T08:25:33.102+0000] {spark_submit.py:495} INFO - |         4|          1|     104|       1| 5.99|   John Doe| johndoe@example.com|Product D| 5.99|
[2025-02-10T08:25:33.103+0000] {spark_submit.py:495} INFO - |         5|          2|     105|       3|12.99| Jane Smith|janesmith@example...|Product E|12.99|
[2025-02-10T08:25:33.104+0000] {spark_submit.py:495} INFO - |         6|          3|     106|       2| 9.99|Bob Johnson|bobjohnson@exampl...|Product F| 9.99|
[2025-02-10T08:25:33.105+0000] {spark_submit.py:495} INFO - |         7|          4|     107|       1|11.99|    Sue Lee|  suelee@example.com|Product G|11.99|
[2025-02-10T08:25:33.106+0000] {spark_submit.py:495} INFO - |         8|          1|     108|       2|14.99|   John Doe| johndoe@example.com|Product H|14.99|
[2025-02-10T08:25:33.106+0000] {spark_submit.py:495} INFO - |         9|          2|     109|       1| 9.99| Jane Smith|janesmith@example...|Product I| 9.99|
[2025-02-10T08:25:33.107+0000] {spark_submit.py:495} INFO - |        10|          3|     110|       1|19.99|Bob Johnson|bobjohnson@exampl...|Product J|19.99|
[2025-02-10T08:25:33.108+0000] {spark_submit.py:495} INFO - +----------+-----------+--------+--------+-----+-----------+--------------------+---------+-----+
[2025-02-10T08:25:33.108+0000] {spark_submit.py:495} INFO - 
[2025-02-10T08:25:33.109+0000] {spark_submit.py:495} INFO - Traceback (most recent call last):
[2025-02-10T08:25:33.110+0000] {spark_submit.py:495} INFO - File "/spark-scripts/spark-example.py", line 71, in <module>
[2025-02-10T08:25:33.111+0000] {spark_submit.py:495} INFO - with open("../data/test_spark.json", "w") as f:
[2025-02-10T08:25:33.112+0000] {spark_submit.py:495} INFO - FileNotFoundError: [Errno 2] No such file or directory: '../data/test_spark.json'
[2025-02-10T08:25:33.578+0000] {taskinstance.py:2728} ERROR - Task failed with exception
Traceback (most recent call last):
  File "/home/airflow/.local/lib/python3.9/site-packages/airflow/models/taskinstance.py", line 444, in _execute_task
    result = _execute_callable(context=context, **execute_callable_kwargs)
  File "/home/airflow/.local/lib/python3.9/site-packages/airflow/models/taskinstance.py", line 414, in _execute_callable
    return execute_callable(context=context, **execute_callable_kwargs)
  File "/home/airflow/.local/lib/python3.9/site-packages/airflow/providers/apache/spark/operators/spark_submit.py", line 157, in execute
    self._hook.submit(self._application)
  File "/home/airflow/.local/lib/python3.9/site-packages/airflow/providers/apache/spark/hooks/spark_submit.py", line 426, in submit
    raise AirflowException(
airflow.exceptions.AirflowException: Cannot execute: spark-submit --master spark://deproject-spark-master:7077 --name arrow-spark /spark-scripts/spark-example.py. Error code is: 1.
[2025-02-10T08:25:33.595+0000] {taskinstance.py:1149} INFO - Marking task as FAILED. dag_id=spark_airflow_dag, task_id=spark_submit_task, execution_date=20250210T082445, start_date=20250210T082447, end_date=20250210T082533
[2025-02-10T08:25:33.629+0000] {standard_task_runner.py:107} ERROR - Failed to execute job 15 for task spark_submit_task (Cannot execute: spark-submit --master spark://deproject-spark-master:7077 --name arrow-spark /spark-scripts/spark-example.py. Error code is: 1.; 3919)
[2025-02-10T08:25:33.664+0000] {local_task_job_runner.py:234} INFO - Task exited with return code 1
[2025-02-10T08:25:33.701+0000] {taskinstance.py:3309} INFO - 0 downstream tasks scheduled from follow-on schedule check
