[2025-02-20T09:21:51.423+0000] {taskinstance.py:1979} INFO - Dependencies all met for dep_context=non-requeueable deps ti=<TaskInstance: scraping_news_dag.load_bigquery_cnn manual__2025-02-20T09:16:09.798668+00:00 [queued]>
[2025-02-20T09:21:51.446+0000] {taskinstance.py:1979} INFO - Dependencies all met for dep_context=requeueable deps ti=<TaskInstance: scraping_news_dag.load_bigquery_cnn manual__2025-02-20T09:16:09.798668+00:00 [queued]>
[2025-02-20T09:21:51.448+0000] {taskinstance.py:2193} INFO - Starting attempt 1 of 1
[2025-02-20T09:21:51.479+0000] {taskinstance.py:2214} INFO - Executing <Task(_PythonDecoratedOperator): load_bigquery_cnn> on 2025-02-20 09:16:09.798668+00:00
[2025-02-20T09:21:51.488+0000] {standard_task_runner.py:60} INFO - Started process 25538 to run task
[2025-02-20T09:21:51.493+0000] {standard_task_runner.py:87} INFO - Running: ['airflow', 'tasks', 'run', 'scraping_news_dag', 'load_bigquery_cnn', 'manual__2025-02-20T09:16:09.798668+00:00', '--job-id', '192', '--raw', '--subdir', 'DAGS_FOLDER/scraping-news-dag.py', '--cfg-path', '/tmp/tmp2vhqwfwa']
[2025-02-20T09:21:51.497+0000] {standard_task_runner.py:88} INFO - Job 192: Subtask load_bigquery_cnn
[2025-02-20T09:21:51.528+0000] {logging_mixin.py:188} WARNING - /home/airflow/.local/lib/python3.9/site-packages/airflow/settings.py:194 DeprecationWarning: The sql_alchemy_conn option in [core] has been moved to the sql_alchemy_conn option in [database] - the old setting has been used, but please update your config.
[2025-02-20T09:21:51.620+0000] {task_command.py:423} INFO - Running <TaskInstance: scraping_news_dag.load_bigquery_cnn manual__2025-02-20T09:16:09.798668+00:00 [running]> on host deproject-airflow-scheduler
[2025-02-20T09:21:51.871+0000] {taskinstance.py:2510} INFO - Exporting env vars: AIRFLOW_CTX_DAG_OWNER='airflow' AIRFLOW_CTX_DAG_ID='scraping_news_dag' AIRFLOW_CTX_TASK_ID='load_bigquery_cnn' AIRFLOW_CTX_EXECUTION_DATE='2025-02-20T09:16:09.798668+00:00' AIRFLOW_CTX_TRY_NUMBER='1' AIRFLOW_CTX_DAG_RUN_ID='manual__2025-02-20T09:16:09.798668+00:00'
[2025-02-20T09:21:52.374+0000] {logging_mixin.py:188} INFO -                                                                datetime  ...     score
url                                                                      ...          
https://edition.cnn.com/2025/02/13/cars/japan-n...  2025-02-13 15:56:00  ...  0.996718
https://edition.cnn.com/2025/02/13/economy/elon...  2025-02-13 17:30:00  ...  0.997758
https://edition.cnn.com/2025/02/13/politics/ame...  2025-02-13 21:50:00  ...  0.886296
https://edition.cnn.com/2025/02/13/politics/eri...  2025-02-14 16:42:00  ...  0.824643
https://edition.cnn.com/2025/02/13/politics/mus...  2025-02-14 16:24:00  ...  0.998791
...                                                                 ...  ...       ...
https://edition.cnn.com/2025/02/19/tech/trump-m...  2025-02-19 18:23:00  ...  0.978392
https://edition.cnn.com/2025/02/20/economy/chin...  2025-02-20 14:21:00  ...  0.997790
https://edition.cnn.com/2025/02/20/politics/tru...  2025-02-21 00:00:00  ...  0.988427
https://edition.cnn.com/politics/tracking-trump...  2025-02-19 23:19:00  ...  0.995676
https://edition.cnn.com/politics/trump-cabinet-...  2025-02-19 13:05:00  ...  0.868728

[75 rows x 6 columns]
[2025-02-20T09:21:52.377+0000] {logging_mixin.py:188} INFO - Index(['datetime', 'title', 'text', 'source', 'label', 'score'], dtype='object')
[2025-02-20T09:22:00.497+0000] {logging_mixin.py:188} WARNING -   0%|          | 0/1 [00:00<?, ?it/s]
[2025-02-20T09:22:00.498+0000] {gbq.py:515} INFO - 75 out of 75 rows loaded.
[2025-02-20T09:22:00.499+0000] {logging_mixin.py:188} WARNING - 100%|##########| 1/1 [00:00<00:00, 653.93it/s]
[2025-02-20T09:22:00.501+0000] {python.py:202} INFO - Done. Returned value was: None
[2025-02-20T09:22:00.521+0000] {taskinstance.py:1149} INFO - Marking task as SUCCESS. dag_id=scraping_news_dag, task_id=load_bigquery_cnn, execution_date=20250220T091609, start_date=20250220T092151, end_date=20250220T092200
[2025-02-20T09:22:00.632+0000] {local_task_job_runner.py:234} INFO - Task exited with return code 0
[2025-02-20T09:22:00.679+0000] {taskinstance.py:3309} INFO - 0 downstream tasks scheduled from follow-on schedule check
