[2025-02-20T07:48:22.931+0000] {taskinstance.py:1979} INFO - Dependencies all met for dep_context=non-requeueable deps ti=<TaskInstance: scraping_news_dag.scrapping_nytimes manual__2025-02-20T07:48:21.033880+00:00 [queued]>
[2025-02-20T07:48:22.940+0000] {taskinstance.py:1979} INFO - Dependencies all met for dep_context=requeueable deps ti=<TaskInstance: scraping_news_dag.scrapping_nytimes manual__2025-02-20T07:48:21.033880+00:00 [queued]>
[2025-02-20T07:48:22.940+0000] {taskinstance.py:2193} INFO - Starting attempt 1 of 1
[2025-02-20T07:48:22.952+0000] {taskinstance.py:2214} INFO - Executing <Task(_PythonDecoratedOperator): scrapping_nytimes> on 2025-02-20 07:48:21.033880+00:00
[2025-02-20T07:48:22.957+0000] {standard_task_runner.py:60} INFO - Started process 6105 to run task
[2025-02-20T07:48:22.961+0000] {standard_task_runner.py:87} INFO - Running: ['airflow', 'tasks', 'run', 'scraping_news_dag', 'scrapping_nytimes', 'manual__2025-02-20T07:48:21.033880+00:00', '--job-id', '161', '--raw', '--subdir', 'DAGS_FOLDER/scraping-news-dag.py', '--cfg-path', '/tmp/tmp4bk1js20']
[2025-02-20T07:48:22.963+0000] {standard_task_runner.py:88} INFO - Job 161: Subtask scrapping_nytimes
[2025-02-20T07:48:22.975+0000] {logging_mixin.py:188} WARNING - /home/airflow/.local/lib/python3.9/site-packages/airflow/settings.py:194 DeprecationWarning: The sql_alchemy_conn option in [core] has been moved to the sql_alchemy_conn option in [database] - the old setting has been used, but please update your config.
[2025-02-20T07:48:23.003+0000] {task_command.py:423} INFO - Running <TaskInstance: scraping_news_dag.scrapping_nytimes manual__2025-02-20T07:48:21.033880+00:00 [running]> on host deproject-airflow-scheduler
[2025-02-20T07:48:23.072+0000] {taskinstance.py:2510} INFO - Exporting env vars: AIRFLOW_CTX_DAG_OWNER='airflow' AIRFLOW_CTX_DAG_ID='scraping_news_dag' AIRFLOW_CTX_TASK_ID='scrapping_nytimes' AIRFLOW_CTX_EXECUTION_DATE='2025-02-20T07:48:21.033880+00:00' AIRFLOW_CTX_TRY_NUMBER='1' AIRFLOW_CTX_DAG_RUN_ID='manual__2025-02-20T07:48:21.033880+00:00'
[2025-02-20T07:48:23.511+0000] {logger.py:11} INFO - ====== WebDriver manager ======
[2025-02-20T07:48:23.680+0000] {logger.py:11} INFO - Get LATEST chromedriver version for google-chrome
[2025-02-20T07:48:23.781+0000] {logger.py:11} INFO - Get LATEST chromedriver version for google-chrome
[2025-02-20T07:48:23.881+0000] {logger.py:11} INFO - Driver [/home/airflow/.wdm/drivers/chromedriver/linux64/133.0.6943.126/chromedriver-linux64/chromedriver] found in cache
[2025-02-20T07:48:51.699+0000] {logging_mixin.py:188} INFO - Total scraped: 100
[2025-02-20T07:49:45.526+0000] {logging_mixin.py:188} INFO - Total scraped: 110
[2025-02-20T07:50:53.561+0000] {logging_mixin.py:188} INFO - Total scraped: 100
[2025-02-20T07:51:39.881+0000] {logging_mixin.py:188} INFO - Total scraped: 100
[2025-02-20T07:52:07.834+0000] {logging_mixin.py:188} INFO -                                                    url  ...          source
0    https://www.nytimes.com/2025/02/15/business/ec...  ...  New York Times
1    https://www.nytimes.com/2025/02/14/business/ec...  ...  New York Times
2    https://www.nytimes.com/2025/02/13/business/de...  ...  New York Times
3    https://www.nytimes.com/2025/02/14/arts/music/...  ...  New York Times
4    https://www.nytimes.com/2025/02/16/us/politics...  ...  New York Times
..                                                 ...  ...             ...
201  https://www.nytimes.com/2025/02/19/opinion/con...  ...  New York Times
202  https://www.nytimes.com/2025/02/18/opinion/van...  ...  New York Times
203  https://www.nytimes.com/2025/02/18/opinion/chi...  ...  New York Times
204  https://www.nytimes.com/2025/02/13/opinion/val...  ...  New York Times
205  https://www.nytimes.com/2025/02/14/opinion/tru...  ...  New York Times

[206 rows x 5 columns]
[2025-02-20T07:52:08.032+0000] {python.py:202} INFO - Done. Returned value was: None
[2025-02-20T07:52:08.041+0000] {taskinstance.py:1149} INFO - Marking task as SUCCESS. dag_id=scraping_news_dag, task_id=scrapping_nytimes, execution_date=20250220T074821, start_date=20250220T074822, end_date=20250220T075208
[2025-02-20T07:52:08.107+0000] {local_task_job_runner.py:234} INFO - Task exited with return code 0
[2025-02-20T07:52:08.131+0000] {taskinstance.py:3309} INFO - 1 downstream tasks scheduled from follow-on schedule check
