[2025-02-19T10:19:42.262+0000] {taskinstance.py:1979} INFO - Dependencies all met for dep_context=non-requeueable deps ti=<TaskInstance: scraping_news_dag.scrapping_nytimes manual__2025-02-19T10:19:40.617217+00:00 [queued]>
[2025-02-19T10:19:42.281+0000] {taskinstance.py:1979} INFO - Dependencies all met for dep_context=requeueable deps ti=<TaskInstance: scraping_news_dag.scrapping_nytimes manual__2025-02-19T10:19:40.617217+00:00 [queued]>
[2025-02-19T10:19:42.283+0000] {taskinstance.py:2193} INFO - Starting attempt 1 of 1
[2025-02-19T10:19:42.315+0000] {taskinstance.py:2214} INFO - Executing <Task(_PythonDecoratedOperator): scrapping_nytimes> on 2025-02-19 10:19:40.617217+00:00
[2025-02-19T10:19:42.322+0000] {standard_task_runner.py:60} INFO - Started process 265 to run task
[2025-02-19T10:19:42.326+0000] {standard_task_runner.py:87} INFO - Running: ['airflow', 'tasks', 'run', 'scraping_news_dag', 'scrapping_nytimes', 'manual__2025-02-19T10:19:40.617217+00:00', '--job-id', '141', '--raw', '--subdir', 'DAGS_FOLDER/scraping-news-dag.py', '--cfg-path', '/tmp/tmpm7d39jvb']
[2025-02-19T10:19:42.330+0000] {standard_task_runner.py:88} INFO - Job 141: Subtask scrapping_nytimes
[2025-02-19T10:19:42.360+0000] {logging_mixin.py:188} WARNING - /home/airflow/.local/lib/python3.9/site-packages/airflow/settings.py:194 DeprecationWarning: The sql_alchemy_conn option in [core] has been moved to the sql_alchemy_conn option in [database] - the old setting has been used, but please update your config.
[2025-02-19T10:19:42.436+0000] {task_command.py:423} INFO - Running <TaskInstance: scraping_news_dag.scrapping_nytimes manual__2025-02-19T10:19:40.617217+00:00 [running]> on host deproject-airflow-scheduler
[2025-02-19T10:19:42.603+0000] {taskinstance.py:2510} INFO - Exporting env vars: AIRFLOW_CTX_DAG_OWNER='airflow' AIRFLOW_CTX_DAG_ID='scraping_news_dag' AIRFLOW_CTX_TASK_ID='scrapping_nytimes' AIRFLOW_CTX_EXECUTION_DATE='2025-02-19T10:19:40.617217+00:00' AIRFLOW_CTX_TRY_NUMBER='1' AIRFLOW_CTX_DAG_RUN_ID='manual__2025-02-19T10:19:40.617217+00:00'
[2025-02-19T10:19:43.790+0000] {logger.py:11} INFO - ====== WebDriver manager ======
[2025-02-19T10:19:44.160+0000] {logger.py:11} INFO - Get LATEST chromedriver version for google-chrome
[2025-02-19T10:19:44.353+0000] {logger.py:11} INFO - Get LATEST chromedriver version for google-chrome
[2025-02-19T10:19:44.521+0000] {logger.py:11} INFO - Driver [/home/airflow/.wdm/drivers/chromedriver/linux64/133.0.6943.126/chromedriver-linux64/chromedriver] found in cache
[2025-02-19T10:20:23.036+0000] {logging_mixin.py:188} INFO - Total scraped: 80
[2025-02-19T10:21:42.437+0000] {logging_mixin.py:188} INFO - Total scraped: 70
[2025-02-19T10:22:53.127+0000] {logging_mixin.py:188} INFO - Total scraped: 70
[2025-02-19T10:23:55.042+0000] {logging_mixin.py:188} INFO - Total scraped: 70
[2025-02-19T10:24:29.940+0000] {logging_mixin.py:188} INFO -                                                   url  ...          source
0   https://www.nytimes.com/2025/02/16/us/politics...  ...  New York Times
1   https://www.nytimes.com/2025/02/17/us/politics...  ...  New York Times
2   https://www.nytimes.com/2025/02/18/arts/nea-ar...  ...  New York Times
3   https://www.nytimes.com/2025/02/17/us/politics...  ...  New York Times
4   https://www.nytimes.com/2025/02/16/us/politics...  ...  New York Times
..                                                ...  ...             ...
70  https://www.nytimes.com/2025/02/18/opinion/gaz...  ...  New York Times
71  https://www.nytimes.com/2025/02/18/opinion/van...  ...  New York Times
72  https://www.nytimes.com/2025/02/17/opinion/tru...  ...  New York Times
73  https://www.nytimes.com/2025/02/19/opinion/tru...  ...  New York Times
74  https://www.nytimes.com/2025/02/18/opinion/sou...  ...  New York Times

[75 rows x 5 columns]
[2025-02-19T10:24:30.313+0000] {python.py:202} INFO - Done. Returned value was: None
[2025-02-19T10:24:30.330+0000] {taskinstance.py:1149} INFO - Marking task as SUCCESS. dag_id=scraping_news_dag, task_id=scrapping_nytimes, execution_date=20250219T101940, start_date=20250219T101942, end_date=20250219T102430
[2025-02-19T10:24:30.401+0000] {local_task_job_runner.py:234} INFO - Task exited with return code 0
[2025-02-19T10:24:30.447+0000] {taskinstance.py:3309} INFO - 1 downstream tasks scheduled from follow-on schedule check
