[2025-02-19T12:39:42.680+0000] {taskinstance.py:1979} INFO - Dependencies all met for dep_context=non-requeueable deps ti=<TaskInstance: scraping_news_dag.scrapping_cnn manual__2025-02-19T12:39:40.687637+00:00 [queued]>
[2025-02-19T12:39:42.698+0000] {taskinstance.py:1979} INFO - Dependencies all met for dep_context=requeueable deps ti=<TaskInstance: scraping_news_dag.scrapping_cnn manual__2025-02-19T12:39:40.687637+00:00 [queued]>
[2025-02-19T12:39:42.699+0000] {taskinstance.py:2193} INFO - Starting attempt 1 of 1
[2025-02-19T12:39:42.725+0000] {taskinstance.py:2214} INFO - Executing <Task(_PythonDecoratedOperator): scrapping_cnn> on 2025-02-19 12:39:40.687637+00:00
[2025-02-19T12:39:42.737+0000] {standard_task_runner.py:60} INFO - Started process 230 to run task
[2025-02-19T12:39:42.747+0000] {standard_task_runner.py:87} INFO - Running: ['airflow', 'tasks', 'run', 'scraping_news_dag', 'scrapping_cnn', 'manual__2025-02-19T12:39:40.687637+00:00', '--job-id', '144', '--raw', '--subdir', 'DAGS_FOLDER/scraping-news-dag.py', '--cfg-path', '/tmp/tmp1ptl3akq']
[2025-02-19T12:39:42.752+0000] {standard_task_runner.py:88} INFO - Job 144: Subtask scrapping_cnn
[2025-02-19T12:39:42.788+0000] {logging_mixin.py:188} WARNING - /home/airflow/.local/lib/python3.9/site-packages/airflow/settings.py:194 DeprecationWarning: The sql_alchemy_conn option in [core] has been moved to the sql_alchemy_conn option in [database] - the old setting has been used, but please update your config.
[2025-02-19T12:39:42.878+0000] {task_command.py:423} INFO - Running <TaskInstance: scraping_news_dag.scrapping_cnn manual__2025-02-19T12:39:40.687637+00:00 [running]> on host deproject-airflow-scheduler
[2025-02-19T12:39:43.060+0000] {taskinstance.py:2510} INFO - Exporting env vars: AIRFLOW_CTX_DAG_OWNER='airflow' AIRFLOW_CTX_DAG_ID='scraping_news_dag' AIRFLOW_CTX_TASK_ID='scrapping_cnn' AIRFLOW_CTX_EXECUTION_DATE='2025-02-19T12:39:40.687637+00:00' AIRFLOW_CTX_TRY_NUMBER='1' AIRFLOW_CTX_DAG_RUN_ID='manual__2025-02-19T12:39:40.687637+00:00'
[2025-02-19T12:41:40.784+0000] {logging_mixin.py:188} WARNING - /home/airflow/.local/lib/python3.9/site-packages/dateutil/parser/_parser.py:1207 UnknownTimezoneWarning: tzname WIB identified but not understood.  Pass `tzinfos` argument in order to correctly return a timezone-aware datetime.  In a future version, this will raise an exception.
[2025-02-19T12:45:05.860+0000] {logging_mixin.py:188} INFO -                                                   url  ... source
0   https://edition.cnn.com/2025/02/17/politics/tr...  ...    cnn
1   https://edition.cnn.com/2025/02/13/politics/am...  ...    cnn
2   https://edition.cnn.com/2025/02/18/politics/op...  ...    cnn
3   https://edition.cnn.com/2025/02/18/politics/do...  ...    cnn
4   https://edition.cnn.com/2025/02/18/politics/tr...  ...    cnn
..                                                ...  ...    ...
86  https://edition.cnn.com/2025/02/12/business/ch...  ...    cnn
87  https://edition.cnn.com/2025/02/13/business/vi...  ...    cnn
88  https://edition.cnn.com/2025/02/19/cars/trumps...  ...    cnn
89  https://edition.cnn.com/2025/02/19/business/la...  ...    cnn
90  https://edition.cnn.com/2025/02/19/food/kfc-ke...  ...    cnn

[91 rows x 5 columns]
[2025-02-19T12:45:05.863+0000] {logging_mixin.py:188} INFO - 0    2025-02-17 17:44:00
1    2025-02-13 21:50:00
2    2025-02-19 00:14:00
3    2025-02-18 22:02:00
4    2025-02-18 21:17:00
             ...        
86   2025-02-12 13:48:00
87   2025-02-13 18:19:00
88   2025-02-19 19:00:00
89   2025-02-19 18:30:00
90   2025-02-19 19:34:00
Name: date, Length: 91, dtype: datetime64[ns]
[2025-02-19T12:45:05.867+0000] {logging_mixin.py:188} INFO - 0     Vladimir Putin is riding high ahead of critica...
1     A version of this story appeared in CNN’s What...
2     The Trump administration has quietly fired mul...
3     It looked like things couldn’t get any darker ...
4     A dangerous fault line is opening as Donald Tr...
                            ...                        
86    Reuters —Chevron will lay off 15% to 20% of it...
87    1. How relevant is this ad to you?Video player...
88    New York President Donald Trump threatened to ...
89    Federal layoffs may soon come for America’s la...
90    New York KFC, the fast food chain formerly kno...
Name: text, Length: 91, dtype: object
[2025-02-19T12:45:05.921+0000] {python.py:202} INFO - Done. Returned value was: None
[2025-02-19T12:45:05.940+0000] {taskinstance.py:1149} INFO - Marking task as SUCCESS. dag_id=scraping_news_dag, task_id=scrapping_cnn, execution_date=20250219T123940, start_date=20250219T123942, end_date=20250219T124505
[2025-02-19T12:45:06.025+0000] {local_task_job_runner.py:234} INFO - Task exited with return code 0
[2025-02-19T12:45:06.083+0000] {taskinstance.py:3309} INFO - 0 downstream tasks scheduled from follow-on schedule check
