[2025-02-20T12:22:43.029+0000] {taskinstance.py:1979} INFO - Dependencies all met for dep_context=non-requeueable deps ti=<TaskInstance: extract_sp500.load_to_bigquery manual__2025-02-20T12:22:41.887741+00:00 [queued]>
[2025-02-20T12:22:43.051+0000] {taskinstance.py:1979} INFO - Dependencies all met for dep_context=requeueable deps ti=<TaskInstance: extract_sp500.load_to_bigquery manual__2025-02-20T12:22:41.887741+00:00 [queued]>
[2025-02-20T12:22:43.053+0000] {taskinstance.py:2193} INFO - Starting attempt 1 of 1
[2025-02-20T12:22:43.088+0000] {taskinstance.py:2214} INFO - Executing <Task(_PythonDecoratedOperator): load_to_bigquery> on 2025-02-20 12:22:41.887741+00:00
[2025-02-20T12:22:43.098+0000] {standard_task_runner.py:60} INFO - Started process 209 to run task
[2025-02-20T12:22:43.105+0000] {standard_task_runner.py:87} INFO - Running: ['airflow', 'tasks', 'run', 'extract_sp500', 'load_to_bigquery', 'manual__2025-02-20T12:22:41.887741+00:00', '--job-id', '196', '--raw', '--subdir', 'DAGS_FOLDER/extract-sp500.py', '--cfg-path', '/tmp/tmpm3_2buhy']
[2025-02-20T12:22:43.109+0000] {standard_task_runner.py:88} INFO - Job 196: Subtask load_to_bigquery
[2025-02-20T12:22:43.139+0000] {logging_mixin.py:188} WARNING - /home/airflow/.local/lib/python3.9/site-packages/airflow/settings.py:194 DeprecationWarning: The sql_alchemy_conn option in [core] has been moved to the sql_alchemy_conn option in [database] - the old setting has been used, but please update your config.
[2025-02-20T12:22:43.221+0000] {task_command.py:423} INFO - Running <TaskInstance: extract_sp500.load_to_bigquery manual__2025-02-20T12:22:41.887741+00:00 [running]> on host deproject-airflow-scheduler
[2025-02-20T12:22:43.397+0000] {taskinstance.py:2510} INFO - Exporting env vars: AIRFLOW_CTX_DAG_OWNER='airflow' AIRFLOW_CTX_DAG_ID='extract_sp500' AIRFLOW_CTX_TASK_ID='load_to_bigquery' AIRFLOW_CTX_EXECUTION_DATE='2025-02-20T12:22:41.887741+00:00' AIRFLOW_CTX_TRY_NUMBER='1' AIRFLOW_CTX_DAG_RUN_ID='manual__2025-02-20T12:22:41.887741+00:00'
[2025-02-20T12:22:43.943+0000] {logging_mixin.py:188} INFO -             Close/Last     Open     High      Low
Date                                             
02/19/2025     6144.15  6117.76  6147.43  6111.15
02/18/2025     6129.58  6121.60  6129.63  6099.51
02/14/2025     6114.63  6115.52  6127.47  6107.62
02/13/2025     6115.07  6060.59  6116.91  6050.95
02/12/2025     6051.97  6025.08  6063.00  6003.00
02/11/2025     6068.50  6049.32  6076.28  6042.34
02/10/2025     6066.44  6046.40  6073.38  6044.84
02/07/2025     6025.99  6083.13  6101.28  6019.96
02/06/2025     6083.57  6072.22  6084.03  6046.83
02/05/2025     6061.48  6020.45  6062.86  6007.06
02/04/2025     6037.88  5998.14  6042.48  5990.87
02/03/2025     5994.57  5969.65  6022.13  5923.93
01/31/2025     6040.53  6096.79  6120.91  6030.93
01/30/2025     6071.17  6050.75  6086.64  6027.46
01/29/2025     6039.31  6057.70  6062.83  6012.96
01/28/2025     6067.70  6026.97  6074.54  5994.63
01/27/2025     6012.28  5969.04  6017.17  5962.92
01/24/2025     6101.24  6121.43  6128.18  6088.74
01/23/2025     6118.71  6076.32  6118.73  6074.67
01/22/2025     6086.37  6081.39  6100.81  6076.13
01/21/2025     6049.24  6014.12  6051.51  6006.88
[2025-02-20T12:22:43.945+0000] {logging_mixin.py:188} INFO - Data Load Error: 'Date'
[2025-02-20T12:22:43.946+0000] {python.py:202} INFO - Done. Returned value was: None
[2025-02-20T12:22:43.974+0000] {taskinstance.py:1149} INFO - Marking task as SUCCESS. dag_id=extract_sp500, task_id=load_to_bigquery, execution_date=20250220T122241, start_date=20250220T122243, end_date=20250220T122243
[2025-02-20T12:22:44.045+0000] {local_task_job_runner.py:234} INFO - Task exited with return code 0
[2025-02-20T12:22:44.080+0000] {taskinstance.py:3309} INFO - 0 downstream tasks scheduled from follow-on schedule check
