[2025-02-16T15:00:00.698+0000] {taskinstance.py:1979} INFO - Dependencies all met for dep_context=non-requeueable deps ti=<TaskInstance: scraping_news_dag.load_bigquery manual__2025-02-16T14:57:41.447631+00:00 [queued]>
[2025-02-16T15:00:00.707+0000] {taskinstance.py:1979} INFO - Dependencies all met for dep_context=requeueable deps ti=<TaskInstance: scraping_news_dag.load_bigquery manual__2025-02-16T14:57:41.447631+00:00 [queued]>
[2025-02-16T15:00:00.708+0000] {taskinstance.py:2193} INFO - Starting attempt 1 of 1
[2025-02-16T15:00:00.720+0000] {taskinstance.py:2214} INFO - Executing <Task(_PythonDecoratedOperator): load_bigquery> on 2025-02-16 14:57:41.447631+00:00
[2025-02-16T15:00:00.725+0000] {standard_task_runner.py:60} INFO - Started process 4803 to run task
[2025-02-16T15:00:00.727+0000] {standard_task_runner.py:87} INFO - Running: ['airflow', 'tasks', 'run', 'scraping_news_dag', 'load_bigquery', 'manual__2025-02-16T14:57:41.447631+00:00', '--job-id', '105', '--raw', '--subdir', 'DAGS_FOLDER/scraping-news-dag.py', '--cfg-path', '/tmp/tmpalwyvbhl']
[2025-02-16T15:00:00.729+0000] {standard_task_runner.py:88} INFO - Job 105: Subtask load_bigquery
[2025-02-16T15:00:00.742+0000] {logging_mixin.py:188} WARNING - /home/airflow/.local/lib/python3.9/site-packages/airflow/settings.py:194 DeprecationWarning: The sql_alchemy_conn option in [core] has been moved to the sql_alchemy_conn option in [database] - the old setting has been used, but please update your config.
[2025-02-16T15:00:00.777+0000] {task_command.py:423} INFO - Running <TaskInstance: scraping_news_dag.load_bigquery manual__2025-02-16T14:57:41.447631+00:00 [running]> on host deproject-airflow-scheduler
[2025-02-16T15:00:00.876+0000] {taskinstance.py:2510} INFO - Exporting env vars: AIRFLOW_CTX_DAG_OWNER='airflow' AIRFLOW_CTX_DAG_ID='scraping_news_dag' AIRFLOW_CTX_TASK_ID='load_bigquery' AIRFLOW_CTX_EXECUTION_DATE='2025-02-16T14:57:41.447631+00:00' AIRFLOW_CTX_TRY_NUMBER='1' AIRFLOW_CTX_DAG_RUN_ID='manual__2025-02-16T14:57:41.447631+00:00'
[2025-02-16T15:00:01.068+0000] {logging_mixin.py:188} INFO -                                                   url  ... source
id                                                     ...       
0   https://edition.cnn.com/2025/02/13/politics/er...  ...    cnn
1   https://edition.cnn.com/2025/02/13/politics/am...  ...    cnn
2   https://edition.cnn.com/2025/02/15/politics/qu...  ...    cnn
3   https://edition.cnn.com/2025/02/14/politics/pr...  ...    cnn
5   https://edition.cnn.com/2025/02/16/politics/fe...  ...    cnn
..                                                ...  ...    ...
88  https://edition.cnn.com/2025/02/10/economy/tar...  ...    cnn
90  https://edition.cnn.com/2025/02/16/business/co...  ...    cnn
91  https://edition.cnn.com/2025/02/15/business/am...  ...    cnn
92  https://edition.cnn.com/2025/01/31/investing/t...  ...    cnn
93  https://edition.cnn.com/2025/02/15/business/am...  ...    cnn

[82 rows x 5 columns]
[2025-02-16T15:00:01.069+0000] {logging_mixin.py:188} INFO - Index(['url', 'datetime', 'title', 'text', 'source'], dtype='object')
[2025-02-16T15:00:08.434+0000] {logging_mixin.py:188} WARNING -   0%|          | 0/1 [00:00<?, ?it/s]
[2025-02-16T15:00:08.435+0000] {gbq.py:515} INFO - 82 out of 82 rows loaded.
[2025-02-16T15:00:08.435+0000] {logging_mixin.py:188} WARNING - 100%|##########| 1/1 [00:00<00:00, 2437.13it/s]
[2025-02-16T15:00:08.436+0000] {python.py:202} INFO - Done. Returned value was: None
[2025-02-16T15:00:08.447+0000] {taskinstance.py:1149} INFO - Marking task as SUCCESS. dag_id=scraping_news_dag, task_id=load_bigquery, execution_date=20250216T145741, start_date=20250216T150000, end_date=20250216T150008
[2025-02-16T15:00:08.479+0000] {local_task_job_runner.py:234} INFO - Task exited with return code 0
[2025-02-16T15:00:08.493+0000] {taskinstance.py:3309} INFO - 0 downstream tasks scheduled from follow-on schedule check
