[2025-02-19T12:48:41.164+0000] {taskinstance.py:1979} INFO - Dependencies all met for dep_context=non-requeueable deps ti=<TaskInstance: scraping_news_dag.load_bigquery_nyt manual__2025-02-19T12:39:40.687637+00:00 [queued]>
[2025-02-19T12:48:41.186+0000] {taskinstance.py:1979} INFO - Dependencies all met for dep_context=requeueable deps ti=<TaskInstance: scraping_news_dag.load_bigquery_nyt manual__2025-02-19T12:39:40.687637+00:00 [queued]>
[2025-02-19T12:48:41.187+0000] {taskinstance.py:2193} INFO - Starting attempt 1 of 1
[2025-02-19T12:48:41.218+0000] {taskinstance.py:2214} INFO - Executing <Task(_PythonDecoratedOperator): load_bigquery_nyt> on 2025-02-19 12:39:40.687637+00:00
[2025-02-19T12:48:41.227+0000] {standard_task_runner.py:60} INFO - Started process 4831 to run task
[2025-02-19T12:48:41.232+0000] {standard_task_runner.py:87} INFO - Running: ['airflow', 'tasks', 'run', 'scraping_news_dag', 'load_bigquery_nyt', 'manual__2025-02-19T12:39:40.687637+00:00', '--job-id', '148', '--raw', '--subdir', 'DAGS_FOLDER/scraping-news-dag.py', '--cfg-path', '/tmp/tmpdc_bihmr']
[2025-02-19T12:48:41.235+0000] {standard_task_runner.py:88} INFO - Job 148: Subtask load_bigquery_nyt
[2025-02-19T12:48:41.265+0000] {logging_mixin.py:188} WARNING - /home/airflow/.local/lib/python3.9/site-packages/airflow/settings.py:194 DeprecationWarning: The sql_alchemy_conn option in [core] has been moved to the sql_alchemy_conn option in [database] - the old setting has been used, but please update your config.
[2025-02-19T12:48:41.358+0000] {task_command.py:423} INFO - Running <TaskInstance: scraping_news_dag.load_bigquery_nyt manual__2025-02-19T12:39:40.687637+00:00 [running]> on host deproject-airflow-scheduler
[2025-02-19T12:48:41.521+0000] {taskinstance.py:2510} INFO - Exporting env vars: AIRFLOW_CTX_DAG_OWNER='airflow' AIRFLOW_CTX_DAG_ID='scraping_news_dag' AIRFLOW_CTX_TASK_ID='load_bigquery_nyt' AIRFLOW_CTX_EXECUTION_DATE='2025-02-19T12:39:40.687637+00:00' AIRFLOW_CTX_TRY_NUMBER='1' AIRFLOW_CTX_DAG_RUN_ID='manual__2025-02-19T12:39:40.687637+00:00'
[2025-02-19T12:48:41.998+0000] {logging_mixin.py:188} INFO -                                                    url  ...          source
0    https://www.nytimes.com/2025/02/14/business/ec...  ...  New York Times
1    https://www.nytimes.com/2025/02/12/business/in...  ...  New York Times
2    https://www.nytimes.com/2025/02/15/business/ec...  ...  New York Times
3    https://www.nytimes.com/2025/02/12/business/st...  ...  New York Times
4    https://www.nytimes.com/2025/02/13/business/de...  ...  New York Times
..                                                 ...  ...             ...
205  https://www.nytimes.com/2025/02/12/opinion/imm...  ...  New York Times
206  https://www.nytimes.com/2025/02/18/opinion/sou...  ...  New York Times
207  https://www.nytimes.com/2025/02/17/opinion/tru...  ...  New York Times
208  https://www.nytimes.com/2025/02/14/opinion/tru...  ...  New York Times
209  https://www.nytimes.com/2025/02/13/opinion/val...  ...  New York Times

[210 rows x 5 columns]
[2025-02-19T12:48:42.118+0000] {logging_mixin.py:188} INFO - Index(['url', 'date', 'title', 'text', 'source'], dtype='object')
[2025-02-19T12:48:46.853+0000] {logging_mixin.py:188} INFO - Data Load Error: 403 GET https://bigquery.googleapis.com/bigquery/v2/projects/final-project-450410/datasets/news/tables/new_york_times?prettyPrint=false: Access Denied: Table final-project-450410:news.new_york_times: Permission bigquery.tables.get denied on table final-project-450410:news.new_york_times (or it may not exist).
[2025-02-19T12:48:46.854+0000] {python.py:202} INFO - Done. Returned value was: None
[2025-02-19T12:48:46.883+0000] {taskinstance.py:1149} INFO - Marking task as SUCCESS. dag_id=scraping_news_dag, task_id=load_bigquery_nyt, execution_date=20250219T123940, start_date=20250219T124841, end_date=20250219T124846
[2025-02-19T12:48:46.983+0000] {local_task_job_runner.py:234} INFO - Task exited with return code 0
[2025-02-19T12:48:47.037+0000] {taskinstance.py:3309} INFO - 0 downstream tasks scheduled from follow-on schedule check
