[2025-02-19T13:06:14.074+0000] {taskinstance.py:1979} INFO - Dependencies all met for dep_context=non-requeueable deps ti=<TaskInstance: scraping_news_dag.load_bigquery_cnn manual__2025-02-19T12:58:23.721217+00:00 [queued]>
[2025-02-19T13:06:14.093+0000] {taskinstance.py:1979} INFO - Dependencies all met for dep_context=requeueable deps ti=<TaskInstance: scraping_news_dag.load_bigquery_cnn manual__2025-02-19T12:58:23.721217+00:00 [queued]>
[2025-02-19T13:06:14.094+0000] {taskinstance.py:2193} INFO - Starting attempt 1 of 1
[2025-02-19T13:06:14.125+0000] {taskinstance.py:2214} INFO - Executing <Task(_PythonDecoratedOperator): load_bigquery_cnn> on 2025-02-19 12:58:23.721217+00:00
[2025-02-19T13:06:14.133+0000] {standard_task_runner.py:60} INFO - Started process 4652 to run task
[2025-02-19T13:06:14.138+0000] {standard_task_runner.py:87} INFO - Running: ['airflow', 'tasks', 'run', 'scraping_news_dag', 'load_bigquery_cnn', 'manual__2025-02-19T12:58:23.721217+00:00', '--job-id', '153', '--raw', '--subdir', 'DAGS_FOLDER/scraping-news-dag.py', '--cfg-path', '/tmp/tmpwng9o7xa']
[2025-02-19T13:06:14.142+0000] {standard_task_runner.py:88} INFO - Job 153: Subtask load_bigquery_cnn
[2025-02-19T13:06:14.169+0000] {logging_mixin.py:188} WARNING - /home/airflow/.local/lib/python3.9/site-packages/airflow/settings.py:194 DeprecationWarning: The sql_alchemy_conn option in [core] has been moved to the sql_alchemy_conn option in [database] - the old setting has been used, but please update your config.
[2025-02-19T13:06:14.233+0000] {task_command.py:423} INFO - Running <TaskInstance: scraping_news_dag.load_bigquery_cnn manual__2025-02-19T12:58:23.721217+00:00 [running]> on host deproject-airflow-scheduler
[2025-02-19T13:06:14.395+0000] {taskinstance.py:2510} INFO - Exporting env vars: AIRFLOW_CTX_DAG_OWNER='airflow' AIRFLOW_CTX_DAG_ID='scraping_news_dag' AIRFLOW_CTX_TASK_ID='load_bigquery_cnn' AIRFLOW_CTX_EXECUTION_DATE='2025-02-19T12:58:23.721217+00:00' AIRFLOW_CTX_TRY_NUMBER='1' AIRFLOW_CTX_DAG_RUN_ID='manual__2025-02-19T12:58:23.721217+00:00'
[2025-02-19T13:06:14.829+0000] {logging_mixin.py:188} INFO -                                                   url  ... source
id                                                     ...       
0   https://edition.cnn.com/2025/02/15/politics/qu...  ...    cnn
1   https://edition.cnn.com/2025/02/18/politics/un...  ...    cnn
2   https://edition.cnn.com/2025/02/18/politics/er...  ...    cnn
3   https://edition.cnn.com/2025/02/18/politics/tr...  ...    cnn
4   https://edition.cnn.com/2025/02/18/politics/op...  ...    cnn
..                                                ...  ...    ...
86  https://edition.cnn.com/2025/02/17/business/ar...  ...    cnn
87  https://edition.cnn.com/2025/02/17/business/pr...  ...    cnn
88  https://edition.cnn.com/2025/02/19/business/la...  ...    cnn
89  https://edition.cnn.com/2025/02/19/food/kfc-ke...  ...    cnn
90  https://edition.cnn.com/2025/02/19/cars/trumps...  ...    cnn

[83 rows x 5 columns]
[2025-02-19T13:06:14.831+0000] {logging_mixin.py:188} INFO - Index(['url', 'datetime', 'title', 'text', 'source'], dtype='object')
[2025-02-19T13:06:21.811+0000] {logging_mixin.py:188} WARNING -   0%|          | 0/1 [00:00<?, ?it/s]
[2025-02-19T13:06:21.812+0000] {gbq.py:515} INFO - 83 out of 83 rows loaded.
[2025-02-19T13:06:21.813+0000] {logging_mixin.py:188} WARNING - 100%|##########| 1/1 [00:00<00:00, 938.95it/s]
[2025-02-19T13:06:21.814+0000] {python.py:202} INFO - Done. Returned value was: None
[2025-02-19T13:06:21.833+0000] {taskinstance.py:1149} INFO - Marking task as SUCCESS. dag_id=scraping_news_dag, task_id=load_bigquery_cnn, execution_date=20250219T125823, start_date=20250219T130614, end_date=20250219T130621
[2025-02-19T13:06:21.916+0000] {local_task_job_runner.py:234} INFO - Task exited with return code 0
[2025-02-19T13:06:21.950+0000] {taskinstance.py:3309} INFO - 0 downstream tasks scheduled from follow-on schedule check
