[2025-02-19T12:48:41.169+0000] {taskinstance.py:1979} INFO - Dependencies all met for dep_context=non-requeueable deps ti=<TaskInstance: scraping_news_dag.load_bigquery_cnn manual__2025-02-19T12:39:40.687637+00:00 [queued]>
[2025-02-19T12:48:41.191+0000] {taskinstance.py:1979} INFO - Dependencies all met for dep_context=requeueable deps ti=<TaskInstance: scraping_news_dag.load_bigquery_cnn manual__2025-02-19T12:39:40.687637+00:00 [queued]>
[2025-02-19T12:48:41.192+0000] {taskinstance.py:2193} INFO - Starting attempt 1 of 1
[2025-02-19T12:48:41.222+0000] {taskinstance.py:2214} INFO - Executing <Task(_PythonDecoratedOperator): load_bigquery_cnn> on 2025-02-19 12:39:40.687637+00:00
[2025-02-19T12:48:41.228+0000] {standard_task_runner.py:60} INFO - Started process 4832 to run task
[2025-02-19T12:48:41.233+0000] {standard_task_runner.py:87} INFO - Running: ['airflow', 'tasks', 'run', 'scraping_news_dag', 'load_bigquery_cnn', 'manual__2025-02-19T12:39:40.687637+00:00', '--job-id', '147', '--raw', '--subdir', 'DAGS_FOLDER/scraping-news-dag.py', '--cfg-path', '/tmp/tmpr2nyf65n']
[2025-02-19T12:48:41.236+0000] {standard_task_runner.py:88} INFO - Job 147: Subtask load_bigquery_cnn
[2025-02-19T12:48:41.266+0000] {logging_mixin.py:188} WARNING - /home/airflow/.local/lib/python3.9/site-packages/airflow/settings.py:194 DeprecationWarning: The sql_alchemy_conn option in [core] has been moved to the sql_alchemy_conn option in [database] - the old setting has been used, but please update your config.
[2025-02-19T12:48:41.351+0000] {task_command.py:423} INFO - Running <TaskInstance: scraping_news_dag.load_bigquery_cnn manual__2025-02-19T12:39:40.687637+00:00 [running]> on host deproject-airflow-scheduler
[2025-02-19T12:48:41.510+0000] {taskinstance.py:2510} INFO - Exporting env vars: AIRFLOW_CTX_DAG_OWNER='airflow' AIRFLOW_CTX_DAG_ID='scraping_news_dag' AIRFLOW_CTX_TASK_ID='load_bigquery_cnn' AIRFLOW_CTX_EXECUTION_DATE='2025-02-19T12:39:40.687637+00:00' AIRFLOW_CTX_TRY_NUMBER='1' AIRFLOW_CTX_DAG_RUN_ID='manual__2025-02-19T12:39:40.687637+00:00'
[2025-02-19T12:48:41.988+0000] {logging_mixin.py:188} INFO -                                                   url  ... source
id                                                     ...       
0   https://edition.cnn.com/2025/02/17/politics/tr...  ...    cnn
1   https://edition.cnn.com/2025/02/13/politics/am...  ...    cnn
2   https://edition.cnn.com/2025/02/18/politics/op...  ...    cnn
3   https://edition.cnn.com/2025/02/18/politics/do...  ...    cnn
4   https://edition.cnn.com/2025/02/18/politics/tr...  ...    cnn
..                                                ...  ...    ...
85  https://edition.cnn.com/2025/02/12/business/cf...  ...    cnn
86  https://edition.cnn.com/2025/02/12/business/ch...  ...    cnn
88  https://edition.cnn.com/2025/02/19/cars/trumps...  ...    cnn
89  https://edition.cnn.com/2025/02/19/business/la...  ...    cnn
90  https://edition.cnn.com/2025/02/19/food/kfc-ke...  ...    cnn

[83 rows x 5 columns]
[2025-02-19T12:48:41.990+0000] {logging_mixin.py:188} INFO - Index(['url', 'datetime', 'title', 'text', 'source'], dtype='object')
[2025-02-19T12:48:46.853+0000] {logging_mixin.py:188} INFO - Data Load Error: 403 GET https://bigquery.googleapis.com/bigquery/v2/projects/final-project-450410/datasets/news/tables/cnn?prettyPrint=false: Access Denied: Table final-project-450410:news.cnn: Permission bigquery.tables.get denied on table final-project-450410:news.cnn (or it may not exist).
[2025-02-19T12:48:46.855+0000] {python.py:202} INFO - Done. Returned value was: None
[2025-02-19T12:48:46.883+0000] {taskinstance.py:1149} INFO - Marking task as SUCCESS. dag_id=scraping_news_dag, task_id=load_bigquery_cnn, execution_date=20250219T123940, start_date=20250219T124841, end_date=20250219T124846
[2025-02-19T12:48:46.974+0000] {local_task_job_runner.py:234} INFO - Task exited with return code 0
[2025-02-19T12:48:47.012+0000] {taskinstance.py:3309} INFO - 0 downstream tasks scheduled from follow-on schedule check
