[2025-02-10T08:45:13.368+0000] {taskinstance.py:1979} INFO - Dependencies all met for dep_context=non-requeueable deps ti=<TaskInstance: spark_airflow_dag.spark_submit_task manual__2025-02-10T08:45:11.731287+00:00 [queued]>
[2025-02-10T08:45:13.391+0000] {taskinstance.py:1979} INFO - Dependencies all met for dep_context=requeueable deps ti=<TaskInstance: spark_airflow_dag.spark_submit_task manual__2025-02-10T08:45:11.731287+00:00 [queued]>
[2025-02-10T08:45:13.393+0000] {taskinstance.py:2193} INFO - Starting attempt 1 of 1
[2025-02-10T08:45:13.424+0000] {taskinstance.py:2214} INFO - Executing <Task(SparkSubmitOperator): spark_submit_task> on 2025-02-10 08:45:11.731287+00:00
[2025-02-10T08:45:13.438+0000] {standard_task_runner.py:60} INFO - Started process 229 to run task
[2025-02-10T08:45:13.446+0000] {standard_task_runner.py:87} INFO - Running: ['airflow', 'tasks', 'run', 'spark_airflow_dag', 'spark_submit_task', 'manual__2025-02-10T08:45:11.731287+00:00', '--job-id', '20', '--raw', '--subdir', 'DAGS_FOLDER/spark-dag-example.py', '--cfg-path', '/tmp/tmp5sxw6v3i']
[2025-02-10T08:45:13.450+0000] {standard_task_runner.py:88} INFO - Job 20: Subtask spark_submit_task
[2025-02-10T08:45:13.482+0000] {logging_mixin.py:188} WARNING - /home/airflow/.local/lib/python3.9/site-packages/airflow/settings.py:194 DeprecationWarning: The sql_alchemy_conn option in [core] has been moved to the sql_alchemy_conn option in [database] - the old setting has been used, but please update your config.
[2025-02-10T08:45:13.560+0000] {task_command.py:423} INFO - Running <TaskInstance: spark_airflow_dag.spark_submit_task manual__2025-02-10T08:45:11.731287+00:00 [running]> on host deproject-airflow-scheduler
[2025-02-10T08:45:13.823+0000] {taskinstance.py:2510} INFO - Exporting env vars: AIRFLOW_CTX_DAG_OWNER='dibimbing' AIRFLOW_CTX_DAG_ID='spark_airflow_dag' AIRFLOW_CTX_TASK_ID='spark_submit_task' AIRFLOW_CTX_EXECUTION_DATE='2025-02-10T08:45:11.731287+00:00' AIRFLOW_CTX_TRY_NUMBER='1' AIRFLOW_CTX_DAG_RUN_ID='manual__2025-02-10T08:45:11.731287+00:00'
[2025-02-10T08:45:13.848+0000] {base.py:83} INFO - Using connection ID 'spark_main' for task execution.
[2025-02-10T08:45:13.851+0000] {spark_submit.py:344} INFO - Spark-Submit cmd: spark-submit --master spark://deproject-spark-master:7077 --name arrow-spark /spark-scripts/spark-example.py
[2025-02-10T08:45:18.482+0000] {spark_submit.py:495} INFO - 25/02/10 08:45:18 INFO SparkContext: Running Spark version 3.3.2
[2025-02-10T08:45:18.590+0000] {spark_submit.py:495} INFO - 25/02/10 08:45:18 WARN NativeCodeLoader: Unable to load native-hadoop library for your platform... using builtin-java classes where applicable
[2025-02-10T08:45:18.755+0000] {spark_submit.py:495} INFO - 25/02/10 08:45:18 INFO ResourceUtils: ==============================================================
[2025-02-10T08:45:18.756+0000] {spark_submit.py:495} INFO - 25/02/10 08:45:18 INFO ResourceUtils: No custom resources configured for spark.driver.
[2025-02-10T08:45:18.757+0000] {spark_submit.py:495} INFO - 25/02/10 08:45:18 INFO ResourceUtils: ==============================================================
[2025-02-10T08:45:18.758+0000] {spark_submit.py:495} INFO - 25/02/10 08:45:18 INFO SparkContext: Submitted application: Dibimbing
[2025-02-10T08:45:18.791+0000] {spark_submit.py:495} INFO - 25/02/10 08:45:18 INFO ResourceProfile: Default ResourceProfile created, executor resources: Map(cores -> name: cores, amount: 1, script: , vendor: , memory -> name: memory, amount: 1024, script: , vendor: , offHeap -> name: offHeap, amount: 0, script: , vendor: ), task resources: Map(cpus -> name: cpus, amount: 1.0)
[2025-02-10T08:45:18.809+0000] {spark_submit.py:495} INFO - 25/02/10 08:45:18 INFO ResourceProfile: Limiting resource is cpu
[2025-02-10T08:45:18.811+0000] {spark_submit.py:495} INFO - 25/02/10 08:45:18 INFO ResourceProfileManager: Added ResourceProfile id: 0
[2025-02-10T08:45:18.897+0000] {spark_submit.py:495} INFO - 25/02/10 08:45:18 INFO SecurityManager: Changing view acls to: airflow
[2025-02-10T08:45:18.899+0000] {spark_submit.py:495} INFO - 25/02/10 08:45:18 INFO SecurityManager: Changing modify acls to: airflow
[2025-02-10T08:45:18.900+0000] {spark_submit.py:495} INFO - 25/02/10 08:45:18 INFO SecurityManager: Changing view acls groups to:
[2025-02-10T08:45:18.901+0000] {spark_submit.py:495} INFO - 25/02/10 08:45:18 INFO SecurityManager: Changing modify acls groups to:
[2025-02-10T08:45:18.902+0000] {spark_submit.py:495} INFO - 25/02/10 08:45:18 INFO SecurityManager: SecurityManager: authentication disabled; ui acls disabled; users  with view permissions: Set(airflow); groups with view permissions: Set(); users  with modify permissions: Set(airflow); groups with modify permissions: Set()
[2025-02-10T08:45:19.300+0000] {spark_submit.py:495} INFO - 25/02/10 08:45:19 INFO Utils: Successfully started service 'sparkDriver' on port 44779.
[2025-02-10T08:45:19.349+0000] {spark_submit.py:495} INFO - 25/02/10 08:45:19 INFO SparkEnv: Registering MapOutputTracker
[2025-02-10T08:45:19.404+0000] {spark_submit.py:495} INFO - 25/02/10 08:45:19 INFO SparkEnv: Registering BlockManagerMaster
[2025-02-10T08:45:19.429+0000] {spark_submit.py:495} INFO - 25/02/10 08:45:19 INFO BlockManagerMasterEndpoint: Using org.apache.spark.storage.DefaultTopologyMapper for getting topology information
[2025-02-10T08:45:19.430+0000] {spark_submit.py:495} INFO - 25/02/10 08:45:19 INFO BlockManagerMasterEndpoint: BlockManagerMasterEndpoint up
[2025-02-10T08:45:19.437+0000] {spark_submit.py:495} INFO - 25/02/10 08:45:19 INFO SparkEnv: Registering BlockManagerMasterHeartbeat
[2025-02-10T08:45:19.467+0000] {spark_submit.py:495} INFO - 25/02/10 08:45:19 INFO DiskBlockManager: Created local directory at /tmp/blockmgr-55a39840-17e9-4c18-a958-193187fee433
[2025-02-10T08:45:19.497+0000] {spark_submit.py:495} INFO - 25/02/10 08:45:19 INFO MemoryStore: MemoryStore started with capacity 434.4 MiB
[2025-02-10T08:45:19.521+0000] {spark_submit.py:495} INFO - 25/02/10 08:45:19 INFO SparkEnv: Registering OutputCommitCoordinator
[2025-02-10T08:45:19.831+0000] {spark_submit.py:495} INFO - 25/02/10 08:45:19 INFO Utils: Successfully started service 'SparkUI' on port 4040.
[2025-02-10T08:45:20.043+0000] {spark_submit.py:495} INFO - 25/02/10 08:45:20 INFO StandaloneAppClient$ClientEndpoint: Connecting to master spark://deproject-spark-master:7077...
[2025-02-10T08:45:20.116+0000] {spark_submit.py:495} INFO - 25/02/10 08:45:20 INFO TransportClientFactory: Successfully created connection to deproject-spark-master/172.28.0.2:7077 after 42 ms (0 ms spent in bootstraps)
[2025-02-10T08:45:20.336+0000] {spark_submit.py:495} INFO - 25/02/10 08:45:20 INFO StandaloneSchedulerBackend: Connected to Spark cluster with app ID app-20250210084520-0000
[2025-02-10T08:45:20.347+0000] {spark_submit.py:495} INFO - 25/02/10 08:45:20 INFO Utils: Successfully started service 'org.apache.spark.network.netty.NettyBlockTransferService' on port 42635.
[2025-02-10T08:45:20.349+0000] {spark_submit.py:495} INFO - 25/02/10 08:45:20 INFO NettyBlockTransferService: Server created on deproject-airflow-scheduler:42635
[2025-02-10T08:45:20.352+0000] {spark_submit.py:495} INFO - 25/02/10 08:45:20 INFO BlockManager: Using org.apache.spark.storage.RandomBlockReplicationPolicy for block replication policy
[2025-02-10T08:45:20.362+0000] {spark_submit.py:495} INFO - 25/02/10 08:45:20 INFO BlockManagerMaster: Registering BlockManager BlockManagerId(driver, deproject-airflow-scheduler, 42635, None)
[2025-02-10T08:45:20.369+0000] {spark_submit.py:495} INFO - 25/02/10 08:45:20 INFO BlockManagerMasterEndpoint: Registering block manager deproject-airflow-scheduler:42635 with 434.4 MiB RAM, BlockManagerId(driver, deproject-airflow-scheduler, 42635, None)
[2025-02-10T08:45:20.374+0000] {spark_submit.py:495} INFO - 25/02/10 08:45:20 INFO BlockManagerMaster: Registered BlockManager BlockManagerId(driver, deproject-airflow-scheduler, 42635, None)
[2025-02-10T08:45:20.376+0000] {spark_submit.py:495} INFO - 25/02/10 08:45:20 INFO BlockManager: Initialized BlockManager: BlockManagerId(driver, deproject-airflow-scheduler, 42635, None)
[2025-02-10T08:45:20.392+0000] {spark_submit.py:495} INFO - 25/02/10 08:45:20 INFO StandaloneAppClient$ClientEndpoint: Executor added: app-20250210084520-0000/0 on worker-20250210084228-172.28.0.3-33855 (172.28.0.3:33855) with 1 core(s)
[2025-02-10T08:45:20.396+0000] {spark_submit.py:495} INFO - 25/02/10 08:45:20 INFO StandaloneSchedulerBackend: Granted executor ID app-20250210084520-0000/0 on hostPort 172.28.0.3:33855 with 1 core(s), 1024.0 MiB RAM
[2025-02-10T08:45:20.747+0000] {spark_submit.py:495} INFO - 25/02/10 08:45:20 INFO StandaloneSchedulerBackend: SchedulerBackend is ready for scheduling beginning after reached minRegisteredResourcesRatio: 0.0
[2025-02-10T08:45:20.761+0000] {spark_submit.py:495} INFO - 25/02/10 08:45:20 INFO StandaloneAppClient$ClientEndpoint: Executor updated: app-20250210084520-0000/0 is now RUNNING
[2025-02-10T08:45:57.277+0000] {spark_submit.py:495} INFO - +----------+-----------+--------+--------+-----+-----------+--------------------+---------+-----+
[2025-02-10T08:45:57.279+0000] {spark_submit.py:495} INFO - |product_id|customer_id|order_id|quantity|price|       name|               email|     name|price|
[2025-02-10T08:45:57.280+0000] {spark_submit.py:495} INFO - +----------+-----------+--------+--------+-----+-----------+--------------------+---------+-----+
[2025-02-10T08:45:57.281+0000] {spark_submit.py:495} INFO - |         1|          1|     101|       2|19.99|   John Doe| johndoe@example.com|Product A|19.99|
[2025-02-10T08:45:57.282+0000] {spark_submit.py:495} INFO - |         2|          2|     102|       1| 9.99| Jane Smith|janesmith@example...|Product B| 9.99|
[2025-02-10T08:45:57.283+0000] {spark_submit.py:495} INFO - |         3|          3|     103|       1|15.99|Bob Johnson|bobjohnson@exampl...|Product C|15.99|
[2025-02-10T08:45:57.283+0000] {spark_submit.py:495} INFO - |         4|          1|     104|       1| 5.99|   John Doe| johndoe@example.com|Product D| 5.99|
[2025-02-10T08:45:57.284+0000] {spark_submit.py:495} INFO - |         5|          2|     105|       3|12.99| Jane Smith|janesmith@example...|Product E|12.99|
[2025-02-10T08:45:57.285+0000] {spark_submit.py:495} INFO - |         6|          3|     106|       2| 9.99|Bob Johnson|bobjohnson@exampl...|Product F| 9.99|
[2025-02-10T08:45:57.286+0000] {spark_submit.py:495} INFO - |         7|          4|     107|       1|11.99|    Sue Lee|  suelee@example.com|Product G|11.99|
[2025-02-10T08:45:57.287+0000] {spark_submit.py:495} INFO - |         8|          1|     108|       2|14.99|   John Doe| johndoe@example.com|Product H|14.99|
[2025-02-10T08:45:57.288+0000] {spark_submit.py:495} INFO - |         9|          2|     109|       1| 9.99| Jane Smith|janesmith@example...|Product I| 9.99|
[2025-02-10T08:45:57.289+0000] {spark_submit.py:495} INFO - |        10|          3|     110|       1|19.99|Bob Johnson|bobjohnson@exampl...|Product J|19.99|
[2025-02-10T08:45:57.290+0000] {spark_submit.py:495} INFO - +----------+-----------+--------+--------+-----+-----------+--------------------+---------+-----+
[2025-02-10T08:45:57.290+0000] {spark_submit.py:495} INFO - 
[2025-02-10T08:46:20.464+0000] {spark_submit.py:495} INFO - Traceback (most recent call last):
[2025-02-10T08:46:20.466+0000] {spark_submit.py:495} INFO - File "/spark-scripts/spark-example.py", line 70, in <module>
[2025-02-10T08:46:20.469+0000] {spark_submit.py:495} INFO - merged_df.toPandas().to_csv('opt/airflow/data/test_ouput')
[2025-02-10T08:46:20.470+0000] {spark_submit.py:495} INFO - File "/home/airflow/.local/lib/python3.9/site-packages/pandas/core/generic.py", line 3387, in to_csv
[2025-02-10T08:46:20.471+0000] {spark_submit.py:495} INFO - return DataFrameRenderer(formatter).to_csv(
[2025-02-10T08:46:20.472+0000] {spark_submit.py:495} INFO - File "/home/airflow/.local/lib/python3.9/site-packages/pandas/io/formats/format.py", line 1083, in to_csv
[2025-02-10T08:46:20.472+0000] {spark_submit.py:495} INFO - csv_formatter.save()
[2025-02-10T08:46:20.473+0000] {spark_submit.py:495} INFO - File "/home/airflow/.local/lib/python3.9/site-packages/pandas/io/formats/csvs.py", line 228, in save
[2025-02-10T08:46:20.474+0000] {spark_submit.py:495} INFO - with get_handle(
[2025-02-10T08:46:20.475+0000] {spark_submit.py:495} INFO - File "/home/airflow/.local/lib/python3.9/site-packages/pandas/io/common.py", line 642, in get_handle
[2025-02-10T08:46:20.476+0000] {spark_submit.py:495} INFO - handle = open(
[2025-02-10T08:46:20.477+0000] {spark_submit.py:495} INFO - FileNotFoundError: [Errno 2] No such file or directory: 'opt/airflow/data/test_ouput'
[2025-02-10T08:46:20.917+0000] {taskinstance.py:2728} ERROR - Task failed with exception
Traceback (most recent call last):
  File "/home/airflow/.local/lib/python3.9/site-packages/airflow/models/taskinstance.py", line 444, in _execute_task
    result = _execute_callable(context=context, **execute_callable_kwargs)
  File "/home/airflow/.local/lib/python3.9/site-packages/airflow/models/taskinstance.py", line 414, in _execute_callable
    return execute_callable(context=context, **execute_callable_kwargs)
  File "/home/airflow/.local/lib/python3.9/site-packages/airflow/providers/apache/spark/operators/spark_submit.py", line 157, in execute
    self._hook.submit(self._application)
  File "/home/airflow/.local/lib/python3.9/site-packages/airflow/providers/apache/spark/hooks/spark_submit.py", line 426, in submit
    raise AirflowException(
airflow.exceptions.AirflowException: Cannot execute: spark-submit --master spark://deproject-spark-master:7077 --name arrow-spark /spark-scripts/spark-example.py. Error code is: 1.
[2025-02-10T08:46:20.929+0000] {taskinstance.py:1149} INFO - Marking task as FAILED. dag_id=spark_airflow_dag, task_id=spark_submit_task, execution_date=20250210T084511, start_date=20250210T084513, end_date=20250210T084620
[2025-02-10T08:46:20.970+0000] {standard_task_runner.py:107} ERROR - Failed to execute job 20 for task spark_submit_task (Cannot execute: spark-submit --master spark://deproject-spark-master:7077 --name arrow-spark /spark-scripts/spark-example.py. Error code is: 1.; 229)
[2025-02-10T08:46:21.007+0000] {local_task_job_runner.py:234} INFO - Task exited with return code 1
[2025-02-10T08:46:21.051+0000] {taskinstance.py:3309} INFO - 0 downstream tasks scheduled from follow-on schedule check
