[2025-02-19T13:06:14.073+0000] {taskinstance.py:1979} INFO - Dependencies all met for dep_context=non-requeueable deps ti=<TaskInstance: scraping_news_dag.load_bigquery_nyt manual__2025-02-19T12:58:23.721217+00:00 [queued]>
[2025-02-19T13:06:14.092+0000] {taskinstance.py:1979} INFO - Dependencies all met for dep_context=requeueable deps ti=<TaskInstance: scraping_news_dag.load_bigquery_nyt manual__2025-02-19T12:58:23.721217+00:00 [queued]>
[2025-02-19T13:06:14.093+0000] {taskinstance.py:2193} INFO - Starting attempt 1 of 1
[2025-02-19T13:06:14.123+0000] {taskinstance.py:2214} INFO - Executing <Task(_PythonDecoratedOperator): load_bigquery_nyt> on 2025-02-19 12:58:23.721217+00:00
[2025-02-19T13:06:14.133+0000] {standard_task_runner.py:60} INFO - Started process 4651 to run task
[2025-02-19T13:06:14.138+0000] {standard_task_runner.py:87} INFO - Running: ['airflow', 'tasks', 'run', 'scraping_news_dag', 'load_bigquery_nyt', 'manual__2025-02-19T12:58:23.721217+00:00', '--job-id', '154', '--raw', '--subdir', 'DAGS_FOLDER/scraping-news-dag.py', '--cfg-path', '/tmp/tmpg4twzlgf']
[2025-02-19T13:06:14.142+0000] {standard_task_runner.py:88} INFO - Job 154: Subtask load_bigquery_nyt
[2025-02-19T13:06:14.169+0000] {logging_mixin.py:188} WARNING - /home/airflow/.local/lib/python3.9/site-packages/airflow/settings.py:194 DeprecationWarning: The sql_alchemy_conn option in [core] has been moved to the sql_alchemy_conn option in [database] - the old setting has been used, but please update your config.
[2025-02-19T13:06:14.233+0000] {task_command.py:423} INFO - Running <TaskInstance: scraping_news_dag.load_bigquery_nyt manual__2025-02-19T12:58:23.721217+00:00 [running]> on host deproject-airflow-scheduler
[2025-02-19T13:06:14.395+0000] {taskinstance.py:2510} INFO - Exporting env vars: AIRFLOW_CTX_DAG_OWNER='airflow' AIRFLOW_CTX_DAG_ID='scraping_news_dag' AIRFLOW_CTX_TASK_ID='load_bigquery_nyt' AIRFLOW_CTX_EXECUTION_DATE='2025-02-19T12:58:23.721217+00:00' AIRFLOW_CTX_TRY_NUMBER='1' AIRFLOW_CTX_DAG_RUN_ID='manual__2025-02-19T12:58:23.721217+00:00'
[2025-02-19T13:06:14.815+0000] {logging_mixin.py:188} INFO -                                                    url  ...          source
0    https://www.nytimes.com/2025/02/15/business/ec...  ...  New York Times
1    https://www.nytimes.com/2025/02/12/business/st...  ...  New York Times
2    https://www.nytimes.com/2025/02/14/business/ec...  ...  New York Times
3    https://www.nytimes.com/2025/02/12/business/in...  ...  New York Times
4    https://www.nytimes.com/2025/02/13/business/de...  ...  New York Times
..                                                 ...  ...             ...
209  https://www.nytimes.com/2025/02/19/opinion/con...  ...  New York Times
210  https://www.nytimes.com/2025/02/13/opinion/can...  ...  New York Times
211  https://www.nytimes.com/2025/02/15/opinion/tru...  ...  New York Times
212  https://www.nytimes.com/2025/02/12/opinion/usa...  ...  New York Times
213  https://www.nytimes.com/2025/02/13/opinion/val...  ...  New York Times

[214 rows x 5 columns]
[2025-02-19T13:06:14.817+0000] {logging_mixin.py:188} INFO - Index(['url', 'date', 'title', 'text', 'source'], dtype='object')
[2025-02-19T13:06:21.778+0000] {logging_mixin.py:188} WARNING -   0%|          | 0/1 [00:00<?, ?it/s]
[2025-02-19T13:06:21.780+0000] {gbq.py:515} INFO - 214 out of 214 rows loaded.
[2025-02-19T13:06:21.781+0000] {logging_mixin.py:188} WARNING - 100%|##########| 1/1 [00:00<00:00, 802.43it/s]
[2025-02-19T13:06:21.782+0000] {python.py:202} INFO - Done. Returned value was: None
[2025-02-19T13:06:21.800+0000] {taskinstance.py:1149} INFO - Marking task as SUCCESS. dag_id=scraping_news_dag, task_id=load_bigquery_nyt, execution_date=20250219T125823, start_date=20250219T130614, end_date=20250219T130621
[2025-02-19T13:06:21.893+0000] {local_task_job_runner.py:234} INFO - Task exited with return code 0
[2025-02-19T13:06:21.929+0000] {taskinstance.py:3309} INFO - 0 downstream tasks scheduled from follow-on schedule check
