[2025-02-14T12:14:10.602+0000] {taskinstance.py:1979} INFO - Dependencies all met for dep_context=non-requeueable deps ti=<TaskInstance: load_bigquery.spark_load_task manual__2025-02-14T12:14:09.159397+00:00 [queued]>
[2025-02-14T12:14:10.623+0000] {taskinstance.py:1979} INFO - Dependencies all met for dep_context=requeueable deps ti=<TaskInstance: load_bigquery.spark_load_task manual__2025-02-14T12:14:09.159397+00:00 [queued]>
[2025-02-14T12:14:10.624+0000] {taskinstance.py:2193} INFO - Starting attempt 1 of 1
[2025-02-14T12:14:10.665+0000] {taskinstance.py:2214} INFO - Executing <Task(SparkSubmitOperator): spark_load_task> on 2025-02-14 12:14:09.159397+00:00
[2025-02-14T12:14:10.674+0000] {standard_task_runner.py:60} INFO - Started process 269 to run task
[2025-02-14T12:14:10.679+0000] {standard_task_runner.py:87} INFO - Running: ['airflow', 'tasks', 'run', 'load_bigquery', 'spark_load_task', 'manual__2025-02-14T12:14:09.159397+00:00', '--job-id', '62', '--raw', '--subdir', 'DAGS_FOLDER/load-bigquery.py', '--cfg-path', '/tmp/tmp02d9lox5']
[2025-02-14T12:14:10.683+0000] {standard_task_runner.py:88} INFO - Job 62: Subtask spark_load_task
[2025-02-14T12:14:10.715+0000] {logging_mixin.py:188} WARNING - /home/airflow/.local/lib/python3.9/site-packages/airflow/settings.py:194 DeprecationWarning: The sql_alchemy_conn option in [core] has been moved to the sql_alchemy_conn option in [database] - the old setting has been used, but please update your config.
[2025-02-14T12:14:10.788+0000] {task_command.py:423} INFO - Running <TaskInstance: load_bigquery.spark_load_task manual__2025-02-14T12:14:09.159397+00:00 [running]> on host deproject-airflow-scheduler
[2025-02-14T12:14:10.951+0000] {taskinstance.py:2510} INFO - Exporting env vars: AIRFLOW_CTX_DAG_OWNER='dibimbing' AIRFLOW_CTX_DAG_ID='load_bigquery' AIRFLOW_CTX_TASK_ID='spark_load_task' AIRFLOW_CTX_EXECUTION_DATE='2025-02-14T12:14:09.159397+00:00' AIRFLOW_CTX_TRY_NUMBER='1' AIRFLOW_CTX_DAG_RUN_ID='manual__2025-02-14T12:14:09.159397+00:00'
[2025-02-14T12:14:10.971+0000] {base.py:83} INFO - Using connection ID 'spark_main' for task execution.
[2025-02-14T12:14:10.973+0000] {spark_submit.py:344} INFO - Spark-Submit cmd: spark-submit --master spark://deproject-spark-master:7077 --name arrow-spark /spark-scripts/spark-news.py
[2025-02-14T12:14:17.108+0000] {spark_submit.py:495} INFO - ['/spark-scripts', '/home/airflow/.local/lib/python3.9/site-packages/pyspark/python/lib/pyspark.zip', '/home/airflow/.local/lib/python3.9/site-packages/pyspark/python/lib/py4j-0.10.9.5-src.zip', '/home/airflow/.local/lib/python3.9/site-packages/pyspark/jars/spark-core_2.12-3.3.2.jar', '/usr/local/lib/python39.zip', '/usr/local/lib/python3.9', '/usr/local/lib/python3.9/lib-dynload', '/home/airflow/.local/lib/python3.9/site-packages', '/usr/local/lib/python3.9/site-packages', '/scripts']
[2025-02-14T12:15:47.693+0000] {spark_submit.py:495} INFO - url  ... source
[2025-02-14T12:15:47.694+0000] {spark_submit.py:495} INFO - 0   https://edition.cnn.com/2025/02/13/politics/us...  ...    cnn
[2025-02-14T12:15:47.695+0000] {spark_submit.py:495} INFO - 2   https://edition.cnn.com/2025/02/13/politics/da...  ...    cnn
[2025-02-14T12:15:47.696+0000] {spark_submit.py:495} INFO - 4   https://edition.cnn.com/2025/02/13/politics/ro...  ...    cnn
[2025-02-14T12:15:47.697+0000] {spark_submit.py:495} INFO - 7   https://edition.cnn.com/2025/02/13/politics/mu...  ...    cnn
[2025-02-14T12:15:47.698+0000] {spark_submit.py:495} INFO - 13  https://edition.cnn.com/2025/02/13/politics/bu...  ...    cnn
[2025-02-14T12:15:47.699+0000] {spark_submit.py:495} INFO - 14  https://edition.cnn.com/2025/02/13/politics/er...  ...    cnn
[2025-02-14T12:15:47.700+0000] {spark_submit.py:495} INFO - 19  https://edition.cnn.com/2025/02/13/politics/gu...  ...    cnn
[2025-02-14T12:15:47.700+0000] {spark_submit.py:495} INFO - 20  https://edition.cnn.com/2025/02/13/politics/su...  ...    cnn
[2025-02-14T12:15:47.702+0000] {spark_submit.py:495} INFO - 21  https://edition.cnn.com/2025/02/13/politics/re...  ...    cnn
[2025-02-14T12:15:47.703+0000] {spark_submit.py:495} INFO - 27  https://edition.cnn.com/2025/02/13/politics/am...  ...    cnn
[2025-02-14T12:15:47.703+0000] {spark_submit.py:495} INFO - 29  https://edition.cnn.com/2025/02/13/politics/rf...  ...    cnn
[2025-02-14T12:15:47.704+0000] {spark_submit.py:495} INFO - 32  https://edition.cnn.com/2025/02/13/politics/us...  ...    cnn
[2025-02-14T12:15:47.705+0000] {spark_submit.py:495} INFO - 34  https://edition.cnn.com/2025/02/13/politics/da...  ...    cnn
[2025-02-14T12:15:47.706+0000] {spark_submit.py:495} INFO - 36  https://edition.cnn.com/2025/02/13/politics/fe...  ...    cnn
[2025-02-14T12:15:47.707+0000] {spark_submit.py:495} INFO - 37  https://edition.cnn.com/2025/02/13/politics/vi...  ...    cnn
[2025-02-14T12:15:47.708+0000] {spark_submit.py:495} INFO - 39  https://edition.cnn.com/2025/02/13/politics/do...  ...    cnn
[2025-02-14T12:15:47.709+0000] {spark_submit.py:495} INFO - 42  https://edition.cnn.com/2025/02/13/politics/ti...  ...    cnn
[2025-02-14T12:15:47.710+0000] {spark_submit.py:495} INFO - 44  https://edition.cnn.com/2025/02/13/politics/us...  ...    cnn
[2025-02-14T12:15:47.710+0000] {spark_submit.py:495} INFO - 
[2025-02-14T12:15:47.711+0000] {spark_submit.py:495} INFO - [18 rows x 5 columns]
[2025-02-14T12:17:54.246+0000] {spark_submit.py:495} INFO - url  ... source
[2025-02-14T12:17:54.248+0000] {spark_submit.py:495} INFO - 0   https://edition.cnn.com/2025/02/13/cars/japan-...  ...    cnn
[2025-02-14T12:17:54.249+0000] {spark_submit.py:495} INFO - 2   https://edition.cnn.com/2025/02/13/economy/elo...  ...    cnn
[2025-02-14T12:17:54.250+0000] {spark_submit.py:495} INFO - 4   https://edition.cnn.com/2025/02/13/economy/us-...  ...    cnn
[2025-02-14T12:17:54.250+0000] {spark_submit.py:495} INFO - 12  https://edition.cnn.com/2025/02/13/business/tr...  ...    cnn
[2025-02-14T12:17:54.251+0000] {spark_submit.py:495} INFO - 13  https://edition.cnn.com/2025/02/13/tech/china-...  ...    cnn
[2025-02-14T12:17:54.252+0000] {spark_submit.py:495} INFO - 31  https://edition.cnn.com/2025/02/13/food/dennys...  ...    cnn
[2025-02-14T12:17:54.253+0000] {spark_submit.py:495} INFO - 32  https://edition.cnn.com/2025/02/13/business/ch...  ...    cnn
[2025-02-14T12:17:54.254+0000] {spark_submit.py:495} INFO - 33  https://edition.cnn.com/2025/02/13/tech/elon-m...  ...    cnn
[2025-02-14T12:17:54.255+0000] {spark_submit.py:495} INFO - 39  https://edition.cnn.com/2025/02/13/economy/tar...  ...    cnn
[2025-02-14T12:17:54.256+0000] {spark_submit.py:495} INFO - 40  https://edition.cnn.com/2025/02/13/media/param...  ...    cnn
[2025-02-14T12:17:54.257+0000] {spark_submit.py:495} INFO - 43  https://edition.cnn.com/2025/02/13/media/trump...  ...    cnn
[2025-02-14T12:17:54.258+0000] {spark_submit.py:495} INFO - 44  https://edition.cnn.com/2025/02/13/economy/us-...  ...    cnn
[2025-02-14T12:17:54.259+0000] {spark_submit.py:495} INFO - 45  https://edition.cnn.com/2025/02/13/economy/new...  ...    cnn
[2025-02-14T12:17:54.260+0000] {spark_submit.py:495} INFO - 47  https://edition.cnn.com/2025/02/13/tech/tiktok...  ...    cnn
[2025-02-14T12:17:54.261+0000] {spark_submit.py:495} INFO - 56  https://edition.cnn.com/2025/02/13/business/vi...  ...    cnn
[2025-02-14T12:17:54.262+0000] {spark_submit.py:495} INFO - 58  https://edition.cnn.com/2025/02/13/business/vi...  ...    cnn
[2025-02-14T12:17:54.262+0000] {spark_submit.py:495} INFO - 
[2025-02-14T12:17:54.263+0000] {spark_submit.py:495} INFO - [16 rows x 5 columns]
[2025-02-14T12:19:16.702+0000] {spark_submit.py:495} INFO - Empty DataFrame
[2025-02-14T12:19:16.704+0000] {spark_submit.py:495} INFO - Columns: [url, date, title, text, source]
[2025-02-14T12:19:16.705+0000] {spark_submit.py:495} INFO - Index: []
[2025-02-14T12:20:07.772+0000] {spark_submit.py:495} INFO - Empty DataFrame
[2025-02-14T12:20:07.774+0000] {spark_submit.py:495} INFO - Columns: [url, date, title, text, source]
[2025-02-14T12:20:07.775+0000] {spark_submit.py:495} INFO - Index: []
[2025-02-14T12:20:07.795+0000] {spark_submit.py:495} INFO - url  ... source
[2025-02-14T12:20:07.797+0000] {spark_submit.py:495} INFO - 0   https://edition.cnn.com/2025/02/13/politics/us...  ...    cnn
[2025-02-14T12:20:07.798+0000] {spark_submit.py:495} INFO - 1   https://edition.cnn.com/2025/02/13/politics/da...  ...    cnn
[2025-02-14T12:20:07.798+0000] {spark_submit.py:495} INFO - 2   https://edition.cnn.com/2025/02/13/politics/ro...  ...    cnn
[2025-02-14T12:20:07.800+0000] {spark_submit.py:495} INFO - 3   https://edition.cnn.com/2025/02/13/politics/mu...  ...    cnn
[2025-02-14T12:20:07.801+0000] {spark_submit.py:495} INFO - 4   https://edition.cnn.com/2025/02/13/politics/bu...  ...    cnn
[2025-02-14T12:20:07.801+0000] {spark_submit.py:495} INFO - 5   https://edition.cnn.com/2025/02/13/politics/er...  ...    cnn
[2025-02-14T12:20:07.803+0000] {spark_submit.py:495} INFO - 6   https://edition.cnn.com/2025/02/13/politics/gu...  ...    cnn
[2025-02-14T12:20:07.803+0000] {spark_submit.py:495} INFO - 7   https://edition.cnn.com/2025/02/13/politics/su...  ...    cnn
[2025-02-14T12:20:07.804+0000] {spark_submit.py:495} INFO - 8   https://edition.cnn.com/2025/02/13/politics/re...  ...    cnn
[2025-02-14T12:20:07.805+0000] {spark_submit.py:495} INFO - 9   https://edition.cnn.com/2025/02/13/politics/am...  ...    cnn
[2025-02-14T12:20:07.806+0000] {spark_submit.py:495} INFO - 10  https://edition.cnn.com/2025/02/13/politics/rf...  ...    cnn
[2025-02-14T12:20:07.807+0000] {spark_submit.py:495} INFO - 11  https://edition.cnn.com/2025/02/13/politics/us...  ...    cnn
[2025-02-14T12:20:07.808+0000] {spark_submit.py:495} INFO - 12  https://edition.cnn.com/2025/02/13/politics/da...  ...    cnn
[2025-02-14T12:20:07.809+0000] {spark_submit.py:495} INFO - 13  https://edition.cnn.com/2025/02/13/politics/fe...  ...    cnn
[2025-02-14T12:20:07.810+0000] {spark_submit.py:495} INFO - 14  https://edition.cnn.com/2025/02/13/politics/vi...  ...    cnn
[2025-02-14T12:20:07.811+0000] {spark_submit.py:495} INFO - 15  https://edition.cnn.com/2025/02/13/politics/do...  ...    cnn
[2025-02-14T12:20:07.812+0000] {spark_submit.py:495} INFO - 16  https://edition.cnn.com/2025/02/13/politics/ti...  ...    cnn
[2025-02-14T12:20:07.813+0000] {spark_submit.py:495} INFO - 17  https://edition.cnn.com/2025/02/13/politics/us...  ...    cnn
[2025-02-14T12:20:07.813+0000] {spark_submit.py:495} INFO - 18  https://edition.cnn.com/2025/02/13/cars/japan-...  ...    cnn
[2025-02-14T12:20:07.814+0000] {spark_submit.py:495} INFO - 19  https://edition.cnn.com/2025/02/13/economy/elo...  ...    cnn
[2025-02-14T12:20:07.815+0000] {spark_submit.py:495} INFO - 20  https://edition.cnn.com/2025/02/13/economy/us-...  ...    cnn
[2025-02-14T12:20:07.816+0000] {spark_submit.py:495} INFO - 21  https://edition.cnn.com/2025/02/13/business/tr...  ...    cnn
[2025-02-14T12:20:07.817+0000] {spark_submit.py:495} INFO - 22  https://edition.cnn.com/2025/02/13/tech/china-...  ...    cnn
[2025-02-14T12:20:07.818+0000] {spark_submit.py:495} INFO - 23  https://edition.cnn.com/2025/02/13/food/dennys...  ...    cnn
[2025-02-14T12:20:07.818+0000] {spark_submit.py:495} INFO - 24  https://edition.cnn.com/2025/02/13/business/ch...  ...    cnn
[2025-02-14T12:20:07.819+0000] {spark_submit.py:495} INFO - 25  https://edition.cnn.com/2025/02/13/tech/elon-m...  ...    cnn
[2025-02-14T12:20:07.820+0000] {spark_submit.py:495} INFO - 26  https://edition.cnn.com/2025/02/13/economy/tar...  ...    cnn
[2025-02-14T12:20:07.821+0000] {spark_submit.py:495} INFO - 27  https://edition.cnn.com/2025/02/13/media/param...  ...    cnn
[2025-02-14T12:20:07.821+0000] {spark_submit.py:495} INFO - 28  https://edition.cnn.com/2025/02/13/media/trump...  ...    cnn
[2025-02-14T12:20:07.825+0000] {spark_submit.py:495} INFO - 29  https://edition.cnn.com/2025/02/13/economy/us-...  ...    cnn
[2025-02-14T12:20:07.826+0000] {spark_submit.py:495} INFO - 30  https://edition.cnn.com/2025/02/13/economy/new...  ...    cnn
[2025-02-14T12:20:07.827+0000] {spark_submit.py:495} INFO - 31  https://edition.cnn.com/2025/02/13/tech/tiktok...  ...    cnn
[2025-02-14T12:20:07.827+0000] {spark_submit.py:495} INFO - 32  https://edition.cnn.com/2025/02/13/business/vi...  ...    cnn
[2025-02-14T12:20:07.828+0000] {spark_submit.py:495} INFO - 33  https://edition.cnn.com/2025/02/13/business/vi...  ...    cnn
[2025-02-14T12:20:07.829+0000] {spark_submit.py:495} INFO - 
[2025-02-14T12:20:07.830+0000] {spark_submit.py:495} INFO - [34 rows x 5 columns]
[2025-02-14T12:20:07.960+0000] {spark_submit.py:495} INFO - 25/02/14 12:20:07 INFO SparkContext: Running Spark version 3.3.2
[2025-02-14T12:20:08.099+0000] {spark_submit.py:495} INFO - 25/02/14 12:20:08 WARN NativeCodeLoader: Unable to load native-hadoop library for your platform... using builtin-java classes where applicable
[2025-02-14T12:20:08.310+0000] {spark_submit.py:495} INFO - 25/02/14 12:20:08 INFO ResourceUtils: ==============================================================
[2025-02-14T12:20:08.311+0000] {spark_submit.py:495} INFO - 25/02/14 12:20:08 INFO ResourceUtils: No custom resources configured for spark.driver.
[2025-02-14T12:20:08.312+0000] {spark_submit.py:495} INFO - 25/02/14 12:20:08 INFO ResourceUtils: ==============================================================
[2025-02-14T12:20:08.313+0000] {spark_submit.py:495} INFO - 25/02/14 12:20:08 INFO SparkContext: Submitted application: FinalProject
[2025-02-14T12:20:08.358+0000] {spark_submit.py:495} INFO - 25/02/14 12:20:08 INFO ResourceProfile: Default ResourceProfile created, executor resources: Map(cores -> name: cores, amount: 1, script: , vendor: , memory -> name: memory, amount: 1024, script: , vendor: , offHeap -> name: offHeap, amount: 0, script: , vendor: ), task resources: Map(cpus -> name: cpus, amount: 1.0)
[2025-02-14T12:20:08.374+0000] {spark_submit.py:495} INFO - 25/02/14 12:20:08 INFO ResourceProfile: Limiting resource is cpu
[2025-02-14T12:20:08.375+0000] {spark_submit.py:495} INFO - 25/02/14 12:20:08 INFO ResourceProfileManager: Added ResourceProfile id: 0
[2025-02-14T12:20:08.486+0000] {spark_submit.py:495} INFO - 25/02/14 12:20:08 INFO SecurityManager: Changing view acls to: airflow
[2025-02-14T12:20:08.487+0000] {spark_submit.py:495} INFO - 25/02/14 12:20:08 INFO SecurityManager: Changing modify acls to: airflow
[2025-02-14T12:20:08.488+0000] {spark_submit.py:495} INFO - 25/02/14 12:20:08 INFO SecurityManager: Changing view acls groups to:
[2025-02-14T12:20:08.489+0000] {spark_submit.py:495} INFO - 25/02/14 12:20:08 INFO SecurityManager: Changing modify acls groups to:
[2025-02-14T12:20:08.490+0000] {spark_submit.py:495} INFO - 25/02/14 12:20:08 INFO SecurityManager: SecurityManager: authentication disabled; ui acls disabled; users  with view permissions: Set(airflow); groups with view permissions: Set(); users  with modify permissions: Set(airflow); groups with modify permissions: Set()
[2025-02-14T12:20:08.963+0000] {spark_submit.py:495} INFO - 25/02/14 12:20:08 INFO Utils: Successfully started service 'sparkDriver' on port 35945.
[2025-02-14T12:20:09.031+0000] {spark_submit.py:495} INFO - 25/02/14 12:20:09 INFO SparkEnv: Registering MapOutputTracker
[2025-02-14T12:20:09.095+0000] {spark_submit.py:495} INFO - 25/02/14 12:20:09 INFO SparkEnv: Registering BlockManagerMaster
[2025-02-14T12:20:09.132+0000] {spark_submit.py:495} INFO - 25/02/14 12:20:09 INFO BlockManagerMasterEndpoint: Using org.apache.spark.storage.DefaultTopologyMapper for getting topology information
[2025-02-14T12:20:09.133+0000] {spark_submit.py:495} INFO - 25/02/14 12:20:09 INFO BlockManagerMasterEndpoint: BlockManagerMasterEndpoint up
[2025-02-14T12:20:09.142+0000] {spark_submit.py:495} INFO - 25/02/14 12:20:09 INFO SparkEnv: Registering BlockManagerMasterHeartbeat
[2025-02-14T12:20:09.192+0000] {spark_submit.py:495} INFO - 25/02/14 12:20:09 INFO DiskBlockManager: Created local directory at /tmp/blockmgr-7a3c1d29-a9f2-418e-9c41-17c3b27c56dd
[2025-02-14T12:20:09.222+0000] {spark_submit.py:495} INFO - 25/02/14 12:20:09 INFO MemoryStore: MemoryStore started with capacity 434.4 MiB
[2025-02-14T12:20:09.252+0000] {spark_submit.py:495} INFO - 25/02/14 12:20:09 INFO SparkEnv: Registering OutputCommitCoordinator
[2025-02-14T12:20:09.674+0000] {spark_submit.py:495} INFO - 25/02/14 12:20:09 INFO Utils: Successfully started service 'SparkUI' on port 4040.
[2025-02-14T12:20:09.907+0000] {spark_submit.py:495} INFO - 25/02/14 12:20:09 INFO StandaloneAppClient$ClientEndpoint: Connecting to master spark://deproject-spark-master:7077...
[2025-02-14T12:20:09.998+0000] {spark_submit.py:495} INFO - 25/02/14 12:20:09 INFO TransportClientFactory: Successfully created connection to deproject-spark-master/172.28.0.3:7077 after 54 ms (0 ms spent in bootstraps)
[2025-02-14T12:20:10.250+0000] {spark_submit.py:495} INFO - 25/02/14 12:20:10 INFO StandaloneSchedulerBackend: Connected to Spark cluster with app ID app-20250214122010-0000
[2025-02-14T12:20:10.264+0000] {spark_submit.py:495} INFO - 25/02/14 12:20:10 INFO Utils: Successfully started service 'org.apache.spark.network.netty.NettyBlockTransferService' on port 35477.
[2025-02-14T12:20:10.265+0000] {spark_submit.py:495} INFO - 25/02/14 12:20:10 INFO NettyBlockTransferService: Server created on deproject-airflow-scheduler:35477
[2025-02-14T12:20:10.268+0000] {spark_submit.py:495} INFO - 25/02/14 12:20:10 INFO BlockManager: Using org.apache.spark.storage.RandomBlockReplicationPolicy for block replication policy
[2025-02-14T12:20:10.279+0000] {spark_submit.py:495} INFO - 25/02/14 12:20:10 INFO BlockManagerMaster: Registering BlockManager BlockManagerId(driver, deproject-airflow-scheduler, 35477, None)
[2025-02-14T12:20:10.286+0000] {spark_submit.py:495} INFO - 25/02/14 12:20:10 INFO BlockManagerMasterEndpoint: Registering block manager deproject-airflow-scheduler:35477 with 434.4 MiB RAM, BlockManagerId(driver, deproject-airflow-scheduler, 35477, None)
[2025-02-14T12:20:10.290+0000] {spark_submit.py:495} INFO - 25/02/14 12:20:10 INFO BlockManagerMaster: Registered BlockManager BlockManagerId(driver, deproject-airflow-scheduler, 35477, None)
[2025-02-14T12:20:10.292+0000] {spark_submit.py:495} INFO - 25/02/14 12:20:10 INFO StandaloneAppClient$ClientEndpoint: Executor added: app-20250214122010-0000/0 on worker-20250214121124-172.28.0.4-46851 (172.28.0.4:46851) with 1 core(s)
[2025-02-14T12:20:10.293+0000] {spark_submit.py:495} INFO - 25/02/14 12:20:10 INFO BlockManager: Initialized BlockManager: BlockManagerId(driver, deproject-airflow-scheduler, 35477, None)
[2025-02-14T12:20:10.296+0000] {spark_submit.py:495} INFO - 25/02/14 12:20:10 INFO StandaloneSchedulerBackend: Granted executor ID app-20250214122010-0000/0 on hostPort 172.28.0.4:46851 with 1 core(s), 1024.0 MiB RAM
[2025-02-14T12:20:10.604+0000] {spark_submit.py:495} INFO - 25/02/14 12:20:10 INFO StandaloneAppClient$ClientEndpoint: Executor updated: app-20250214122010-0000/0 is now RUNNING
[2025-02-14T12:20:10.684+0000] {spark_submit.py:495} INFO - 25/02/14 12:20:10 INFO StandaloneSchedulerBackend: SchedulerBackend is ready for scheduling beginning after reached minRegisteredResourcesRatio: 0.0
[2025-02-14T12:20:11.645+0000] {taskinstance.py:1149} INFO - Marking task as SUCCESS. dag_id=load_bigquery, task_id=spark_load_task, execution_date=20250214T121409, start_date=20250214T121410, end_date=20250214T122011
[2025-02-14T12:20:11.713+0000] {local_task_job_runner.py:234} INFO - Task exited with return code 0
[2025-02-14T12:20:11.760+0000] {taskinstance.py:3309} INFO - 1 downstream tasks scheduled from follow-on schedule check
