[2025-02-20T07:52:09.007+0000] {taskinstance.py:1979} INFO - Dependencies all met for dep_context=non-requeueable deps ti=<TaskInstance: scraping_news_dag.spark_load_task manual__2025-02-20T07:48:21.033880+00:00 [queued]>
[2025-02-20T07:52:09.015+0000] {taskinstance.py:1979} INFO - Dependencies all met for dep_context=requeueable deps ti=<TaskInstance: scraping_news_dag.spark_load_task manual__2025-02-20T07:48:21.033880+00:00 [queued]>
[2025-02-20T07:52:09.015+0000] {taskinstance.py:2193} INFO - Starting attempt 1 of 1
[2025-02-20T07:52:09.028+0000] {taskinstance.py:2214} INFO - Executing <Task(SparkSubmitOperator): spark_load_task> on 2025-02-20 07:48:21.033880+00:00
[2025-02-20T07:52:09.032+0000] {standard_task_runner.py:60} INFO - Started process 9934 to run task
[2025-02-20T07:52:09.034+0000] {standard_task_runner.py:87} INFO - Running: ['airflow', 'tasks', 'run', 'scraping_news_dag', 'spark_load_task', 'manual__2025-02-20T07:48:21.033880+00:00', '--job-id', '162', '--raw', '--subdir', 'DAGS_FOLDER/scraping-news-dag.py', '--cfg-path', '/tmp/tmp5qc11bz4']
[2025-02-20T07:52:09.035+0000] {standard_task_runner.py:88} INFO - Job 162: Subtask spark_load_task
[2025-02-20T07:52:09.048+0000] {logging_mixin.py:188} WARNING - /home/airflow/.local/lib/python3.9/site-packages/airflow/settings.py:194 DeprecationWarning: The sql_alchemy_conn option in [core] has been moved to the sql_alchemy_conn option in [database] - the old setting has been used, but please update your config.
[2025-02-20T07:52:09.075+0000] {task_command.py:423} INFO - Running <TaskInstance: scraping_news_dag.spark_load_task manual__2025-02-20T07:48:21.033880+00:00 [running]> on host deproject-airflow-scheduler
[2025-02-20T07:52:09.144+0000] {taskinstance.py:2510} INFO - Exporting env vars: AIRFLOW_CTX_DAG_OWNER='airflow' AIRFLOW_CTX_DAG_ID='scraping_news_dag' AIRFLOW_CTX_TASK_ID='spark_load_task' AIRFLOW_CTX_EXECUTION_DATE='2025-02-20T07:48:21.033880+00:00' AIRFLOW_CTX_TRY_NUMBER='1' AIRFLOW_CTX_DAG_RUN_ID='manual__2025-02-20T07:48:21.033880+00:00'
[2025-02-20T07:52:09.152+0000] {base.py:83} INFO - Using connection ID 'spark_main' for task execution.
[2025-02-20T07:52:09.153+0000] {spark_submit.py:344} INFO - Spark-Submit cmd: spark-submit --master spark://deproject-spark-master:7077 --name arrow-spark /spark-scripts/spark-news.py
[2025-02-20T07:52:12.290+0000] {spark_submit.py:495} INFO - 25/02/20 07:52:12 INFO SparkContext: Running Spark version 3.3.2
[2025-02-20T07:52:12.361+0000] {spark_submit.py:495} INFO - 25/02/20 07:52:12 WARN NativeCodeLoader: Unable to load native-hadoop library for your platform... using builtin-java classes where applicable
[2025-02-20T07:52:12.461+0000] {spark_submit.py:495} INFO - 25/02/20 07:52:12 INFO ResourceUtils: ==============================================================
[2025-02-20T07:52:12.462+0000] {spark_submit.py:495} INFO - 25/02/20 07:52:12 INFO ResourceUtils: No custom resources configured for spark.driver.
[2025-02-20T07:52:12.462+0000] {spark_submit.py:495} INFO - 25/02/20 07:52:12 INFO ResourceUtils: ==============================================================
[2025-02-20T07:52:12.463+0000] {spark_submit.py:495} INFO - 25/02/20 07:52:12 INFO SparkContext: Submitted application: FinalProject
[2025-02-20T07:52:12.484+0000] {spark_submit.py:495} INFO - 25/02/20 07:52:12 INFO ResourceProfile: Default ResourceProfile created, executor resources: Map(cores -> name: cores, amount: 1, script: , vendor: , memory -> name: memory, amount: 1024, script: , vendor: , offHeap -> name: offHeap, amount: 0, script: , vendor: ), task resources: Map(cpus -> name: cpus, amount: 1.0)
[2025-02-20T07:52:12.490+0000] {spark_submit.py:495} INFO - 25/02/20 07:52:12 INFO ResourceProfile: Limiting resource is cpu
[2025-02-20T07:52:12.491+0000] {spark_submit.py:495} INFO - 25/02/20 07:52:12 INFO ResourceProfileManager: Added ResourceProfile id: 0
[2025-02-20T07:52:12.543+0000] {spark_submit.py:495} INFO - 25/02/20 07:52:12 INFO SecurityManager: Changing view acls to: airflow
[2025-02-20T07:52:12.544+0000] {spark_submit.py:495} INFO - 25/02/20 07:52:12 INFO SecurityManager: Changing modify acls to: airflow
[2025-02-20T07:52:12.545+0000] {spark_submit.py:495} INFO - 25/02/20 07:52:12 INFO SecurityManager: Changing view acls groups to:
[2025-02-20T07:52:12.545+0000] {spark_submit.py:495} INFO - 25/02/20 07:52:12 INFO SecurityManager: Changing modify acls groups to:
[2025-02-20T07:52:12.545+0000] {spark_submit.py:495} INFO - 25/02/20 07:52:12 INFO SecurityManager: SecurityManager: authentication disabled; ui acls disabled; users  with view permissions: Set(airflow); groups with view permissions: Set(); users  with modify permissions: Set(airflow); groups with modify permissions: Set()
[2025-02-20T07:52:12.819+0000] {spark_submit.py:495} INFO - 25/02/20 07:52:12 INFO Utils: Successfully started service 'sparkDriver' on port 34925.
[2025-02-20T07:52:12.871+0000] {spark_submit.py:495} INFO - 25/02/20 07:52:12 INFO SparkEnv: Registering MapOutputTracker
[2025-02-20T07:52:12.912+0000] {spark_submit.py:495} INFO - 25/02/20 07:52:12 INFO SparkEnv: Registering BlockManagerMaster
[2025-02-20T07:52:12.936+0000] {spark_submit.py:495} INFO - 25/02/20 07:52:12 INFO BlockManagerMasterEndpoint: Using org.apache.spark.storage.DefaultTopologyMapper for getting topology information
[2025-02-20T07:52:12.937+0000] {spark_submit.py:495} INFO - 25/02/20 07:52:12 INFO BlockManagerMasterEndpoint: BlockManagerMasterEndpoint up
[2025-02-20T07:52:12.942+0000] {spark_submit.py:495} INFO - 25/02/20 07:52:12 INFO SparkEnv: Registering BlockManagerMasterHeartbeat
[2025-02-20T07:52:12.969+0000] {spark_submit.py:495} INFO - 25/02/20 07:52:12 INFO DiskBlockManager: Created local directory at /tmp/blockmgr-91c0079e-5568-431b-80cd-99053ae5aef1
[2025-02-20T07:52:12.992+0000] {spark_submit.py:495} INFO - 25/02/20 07:52:12 INFO MemoryStore: MemoryStore started with capacity 434.4 MiB
[2025-02-20T07:52:13.015+0000] {spark_submit.py:495} INFO - 25/02/20 07:52:13 INFO SparkEnv: Registering OutputCommitCoordinator
[2025-02-20T07:52:13.208+0000] {spark_submit.py:495} INFO - 25/02/20 07:52:13 INFO Utils: Successfully started service 'SparkUI' on port 4040.
[2025-02-20T07:52:13.309+0000] {spark_submit.py:495} INFO - 25/02/20 07:52:13 INFO StandaloneAppClient$ClientEndpoint: Connecting to master spark://deproject-spark-master:7077...
[2025-02-20T07:52:13.346+0000] {spark_submit.py:495} INFO - 25/02/20 07:52:13 INFO TransportClientFactory: Successfully created connection to deproject-spark-master/172.28.0.2:7077 after 21 ms (0 ms spent in bootstraps)
[2025-02-20T07:52:13.707+0000] {spark_submit.py:495} INFO - 25/02/20 07:52:13 INFO StandaloneSchedulerBackend: Connected to Spark cluster with app ID app-20250220075213-0000
[2025-02-20T07:52:13.713+0000] {spark_submit.py:495} INFO - 25/02/20 07:52:13 INFO Utils: Successfully started service 'org.apache.spark.network.netty.NettyBlockTransferService' on port 33389.
[2025-02-20T07:52:13.714+0000] {spark_submit.py:495} INFO - 25/02/20 07:52:13 INFO NettyBlockTransferService: Server created on deproject-airflow-scheduler:33389
[2025-02-20T07:52:13.715+0000] {spark_submit.py:495} INFO - 25/02/20 07:52:13 INFO BlockManager: Using org.apache.spark.storage.RandomBlockReplicationPolicy for block replication policy
[2025-02-20T07:52:13.720+0000] {spark_submit.py:495} INFO - 25/02/20 07:52:13 INFO BlockManagerMaster: Registering BlockManager BlockManagerId(driver, deproject-airflow-scheduler, 33389, None)
[2025-02-20T07:52:13.723+0000] {spark_submit.py:495} INFO - 25/02/20 07:52:13 INFO BlockManagerMasterEndpoint: Registering block manager deproject-airflow-scheduler:33389 with 434.4 MiB RAM, BlockManagerId(driver, deproject-airflow-scheduler, 33389, None)
[2025-02-20T07:52:13.725+0000] {spark_submit.py:495} INFO - 25/02/20 07:52:13 INFO BlockManagerMaster: Registered BlockManager BlockManagerId(driver, deproject-airflow-scheduler, 33389, None)
[2025-02-20T07:52:13.725+0000] {spark_submit.py:495} INFO - 25/02/20 07:52:13 INFO BlockManager: Initialized BlockManager: BlockManagerId(driver, deproject-airflow-scheduler, 33389, None)
[2025-02-20T07:52:13.770+0000] {spark_submit.py:495} INFO - 25/02/20 07:52:13 INFO StandaloneAppClient$ClientEndpoint: Executor added: app-20250220075213-0000/0 on worker-20250220033822-172.28.0.3-36079 (172.28.0.3:36079) with 1 core(s)
[2025-02-20T07:52:13.772+0000] {spark_submit.py:495} INFO - 25/02/20 07:52:13 INFO StandaloneSchedulerBackend: Granted executor ID app-20250220075213-0000/0 on hostPort 172.28.0.3:36079 with 1 core(s), 1024.0 MiB RAM
[2025-02-20T07:52:13.898+0000] {spark_submit.py:495} INFO - 25/02/20 07:52:13 INFO StandaloneSchedulerBackend: SchedulerBackend is ready for scheduling beginning after reached minRegisteredResourcesRatio: 0.0
[2025-02-20T07:52:19.048+0000] {spark_submit.py:495} INFO - 89
[2025-02-20T07:52:21.220+0000] {spark_submit.py:495} INFO - +--------------------+-------------------+--------------------+--------------------+------+
[2025-02-20T07:52:21.221+0000] {spark_submit.py:495} INFO - |                 url|           datetime|               title|                text|source|
[2025-02-20T07:52:21.221+0000] {spark_submit.py:495} INFO - +--------------------+-------------------+--------------------+--------------------+------+
[2025-02-20T07:52:21.222+0000] {spark_submit.py:495} INFO - |https://edition.c...|2025-02-13 18:19:00|Trump says tariff...|1. How relevant i...|   cnn|
[2025-02-20T07:52:21.222+0000] {spark_submit.py:495} INFO - |https://edition.c...|2025-02-13 16:58:00|Video: Vanessa Yu...|1. How relevant i...|   cnn|
[2025-02-20T07:52:21.222+0000] {spark_submit.py:495} INFO - |https://edition.c...|2025-02-13 15:56:00|Carmakers Nissan ...|Hong Kong/Tokyo J...|   cnn|
[2025-02-20T07:52:21.223+0000] {spark_submit.py:495} INFO - |https://edition.c...|2025-02-13 17:30:00|CFPB: Elizabeth W...|New York About a ...|   cnn|
[2025-02-20T07:52:21.223+0000] {spark_submit.py:495} INFO - |https://edition.c...|2025-02-13 21:50:00|Americans voted f...|A version of this...|   cnn|
[2025-02-20T07:52:21.223+0000] {spark_submit.py:495} INFO - +--------------------+-------------------+--------------------+--------------------+------+
[2025-02-20T07:52:21.224+0000] {spark_submit.py:495} INFO - only showing top 5 rows
[2025-02-20T07:52:21.224+0000] {spark_submit.py:495} INFO - 
[2025-02-20T07:52:21.225+0000] {spark_submit.py:495} INFO - root
[2025-02-20T07:52:21.225+0000] {spark_submit.py:495} INFO - |-- url: string (nullable = true)
[2025-02-20T07:52:21.226+0000] {spark_submit.py:495} INFO - |-- datetime: timestamp (nullable = true)
[2025-02-20T07:52:21.226+0000] {spark_submit.py:495} INFO - |-- title: string (nullable = true)
[2025-02-20T07:52:21.226+0000] {spark_submit.py:495} INFO - |-- text: string (nullable = true)
[2025-02-20T07:52:21.227+0000] {spark_submit.py:495} INFO - |-- source: string (nullable = true)
[2025-02-20T07:52:21.227+0000] {spark_submit.py:495} INFO - 
[2025-02-20T07:52:22.753+0000] {spark_submit.py:495} INFO - 85
[2025-02-20T07:52:24.081+0000] {spark_submit.py:495} INFO - +--------------------+-------------------+--------------------+--------------------+------+
[2025-02-20T07:52:24.081+0000] {spark_submit.py:495} INFO - |                 url|           datetime|               title|                text|source|
[2025-02-20T07:52:24.082+0000] {spark_submit.py:495} INFO - +--------------------+-------------------+--------------------+--------------------+------+
[2025-02-20T07:52:24.082+0000] {spark_submit.py:495} INFO - |https://edition.c...|2025-02-13 15:56:00|Carmakers Nissan ...|Hong Kong/Tokyo J...|   cnn|
[2025-02-20T07:52:24.082+0000] {spark_submit.py:495} INFO - |https://edition.c...|2025-02-13 17:30:00|CFPB: Elizabeth W...|New York About a ...|   cnn|
[2025-02-20T07:52:24.082+0000] {spark_submit.py:495} INFO - |https://edition.c...|2025-02-13 21:50:00|Americans voted f...|A version of this...|   cnn|
[2025-02-20T07:52:24.082+0000] {spark_submit.py:495} INFO - |https://edition.c...|2025-02-14 16:42:00|Drama over Adams ...|Call it the Thurs...|   cnn|
[2025-02-20T07:52:24.083+0000] {spark_submit.py:495} INFO - |https://edition.c...|2025-02-14 16:24:00|Fact check: Musk,...|Washington Presid...|   cnn|
[2025-02-20T07:52:24.083+0000] {spark_submit.py:495} INFO - +--------------------+-------------------+--------------------+--------------------+------+
[2025-02-20T07:52:24.083+0000] {spark_submit.py:495} INFO - only showing top 5 rows
[2025-02-20T07:52:24.084+0000] {spark_submit.py:495} INFO - 
[2025-02-20T07:52:25.462+0000] {spark_submit.py:495} INFO - 75
[2025-02-20T07:52:25.463+0000] {spark_submit.py:495} INFO - Traceback (most recent call last):
[2025-02-20T07:52:25.464+0000] {spark_submit.py:495} INFO - File "/spark-scripts/spark-news.py", line 43, in <module>
[2025-02-20T07:52:25.465+0000] {spark_submit.py:495} INFO - from transformers import pipeline
[2025-02-20T07:52:25.466+0000] {spark_submit.py:495} INFO - ModuleNotFoundError: No module named 'transformers'
[2025-02-20T07:52:25.711+0000] {taskinstance.py:2728} ERROR - Task failed with exception
Traceback (most recent call last):
  File "/home/airflow/.local/lib/python3.9/site-packages/airflow/models/taskinstance.py", line 444, in _execute_task
    result = _execute_callable(context=context, **execute_callable_kwargs)
  File "/home/airflow/.local/lib/python3.9/site-packages/airflow/models/taskinstance.py", line 414, in _execute_callable
    return execute_callable(context=context, **execute_callable_kwargs)
  File "/home/airflow/.local/lib/python3.9/site-packages/airflow/providers/apache/spark/operators/spark_submit.py", line 157, in execute
    self._hook.submit(self._application)
  File "/home/airflow/.local/lib/python3.9/site-packages/airflow/providers/apache/spark/hooks/spark_submit.py", line 426, in submit
    raise AirflowException(
airflow.exceptions.AirflowException: Cannot execute: spark-submit --master spark://deproject-spark-master:7077 --name arrow-spark /spark-scripts/spark-news.py. Error code is: 1.
[2025-02-20T07:52:25.716+0000] {taskinstance.py:1149} INFO - Marking task as FAILED. dag_id=scraping_news_dag, task_id=spark_load_task, execution_date=20250220T074821, start_date=20250220T075209, end_date=20250220T075225
[2025-02-20T07:52:25.728+0000] {standard_task_runner.py:107} ERROR - Failed to execute job 162 for task spark_load_task (Cannot execute: spark-submit --master spark://deproject-spark-master:7077 --name arrow-spark /spark-scripts/spark-news.py. Error code is: 1.; 9934)
[2025-02-20T07:52:25.761+0000] {local_task_job_runner.py:234} INFO - Task exited with return code 1
[2025-02-20T07:52:25.780+0000] {taskinstance.py:3309} INFO - 0 downstream tasks scheduled from follow-on schedule check
