[2025-02-20T08:40:14.611+0000] {taskinstance.py:1979} INFO - Dependencies all met for dep_context=non-requeueable deps ti=<TaskInstance: scraping_news_dag.scraping_nyt manual__2025-02-20T08:40:12.154804+00:00 [queued]>
[2025-02-20T08:40:14.636+0000] {taskinstance.py:1979} INFO - Dependencies all met for dep_context=requeueable deps ti=<TaskInstance: scraping_news_dag.scraping_nyt manual__2025-02-20T08:40:12.154804+00:00 [queued]>
[2025-02-20T08:40:14.637+0000] {taskinstance.py:2193} INFO - Starting attempt 1 of 1
[2025-02-20T08:40:14.666+0000] {taskinstance.py:2214} INFO - Executing <Task(_PythonDecoratedOperator): scraping_nyt> on 2025-02-20 08:40:12.154804+00:00
[2025-02-20T08:40:14.673+0000] {standard_task_runner.py:60} INFO - Started process 5383 to run task
[2025-02-20T08:40:14.677+0000] {standard_task_runner.py:87} INFO - Running: ['airflow', 'tasks', 'run', 'scraping_news_dag', 'scraping_nyt', 'manual__2025-02-20T08:40:12.154804+00:00', '--job-id', '172', '--raw', '--subdir', 'DAGS_FOLDER/scraping-news-dag.py', '--cfg-path', '/tmp/tmp0r_mqeyl']
[2025-02-20T08:40:14.680+0000] {standard_task_runner.py:88} INFO - Job 172: Subtask scraping_nyt
[2025-02-20T08:40:14.710+0000] {logging_mixin.py:188} WARNING - /home/airflow/.local/lib/python3.9/site-packages/airflow/settings.py:194 DeprecationWarning: The sql_alchemy_conn option in [core] has been moved to the sql_alchemy_conn option in [database] - the old setting has been used, but please update your config.
[2025-02-20T08:40:14.776+0000] {task_command.py:423} INFO - Running <TaskInstance: scraping_news_dag.scraping_nyt manual__2025-02-20T08:40:12.154804+00:00 [running]> on host deproject-airflow-scheduler
[2025-02-20T08:40:14.947+0000] {taskinstance.py:2510} INFO - Exporting env vars: AIRFLOW_CTX_DAG_OWNER='airflow' AIRFLOW_CTX_DAG_ID='scraping_news_dag' AIRFLOW_CTX_TASK_ID='scraping_nyt' AIRFLOW_CTX_EXECUTION_DATE='2025-02-20T08:40:12.154804+00:00' AIRFLOW_CTX_TRY_NUMBER='1' AIRFLOW_CTX_DAG_RUN_ID='manual__2025-02-20T08:40:12.154804+00:00'
[2025-02-20T08:40:16.104+0000] {logger.py:11} INFO - ====== WebDriver manager ======
[2025-02-20T08:40:16.559+0000] {logger.py:11} INFO - Get LATEST chromedriver version for google-chrome
[2025-02-20T08:40:16.751+0000] {logger.py:11} INFO - Get LATEST chromedriver version for google-chrome
[2025-02-20T08:40:16.904+0000] {logger.py:11} INFO - Driver [/home/airflow/.wdm/drivers/chromedriver/linux64/133.0.6943.126/chromedriver-linux64/chromedriver] found in cache
[2025-02-20T08:42:56.214+0000] {logging_mixin.py:188} INFO - Total scraped: 110
[2025-02-20T08:45:01.244+0000] {logging_mixin.py:188} INFO - Total scraped: 110
[2025-02-20T08:46:54.555+0000] {logging_mixin.py:188} INFO - Total scraped: 110
[2025-02-20T08:48:34.955+0000] {logging_mixin.py:188} INFO - Total scraped: 110
[2025-02-20T08:49:29.628+0000] {logging_mixin.py:188} INFO -                                                    url  ...          source
0    https://www.nytimes.com/2025/02/13/business/de...  ...  New York Times
1    https://www.nytimes.com/2025/02/14/business/ec...  ...  New York Times
2    https://www.nytimes.com/2025/02/15/business/ec...  ...  New York Times
3    https://www.nytimes.com/2025/02/17/business/en...  ...  New York Times
4    https://www.nytimes.com/2025/02/19/us/politics...  ...  New York Times
..                                                 ...  ...             ...
201  https://www.nytimes.com/2025/02/14/opinion/tru...  ...  New York Times
202  https://www.nytimes.com/2025/02/18/opinion/gaz...  ...  New York Times
203  https://www.nytimes.com/2025/02/20/opinion/tru...  ...  New York Times
204  https://www.nytimes.com/2025/02/18/opinion/chi...  ...  New York Times
205  https://www.nytimes.com/2025/02/15/opinion/tru...  ...  New York Times

[206 rows x 5 columns]
[2025-02-20T08:49:30.059+0000] {python.py:202} INFO - Done. Returned value was: None
[2025-02-20T08:49:30.084+0000] {taskinstance.py:1149} INFO - Marking task as SUCCESS. dag_id=scraping_news_dag, task_id=scraping_nyt, execution_date=20250220T084012, start_date=20250220T084014, end_date=20250220T084930
[2025-02-20T08:49:30.149+0000] {local_task_job_runner.py:234} INFO - Task exited with return code 0
[2025-02-20T08:49:30.202+0000] {taskinstance.py:3309} INFO - 1 downstream tasks scheduled from follow-on schedule check
