[2025-02-16T09:00:19.890+0000] {taskinstance.py:1979} INFO - Dependencies all met for dep_context=non-requeueable deps ti=<TaskInstance: scraping_news_dag.scrapping_cnn manual__2025-02-16T09:00:17.616530+00:00 [queued]>
[2025-02-16T09:00:19.908+0000] {taskinstance.py:1979} INFO - Dependencies all met for dep_context=requeueable deps ti=<TaskInstance: scraping_news_dag.scrapping_cnn manual__2025-02-16T09:00:17.616530+00:00 [queued]>
[2025-02-16T09:00:19.910+0000] {taskinstance.py:2193} INFO - Starting attempt 1 of 1
[2025-02-16T09:00:19.941+0000] {taskinstance.py:2214} INFO - Executing <Task(_PythonDecoratedOperator): scrapping_cnn> on 2025-02-16 09:00:17.616530+00:00
[2025-02-16T09:00:19.950+0000] {standard_task_runner.py:60} INFO - Started process 295 to run task
[2025-02-16T09:00:19.957+0000] {standard_task_runner.py:87} INFO - Running: ['airflow', 'tasks', 'run', 'scraping_news_dag', 'scrapping_cnn', 'manual__2025-02-16T09:00:17.616530+00:00', '--job-id', '83', '--raw', '--subdir', 'DAGS_FOLDER/scraping-news-dag.py', '--cfg-path', '/tmp/tmpaki5vbyp']
[2025-02-16T09:00:19.964+0000] {standard_task_runner.py:88} INFO - Job 83: Subtask scrapping_cnn
[2025-02-16T09:00:19.998+0000] {logging_mixin.py:188} WARNING - /home/airflow/.local/lib/python3.9/site-packages/airflow/settings.py:194 DeprecationWarning: The sql_alchemy_conn option in [core] has been moved to the sql_alchemy_conn option in [database] - the old setting has been used, but please update your config.
[2025-02-16T09:00:20.076+0000] {task_command.py:423} INFO - Running <TaskInstance: scraping_news_dag.scrapping_cnn manual__2025-02-16T09:00:17.616530+00:00 [running]> on host deproject-airflow-scheduler
[2025-02-16T09:00:20.255+0000] {taskinstance.py:2510} INFO - Exporting env vars: AIRFLOW_CTX_DAG_OWNER='airflow' AIRFLOW_CTX_DAG_ID='scraping_news_dag' AIRFLOW_CTX_TASK_ID='scrapping_cnn' AIRFLOW_CTX_EXECUTION_DATE='2025-02-16T09:00:17.616530+00:00' AIRFLOW_CTX_TRY_NUMBER='1' AIRFLOW_CTX_DAG_RUN_ID='manual__2025-02-16T09:00:17.616530+00:00'
[2025-02-16T09:05:07.219+0000] {logging_mixin.py:188} INFO -                                                   url  ... source
0   https://edition.cnn.com/2025/02/12/politics/bu...  ...    cnn
1   https://edition.cnn.com/2025/02/12/politics/go...  ...    cnn
2   https://edition.cnn.com/2025/02/12/politics/ca...  ...    cnn
3   https://edition.cnn.com/2025/02/13/politics/us...  ...    cnn
4   https://edition.cnn.com/2025/02/14/politics/co...  ...    cnn
..                                                ...  ...    ...
84  https://edition.cnn.com/2025/02/14/business/st...  ...    cnn
85  https://edition.cnn.com/2025/02/13/economy/new...  ...    cnn
86  https://edition.cnn.com/2025/02/15/business/nl...  ...    cnn
87  https://edition.cnn.com/2025/02/15/business/am...  ...    cnn
88  https://edition.cnn.com/2025/02/15/business/am...  ...    cnn

[89 rows x 5 columns]
[2025-02-16T09:07:45.332+0000] {logging_mixin.py:188} INFO -                                                   url  ... source
0   https://edition.cnn.com/2025/02/12/politics/bu...  ...    cnn
1   https://edition.cnn.com/2025/02/12/politics/ca...  ...    cnn
2   https://edition.cnn.com/2025/02/13/politics/us...  ...    cnn
3   https://edition.cnn.com/2025/02/14/politics/co...  ...    cnn
4   https://edition.cnn.com/2025/02/15/politics/mc...  ...    cnn
..                                                ...  ...    ...
84  https://edition.cnn.com/2025/02/14/business/st...  ...    cnn
85  https://edition.cnn.com/2025/02/13/economy/new...  ...    cnn
86  https://edition.cnn.com/2025/02/15/business/nl...  ...    cnn
87  https://edition.cnn.com/2025/02/15/business/am...  ...    cnn
88  https://edition.cnn.com/2025/02/15/business/am...  ...    cnn

[89 rows x 5 columns]
[2025-02-16T09:07:45.405+0000] {python.py:202} INFO - Done. Returned value was: None
[2025-02-16T09:07:45.431+0000] {taskinstance.py:1149} INFO - Marking task as SUCCESS. dag_id=scraping_news_dag, task_id=scrapping_cnn, execution_date=20250216T090017, start_date=20250216T090019, end_date=20250216T090745
[2025-02-16T09:07:45.514+0000] {local_task_job_runner.py:234} INFO - Task exited with return code 0
[2025-02-16T09:07:45.568+0000] {taskinstance.py:3309} INFO - 1 downstream tasks scheduled from follow-on schedule check
