[2025-02-20T09:06:36.634+0000] {taskinstance.py:1979} INFO - Dependencies all met for dep_context=non-requeueable deps ti=<TaskInstance: scraping_news_dag.spark_load_task_cnn manual__2025-02-20T09:01:56.475875+00:00 [queued]>
[2025-02-20T09:06:36.657+0000] {taskinstance.py:1979} INFO - Dependencies all met for dep_context=requeueable deps ti=<TaskInstance: scraping_news_dag.spark_load_task_cnn manual__2025-02-20T09:01:56.475875+00:00 [queued]>
[2025-02-20T09:06:36.659+0000] {taskinstance.py:2193} INFO - Starting attempt 1 of 1
[2025-02-20T09:06:36.693+0000] {taskinstance.py:2214} INFO - Executing <Task(SparkSubmitOperator): spark_load_task_cnn> on 2025-02-20 09:01:56.475875+00:00
[2025-02-20T09:06:36.704+0000] {standard_task_runner.py:60} INFO - Started process 18053 to run task
[2025-02-20T09:06:36.710+0000] {standard_task_runner.py:87} INFO - Running: ['airflow', 'tasks', 'run', 'scraping_news_dag', 'spark_load_task_cnn', 'manual__2025-02-20T09:01:56.475875+00:00', '--job-id', '183', '--raw', '--subdir', 'DAGS_FOLDER/scraping-news-dag.py', '--cfg-path', '/tmp/tmph7qp5zg4']
[2025-02-20T09:06:36.713+0000] {standard_task_runner.py:88} INFO - Job 183: Subtask spark_load_task_cnn
[2025-02-20T09:06:36.743+0000] {logging_mixin.py:188} WARNING - /home/airflow/.local/lib/python3.9/site-packages/airflow/settings.py:194 DeprecationWarning: The sql_alchemy_conn option in [core] has been moved to the sql_alchemy_conn option in [database] - the old setting has been used, but please update your config.
[2025-02-20T09:06:36.813+0000] {task_command.py:423} INFO - Running <TaskInstance: scraping_news_dag.spark_load_task_cnn manual__2025-02-20T09:01:56.475875+00:00 [running]> on host deproject-airflow-scheduler
[2025-02-20T09:06:37.007+0000] {taskinstance.py:2510} INFO - Exporting env vars: AIRFLOW_CTX_DAG_OWNER='airflow' AIRFLOW_CTX_DAG_ID='scraping_news_dag' AIRFLOW_CTX_TASK_ID='spark_load_task_cnn' AIRFLOW_CTX_EXECUTION_DATE='2025-02-20T09:01:56.475875+00:00' AIRFLOW_CTX_TRY_NUMBER='1' AIRFLOW_CTX_DAG_RUN_ID='manual__2025-02-20T09:01:56.475875+00:00'
[2025-02-20T09:06:37.030+0000] {base.py:83} INFO - Using connection ID 'spark_main' for task execution.
[2025-02-20T09:06:37.033+0000] {spark_submit.py:344} INFO - Spark-Submit cmd: spark-submit --master spark://deproject-spark-master:7077 --name arrow-spark /spark-scripts/spark-cnn.py
[2025-02-20T09:06:43.456+0000] {spark_submit.py:495} INFO - 25/02/20 09:06:43 INFO SparkContext: Running Spark version 3.3.2
[2025-02-20T09:06:43.565+0000] {spark_submit.py:495} INFO - 25/02/20 09:06:43 WARN NativeCodeLoader: Unable to load native-hadoop library for your platform... using builtin-java classes where applicable
[2025-02-20T09:06:43.743+0000] {spark_submit.py:495} INFO - 25/02/20 09:06:43 INFO ResourceUtils: ==============================================================
[2025-02-20T09:06:43.744+0000] {spark_submit.py:495} INFO - 25/02/20 09:06:43 INFO ResourceUtils: No custom resources configured for spark.driver.
[2025-02-20T09:06:43.745+0000] {spark_submit.py:495} INFO - 25/02/20 09:06:43 INFO ResourceUtils: ==============================================================
[2025-02-20T09:06:43.745+0000] {spark_submit.py:495} INFO - 25/02/20 09:06:43 INFO SparkContext: Submitted application: FinalProject
[2025-02-20T09:06:43.786+0000] {spark_submit.py:495} INFO - 25/02/20 09:06:43 INFO ResourceProfile: Default ResourceProfile created, executor resources: Map(cores -> name: cores, amount: 1, script: , vendor: , memory -> name: memory, amount: 1024, script: , vendor: , offHeap -> name: offHeap, amount: 0, script: , vendor: ), task resources: Map(cpus -> name: cpus, amount: 1.0)
[2025-02-20T09:06:43.803+0000] {spark_submit.py:495} INFO - 25/02/20 09:06:43 INFO ResourceProfile: Limiting resource is cpu
[2025-02-20T09:06:43.804+0000] {spark_submit.py:495} INFO - 25/02/20 09:06:43 INFO ResourceProfileManager: Added ResourceProfile id: 0
[2025-02-20T09:06:43.887+0000] {spark_submit.py:495} INFO - 25/02/20 09:06:43 INFO SecurityManager: Changing view acls to: airflow
[2025-02-20T09:06:43.888+0000] {spark_submit.py:495} INFO - 25/02/20 09:06:43 INFO SecurityManager: Changing modify acls to: airflow
[2025-02-20T09:06:43.889+0000] {spark_submit.py:495} INFO - 25/02/20 09:06:43 INFO SecurityManager: Changing view acls groups to:
[2025-02-20T09:06:43.890+0000] {spark_submit.py:495} INFO - 25/02/20 09:06:43 INFO SecurityManager: Changing modify acls groups to:
[2025-02-20T09:06:43.890+0000] {spark_submit.py:495} INFO - 25/02/20 09:06:43 INFO SecurityManager: SecurityManager: authentication disabled; ui acls disabled; users  with view permissions: Set(airflow); groups with view permissions: Set(); users  with modify permissions: Set(airflow); groups with modify permissions: Set()
[2025-02-20T09:06:44.330+0000] {spark_submit.py:495} INFO - 25/02/20 09:06:44 INFO Utils: Successfully started service 'sparkDriver' on port 44669.
[2025-02-20T09:06:44.380+0000] {spark_submit.py:495} INFO - 25/02/20 09:06:44 INFO SparkEnv: Registering MapOutputTracker
[2025-02-20T09:06:44.440+0000] {spark_submit.py:495} INFO - 25/02/20 09:06:44 INFO SparkEnv: Registering BlockManagerMaster
[2025-02-20T09:06:44.470+0000] {spark_submit.py:495} INFO - 25/02/20 09:06:44 INFO BlockManagerMasterEndpoint: Using org.apache.spark.storage.DefaultTopologyMapper for getting topology information
[2025-02-20T09:06:44.473+0000] {spark_submit.py:495} INFO - 25/02/20 09:06:44 INFO BlockManagerMasterEndpoint: BlockManagerMasterEndpoint up
[2025-02-20T09:06:44.482+0000] {spark_submit.py:495} INFO - 25/02/20 09:06:44 INFO SparkEnv: Registering BlockManagerMasterHeartbeat
[2025-02-20T09:06:44.520+0000] {spark_submit.py:495} INFO - 25/02/20 09:06:44 INFO DiskBlockManager: Created local directory at /tmp/blockmgr-cd598544-da79-4101-aa6e-26f141c2dd37
[2025-02-20T09:06:44.554+0000] {spark_submit.py:495} INFO - 25/02/20 09:06:44 INFO MemoryStore: MemoryStore started with capacity 434.4 MiB
[2025-02-20T09:06:44.587+0000] {spark_submit.py:495} INFO - 25/02/20 09:06:44 INFO SparkEnv: Registering OutputCommitCoordinator
[2025-02-20T09:06:44.954+0000] {spark_submit.py:495} INFO - 25/02/20 09:06:44 INFO Utils: Successfully started service 'SparkUI' on port 4040.
[2025-02-20T09:06:45.157+0000] {spark_submit.py:495} INFO - 25/02/20 09:06:45 INFO StandaloneAppClient$ClientEndpoint: Connecting to master spark://deproject-spark-master:7077...
[2025-02-20T09:06:45.241+0000] {spark_submit.py:495} INFO - 25/02/20 09:06:45 INFO TransportClientFactory: Successfully created connection to deproject-spark-master/172.28.0.3:7077 after 49 ms (0 ms spent in bootstraps)
[2025-02-20T09:06:45.403+0000] {spark_submit.py:495} INFO - 25/02/20 09:06:45 INFO StandaloneSchedulerBackend: Connected to Spark cluster with app ID app-20250220090645-0005
[2025-02-20T09:06:45.407+0000] {spark_submit.py:495} INFO - 25/02/20 09:06:45 INFO StandaloneAppClient$ClientEndpoint: Executor added: app-20250220090645-0005/0 on worker-20250220082311-172.28.0.4-44751 (172.28.0.4:44751) with 1 core(s)
[2025-02-20T09:06:45.411+0000] {spark_submit.py:495} INFO - 25/02/20 09:06:45 INFO StandaloneSchedulerBackend: Granted executor ID app-20250220090645-0005/0 on hostPort 172.28.0.4:44751 with 1 core(s), 1024.0 MiB RAM
[2025-02-20T09:06:45.415+0000] {spark_submit.py:495} INFO - 25/02/20 09:06:45 INFO Utils: Successfully started service 'org.apache.spark.network.netty.NettyBlockTransferService' on port 34487.
[2025-02-20T09:06:45.416+0000] {spark_submit.py:495} INFO - 25/02/20 09:06:45 INFO NettyBlockTransferService: Server created on deproject-airflow-scheduler:34487
[2025-02-20T09:06:45.418+0000] {spark_submit.py:495} INFO - 25/02/20 09:06:45 INFO BlockManager: Using org.apache.spark.storage.RandomBlockReplicationPolicy for block replication policy
[2025-02-20T09:06:45.428+0000] {spark_submit.py:495} INFO - 25/02/20 09:06:45 INFO BlockManagerMaster: Registering BlockManager BlockManagerId(driver, deproject-airflow-scheduler, 34487, None)
[2025-02-20T09:06:45.433+0000] {spark_submit.py:495} INFO - 25/02/20 09:06:45 INFO BlockManagerMasterEndpoint: Registering block manager deproject-airflow-scheduler:34487 with 434.4 MiB RAM, BlockManagerId(driver, deproject-airflow-scheduler, 34487, None)
[2025-02-20T09:06:45.436+0000] {spark_submit.py:495} INFO - 25/02/20 09:06:45 INFO BlockManagerMaster: Registered BlockManager BlockManagerId(driver, deproject-airflow-scheduler, 34487, None)
[2025-02-20T09:06:45.439+0000] {spark_submit.py:495} INFO - 25/02/20 09:06:45 INFO BlockManager: Initialized BlockManager: BlockManagerId(driver, deproject-airflow-scheduler, 34487, None)
[2025-02-20T09:06:45.558+0000] {spark_submit.py:495} INFO - 25/02/20 09:06:45 INFO StandaloneAppClient$ClientEndpoint: Executor updated: app-20250220090645-0005/0 is now RUNNING
[2025-02-20T09:06:45.783+0000] {spark_submit.py:495} INFO - 25/02/20 09:06:45 INFO StandaloneSchedulerBackend: SchedulerBackend is ready for scheduling beginning after reached minRegisteredResourcesRatio: 0.0
[2025-02-20T09:06:55.681+0000] {spark_submit.py:495} INFO - 89
[2025-02-20T09:07:02.639+0000] {spark_submit.py:495} INFO - +--------------------+-------------------+--------------------+--------------------+------+
[2025-02-20T09:07:02.641+0000] {spark_submit.py:495} INFO - |                 url|           datetime|               title|                text|source|
[2025-02-20T09:07:02.641+0000] {spark_submit.py:495} INFO - +--------------------+-------------------+--------------------+--------------------+------+
[2025-02-20T09:07:02.642+0000] {spark_submit.py:495} INFO - |https://edition.c...|2025-02-13 18:19:00|Trump says tariff...|1. How relevant i...|   cnn|
[2025-02-20T09:07:02.643+0000] {spark_submit.py:495} INFO - |https://edition.c...|2025-02-13 16:58:00|Video: Vanessa Yu...|1. How relevant i...|   cnn|
[2025-02-20T09:07:02.644+0000] {spark_submit.py:495} INFO - |https://edition.c...|2025-02-13 15:56:00|Carmakers Nissan ...|Hong Kong/Tokyo J...|   cnn|
[2025-02-20T09:07:02.644+0000] {spark_submit.py:495} INFO - |https://edition.c...|2025-02-13 17:30:00|CFPB: Elizabeth W...|New York About a ...|   cnn|
[2025-02-20T09:07:02.645+0000] {spark_submit.py:495} INFO - |https://edition.c...|2025-02-13 21:50:00|Americans voted f...|A version of this...|   cnn|
[2025-02-20T09:07:02.646+0000] {spark_submit.py:495} INFO - +--------------------+-------------------+--------------------+--------------------+------+
[2025-02-20T09:07:02.647+0000] {spark_submit.py:495} INFO - only showing top 5 rows
[2025-02-20T09:07:02.648+0000] {spark_submit.py:495} INFO - 
[2025-02-20T09:07:02.648+0000] {spark_submit.py:495} INFO - root
[2025-02-20T09:07:02.649+0000] {spark_submit.py:495} INFO - |-- url: string (nullable = true)
[2025-02-20T09:07:02.650+0000] {spark_submit.py:495} INFO - |-- datetime: timestamp (nullable = true)
[2025-02-20T09:07:02.651+0000] {spark_submit.py:495} INFO - |-- title: string (nullable = true)
[2025-02-20T09:07:02.652+0000] {spark_submit.py:495} INFO - |-- text: string (nullable = true)
[2025-02-20T09:07:02.653+0000] {spark_submit.py:495} INFO - |-- source: string (nullable = true)
[2025-02-20T09:07:02.653+0000] {spark_submit.py:495} INFO - 
[2025-02-20T09:07:08.227+0000] {spark_submit.py:495} INFO - 85
[2025-02-20T09:07:13.269+0000] {spark_submit.py:495} INFO - +--------------------+-------------------+--------------------+--------------------+------+
[2025-02-20T09:07:13.270+0000] {spark_submit.py:495} INFO - |                 url|           datetime|               title|                text|source|
[2025-02-20T09:07:13.271+0000] {spark_submit.py:495} INFO - +--------------------+-------------------+--------------------+--------------------+------+
[2025-02-20T09:07:13.272+0000] {spark_submit.py:495} INFO - |https://edition.c...|2025-02-13 15:56:00|Carmakers Nissan ...|Hong Kong/Tokyo J...|   cnn|
[2025-02-20T09:07:13.273+0000] {spark_submit.py:495} INFO - |https://edition.c...|2025-02-13 17:30:00|CFPB: Elizabeth W...|New York About a ...|   cnn|
[2025-02-20T09:07:13.273+0000] {spark_submit.py:495} INFO - |https://edition.c...|2025-02-13 21:50:00|Americans voted f...|A version of this...|   cnn|
[2025-02-20T09:07:13.274+0000] {spark_submit.py:495} INFO - |https://edition.c...|2025-02-14 16:42:00|Drama over Adams ...|Call it the Thurs...|   cnn|
[2025-02-20T09:07:13.275+0000] {spark_submit.py:495} INFO - |https://edition.c...|2025-02-14 16:24:00|Fact check: Musk,...|Washington Presid...|   cnn|
[2025-02-20T09:07:13.276+0000] {spark_submit.py:495} INFO - +--------------------+-------------------+--------------------+--------------------+------+
[2025-02-20T09:07:13.277+0000] {spark_submit.py:495} INFO - only showing top 5 rows
[2025-02-20T09:07:13.278+0000] {spark_submit.py:495} INFO - 
[2025-02-20T09:07:18.391+0000] {spark_submit.py:495} INFO - 75
[2025-02-20T09:07:28.235+0000] {spark_submit.py:495} INFO - No model was supplied, defaulted to distilbert/distilbert-base-uncased-finetuned-sst-2-english and revision 714eb0f (https://huggingface.co/distilbert/distilbert-base-uncased-finetuned-sst-2-english).
[2025-02-20T09:07:28.236+0000] {spark_submit.py:495} INFO - Using a pipeline without specifying a model name and revision in production is not recommended.
[2025-02-20T09:07:29.480+0000] {spark_submit.py:495} INFO - Device set to use cpu
[2025-02-20T09:08:06.250+0000] {spark_submit.py:495} INFO - label     score
[2025-02-20T09:08:06.252+0000] {spark_submit.py:495} INFO - 0   NEGATIVE  0.996718
[2025-02-20T09:08:06.253+0000] {spark_submit.py:495} INFO - 1   NEGATIVE  0.997758
[2025-02-20T09:08:06.254+0000] {spark_submit.py:495} INFO - 2   NEGATIVE  0.886296
[2025-02-20T09:08:06.255+0000] {spark_submit.py:495} INFO - 3   NEGATIVE  0.824643
[2025-02-20T09:08:06.255+0000] {spark_submit.py:495} INFO - 4   NEGATIVE  0.998791
[2025-02-20T09:08:06.256+0000] {spark_submit.py:495} INFO - ..       ...       ...
[2025-02-20T09:08:06.257+0000] {spark_submit.py:495} INFO - 70  NEGATIVE  0.978392
[2025-02-20T09:08:06.258+0000] {spark_submit.py:495} INFO - 71  NEGATIVE  0.997790
[2025-02-20T09:08:06.259+0000] {spark_submit.py:495} INFO - 72  NEGATIVE  0.988427
[2025-02-20T09:08:06.259+0000] {spark_submit.py:495} INFO - 73  POSITIVE  0.995676
[2025-02-20T09:08:06.260+0000] {spark_submit.py:495} INFO - 74  POSITIVE  0.868728
[2025-02-20T09:08:06.261+0000] {spark_submit.py:495} INFO - 
[2025-02-20T09:08:06.262+0000] {spark_submit.py:495} INFO - [75 rows x 2 columns]
[2025-02-20T09:08:10.994+0000] {spark_submit.py:495} INFO - url  ... source
[2025-02-20T09:08:10.995+0000] {spark_submit.py:495} INFO - 0   https://edition.cnn.com/2025/02/13/cars/japan-...  ...    cnn
[2025-02-20T09:08:10.996+0000] {spark_submit.py:495} INFO - 1   https://edition.cnn.com/2025/02/13/economy/elo...  ...    cnn
[2025-02-20T09:08:10.997+0000] {spark_submit.py:495} INFO - 2   https://edition.cnn.com/2025/02/13/politics/am...  ...    cnn
[2025-02-20T09:08:10.998+0000] {spark_submit.py:495} INFO - 3   https://edition.cnn.com/2025/02/13/politics/er...  ...    cnn
[2025-02-20T09:08:10.999+0000] {spark_submit.py:495} INFO - 4   https://edition.cnn.com/2025/02/13/politics/mu...  ...    cnn
[2025-02-20T09:08:10.999+0000] {spark_submit.py:495} INFO - ..                                                ...  ...    ...
[2025-02-20T09:08:11.000+0000] {spark_submit.py:495} INFO - 70  https://edition.cnn.com/2025/02/19/tech/trump-...  ...    cnn
[2025-02-20T09:08:11.001+0000] {spark_submit.py:495} INFO - 71  https://edition.cnn.com/2025/02/20/economy/chi...  ...    cnn
[2025-02-20T09:08:11.002+0000] {spark_submit.py:495} INFO - 72  https://edition.cnn.com/2025/02/20/politics/tr...  ...    cnn
[2025-02-20T09:08:11.003+0000] {spark_submit.py:495} INFO - 73  https://edition.cnn.com/politics/tracking-trum...  ...    cnn
[2025-02-20T09:08:11.003+0000] {spark_submit.py:495} INFO - 74  https://edition.cnn.com/politics/trump-cabinet...  ...    cnn
[2025-02-20T09:08:11.004+0000] {spark_submit.py:495} INFO - 
[2025-02-20T09:08:11.005+0000] {spark_submit.py:495} INFO - [75 rows x 5 columns]
[2025-02-20T09:08:11.022+0000] {spark_submit.py:495} INFO - url  ...     score
[2025-02-20T09:08:11.023+0000] {spark_submit.py:495} INFO - 0   https://edition.cnn.com/2025/02/13/cars/japan-...  ...  0.996718
[2025-02-20T09:08:11.024+0000] {spark_submit.py:495} INFO - 1   https://edition.cnn.com/2025/02/13/economy/elo...  ...  0.997758
[2025-02-20T09:08:11.025+0000] {spark_submit.py:495} INFO - 2   https://edition.cnn.com/2025/02/13/politics/am...  ...  0.886296
[2025-02-20T09:08:11.026+0000] {spark_submit.py:495} INFO - 3   https://edition.cnn.com/2025/02/13/politics/er...  ...  0.824643
[2025-02-20T09:08:11.027+0000] {spark_submit.py:495} INFO - 4   https://edition.cnn.com/2025/02/13/politics/mu...  ...  0.998791
[2025-02-20T09:08:11.028+0000] {spark_submit.py:495} INFO - ..                                                ...  ...       ...
[2025-02-20T09:08:11.028+0000] {spark_submit.py:495} INFO - 70  https://edition.cnn.com/2025/02/19/tech/trump-...  ...  0.978392
[2025-02-20T09:08:11.029+0000] {spark_submit.py:495} INFO - 71  https://edition.cnn.com/2025/02/20/economy/chi...  ...  0.997790
[2025-02-20T09:08:11.030+0000] {spark_submit.py:495} INFO - 72  https://edition.cnn.com/2025/02/20/politics/tr...  ...  0.988427
[2025-02-20T09:08:11.031+0000] {spark_submit.py:495} INFO - 73  https://edition.cnn.com/politics/tracking-trum...  ...  0.995676
[2025-02-20T09:08:11.031+0000] {spark_submit.py:495} INFO - 74  https://edition.cnn.com/politics/trump-cabinet...  ...  0.868728
[2025-02-20T09:08:11.032+0000] {spark_submit.py:495} INFO - 
[2025-02-20T09:08:11.033+0000] {spark_submit.py:495} INFO - [75 rows x 7 columns]
[2025-02-20T09:08:13.315+0000] {taskinstance.py:1149} INFO - Marking task as SUCCESS. dag_id=scraping_news_dag, task_id=spark_load_task_cnn, execution_date=20250220T090156, start_date=20250220T090636, end_date=20250220T090813
[2025-02-20T09:08:13.385+0000] {local_task_job_runner.py:234} INFO - Task exited with return code 0
[2025-02-20T09:08:13.444+0000] {taskinstance.py:3309} INFO - 1 downstream tasks scheduled from follow-on schedule check
