[2025-02-16T14:55:19.844+0000] {taskinstance.py:1979} INFO - Dependencies all met for dep_context=non-requeueable deps ti=<TaskInstance: scraping_news_dag.spark_load_task manual__2025-02-16T14:52:58.145846+00:00 [queued]>
[2025-02-16T14:55:19.853+0000] {taskinstance.py:1979} INFO - Dependencies all met for dep_context=requeueable deps ti=<TaskInstance: scraping_news_dag.spark_load_task manual__2025-02-16T14:52:58.145846+00:00 [queued]>
[2025-02-16T14:55:19.854+0000] {taskinstance.py:2193} INFO - Starting attempt 1 of 1
[2025-02-16T14:55:19.868+0000] {taskinstance.py:2214} INFO - Executing <Task(SparkSubmitOperator): spark_load_task> on 2025-02-16 14:52:58.145846+00:00
[2025-02-16T14:55:19.872+0000] {standard_task_runner.py:60} INFO - Started process 4093 to run task
[2025-02-16T14:55:19.875+0000] {standard_task_runner.py:87} INFO - Running: ['airflow', 'tasks', 'run', 'scraping_news_dag', 'spark_load_task', 'manual__2025-02-16T14:52:58.145846+00:00', '--job-id', '101', '--raw', '--subdir', 'DAGS_FOLDER/scraping-news-dag.py', '--cfg-path', '/tmp/tmpinq9blzr']
[2025-02-16T14:55:19.876+0000] {standard_task_runner.py:88} INFO - Job 101: Subtask spark_load_task
[2025-02-16T14:55:19.889+0000] {logging_mixin.py:188} WARNING - /home/airflow/.local/lib/python3.9/site-packages/airflow/settings.py:194 DeprecationWarning: The sql_alchemy_conn option in [core] has been moved to the sql_alchemy_conn option in [database] - the old setting has been used, but please update your config.
[2025-02-16T14:55:19.918+0000] {task_command.py:423} INFO - Running <TaskInstance: scraping_news_dag.spark_load_task manual__2025-02-16T14:52:58.145846+00:00 [running]> on host deproject-airflow-scheduler
[2025-02-16T14:55:19.992+0000] {taskinstance.py:2510} INFO - Exporting env vars: AIRFLOW_CTX_DAG_OWNER='airflow' AIRFLOW_CTX_DAG_ID='scraping_news_dag' AIRFLOW_CTX_TASK_ID='spark_load_task' AIRFLOW_CTX_EXECUTION_DATE='2025-02-16T14:52:58.145846+00:00' AIRFLOW_CTX_TRY_NUMBER='1' AIRFLOW_CTX_DAG_RUN_ID='manual__2025-02-16T14:52:58.145846+00:00'
[2025-02-16T14:55:20.001+0000] {base.py:83} INFO - Using connection ID 'spark_main' for task execution.
[2025-02-16T14:55:20.002+0000] {spark_submit.py:344} INFO - Spark-Submit cmd: spark-submit --master spark://deproject-spark-master:7077 --name arrow-spark /spark-scripts/spark-news.py
[2025-02-16T14:55:21.802+0000] {spark_submit.py:495} INFO - 25/02/16 14:55:21 INFO SparkContext: Running Spark version 3.3.2
[2025-02-16T14:55:21.853+0000] {spark_submit.py:495} INFO - 25/02/16 14:55:21 WARN NativeCodeLoader: Unable to load native-hadoop library for your platform... using builtin-java classes where applicable
[2025-02-16T14:55:21.932+0000] {spark_submit.py:495} INFO - 25/02/16 14:55:21 INFO ResourceUtils: ==============================================================
[2025-02-16T14:55:21.932+0000] {spark_submit.py:495} INFO - 25/02/16 14:55:21 INFO ResourceUtils: No custom resources configured for spark.driver.
[2025-02-16T14:55:21.933+0000] {spark_submit.py:495} INFO - 25/02/16 14:55:21 INFO ResourceUtils: ==============================================================
[2025-02-16T14:55:21.933+0000] {spark_submit.py:495} INFO - 25/02/16 14:55:21 INFO SparkContext: Submitted application: FinalProject
[2025-02-16T14:55:21.953+0000] {spark_submit.py:495} INFO - 25/02/16 14:55:21 INFO ResourceProfile: Default ResourceProfile created, executor resources: Map(cores -> name: cores, amount: 1, script: , vendor: , memory -> name: memory, amount: 1024, script: , vendor: , offHeap -> name: offHeap, amount: 0, script: , vendor: ), task resources: Map(cpus -> name: cpus, amount: 1.0)
[2025-02-16T14:55:21.961+0000] {spark_submit.py:495} INFO - 25/02/16 14:55:21 INFO ResourceProfile: Limiting resource is cpu
[2025-02-16T14:55:21.962+0000] {spark_submit.py:495} INFO - 25/02/16 14:55:21 INFO ResourceProfileManager: Added ResourceProfile id: 0
[2025-02-16T14:55:21.998+0000] {spark_submit.py:495} INFO - 25/02/16 14:55:21 INFO SecurityManager: Changing view acls to: airflow
[2025-02-16T14:55:21.999+0000] {spark_submit.py:495} INFO - 25/02/16 14:55:21 INFO SecurityManager: Changing modify acls to: airflow
[2025-02-16T14:55:21.999+0000] {spark_submit.py:495} INFO - 25/02/16 14:55:21 INFO SecurityManager: Changing view acls groups to:
[2025-02-16T14:55:22.000+0000] {spark_submit.py:495} INFO - 25/02/16 14:55:21 INFO SecurityManager: Changing modify acls groups to:
[2025-02-16T14:55:22.000+0000] {spark_submit.py:495} INFO - 25/02/16 14:55:22 INFO SecurityManager: SecurityManager: authentication disabled; ui acls disabled; users  with view permissions: Set(airflow); groups with view permissions: Set(); users  with modify permissions: Set(airflow); groups with modify permissions: Set()
[2025-02-16T14:55:22.176+0000] {spark_submit.py:495} INFO - 25/02/16 14:55:22 INFO Utils: Successfully started service 'sparkDriver' on port 46257.
[2025-02-16T14:55:22.197+0000] {spark_submit.py:495} INFO - 25/02/16 14:55:22 INFO SparkEnv: Registering MapOutputTracker
[2025-02-16T14:55:22.225+0000] {spark_submit.py:495} INFO - 25/02/16 14:55:22 INFO SparkEnv: Registering BlockManagerMaster
[2025-02-16T14:55:22.240+0000] {spark_submit.py:495} INFO - 25/02/16 14:55:22 INFO BlockManagerMasterEndpoint: Using org.apache.spark.storage.DefaultTopologyMapper for getting topology information
[2025-02-16T14:55:22.241+0000] {spark_submit.py:495} INFO - 25/02/16 14:55:22 INFO BlockManagerMasterEndpoint: BlockManagerMasterEndpoint up
[2025-02-16T14:55:22.245+0000] {spark_submit.py:495} INFO - 25/02/16 14:55:22 INFO SparkEnv: Registering BlockManagerMasterHeartbeat
[2025-02-16T14:55:22.258+0000] {spark_submit.py:495} INFO - 25/02/16 14:55:22 INFO DiskBlockManager: Created local directory at /tmp/blockmgr-400d45b3-fa5f-4447-8232-853f64d77c11
[2025-02-16T14:55:22.272+0000] {spark_submit.py:495} INFO - 25/02/16 14:55:22 INFO MemoryStore: MemoryStore started with capacity 434.4 MiB
[2025-02-16T14:55:22.284+0000] {spark_submit.py:495} INFO - 25/02/16 14:55:22 INFO SparkEnv: Registering OutputCommitCoordinator
[2025-02-16T14:55:22.443+0000] {spark_submit.py:495} INFO - 25/02/16 14:55:22 INFO Utils: Successfully started service 'SparkUI' on port 4040.
[2025-02-16T14:55:22.535+0000] {spark_submit.py:495} INFO - 25/02/16 14:55:22 INFO StandaloneAppClient$ClientEndpoint: Connecting to master spark://deproject-spark-master:7077...
[2025-02-16T14:55:22.566+0000] {spark_submit.py:495} INFO - 25/02/16 14:55:22 INFO TransportClientFactory: Successfully created connection to deproject-spark-master/172.28.0.3:7077 after 18 ms (0 ms spent in bootstraps)
[2025-02-16T14:55:22.633+0000] {spark_submit.py:495} INFO - 25/02/16 14:55:22 INFO StandaloneSchedulerBackend: Connected to Spark cluster with app ID app-20250216145522-0002
[2025-02-16T14:55:22.635+0000] {spark_submit.py:495} INFO - 25/02/16 14:55:22 INFO StandaloneAppClient$ClientEndpoint: Executor added: app-20250216145522-0002/0 on worker-20250216134636-172.28.0.4-41449 (172.28.0.4:41449) with 1 core(s)
[2025-02-16T14:55:22.638+0000] {spark_submit.py:495} INFO - 25/02/16 14:55:22 INFO StandaloneSchedulerBackend: Granted executor ID app-20250216145522-0002/0 on hostPort 172.28.0.4:41449 with 1 core(s), 1024.0 MiB RAM
[2025-02-16T14:55:22.639+0000] {spark_submit.py:495} INFO - 25/02/16 14:55:22 INFO Utils: Successfully started service 'org.apache.spark.network.netty.NettyBlockTransferService' on port 40915.
[2025-02-16T14:55:22.639+0000] {spark_submit.py:495} INFO - 25/02/16 14:55:22 INFO NettyBlockTransferService: Server created on deproject-airflow-scheduler:40915
[2025-02-16T14:55:22.641+0000] {spark_submit.py:495} INFO - 25/02/16 14:55:22 INFO BlockManager: Using org.apache.spark.storage.RandomBlockReplicationPolicy for block replication policy
[2025-02-16T14:55:22.645+0000] {spark_submit.py:495} INFO - 25/02/16 14:55:22 INFO BlockManagerMaster: Registering BlockManager BlockManagerId(driver, deproject-airflow-scheduler, 40915, None)
[2025-02-16T14:55:22.648+0000] {spark_submit.py:495} INFO - 25/02/16 14:55:22 INFO BlockManagerMasterEndpoint: Registering block manager deproject-airflow-scheduler:40915 with 434.4 MiB RAM, BlockManagerId(driver, deproject-airflow-scheduler, 40915, None)
[2025-02-16T14:55:22.649+0000] {spark_submit.py:495} INFO - 25/02/16 14:55:22 INFO BlockManagerMaster: Registered BlockManager BlockManagerId(driver, deproject-airflow-scheduler, 40915, None)
[2025-02-16T14:55:22.650+0000] {spark_submit.py:495} INFO - 25/02/16 14:55:22 INFO BlockManager: Initialized BlockManager: BlockManagerId(driver, deproject-airflow-scheduler, 40915, None)
[2025-02-16T14:55:22.686+0000] {spark_submit.py:495} INFO - 25/02/16 14:55:22 INFO StandaloneAppClient$ClientEndpoint: Executor updated: app-20250216145522-0002/0 is now RUNNING
[2025-02-16T14:55:22.808+0000] {spark_submit.py:495} INFO - 25/02/16 14:55:22 INFO StandaloneSchedulerBackend: SchedulerBackend is ready for scheduling beginning after reached minRegisteredResourcesRatio: 0.0
[2025-02-16T14:55:26.973+0000] {spark_submit.py:495} INFO - +---+--------------------+-------------------+--------------------+--------------------+------+
[2025-02-16T14:55:26.974+0000] {spark_submit.py:495} INFO - | id|                 url|           datetime|               title|                text|source|
[2025-02-16T14:55:26.975+0000] {spark_submit.py:495} INFO - +---+--------------------+-------------------+--------------------+--------------------+------+
[2025-02-16T14:55:26.976+0000] {spark_submit.py:495} INFO - |  0|https://edition.c...|2025-02-14 16:42:00|Drama over Adams ...|Call it the Thurs...|   cnn|
[2025-02-16T14:55:26.976+0000] {spark_submit.py:495} INFO - |  1|https://edition.c...|2025-02-13 21:50:00|Americans voted f...|A version of this...|   cnn|
[2025-02-16T14:55:26.977+0000] {spark_submit.py:495} INFO - |  2|https://edition.c...|2025-02-15 22:00:00|Your questions ab...|A version of this...|   cnn|
[2025-02-16T14:55:26.977+0000] {spark_submit.py:495} INFO - |  3|https://edition.c...|2025-02-14 17:30:00|Thousands of prob...|The Trump adminis...|   cnn|
[2025-02-16T14:55:26.977+0000] {spark_submit.py:495} INFO - |  4|https://edition.c...|2025-02-16 18:19:00|Video: Roy Wood J...|1. How relevant i...|   cnn|
[2025-02-16T14:55:26.978+0000] {spark_submit.py:495} INFO - +---+--------------------+-------------------+--------------------+--------------------+------+
[2025-02-16T14:55:26.978+0000] {spark_submit.py:495} INFO - only showing top 5 rows
[2025-02-16T14:55:26.979+0000] {spark_submit.py:495} INFO - 
[2025-02-16T14:55:26.979+0000] {spark_submit.py:495} INFO - root
[2025-02-16T14:55:26.979+0000] {spark_submit.py:495} INFO - |-- id: integer (nullable = true)
[2025-02-16T14:55:26.980+0000] {spark_submit.py:495} INFO - |-- url: string (nullable = true)
[2025-02-16T14:55:26.981+0000] {spark_submit.py:495} INFO - |-- datetime: timestamp (nullable = true)
[2025-02-16T14:55:26.981+0000] {spark_submit.py:495} INFO - |-- title: string (nullable = true)
[2025-02-16T14:55:26.981+0000] {spark_submit.py:495} INFO - |-- text: string (nullable = true)
[2025-02-16T14:55:26.982+0000] {spark_submit.py:495} INFO - |-- source: string (nullable = true)
[2025-02-16T14:55:26.982+0000] {spark_submit.py:495} INFO - 
[2025-02-16T14:55:27.703+0000] {spark_submit.py:495} INFO - 94
[2025-02-16T14:55:28.030+0000] {spark_submit.py:495} INFO - +---+--------------------+-------------------+--------------------+--------------------+------+
[2025-02-16T14:55:28.031+0000] {spark_submit.py:495} INFO - | id|                 url|           datetime|               title|                text|source|
[2025-02-16T14:55:28.032+0000] {spark_submit.py:495} INFO - +---+--------------------+-------------------+--------------------+--------------------+------+
[2025-02-16T14:55:28.033+0000] {spark_submit.py:495} INFO - |  0|https://edition.c...|2025-02-14 16:42:00|Drama over Adams ...|Call it the Thurs...|   cnn|
[2025-02-16T14:55:28.033+0000] {spark_submit.py:495} INFO - |  1|https://edition.c...|2025-02-13 21:50:00|Americans voted f...|A version of this...|   cnn|
[2025-02-16T14:55:28.033+0000] {spark_submit.py:495} INFO - |  2|https://edition.c...|2025-02-15 22:00:00|Your questions ab...|A version of this...|   cnn|
[2025-02-16T14:55:28.034+0000] {spark_submit.py:495} INFO - |  3|https://edition.c...|2025-02-14 17:30:00|Thousands of prob...|The Trump adminis...|   cnn|
[2025-02-16T14:55:28.034+0000] {spark_submit.py:495} INFO - |  5|https://edition.c...|2025-02-16 20:43:00|Federal appeals c...|A federal appeals...|   cnn|
[2025-02-16T14:55:28.034+0000] {spark_submit.py:495} INFO - +---+--------------------+-------------------+--------------------+--------------------+------+
[2025-02-16T14:55:28.035+0000] {spark_submit.py:495} INFO - only showing top 5 rows
[2025-02-16T14:55:28.035+0000] {spark_submit.py:495} INFO - 
[2025-02-16T14:55:28.389+0000] {spark_submit.py:495} INFO - 82
[2025-02-16T14:55:29.279+0000] {spark_submit.py:495} INFO - Traceback (most recent call last):
[2025-02-16T14:55:29.280+0000] {spark_submit.py:495} INFO - File "/spark-scripts/spark-news.py", line 34, in <module>
[2025-02-16T14:55:29.281+0000] {spark_submit.py:495} INFO - df.toPandas().to_csv('/opt/bitnami/spark/data/cnn_spark.csv', index=False)
[2025-02-16T14:55:29.281+0000] {spark_submit.py:495} INFO - File "/home/airflow/.local/lib/python3.9/site-packages/pandas/core/generic.py", line 3387, in to_csv
[2025-02-16T14:55:29.282+0000] {spark_submit.py:495} INFO - return DataFrameRenderer(formatter).to_csv(
[2025-02-16T14:55:29.282+0000] {spark_submit.py:495} INFO - File "/home/airflow/.local/lib/python3.9/site-packages/pandas/io/formats/format.py", line 1083, in to_csv
[2025-02-16T14:55:29.283+0000] {spark_submit.py:495} INFO - csv_formatter.save()
[2025-02-16T14:55:29.283+0000] {spark_submit.py:495} INFO - File "/home/airflow/.local/lib/python3.9/site-packages/pandas/io/formats/csvs.py", line 228, in save
[2025-02-16T14:55:29.284+0000] {spark_submit.py:495} INFO - with get_handle(
[2025-02-16T14:55:29.284+0000] {spark_submit.py:495} INFO - File "/home/airflow/.local/lib/python3.9/site-packages/pandas/io/common.py", line 642, in get_handle
[2025-02-16T14:55:29.284+0000] {spark_submit.py:495} INFO - handle = open(
[2025-02-16T14:55:29.284+0000] {spark_submit.py:495} INFO - IsADirectoryError: [Errno 21] Is a directory: '/opt/bitnami/spark/data/cnn_spark.csv'
[2025-02-16T14:55:29.515+0000] {taskinstance.py:2728} ERROR - Task failed with exception
Traceback (most recent call last):
  File "/home/airflow/.local/lib/python3.9/site-packages/airflow/models/taskinstance.py", line 444, in _execute_task
    result = _execute_callable(context=context, **execute_callable_kwargs)
  File "/home/airflow/.local/lib/python3.9/site-packages/airflow/models/taskinstance.py", line 414, in _execute_callable
    return execute_callable(context=context, **execute_callable_kwargs)
  File "/home/airflow/.local/lib/python3.9/site-packages/airflow/providers/apache/spark/operators/spark_submit.py", line 157, in execute
    self._hook.submit(self._application)
  File "/home/airflow/.local/lib/python3.9/site-packages/airflow/providers/apache/spark/hooks/spark_submit.py", line 426, in submit
    raise AirflowException(
airflow.exceptions.AirflowException: Cannot execute: spark-submit --master spark://deproject-spark-master:7077 --name arrow-spark /spark-scripts/spark-news.py. Error code is: 1.
[2025-02-16T14:55:29.518+0000] {taskinstance.py:1149} INFO - Marking task as FAILED. dag_id=scraping_news_dag, task_id=spark_load_task, execution_date=20250216T145258, start_date=20250216T145519, end_date=20250216T145529
[2025-02-16T14:55:29.531+0000] {standard_task_runner.py:107} ERROR - Failed to execute job 101 for task spark_load_task (Cannot execute: spark-submit --master spark://deproject-spark-master:7077 --name arrow-spark /spark-scripts/spark-news.py. Error code is: 1.; 4093)
[2025-02-16T14:55:29.557+0000] {local_task_job_runner.py:234} INFO - Task exited with return code 1
[2025-02-16T14:55:29.580+0000] {taskinstance.py:3309} INFO - 0 downstream tasks scheduled from follow-on schedule check
